[0.033s] Invoking command in '/home/ugbah-awele-bonaventure/bumperbot_ws/build/bumperbot_firmware': CMAKE_PREFIX_PATH=${CMAKE_PREFIX_PATH}:/opt/ros/jazzy DEBUGINFOD_URLS=https://debuginfod.ubuntu.com /usr/bin/cmake /home/ugbah-awele-bonaventure/bumperbot_ws/src/bumperbot_firmware -DCMAKE_INSTALL_PREFIX=/home/ugbah-awele-bonaventure/bumperbot_ws/install/bumperbot_firmware
[0.102s] -- Found ament_cmake: 2.5.4 (/opt/ros/jazzy/share/ament_cmake/cmake)
[1.202s] -- Found rclcpp: 28.1.13 (/opt/ros/jazzy/share/rclcpp/cmake)
[1.428s] -- Found rosidl_generator_c: 4.6.6 (/opt/ros/jazzy/share/rosidl_generator_c/cmake)
[1.516s] -- Found rosidl_generator_cpp: 4.6.6 (/opt/ros/jazzy/share/rosidl_generator_cpp/cmake)
[1.605s] -- Using all available rosidl_typesupport_c: rosidl_typesupport_fastrtps_c;rosidl_typesupport_introspection_c
[1.672s] -- Using all available rosidl_typesupport_cpp: rosidl_typesupport_fastrtps_cpp;rosidl_typesupport_introspection_cpp
[2.006s] -- Found rmw_implementation_cmake: 7.3.2 (/opt/ros/jazzy/share/rmw_implementation_cmake/cmake)
[2.017s] -- Found rmw_fastrtps_cpp: 8.4.3 (/opt/ros/jazzy/share/rmw_fastrtps_cpp/cmake)
[2.305s] -- Using RMW implementation 'rmw_fastrtps_cpp' as default
[2.644s] -- Found rclpy: 7.1.6 (/opt/ros/jazzy/share/rclpy/cmake)
[2.644s] -- Found std_msgs: 5.3.6 (/opt/ros/jazzy/share/std_msgs/cmake)
[2.707s] -- Found hardware_interface: 4.39.2 (/opt/ros/jazzy/share/hardware_interface/cmake)
[4.339s] -- Found ament_lint_auto: 0.17.3 (/opt/ros/jazzy/share/ament_lint_auto/cmake)
[5.196s] -- Added test 'cppcheck' to perform static code analysis on C / C++ code
[5.197s] -- Configured cppcheck include dirs: /home/ugbah-awele-bonaventure/bumperbot_ws/src/bumperbot_firmware/include
[5.209s] -- Configured cppcheck exclude dirs and/or files: 
[5.211s] -- Added test 'flake8' to check Python code syntax and style conventions
[5.211s] -- Configured 'flake8' exclude dirs and/or files: 
[5.223s] -- Added test 'lint_cmake' to check CMake code style
[5.223s] -- Added test 'pep257' to check Python code against some of the docstring style conventions in PEP 257
[5.238s] -- Added test 'uncrustify' to check C / C++ code style
[5.238s] -- Configured uncrustify additional arguments: 
[5.238s] -- Added test 'xmllint' to check XML markup files
[5.262s] -- Configuring done (5.2s)
[5.502s] -- Generating done (0.2s)
[5.562s] -- Build files have been written to: /home/ugbah-awele-bonaventure/bumperbot_ws/build/bumperbot_firmware
[5.644s] Invoked command in '/home/ugbah-awele-bonaventure/bumperbot_ws/build/bumperbot_firmware' returned '0': CMAKE_PREFIX_PATH=${CMAKE_PREFIX_PATH}:/opt/ros/jazzy DEBUGINFOD_URLS=https://debuginfod.ubuntu.com /usr/bin/cmake /home/ugbah-awele-bonaventure/bumperbot_ws/src/bumperbot_firmware -DCMAKE_INSTALL_PREFIX=/home/ugbah-awele-bonaventure/bumperbot_ws/install/bumperbot_firmware
[5.644s] Invoking command in '/home/ugbah-awele-bonaventure/bumperbot_ws/build/bumperbot_firmware': CMAKE_PREFIX_PATH=${CMAKE_PREFIX_PATH}:/opt/ros/jazzy DEBUGINFOD_URLS=https://debuginfod.ubuntu.com /usr/bin/cmake --build /home/ugbah-awele-bonaventure/bumperbot_ws/build/bumperbot_firmware -- -j4 -l4
[6.015s] [ 16%] [32mBuilding CXX object CMakeFiles/simple_serial_receiver.dir/src/simple_serial_receiver.cpp.o[0m
[6.056s] [ 33%] [32mBuilding CXX object CMakeFiles/simple_serial_transmitter.dir/src/simple_serial_transmitter.cpp.o[0m
[6.056s] [ 50%] [32mBuilding CXX object CMakeFiles/bumperbot_firmware.dir/src/bumperbot_interface.cpp.o[0m
[6.111s] [ 50%] Built target ament_cmake_python_copy_bumperbot_firmware
[8.569s] running egg_info
[8.584s] creating bumperbot_firmware.egg-info
[8.785s] writing bumperbot_firmware.egg-info/PKG-INFO
[8.789s] writing dependency_links to bumperbot_firmware.egg-info/dependency_links.txt
[8.792s] writing top-level names to bumperbot_firmware.egg-info/top_level.txt
[8.793s] writing manifest file 'bumperbot_firmware.egg-info/SOURCES.txt'
[9.385s] reading manifest file 'bumperbot_firmware.egg-info/SOURCES.txt'
[9.391s] writing manifest file 'bumperbot_firmware.egg-info/SOURCES.txt'
[9.586s] [ 50%] Built target ament_cmake_python_build_bumperbot_firmware_egg
[19.572s] [01m[K/home/ugbah-awele-bonaventure/bumperbot_ws/src/bumperbot_firmware/src/bumperbot_interface.cpp:[m[K In member function ‘[01m[Kvirtual bumperbot_firmware::CallbackReturn bumperbot_firmware::BumperbotInterface::[01;32m[Kon_init[m[K(const hardware_interface::HardwareInfo&)[m[K’:
[19.574s] [01m[K/home/ugbah-awele-bonaventure/bumperbot_ws/src/bumperbot_firmware/src/bumperbot_interface.cpp:32:71:[m[K [01;35m[Kwarning: [m[K‘[01m[Kvirtual rclcpp_lifecycle::node_interfaces::LifecycleNodeInterface::CallbackReturn hardware_interface::HardwareComponentInterface::[01;32m[Kon_init[m[K(const hardware_interface::HardwareInfo&)[m[K’ is deprecated: Use on_init(const HardwareComponentInterfaceParams & params) instead. [[01;35m[K]8;;https://gcc.gnu.org/onlinedocs/gcc/Warning-Options.html#index-Wdeprecated-declarations-Wdeprecated-declarations]8;;[m[K]
[19.574s]    32 |   CallbackReturn result = [01;35m[Khardware_interface::SystemInterface::on_init(hardware_info)[m[K;
[19.574s]       |                           [01;35m[K~~~~~~~~~~~~~~~~~~~~~~~~~~~~~~~~~~~~~~~~~~~~^~~~~~~~~~~~~~~[m[K
[19.574s] In file included from [01m[K/opt/ros/jazzy/include/hardware_interface/hardware_interface/system_interface.hpp:18[m[K,
[19.575s]                  from [01m[K/home/ugbah-awele-bonaventure/bumperbot_ws/src/bumperbot_firmware/include/bumperbot_firmware/bumperbot_interface.hpp:5[m[K,
[19.575s]                  from [01m[K/home/ugbah-awele-bonaventure/bumperbot_ws/src/bumperbot_firmware/src/bumperbot_interface.cpp:1[m[K:
[19.575s] [01m[K/opt/ros/jazzy/include/hardware_interface/hardware_interface/hardware_component_interface.hpp:235:26:[m[K [01;36m[Knote: [m[Kdeclared here
[19.581s]   235 |   virtual CallbackReturn [01;36m[Kon_init[m[K(const HardwareInfo & hardware_info)
[19.581s]       |                          [01;36m[K^~~~~~~[m[K
[27.347s] [ 66%] [32m[1mLinking CXX executable simple_serial_receiver[0m
[27.938s] [ 66%] Built target simple_serial_receiver
[29.514s] [ 83%] [32m[1mLinking CXX shared library libbumperbot_firmware.so[0m
[30.702s] [ 83%] Built target bumperbot_firmware
[31.822s] [100%] [32m[1mLinking CXX executable simple_serial_transmitter[0m
[32.663s] [100%] Built target simple_serial_transmitter
[32.696s] Invoked command in '/home/ugbah-awele-bonaventure/bumperbot_ws/build/bumperbot_firmware' returned '0': CMAKE_PREFIX_PATH=${CMAKE_PREFIX_PATH}:/opt/ros/jazzy DEBUGINFOD_URLS=https://debuginfod.ubuntu.com /usr/bin/cmake --build /home/ugbah-awele-bonaventure/bumperbot_ws/build/bumperbot_firmware -- -j4 -l4
[32.697s] Invoking command in '/home/ugbah-awele-bonaventure/bumperbot_ws/build/bumperbot_firmware': CMAKE_PREFIX_PATH=${CMAKE_PREFIX_PATH}:/opt/ros/jazzy DEBUGINFOD_URLS=https://debuginfod.ubuntu.com /usr/bin/cmake --install /home/ugbah-awele-bonaventure/bumperbot_ws/build/bumperbot_firmware
[32.720s] -- Install configuration: ""
[32.722s] -- Installing: /home/ugbah-awele-bonaventure/bumperbot_ws/install/bumperbot_firmware/share/bumperbot_firmware/environment/pythonpath.sh
[32.724s] -- Installing: /home/ugbah-awele-bonaventure/bumperbot_ws/install/bumperbot_firmware/share/bumperbot_firmware/environment/pythonpath.dsv
[32.727s] -- Installing: /home/ugbah-awele-bonaventure/bumperbot_ws/install/bumperbot_firmware/lib/python3.12/site-packages/bumperbot_firmware-0.0.0-py3.12.egg-info
[32.727s] -- Installing: /home/ugbah-awele-bonaventure/bumperbot_ws/install/bumperbot_firmware/lib/python3.12/site-packages/bumperbot_firmware-0.0.0-py3.12.egg-info/SOURCES.txt
[32.727s] -- Installing: /home/ugbah-awele-bonaventure/bumperbot_ws/install/bumperbot_firmware/lib/python3.12/site-packages/bumperbot_firmware-0.0.0-py3.12.egg-info/dependency_links.txt
[32.729s] -- Installing: /home/ugbah-awele-bonaventure/bumperbot_ws/install/bumperbot_firmware/lib/python3.12/site-packages/bumperbot_firmware-0.0.0-py3.12.egg-info/PKG-INFO
[32.730s] -- Installing: /home/ugbah-awele-bonaventure/bumperbot_ws/install/bumperbot_firmware/lib/python3.12/site-packages/bumperbot_firmware-0.0.0-py3.12.egg-info/top_level.txt
[32.734s] -- Installing: /home/ugbah-awele-bonaventure/bumperbot_ws/install/bumperbot_firmware/lib/python3.12/site-packages/bumperbot_firmware
[32.734s] -- Installing: /home/ugbah-awele-bonaventure/bumperbot_ws/install/bumperbot_firmware/lib/python3.12/site-packages/bumperbot_firmware/__init__.py
[32.837s] Listing '/home/ugbah-awele-bonaventure/bumperbot_ws/install/bumperbot_firmware/lib/python3.12/site-packages/bumperbot_firmware'...
[32.838s] Compiling '/home/ugbah-awele-bonaventure/bumperbot_ws/install/bumperbot_firmware/lib/python3.12/site-packages/bumperbot_firmware/__init__.py'...
[32.856s] -- Installing: /home/ugbah-awele-bonaventure/bumperbot_ws/install/bumperbot_firmware/share/bumperbot_firmware/bumperbot_interface.xml
[32.857s] -- Installing: /home/ugbah-awele-bonaventure/bumperbot_ws/install/bumperbot_firmware/lib/libbumperbot_firmware.so
[32.861s] -- Set non-toolchain portion of runtime path of "/home/ugbah-awele-bonaventure/bumperbot_ws/install/bumperbot_firmware/lib/libbumperbot_firmware.so" to ""
[32.862s] -- Installing: /home/ugbah-awele-bonaventure/bumperbot_ws/install/bumperbot_firmware/include/include
[32.863s] -- Installing: /home/ugbah-awele-bonaventure/bumperbot_ws/install/bumperbot_firmware/include/include/bumperbot_firmware
[32.863s] -- Installing: /home/ugbah-awele-bonaventure/bumperbot_ws/install/bumperbot_firmware/include/include/bumperbot_firmware/bumperbot_interface.hpp
[32.864s] [31mCMake Error at cmake_install.cmake:105 (file):
[32.864s]   file INSTALL cannot find
[32.865s]   "/home/ugbah-awele-bonaventure/bumperbot_ws/src/bumperbot_firmware/bumperbot_firmware/simple_serial_transmitter.py":
[32.866s]   No such file or directory.
[32.874s] 
[32.874s] [0m
[32.877s] Invoked command in '/home/ugbah-awele-bonaventure/bumperbot_ws/build/bumperbot_firmware' returned '1': CMAKE_PREFIX_PATH=${CMAKE_PREFIX_PATH}:/opt/ros/jazzy DEBUGINFOD_URLS=https://debuginfod.ubuntu.com /usr/bin/cmake --install /home/ugbah-awele-bonaventure/bumperbot_ws/build/bumperbot_firmware
