[0.044s] Invoking command in '/home/ugbah-awele-bonaventure/bumperbot_ws/build/teleop_tools_msgs': CMAKE_PREFIX_PATH=${CMAKE_PREFIX_PATH}:/home/ugbah-awele-bonaventure/bumperbot_ws/install/joy_teleop:/home/ugbah-awele-bonaventure/bumperbot_ws/install/mouse_teleop:/home/ugbah-awele-bonaventure/bumperbot_ws/install/key_teleop:/home/ugbah-awele-bonaventure/bumperbot_ws/install/bumperbot_py_examples:/home/ugbah-awele-bonaventure/scuttle_robot/install/joy_teleop:/home/ugbah-awele-bonaventure/scuttle_robot/install/scuttle_robot_py_examples:/home/ugbah-awele-bonaventure/arduinobot_ws/install/arduinobot_py_examples:/opt/ros/jazzy DEBUGINFOD_URLS=https://debuginfod.ubuntu.com /usr/bin/cmake --build /home/ugbah-awele-bonaventure/bumperbot_ws/build/teleop_tools_msgs -- -j4 -l4
[0.211s] [  2%] Built target teleop_tools_msgs__rosidl_generator_type_description
[0.230s] [  2%] Built target ament_cmake_python_copy_teleop_tools_msgs
[0.346s] [  5%] Built target teleop_tools_msgs__cpp
[0.346s] [ 20%] Built target teleop_tools_msgs__rosidl_generator_c
[0.470s] [ 29%] Built target teleop_tools_msgs__rosidl_typesupport_cpp
[0.494s] [ 38%] Built target teleop_tools_msgs__rosidl_typesupport_introspection_c
[0.538s] [ 47%] Built target teleop_tools_msgs__rosidl_typesupport_fastrtps_c
[0.604s] [ 55%] Built target teleop_tools_msgs__rosidl_typesupport_c
[0.641s] [ 64%] Built target teleop_tools_msgs__rosidl_typesupport_fastrtps_cpp
[0.650s] [ 73%] Built target teleop_tools_msgs__rosidl_typesupport_introspection_cpp
[0.708s] [ 73%] Built target teleop_tools_msgs
[0.752s] [ 76%] Built target teleop_tools_msgs__py
[0.837s] [ 82%] Built target teleop_tools_msgs__rosidl_generator_py
[0.920s] [ 88%] Built target teleop_tools_msgs_s__rosidl_typesupport_introspection_c
[0.947s] [ 94%] Built target teleop_tools_msgs_s__rosidl_typesupport_fastrtps_c
[0.959s] [100%] Built target teleop_tools_msgs_s__rosidl_typesupport_c
[1.187s] running egg_info
[1.250s] writing teleop_tools_msgs.egg-info/PKG-INFO
[1.250s] writing dependency_links to teleop_tools_msgs.egg-info/dependency_links.txt
[1.252s] writing top-level names to teleop_tools_msgs.egg-info/top_level.txt
[1.530s] reading manifest file 'teleop_tools_msgs.egg-info/SOURCES.txt'
[1.557s] writing manifest file 'teleop_tools_msgs.egg-info/SOURCES.txt'
[1.677s] [100%] Built target ament_cmake_python_build_teleop_tools_msgs_egg
[1.701s] Invoked command in '/home/ugbah-awele-bonaventure/bumperbot_ws/build/teleop_tools_msgs' returned '0': CMAKE_PREFIX_PATH=${CMAKE_PREFIX_PATH}:/home/ugbah-awele-bonaventure/bumperbot_ws/install/joy_teleop:/home/ugbah-awele-bonaventure/bumperbot_ws/install/mouse_teleop:/home/ugbah-awele-bonaventure/bumperbot_ws/install/key_teleop:/home/ugbah-awele-bonaventure/bumperbot_ws/install/bumperbot_py_examples:/home/ugbah-awele-bonaventure/scuttle_robot/install/joy_teleop:/home/ugbah-awele-bonaventure/scuttle_robot/install/scuttle_robot_py_examples:/home/ugbah-awele-bonaventure/arduinobot_ws/install/arduinobot_py_examples:/opt/ros/jazzy DEBUGINFOD_URLS=https://debuginfod.ubuntu.com /usr/bin/cmake --build /home/ugbah-awele-bonaventure/bumperbot_ws/build/teleop_tools_msgs -- -j4 -l4
[1.704s] Invoking command in '/home/ugbah-awele-bonaventure/bumperbot_ws/build/teleop_tools_msgs': CMAKE_PREFIX_PATH=${CMAKE_PREFIX_PATH}:/home/ugbah-awele-bonaventure/bumperbot_ws/install/joy_teleop:/home/ugbah-awele-bonaventure/bumperbot_ws/install/mouse_teleop:/home/ugbah-awele-bonaventure/bumperbot_ws/install/key_teleop:/home/ugbah-awele-bonaventure/bumperbot_ws/install/bumperbot_py_examples:/home/ugbah-awele-bonaventure/scuttle_robot/install/joy_teleop:/home/ugbah-awele-bonaventure/scuttle_robot/install/scuttle_robot_py_examples:/home/ugbah-awele-bonaventure/arduinobot_ws/install/arduinobot_py_examples:/opt/ros/jazzy DEBUGINFOD_URLS=https://debuginfod.ubuntu.com /usr/bin/cmake --install /home/ugbah-awele-bonaventure/bumperbot_ws/build/teleop_tools_msgs
[1.746s] -- Install configuration: ""
[1.747s] -- Up-to-date: /home/ugbah-awele-bonaventure/bumperbot_ws/install/teleop_tools_msgs/share/ament_index/resource_index/rosidl_interfaces/teleop_tools_msgs
[1.747s] -- Up-to-date: /home/ugbah-awele-bonaventure/bumperbot_ws/install/teleop_tools_msgs/share/teleop_tools_msgs/action/Increment.json
[1.747s] -- Up-to-date: /home/ugbah-awele-bonaventure/bumperbot_ws/install/teleop_tools_msgs/include/teleop_tools_msgs/teleop_tools_msgs
[1.751s] -- Up-to-date: /home/ugbah-awele-bonaventure/bumperbot_ws/install/teleop_tools_msgs/include/teleop_tools_msgs/teleop_tools_msgs/action
[1.751s] -- Up-to-date: /home/ugbah-awele-bonaventure/bumperbot_ws/install/teleop_tools_msgs/include/teleop_tools_msgs/teleop_tools_msgs/action/increment.h
[1.752s] -- Up-to-date: /home/ugbah-awele-bonaventure/bumperbot_ws/install/teleop_tools_msgs/include/teleop_tools_msgs/teleop_tools_msgs/action/detail
[1.753s] -- Up-to-date: /home/ugbah-awele-bonaventure/bumperbot_ws/install/teleop_tools_msgs/include/teleop_tools_msgs/teleop_tools_msgs/action/detail/increment__functions.h
[1.753s] -- Up-to-date: /home/ugbah-awele-bonaventure/bumperbot_ws/install/teleop_tools_msgs/include/teleop_tools_msgs/teleop_tools_msgs/action/detail/increment__functions.c
[1.753s] -- Up-to-date: /home/ugbah-awele-bonaventure/bumperbot_ws/install/teleop_tools_msgs/include/teleop_tools_msgs/teleop_tools_msgs/action/detail/increment__type_support.h
[1.754s] -- Up-to-date: /home/ugbah-awele-bonaventure/bumperbot_ws/install/teleop_tools_msgs/include/teleop_tools_msgs/teleop_tools_msgs/action/detail/increment__struct.h
[1.755s] -- Up-to-date: /home/ugbah-awele-bonaventure/bumperbot_ws/install/teleop_tools_msgs/include/teleop_tools_msgs/teleop_tools_msgs/action/detail/increment__description.c
[1.755s] -- Installing: /home/ugbah-awele-bonaventure/bumperbot_ws/install/teleop_tools_msgs/include/teleop_tools_msgs/teleop_tools_msgs/action/detail/increment__type_support.c
[1.755s] -- Up-to-date: /home/ugbah-awele-bonaventure/bumperbot_ws/install/teleop_tools_msgs/include/teleop_tools_msgs/teleop_tools_msgs/msg
[1.755s] -- Up-to-date: /home/ugbah-awele-bonaventure/bumperbot_ws/install/teleop_tools_msgs/include/teleop_tools_msgs/teleop_tools_msgs/msg/rosidl_generator_c__visibility_control.h
[1.755s] -- Up-to-date: /home/ugbah-awele-bonaventure/bumperbot_ws/install/teleop_tools_msgs/share/teleop_tools_msgs/environment/library_path.sh
[1.755s] -- Up-to-date: /home/ugbah-awele-bonaventure/bumperbot_ws/install/teleop_tools_msgs/share/teleop_tools_msgs/environment/library_path.dsv
[1.756s] -- Up-to-date: /home/ugbah-awele-bonaventure/bumperbot_ws/install/teleop_tools_msgs/lib/libteleop_tools_msgs__rosidl_generator_c.so
[1.756s] -- Up-to-date: /home/ugbah-awele-bonaventure/bumperbot_ws/install/teleop_tools_msgs/include/teleop_tools_msgs/teleop_tools_msgs
[1.756s] -- Up-to-date: /home/ugbah-awele-bonaventure/bumperbot_ws/install/teleop_tools_msgs/include/teleop_tools_msgs/teleop_tools_msgs/action
[1.756s] -- Up-to-date: /home/ugbah-awele-bonaventure/bumperbot_ws/install/teleop_tools_msgs/include/teleop_tools_msgs/teleop_tools_msgs/action/detail
[1.756s] -- Up-to-date: /home/ugbah-awele-bonaventure/bumperbot_ws/install/teleop_tools_msgs/include/teleop_tools_msgs/teleop_tools_msgs/action/detail/increment__rosidl_typesupport_fastrtps_c.h
[1.760s] -- Up-to-date: /home/ugbah-awele-bonaventure/bumperbot_ws/install/teleop_tools_msgs/include/teleop_tools_msgs/teleop_tools_msgs/msg
[1.760s] -- Up-to-date: /home/ugbah-awele-bonaventure/bumperbot_ws/install/teleop_tools_msgs/include/teleop_tools_msgs/teleop_tools_msgs/msg/rosidl_typesupport_fastrtps_c__visibility_control.h
[1.760s] -- Up-to-date: /home/ugbah-awele-bonaventure/bumperbot_ws/install/teleop_tools_msgs/lib/libteleop_tools_msgs__rosidl_typesupport_fastrtps_c.so
[1.760s] -- Up-to-date: /home/ugbah-awele-bonaventure/bumperbot_ws/install/teleop_tools_msgs/include/teleop_tools_msgs/teleop_tools_msgs
[1.760s] -- Up-to-date: /home/ugbah-awele-bonaventure/bumperbot_ws/install/teleop_tools_msgs/include/teleop_tools_msgs/teleop_tools_msgs/action
[1.762s] -- Up-to-date: /home/ugbah-awele-bonaventure/bumperbot_ws/install/teleop_tools_msgs/include/teleop_tools_msgs/teleop_tools_msgs/action/detail
[1.762s] -- Up-to-date: /home/ugbah-awele-bonaventure/bumperbot_ws/install/teleop_tools_msgs/include/teleop_tools_msgs/teleop_tools_msgs/action/detail/increment__rosidl_typesupport_introspection_c.h
[1.763s] -- Installing: /home/ugbah-awele-bonaventure/bumperbot_ws/install/teleop_tools_msgs/include/teleop_tools_msgs/teleop_tools_msgs/action/detail/increment__type_support.c
[1.763s] -- Up-to-date: /home/ugbah-awele-bonaventure/bumperbot_ws/install/teleop_tools_msgs/include/teleop_tools_msgs/teleop_tools_msgs/msg
[1.763s] -- Up-to-date: /home/ugbah-awele-bonaventure/bumperbot_ws/install/teleop_tools_msgs/include/teleop_tools_msgs/teleop_tools_msgs/msg/rosidl_typesupport_introspection_c__visibility_control.h
[1.764s] -- Up-to-date: /home/ugbah-awele-bonaventure/bumperbot_ws/install/teleop_tools_msgs/lib/libteleop_tools_msgs__rosidl_typesupport_introspection_c.so
[1.765s] -- Up-to-date: /home/ugbah-awele-bonaventure/bumperbot_ws/install/teleop_tools_msgs/lib/libteleop_tools_msgs__rosidl_typesupport_c.so
[1.765s] -- Up-to-date: /home/ugbah-awele-bonaventure/bumperbot_ws/install/teleop_tools_msgs/include/teleop_tools_msgs/teleop_tools_msgs
[1.766s] -- Up-to-date: /home/ugbah-awele-bonaventure/bumperbot_ws/install/teleop_tools_msgs/include/teleop_tools_msgs/teleop_tools_msgs/action
[1.767s] -- Up-to-date: /home/ugbah-awele-bonaventure/bumperbot_ws/install/teleop_tools_msgs/include/teleop_tools_msgs/teleop_tools_msgs/action/detail
[1.767s] -- Up-to-date: /home/ugbah-awele-bonaventure/bumperbot_ws/install/teleop_tools_msgs/include/teleop_tools_msgs/teleop_tools_msgs/action/detail/increment__struct.hpp
[1.767s] -- Up-to-date: /home/ugbah-awele-bonaventure/bumperbot_ws/install/teleop_tools_msgs/include/teleop_tools_msgs/teleop_tools_msgs/action/detail/increment__type_support.hpp
[1.767s] -- Up-to-date: /home/ugbah-awele-bonaventure/bumperbot_ws/install/teleop_tools_msgs/include/teleop_tools_msgs/teleop_tools_msgs/action/detail/increment__traits.hpp
[1.767s] -- Up-to-date: /home/ugbah-awele-bonaventure/bumperbot_ws/install/teleop_tools_msgs/include/teleop_tools_msgs/teleop_tools_msgs/action/detail/increment__builder.hpp
[1.770s] -- Up-to-date: /home/ugbah-awele-bonaventure/bumperbot_ws/install/teleop_tools_msgs/include/teleop_tools_msgs/teleop_tools_msgs/action/increment.hpp
[1.770s] -- Up-to-date: /home/ugbah-awele-bonaventure/bumperbot_ws/install/teleop_tools_msgs/include/teleop_tools_msgs/teleop_tools_msgs/msg
[1.770s] -- Up-to-date: /home/ugbah-awele-bonaventure/bumperbot_ws/install/teleop_tools_msgs/include/teleop_tools_msgs/teleop_tools_msgs/msg/rosidl_generator_cpp__visibility_control.hpp
[1.770s] -- Up-to-date: /home/ugbah-awele-bonaventure/bumperbot_ws/install/teleop_tools_msgs/include/teleop_tools_msgs/teleop_tools_msgs
[1.770s] -- Up-to-date: /home/ugbah-awele-bonaventure/bumperbot_ws/install/teleop_tools_msgs/include/teleop_tools_msgs/teleop_tools_msgs/action
[1.771s] -- Up-to-date: /home/ugbah-awele-bonaventure/bumperbot_ws/install/teleop_tools_msgs/include/teleop_tools_msgs/teleop_tools_msgs/action/detail
[1.771s] -- Up-to-date: /home/ugbah-awele-bonaventure/bumperbot_ws/install/teleop_tools_msgs/include/teleop_tools_msgs/teleop_tools_msgs/action/detail/dds_fastrtps
[1.771s] -- Up-to-date: /home/ugbah-awele-bonaventure/bumperbot_ws/install/teleop_tools_msgs/include/teleop_tools_msgs/teleop_tools_msgs/action/detail/increment__rosidl_typesupport_fastrtps_cpp.hpp
[1.771s] -- Up-to-date: /home/ugbah-awele-bonaventure/bumperbot_ws/install/teleop_tools_msgs/include/teleop_tools_msgs/teleop_tools_msgs/msg
[1.778s] -- Up-to-date: /home/ugbah-awele-bonaventure/bumperbot_ws/install/teleop_tools_msgs/include/teleop_tools_msgs/teleop_tools_msgs/msg/rosidl_typesupport_fastrtps_cpp__visibility_control.h
[1.778s] -- Up-to-date: /home/ugbah-awele-bonaventure/bumperbot_ws/install/teleop_tools_msgs/lib/libteleop_tools_msgs__rosidl_typesupport_fastrtps_cpp.so
[1.778s] -- Up-to-date: /home/ugbah-awele-bonaventure/bumperbot_ws/install/teleop_tools_msgs/include/teleop_tools_msgs/teleop_tools_msgs
[1.778s] -- Up-to-date: /home/ugbah-awele-bonaventure/bumperbot_ws/install/teleop_tools_msgs/include/teleop_tools_msgs/teleop_tools_msgs/action
[1.779s] -- Up-to-date: /home/ugbah-awele-bonaventure/bumperbot_ws/install/teleop_tools_msgs/include/teleop_tools_msgs/teleop_tools_msgs/action/detail
[1.779s] -- Up-to-date: /home/ugbah-awele-bonaventure/bumperbot_ws/install/teleop_tools_msgs/include/teleop_tools_msgs/teleop_tools_msgs/action/detail/increment__rosidl_typesupport_introspection_cpp.hpp
[1.779s] -- Up-to-date: /home/ugbah-awele-bonaventure/bumperbot_ws/install/teleop_tools_msgs/include/teleop_tools_msgs/teleop_tools_msgs/action/detail/increment__type_support.cpp
[1.779s] -- Up-to-date: /home/ugbah-awele-bonaventure/bumperbot_ws/install/teleop_tools_msgs/lib/libteleop_tools_msgs__rosidl_typesupport_introspection_cpp.so
[1.779s] -- Up-to-date: /home/ugbah-awele-bonaventure/bumperbot_ws/install/teleop_tools_msgs/lib/libteleop_tools_msgs__rosidl_typesupport_cpp.so
[1.780s] -- Up-to-date: /home/ugbah-awele-bonaventure/bumperbot_ws/install/teleop_tools_msgs/share/teleop_tools_msgs/environment/pythonpath.sh
[1.780s] -- Up-to-date: /home/ugbah-awele-bonaventure/bumperbot_ws/install/teleop_tools_msgs/share/teleop_tools_msgs/environment/pythonpath.dsv
[1.780s] -- Up-to-date: /home/ugbah-awele-bonaventure/bumperbot_ws/install/teleop_tools_msgs/lib/python3.12/site-packages/teleop_tools_msgs-2.0.0-py3.12.egg-info
[1.780s] -- Installing: /home/ugbah-awele-bonaventure/bumperbot_ws/install/teleop_tools_msgs/lib/python3.12/site-packages/teleop_tools_msgs-2.0.0-py3.12.egg-info/dependency_links.txt
[1.780s] -- Installing: /home/ugbah-awele-bonaventure/bumperbot_ws/install/teleop_tools_msgs/lib/python3.12/site-packages/teleop_tools_msgs-2.0.0-py3.12.egg-info/SOURCES.txt
[1.787s] -- Installing: /home/ugbah-awele-bonaventure/bumperbot_ws/install/teleop_tools_msgs/lib/python3.12/site-packages/teleop_tools_msgs-2.0.0-py3.12.egg-info/top_level.txt
[1.788s] -- Installing: /home/ugbah-awele-bonaventure/bumperbot_ws/install/teleop_tools_msgs/lib/python3.12/site-packages/teleop_tools_msgs-2.0.0-py3.12.egg-info/PKG-INFO
[1.788s] -- Up-to-date: /home/ugbah-awele-bonaventure/bumperbot_ws/install/teleop_tools_msgs/lib/python3.12/site-packages/teleop_tools_msgs
[1.788s] -- Up-to-date: /home/ugbah-awele-bonaventure/bumperbot_ws/install/teleop_tools_msgs/lib/python3.12/site-packages/teleop_tools_msgs/teleop_tools_msgs_s__rosidl_typesupport_c.so
[1.788s] -- Up-to-date: /home/ugbah-awele-bonaventure/bumperbot_ws/install/teleop_tools_msgs/lib/python3.12/site-packages/teleop_tools_msgs/action
[1.788s] -- Up-to-date: /home/ugbah-awele-bonaventure/bumperbot_ws/install/teleop_tools_msgs/lib/python3.12/site-packages/teleop_tools_msgs/action/_increment_s.c
[1.789s] -- Up-to-date: /home/ugbah-awele-bonaventure/bumperbot_ws/install/teleop_tools_msgs/lib/python3.12/site-packages/teleop_tools_msgs/action/_increment.py
[1.789s] -- Up-to-date: /home/ugbah-awele-bonaventure/bumperbot_ws/install/teleop_tools_msgs/lib/python3.12/site-packages/teleop_tools_msgs/action/__init__.py
[1.789s] -- Up-to-date: /home/ugbah-awele-bonaventure/bumperbot_ws/install/teleop_tools_msgs/lib/python3.12/site-packages/teleop_tools_msgs/_teleop_tools_msgs_s.ep.rosidl_typesupport_c.c
[1.789s] -- Up-to-date: /home/ugbah-awele-bonaventure/bumperbot_ws/install/teleop_tools_msgs/lib/python3.12/site-packages/teleop_tools_msgs/teleop_tools_msgs_s__rosidl_typesupport_fastrtps_c.so
[1.789s] -- Up-to-date: /home/ugbah-awele-bonaventure/bumperbot_ws/install/teleop_tools_msgs/lib/python3.12/site-packages/teleop_tools_msgs/__init__.py
[1.789s] -- Up-to-date: /home/ugbah-awele-bonaventure/bumperbot_ws/install/teleop_tools_msgs/lib/python3.12/site-packages/teleop_tools_msgs/teleop_tools_msgs_s__rosidl_typesupport_introspection_c.so
[1.790s] -- Up-to-date: /home/ugbah-awele-bonaventure/bumperbot_ws/install/teleop_tools_msgs/lib/python3.12/site-packages/teleop_tools_msgs/_teleop_tools_msgs_s.ep.rosidl_typesupport_introspection_c.c
[1.790s] -- Up-to-date: /home/ugbah-awele-bonaventure/bumperbot_ws/install/teleop_tools_msgs/lib/python3.12/site-packages/teleop_tools_msgs/_teleop_tools_msgs_s.ep.rosidl_typesupport_fastrtps_c.c
[1.922s] Listing '/home/ugbah-awele-bonaventure/bumperbot_ws/install/teleop_tools_msgs/lib/python3.12/site-packages/teleop_tools_msgs'...
[1.923s] Listing '/home/ugbah-awele-bonaventure/bumperbot_ws/install/teleop_tools_msgs/lib/python3.12/site-packages/teleop_tools_msgs/action'...
[1.936s] -- Up-to-date: /home/ugbah-awele-bonaventure/bumperbot_ws/install/teleop_tools_msgs/lib/python3.12/site-packages/teleop_tools_msgs/teleop_tools_msgs_s__rosidl_typesupport_fastrtps_c.so
[1.941s] -- Up-to-date: /home/ugbah-awele-bonaventure/bumperbot_ws/install/teleop_tools_msgs/lib/python3.12/site-packages/teleop_tools_msgs/teleop_tools_msgs_s__rosidl_typesupport_introspection_c.so
[1.941s] -- Up-to-date: /home/ugbah-awele-bonaventure/bumperbot_ws/install/teleop_tools_msgs/lib/python3.12/site-packages/teleop_tools_msgs/teleop_tools_msgs_s__rosidl_typesupport_c.so
[1.943s] -- Up-to-date: /home/ugbah-awele-bonaventure/bumperbot_ws/install/teleop_tools_msgs/lib/libteleop_tools_msgs__rosidl_generator_py.so
[1.943s] -- Up-to-date: /home/ugbah-awele-bonaventure/bumperbot_ws/install/teleop_tools_msgs/share/teleop_tools_msgs/action/Increment.idl
[1.944s] -- Up-to-date: /home/ugbah-awele-bonaventure/bumperbot_ws/install/teleop_tools_msgs/share/teleop_tools_msgs/action/Increment.action
[1.944s] -- Up-to-date: /home/ugbah-awele-bonaventure/bumperbot_ws/install/teleop_tools_msgs/share/ament_index/resource_index/package_run_dependencies/teleop_tools_msgs
[1.945s] -- Up-to-date: /home/ugbah-awele-bonaventure/bumperbot_ws/install/teleop_tools_msgs/share/ament_index/resource_index/parent_prefix_path/teleop_tools_msgs
[1.945s] -- Up-to-date: /home/ugbah-awele-bonaventure/bumperbot_ws/install/teleop_tools_msgs/share/teleop_tools_msgs/environment/ament_prefix_path.sh
[1.946s] -- Up-to-date: /home/ugbah-awele-bonaventure/bumperbot_ws/install/teleop_tools_msgs/share/teleop_tools_msgs/environment/ament_prefix_path.dsv
[1.947s] -- Up-to-date: /home/ugbah-awele-bonaventure/bumperbot_ws/install/teleop_tools_msgs/share/teleop_tools_msgs/environment/path.sh
[1.948s] -- Up-to-date: /home/ugbah-awele-bonaventure/bumperbot_ws/install/teleop_tools_msgs/share/teleop_tools_msgs/environment/path.dsv
[1.948s] -- Up-to-date: /home/ugbah-awele-bonaventure/bumperbot_ws/install/teleop_tools_msgs/share/teleop_tools_msgs/local_setup.bash
[1.948s] -- Up-to-date: /home/ugbah-awele-bonaventure/bumperbot_ws/install/teleop_tools_msgs/share/teleop_tools_msgs/local_setup.sh
[1.948s] -- Up-to-date: /home/ugbah-awele-bonaventure/bumperbot_ws/install/teleop_tools_msgs/share/teleop_tools_msgs/local_setup.zsh
[1.950s] -- Up-to-date: /home/ugbah-awele-bonaventure/bumperbot_ws/install/teleop_tools_msgs/share/teleop_tools_msgs/local_setup.dsv
[1.950s] -- Installing: /home/ugbah-awele-bonaventure/bumperbot_ws/install/teleop_tools_msgs/share/teleop_tools_msgs/package.dsv
[1.950s] -- Up-to-date: /home/ugbah-awele-bonaventure/bumperbot_ws/install/teleop_tools_msgs/share/ament_index/resource_index/packages/teleop_tools_msgs
[1.950s] -- Up-to-date: /home/ugbah-awele-bonaventure/bumperbot_ws/install/teleop_tools_msgs/share/teleop_tools_msgs/cmake/export_teleop_tools_msgs__rosidl_generator_cExport.cmake
[1.950s] -- Up-to-date: /home/ugbah-awele-bonaventure/bumperbot_ws/install/teleop_tools_msgs/share/teleop_tools_msgs/cmake/export_teleop_tools_msgs__rosidl_generator_cExport-noconfig.cmake
[1.951s] -- Up-to-date: /home/ugbah-awele-bonaventure/bumperbot_ws/install/teleop_tools_msgs/share/teleop_tools_msgs/cmake/export_teleop_tools_msgs__rosidl_typesupport_fastrtps_cExport.cmake
[1.951s] -- Up-to-date: /home/ugbah-awele-bonaventure/bumperbot_ws/install/teleop_tools_msgs/share/teleop_tools_msgs/cmake/export_teleop_tools_msgs__rosidl_typesupport_fastrtps_cExport-noconfig.cmake
[1.951s] -- Up-to-date: /home/ugbah-awele-bonaventure/bumperbot_ws/install/teleop_tools_msgs/share/teleop_tools_msgs/cmake/teleop_tools_msgs__rosidl_typesupport_introspection_cExport.cmake
[1.953s] -- Up-to-date: /home/ugbah-awele-bonaventure/bumperbot_ws/install/teleop_tools_msgs/share/teleop_tools_msgs/cmake/teleop_tools_msgs__rosidl_typesupport_introspection_cExport-noconfig.cmake
[1.953s] -- Up-to-date: /home/ugbah-awele-bonaventure/bumperbot_ws/install/teleop_tools_msgs/share/teleop_tools_msgs/cmake/teleop_tools_msgs__rosidl_typesupport_cExport.cmake
[1.953s] -- Up-to-date: /home/ugbah-awele-bonaventure/bumperbot_ws/install/teleop_tools_msgs/share/teleop_tools_msgs/cmake/teleop_tools_msgs__rosidl_typesupport_cExport-noconfig.cmake
[1.954s] -- Up-to-date: /home/ugbah-awele-bonaventure/bumperbot_ws/install/teleop_tools_msgs/share/teleop_tools_msgs/cmake/export_teleop_tools_msgs__rosidl_generator_cppExport.cmake
[1.954s] -- Up-to-date: /home/ugbah-awele-bonaventure/bumperbot_ws/install/teleop_tools_msgs/share/teleop_tools_msgs/cmake/export_teleop_tools_msgs__rosidl_typesupport_fastrtps_cppExport.cmake
[1.955s] -- Up-to-date: /home/ugbah-awele-bonaventure/bumperbot_ws/install/teleop_tools_msgs/share/teleop_tools_msgs/cmake/export_teleop_tools_msgs__rosidl_typesupport_fastrtps_cppExport-noconfig.cmake
[1.955s] -- Up-to-date: /home/ugbah-awele-bonaventure/bumperbot_ws/install/teleop_tools_msgs/share/teleop_tools_msgs/cmake/teleop_tools_msgs__rosidl_typesupport_introspection_cppExport.cmake
[1.955s] -- Up-to-date: /home/ugbah-awele-bonaventure/bumperbot_ws/install/teleop_tools_msgs/share/teleop_tools_msgs/cmake/teleop_tools_msgs__rosidl_typesupport_introspection_cppExport-noconfig.cmake
[1.955s] -- Up-to-date: /home/ugbah-awele-bonaventure/bumperbot_ws/install/teleop_tools_msgs/share/teleop_tools_msgs/cmake/teleop_tools_msgs__rosidl_typesupport_cppExport.cmake
[1.955s] -- Up-to-date: /home/ugbah-awele-bonaventure/bumperbot_ws/install/teleop_tools_msgs/share/teleop_tools_msgs/cmake/teleop_tools_msgs__rosidl_typesupport_cppExport-noconfig.cmake
[1.956s] -- Up-to-date: /home/ugbah-awele-bonaventure/bumperbot_ws/install/teleop_tools_msgs/share/teleop_tools_msgs/cmake/export_teleop_tools_msgs__rosidl_generator_pyExport.cmake
[1.956s] -- Up-to-date: /home/ugbah-awele-bonaventure/bumperbot_ws/install/teleop_tools_msgs/share/teleop_tools_msgs/cmake/export_teleop_tools_msgs__rosidl_generator_pyExport-noconfig.cmake
[1.956s] -- Up-to-date: /home/ugbah-awele-bonaventure/bumperbot_ws/install/teleop_tools_msgs/share/teleop_tools_msgs/cmake/rosidl_cmake-extras.cmake
[1.960s] -- Up-to-date: /home/ugbah-awele-bonaventure/bumperbot_ws/install/teleop_tools_msgs/share/teleop_tools_msgs/cmake/ament_cmake_export_dependencies-extras.cmake
[1.960s] -- Up-to-date: /home/ugbah-awele-bonaventure/bumperbot_ws/install/teleop_tools_msgs/share/teleop_tools_msgs/cmake/ament_cmake_export_include_directories-extras.cmake
[1.960s] -- Up-to-date: /home/ugbah-awele-bonaventure/bumperbot_ws/install/teleop_tools_msgs/share/teleop_tools_msgs/cmake/ament_cmake_export_libraries-extras.cmake
[1.960s] -- Up-to-date: /home/ugbah-awele-bonaventure/bumperbot_ws/install/teleop_tools_msgs/share/teleop_tools_msgs/cmake/ament_cmake_export_targets-extras.cmake
[1.960s] -- Up-to-date: /home/ugbah-awele-bonaventure/bumperbot_ws/install/teleop_tools_msgs/share/teleop_tools_msgs/cmake/rosidl_cmake_export_typesupport_targets-extras.cmake
[1.961s] -- Up-to-date: /home/ugbah-awele-bonaventure/bumperbot_ws/install/teleop_tools_msgs/share/teleop_tools_msgs/cmake/rosidl_cmake_export_typesupport_libraries-extras.cmake
[1.961s] -- Up-to-date: /home/ugbah-awele-bonaventure/bumperbot_ws/install/teleop_tools_msgs/share/teleop_tools_msgs/cmake/teleop_tools_msgsConfig.cmake
[1.961s] -- Up-to-date: /home/ugbah-awele-bonaventure/bumperbot_ws/install/teleop_tools_msgs/share/teleop_tools_msgs/cmake/teleop_tools_msgsConfig-version.cmake
[1.961s] -- Up-to-date: /home/ugbah-awele-bonaventure/bumperbot_ws/install/teleop_tools_msgs/share/teleop_tools_msgs/package.xml
[1.965s] Invoked command in '/home/ugbah-awele-bonaventure/bumperbot_ws/build/teleop_tools_msgs' returned '0': CMAKE_PREFIX_PATH=${CMAKE_PREFIX_PATH}:/home/ugbah-awele-bonaventure/bumperbot_ws/install/joy_teleop:/home/ugbah-awele-bonaventure/bumperbot_ws/install/mouse_teleop:/home/ugbah-awele-bonaventure/bumperbot_ws/install/key_teleop:/home/ugbah-awele-bonaventure/bumperbot_ws/install/bumperbot_py_examples:/home/ugbah-awele-bonaventure/scuttle_robot/install/joy_teleop:/home/ugbah-awele-bonaventure/scuttle_robot/install/scuttle_robot_py_examples:/home/ugbah-awele-bonaventure/arduinobot_ws/install/arduinobot_py_examples:/opt/ros/jazzy DEBUGINFOD_URLS=https://debuginfod.ubuntu.com /usr/bin/cmake --install /home/ugbah-awele-bonaventure/bumperbot_ws/build/teleop_tools_msgs
