[0.132s] Invoking command in '/home/ugbah-awele-bonaventure/bumperbot_ws/build/teleop_tools_msgs': CMAKE_PREFIX_PATH=${CMAKE_PREFIX_PATH}:/home/ugbah-awele-bonaventure/bumperbot_ws/install/joy_teleop:/home/ugbah-awele-bonaventure/bumperbot_ws/install/mouse_teleop:/home/ugbah-awele-bonaventure/bumperbot_ws/install/key_teleop:/home/ugbah-awele-bonaventure/bumperbot_ws/install/bumperbot_py_examples:/home/ugbah-awele-bonaventure/arduinobot_ws/install/arduinobot_py_examples:/opt/ros/jazzy DEBUGINFOD_URLS=https://debuginfod.ubuntu.com /usr/bin/cmake --build /home/ugbah-awele-bonaventure/bumperbot_ws/build/teleop_tools_msgs -- -j4 -l4
[0.546s] [  2%] Built target teleop_tools_msgs__rosidl_generator_type_description
[0.611s] [  5%] Built target teleop_tools_msgs__cpp
[0.750s] [ 20%] Built target teleop_tools_msgs__rosidl_generator_c
[0.970s] [ 23%] [32mBuilding CXX object CMakeFiles/teleop_tools_msgs__rosidl_typesupport_fastrtps_c.dir/rosidl_typesupport_fastrtps_c/teleop_tools_msgs/action/detail/increment__type_support_c.cpp.o[0m
[0.971s] [ 32%] [32mBuilding CXX object CMakeFiles/teleop_tools_msgs__rosidl_typesupport_cpp.dir/rosidl_typesupport_cpp/teleop_tools_msgs/action/increment__type_support.cpp.o[0m
[0.971s] [ 35%] Built target teleop_tools_msgs__rosidl_typesupport_introspection_c
[0.996s] [ 44%] Built target teleop_tools_msgs__rosidl_typesupport_c
[1.364s] [ 44%] Built target ament_cmake_python_copy_teleop_tools_msgs
[1.439s] [ 47%] [32mBuilding CXX object CMakeFiles/teleop_tools_msgs__rosidl_typesupport_fastrtps_cpp.dir/rosidl_typesupport_fastrtps_cpp/teleop_tools_msgs/action/detail/dds_fastrtps/increment__type_support.cpp.o[0m
[1.692s] [ 50%] [32mBuilding CXX object CMakeFiles/teleop_tools_msgs__rosidl_typesupport_introspection_cpp.dir/rosidl_typesupport_introspection_cpp/teleop_tools_msgs/action/detail/increment__type_support.cpp.o[0m
[5.716s] [ 52%] [32m[1mLinking CXX shared library libteleop_tools_msgs__rosidl_typesupport_cpp.so[0m
[5.716s] [ 55%] [32m[1mLinking CXX shared library libteleop_tools_msgs__rosidl_typesupport_fastrtps_c.so[0m
[5.716s] [ 58%] [32m[1mLinking CXX shared library libteleop_tools_msgs__rosidl_typesupport_introspection_cpp.so[0m
[6.233s] [ 61%] Built target teleop_tools_msgs__rosidl_typesupport_fastrtps_c
[6.245s] [ 64%] Built target teleop_tools_msgs__rosidl_typesupport_introspection_cpp
[6.272s] [ 67%] Built target teleop_tools_msgs__rosidl_typesupport_cpp
[6.488s] [ 70%] [32m[1mLinking CXX shared library libteleop_tools_msgs__rosidl_typesupport_fastrtps_cpp.so[0m
[6.726s] [ 73%] Built target teleop_tools_msgs__rosidl_typesupport_fastrtps_cpp
[6.743s] running egg_info
[6.778s] writing teleop_tools_msgs.egg-info/PKG-INFO
[6.778s] writing dependency_links to teleop_tools_msgs.egg-info/dependency_links.txt
[6.778s] writing top-level names to teleop_tools_msgs.egg-info/top_level.txt
[6.869s] reading manifest file 'teleop_tools_msgs.egg-info/SOURCES.txt'
[6.870s] writing manifest file 'teleop_tools_msgs.egg-info/SOURCES.txt'
[6.918s] [ 73%] Built target ament_cmake_python_build_teleop_tools_msgs_egg
[6.933s] [ 73%] Built target teleop_tools_msgs
[7.033s] [ 76%] Built target teleop_tools_msgs__py
[7.272s] [ 79%] [32mBuilding C object CMakeFiles/teleop_tools_msgs__rosidl_generator_py.dir/rosidl_generator_py/teleop_tools_msgs/action/_increment_s.c.o[0m
[13.816s] [ 82%] [32m[1mLinking C shared library libteleop_tools_msgs__rosidl_generator_py.so[0m
[14.553s] [ 82%] Built target teleop_tools_msgs__rosidl_generator_py
[14.716s] [ 85%] [32mBuilding C object CMakeFiles/teleop_tools_msgs_s__rosidl_typesupport_c.dir/rosidl_generator_py/teleop_tools_msgs/_teleop_tools_msgs_s.ep.rosidl_typesupport_c.c.o[0m
[14.717s] [ 88%] [32mBuilding C object CMakeFiles/teleop_tools_msgs_s__rosidl_typesupport_fastrtps_c.dir/rosidl_generator_py/teleop_tools_msgs/_teleop_tools_msgs_s.ep.rosidl_typesupport_fastrtps_c.c.o[0m
[14.719s] [ 91%] [32mBuilding C object CMakeFiles/teleop_tools_msgs_s__rosidl_typesupport_introspection_c.dir/rosidl_generator_py/teleop_tools_msgs/_teleop_tools_msgs_s.ep.rosidl_typesupport_introspection_c.c.o[0m
[14.953s] [ 94%] [32m[1mLinking C shared module rosidl_generator_py/teleop_tools_msgs/teleop_tools_msgs_s__rosidl_typesupport_introspection_c.so[0m
[14.977s] [ 97%] [32m[1mLinking C shared module rosidl_generator_py/teleop_tools_msgs/teleop_tools_msgs_s__rosidl_typesupport_c.so[0m
[14.999s] [100%] [32m[1mLinking C shared module rosidl_generator_py/teleop_tools_msgs/teleop_tools_msgs_s__rosidl_typesupport_fastrtps_c.so[0m
[15.048s] [100%] Built target teleop_tools_msgs_s__rosidl_typesupport_c
[15.084s] [100%] Built target teleop_tools_msgs_s__rosidl_typesupport_fastrtps_c
[15.173s] [100%] Built target teleop_tools_msgs_s__rosidl_typesupport_introspection_c
[15.187s] Invoked command in '/home/ugbah-awele-bonaventure/bumperbot_ws/build/teleop_tools_msgs' returned '0': CMAKE_PREFIX_PATH=${CMAKE_PREFIX_PATH}:/home/ugbah-awele-bonaventure/bumperbot_ws/install/joy_teleop:/home/ugbah-awele-bonaventure/bumperbot_ws/install/mouse_teleop:/home/ugbah-awele-bonaventure/bumperbot_ws/install/key_teleop:/home/ugbah-awele-bonaventure/bumperbot_ws/install/bumperbot_py_examples:/home/ugbah-awele-bonaventure/arduinobot_ws/install/arduinobot_py_examples:/opt/ros/jazzy DEBUGINFOD_URLS=https://debuginfod.ubuntu.com /usr/bin/cmake --build /home/ugbah-awele-bonaventure/bumperbot_ws/build/teleop_tools_msgs -- -j4 -l4
[15.240s] Invoking command in '/home/ugbah-awele-bonaventure/bumperbot_ws/build/teleop_tools_msgs': CMAKE_PREFIX_PATH=${CMAKE_PREFIX_PATH}:/home/ugbah-awele-bonaventure/bumperbot_ws/install/joy_teleop:/home/ugbah-awele-bonaventure/bumperbot_ws/install/mouse_teleop:/home/ugbah-awele-bonaventure/bumperbot_ws/install/key_teleop:/home/ugbah-awele-bonaventure/bumperbot_ws/install/bumperbot_py_examples:/home/ugbah-awele-bonaventure/arduinobot_ws/install/arduinobot_py_examples:/opt/ros/jazzy DEBUGINFOD_URLS=https://debuginfod.ubuntu.com /usr/bin/cmake --install /home/ugbah-awele-bonaventure/bumperbot_ws/build/teleop_tools_msgs
[15.299s] -- Install configuration: ""
[15.299s] -- Up-to-date: /home/ugbah-awele-bonaventure/bumperbot_ws/install/teleop_tools_msgs/share/ament_index/resource_index/rosidl_interfaces/teleop_tools_msgs
[15.299s] -- Up-to-date: /home/ugbah-awele-bonaventure/bumperbot_ws/install/teleop_tools_msgs/share/teleop_tools_msgs/action/Increment.json
[15.299s] -- Up-to-date: /home/ugbah-awele-bonaventure/bumperbot_ws/install/teleop_tools_msgs/include/teleop_tools_msgs/teleop_tools_msgs
[15.299s] -- Up-to-date: /home/ugbah-awele-bonaventure/bumperbot_ws/install/teleop_tools_msgs/include/teleop_tools_msgs/teleop_tools_msgs/action
[15.300s] -- Up-to-date: /home/ugbah-awele-bonaventure/bumperbot_ws/install/teleop_tools_msgs/include/teleop_tools_msgs/teleop_tools_msgs/action/increment.h
[15.300s] -- Up-to-date: /home/ugbah-awele-bonaventure/bumperbot_ws/install/teleop_tools_msgs/include/teleop_tools_msgs/teleop_tools_msgs/action/detail
[15.300s] -- Up-to-date: /home/ugbah-awele-bonaventure/bumperbot_ws/install/teleop_tools_msgs/include/teleop_tools_msgs/teleop_tools_msgs/action/detail/increment__functions.h
[15.300s] -- Up-to-date: /home/ugbah-awele-bonaventure/bumperbot_ws/install/teleop_tools_msgs/include/teleop_tools_msgs/teleop_tools_msgs/action/detail/increment__functions.c
[15.300s] -- Up-to-date: /home/ugbah-awele-bonaventure/bumperbot_ws/install/teleop_tools_msgs/include/teleop_tools_msgs/teleop_tools_msgs/action/detail/increment__type_support.h
[15.300s] -- Up-to-date: /home/ugbah-awele-bonaventure/bumperbot_ws/install/teleop_tools_msgs/include/teleop_tools_msgs/teleop_tools_msgs/action/detail/increment__struct.h
[15.301s] -- Up-to-date: /home/ugbah-awele-bonaventure/bumperbot_ws/install/teleop_tools_msgs/include/teleop_tools_msgs/teleop_tools_msgs/action/detail/increment__description.c
[15.301s] -- Installing: /home/ugbah-awele-bonaventure/bumperbot_ws/install/teleop_tools_msgs/include/teleop_tools_msgs/teleop_tools_msgs/action/detail/increment__type_support.c
[15.361s] -- Up-to-date: /home/ugbah-awele-bonaventure/bumperbot_ws/install/teleop_tools_msgs/include/teleop_tools_msgs/teleop_tools_msgs/msg
[15.361s] -- Up-to-date: /home/ugbah-awele-bonaventure/bumperbot_ws/install/teleop_tools_msgs/include/teleop_tools_msgs/teleop_tools_msgs/msg/rosidl_generator_c__visibility_control.h
[15.361s] -- Up-to-date: /home/ugbah-awele-bonaventure/bumperbot_ws/install/teleop_tools_msgs/share/teleop_tools_msgs/environment/library_path.sh
[15.362s] -- Up-to-date: /home/ugbah-awele-bonaventure/bumperbot_ws/install/teleop_tools_msgs/share/teleop_tools_msgs/environment/library_path.dsv
[15.461s] -- Up-to-date: /home/ugbah-awele-bonaventure/bumperbot_ws/install/teleop_tools_msgs/lib/libteleop_tools_msgs__rosidl_generator_c.so
[15.462s] -- Up-to-date: /home/ugbah-awele-bonaventure/bumperbot_ws/install/teleop_tools_msgs/include/teleop_tools_msgs/teleop_tools_msgs
[15.463s] -- Up-to-date: /home/ugbah-awele-bonaventure/bumperbot_ws/install/teleop_tools_msgs/include/teleop_tools_msgs/teleop_tools_msgs/action
[15.463s] -- Up-to-date: /home/ugbah-awele-bonaventure/bumperbot_ws/install/teleop_tools_msgs/include/teleop_tools_msgs/teleop_tools_msgs/action/detail
[15.463s] -- Up-to-date: /home/ugbah-awele-bonaventure/bumperbot_ws/install/teleop_tools_msgs/include/teleop_tools_msgs/teleop_tools_msgs/action/detail/increment__rosidl_typesupport_fastrtps_c.h
[15.463s] -- Up-to-date: /home/ugbah-awele-bonaventure/bumperbot_ws/install/teleop_tools_msgs/include/teleop_tools_msgs/teleop_tools_msgs/msg
[15.464s] -- Up-to-date: /home/ugbah-awele-bonaventure/bumperbot_ws/install/teleop_tools_msgs/include/teleop_tools_msgs/teleop_tools_msgs/msg/rosidl_typesupport_fastrtps_c__visibility_control.h
[15.785s] -- Installing: /home/ugbah-awele-bonaventure/bumperbot_ws/install/teleop_tools_msgs/lib/libteleop_tools_msgs__rosidl_typesupport_fastrtps_c.so
[15.786s] -- Set non-toolchain portion of runtime path of "/home/ugbah-awele-bonaventure/bumperbot_ws/install/teleop_tools_msgs/lib/libteleop_tools_msgs__rosidl_typesupport_fastrtps_c.so" to ""
[15.786s] -- Up-to-date: /home/ugbah-awele-bonaventure/bumperbot_ws/install/teleop_tools_msgs/include/teleop_tools_msgs/teleop_tools_msgs
[15.787s] -- Up-to-date: /home/ugbah-awele-bonaventure/bumperbot_ws/install/teleop_tools_msgs/include/teleop_tools_msgs/teleop_tools_msgs/action
[15.787s] -- Up-to-date: /home/ugbah-awele-bonaventure/bumperbot_ws/install/teleop_tools_msgs/include/teleop_tools_msgs/teleop_tools_msgs/action/detail
[15.787s] -- Up-to-date: /home/ugbah-awele-bonaventure/bumperbot_ws/install/teleop_tools_msgs/include/teleop_tools_msgs/teleop_tools_msgs/action/detail/increment__rosidl_typesupport_introspection_c.h
[15.787s] -- Installing: /home/ugbah-awele-bonaventure/bumperbot_ws/install/teleop_tools_msgs/include/teleop_tools_msgs/teleop_tools_msgs/action/detail/increment__type_support.c
[15.940s] -- Up-to-date: /home/ugbah-awele-bonaventure/bumperbot_ws/install/teleop_tools_msgs/include/teleop_tools_msgs/teleop_tools_msgs/msg
[15.940s] -- Up-to-date: /home/ugbah-awele-bonaventure/bumperbot_ws/install/teleop_tools_msgs/include/teleop_tools_msgs/teleop_tools_msgs/msg/rosidl_typesupport_introspection_c__visibility_control.h
[16.011s] -- Up-to-date: /home/ugbah-awele-bonaventure/bumperbot_ws/install/teleop_tools_msgs/lib/libteleop_tools_msgs__rosidl_typesupport_introspection_c.so
[16.086s] -- Up-to-date: /home/ugbah-awele-bonaventure/bumperbot_ws/install/teleop_tools_msgs/lib/libteleop_tools_msgs__rosidl_typesupport_c.so
[16.088s] -- Up-to-date: /home/ugbah-awele-bonaventure/bumperbot_ws/install/teleop_tools_msgs/include/teleop_tools_msgs/teleop_tools_msgs
[16.089s] -- Up-to-date: /home/ugbah-awele-bonaventure/bumperbot_ws/install/teleop_tools_msgs/include/teleop_tools_msgs/teleop_tools_msgs/action
[16.090s] -- Up-to-date: /home/ugbah-awele-bonaventure/bumperbot_ws/install/teleop_tools_msgs/include/teleop_tools_msgs/teleop_tools_msgs/action/detail
[16.091s] -- Up-to-date: /home/ugbah-awele-bonaventure/bumperbot_ws/install/teleop_tools_msgs/include/teleop_tools_msgs/teleop_tools_msgs/action/detail/increment__struct.hpp
[16.091s] -- Up-to-date: /home/ugbah-awele-bonaventure/bumperbot_ws/install/teleop_tools_msgs/include/teleop_tools_msgs/teleop_tools_msgs/action/detail/increment__type_support.hpp
[16.092s] -- Up-to-date: /home/ugbah-awele-bonaventure/bumperbot_ws/install/teleop_tools_msgs/include/teleop_tools_msgs/teleop_tools_msgs/action/detail/increment__traits.hpp
[16.093s] -- Up-to-date: /home/ugbah-awele-bonaventure/bumperbot_ws/install/teleop_tools_msgs/include/teleop_tools_msgs/teleop_tools_msgs/action/detail/increment__builder.hpp
[16.093s] -- Up-to-date: /home/ugbah-awele-bonaventure/bumperbot_ws/install/teleop_tools_msgs/include/teleop_tools_msgs/teleop_tools_msgs/action/increment.hpp
[16.094s] -- Up-to-date: /home/ugbah-awele-bonaventure/bumperbot_ws/install/teleop_tools_msgs/include/teleop_tools_msgs/teleop_tools_msgs/msg
[16.094s] -- Up-to-date: /home/ugbah-awele-bonaventure/bumperbot_ws/install/teleop_tools_msgs/include/teleop_tools_msgs/teleop_tools_msgs/msg/rosidl_generator_cpp__visibility_control.hpp
[16.095s] -- Up-to-date: /home/ugbah-awele-bonaventure/bumperbot_ws/install/teleop_tools_msgs/include/teleop_tools_msgs/teleop_tools_msgs
[16.096s] -- Up-to-date: /home/ugbah-awele-bonaventure/bumperbot_ws/install/teleop_tools_msgs/include/teleop_tools_msgs/teleop_tools_msgs/action
[16.096s] -- Up-to-date: /home/ugbah-awele-bonaventure/bumperbot_ws/install/teleop_tools_msgs/include/teleop_tools_msgs/teleop_tools_msgs/action/detail
[16.097s] -- Up-to-date: /home/ugbah-awele-bonaventure/bumperbot_ws/install/teleop_tools_msgs/include/teleop_tools_msgs/teleop_tools_msgs/action/detail/dds_fastrtps
[16.098s] -- Up-to-date: /home/ugbah-awele-bonaventure/bumperbot_ws/install/teleop_tools_msgs/include/teleop_tools_msgs/teleop_tools_msgs/action/detail/increment__rosidl_typesupport_fastrtps_cpp.hpp
[16.098s] -- Up-to-date: /home/ugbah-awele-bonaventure/bumperbot_ws/install/teleop_tools_msgs/include/teleop_tools_msgs/teleop_tools_msgs/msg
[16.099s] -- Up-to-date: /home/ugbah-awele-bonaventure/bumperbot_ws/install/teleop_tools_msgs/include/teleop_tools_msgs/teleop_tools_msgs/msg/rosidl_typesupport_fastrtps_cpp__visibility_control.h
[16.163s] -- Installing: /home/ugbah-awele-bonaventure/bumperbot_ws/install/teleop_tools_msgs/lib/libteleop_tools_msgs__rosidl_typesupport_fastrtps_cpp.so
[16.165s] -- Set non-toolchain portion of runtime path of "/home/ugbah-awele-bonaventure/bumperbot_ws/install/teleop_tools_msgs/lib/libteleop_tools_msgs__rosidl_typesupport_fastrtps_cpp.so" to ""
[16.166s] -- Up-to-date: /home/ugbah-awele-bonaventure/bumperbot_ws/install/teleop_tools_msgs/include/teleop_tools_msgs/teleop_tools_msgs
[16.167s] -- Up-to-date: /home/ugbah-awele-bonaventure/bumperbot_ws/install/teleop_tools_msgs/include/teleop_tools_msgs/teleop_tools_msgs/action
[16.167s] -- Up-to-date: /home/ugbah-awele-bonaventure/bumperbot_ws/install/teleop_tools_msgs/include/teleop_tools_msgs/teleop_tools_msgs/action/detail
[16.167s] -- Up-to-date: /home/ugbah-awele-bonaventure/bumperbot_ws/install/teleop_tools_msgs/include/teleop_tools_msgs/teleop_tools_msgs/action/detail/increment__rosidl_typesupport_introspection_cpp.hpp
[16.168s] -- Up-to-date: /home/ugbah-awele-bonaventure/bumperbot_ws/install/teleop_tools_msgs/include/teleop_tools_msgs/teleop_tools_msgs/action/detail/increment__type_support.cpp
[16.245s] -- Installing: /home/ugbah-awele-bonaventure/bumperbot_ws/install/teleop_tools_msgs/lib/libteleop_tools_msgs__rosidl_typesupport_introspection_cpp.so
[16.248s] -- Set non-toolchain portion of runtime path of "/home/ugbah-awele-bonaventure/bumperbot_ws/install/teleop_tools_msgs/lib/libteleop_tools_msgs__rosidl_typesupport_introspection_cpp.so" to ""
[16.328s] -- Installing: /home/ugbah-awele-bonaventure/bumperbot_ws/install/teleop_tools_msgs/lib/libteleop_tools_msgs__rosidl_typesupport_cpp.so
[16.328s] -- Set non-toolchain portion of runtime path of "/home/ugbah-awele-bonaventure/bumperbot_ws/install/teleop_tools_msgs/lib/libteleop_tools_msgs__rosidl_typesupport_cpp.so" to ""
[16.329s] -- Up-to-date: /home/ugbah-awele-bonaventure/bumperbot_ws/install/teleop_tools_msgs/share/teleop_tools_msgs/environment/pythonpath.sh
[16.329s] -- Up-to-date: /home/ugbah-awele-bonaventure/bumperbot_ws/install/teleop_tools_msgs/share/teleop_tools_msgs/environment/pythonpath.dsv
[16.329s] -- Up-to-date: /home/ugbah-awele-bonaventure/bumperbot_ws/install/teleop_tools_msgs/lib/python3.12/site-packages/teleop_tools_msgs-2.0.0-py3.12.egg-info
[16.329s] -- Installing: /home/ugbah-awele-bonaventure/bumperbot_ws/install/teleop_tools_msgs/lib/python3.12/site-packages/teleop_tools_msgs-2.0.0-py3.12.egg-info/dependency_links.txt
[16.329s] -- Installing: /home/ugbah-awele-bonaventure/bumperbot_ws/install/teleop_tools_msgs/lib/python3.12/site-packages/teleop_tools_msgs-2.0.0-py3.12.egg-info/SOURCES.txt
[16.330s] -- Installing: /home/ugbah-awele-bonaventure/bumperbot_ws/install/teleop_tools_msgs/lib/python3.12/site-packages/teleop_tools_msgs-2.0.0-py3.12.egg-info/top_level.txt
[16.330s] -- Installing: /home/ugbah-awele-bonaventure/bumperbot_ws/install/teleop_tools_msgs/lib/python3.12/site-packages/teleop_tools_msgs-2.0.0-py3.12.egg-info/PKG-INFO
[16.330s] -- Up-to-date: /home/ugbah-awele-bonaventure/bumperbot_ws/install/teleop_tools_msgs/lib/python3.12/site-packages/teleop_tools_msgs
[16.330s] -- Installing: /home/ugbah-awele-bonaventure/bumperbot_ws/install/teleop_tools_msgs/lib/python3.12/site-packages/teleop_tools_msgs/teleop_tools_msgs_s__rosidl_typesupport_c.so
[16.330s] -- Up-to-date: /home/ugbah-awele-bonaventure/bumperbot_ws/install/teleop_tools_msgs/lib/python3.12/site-packages/teleop_tools_msgs/action
[16.331s] -- Up-to-date: /home/ugbah-awele-bonaventure/bumperbot_ws/install/teleop_tools_msgs/lib/python3.12/site-packages/teleop_tools_msgs/action/_increment_s.c
[16.331s] -- Up-to-date: /home/ugbah-awele-bonaventure/bumperbot_ws/install/teleop_tools_msgs/lib/python3.12/site-packages/teleop_tools_msgs/action/_increment.py
[16.331s] -- Up-to-date: /home/ugbah-awele-bonaventure/bumperbot_ws/install/teleop_tools_msgs/lib/python3.12/site-packages/teleop_tools_msgs/action/__init__.py
[16.331s] -- Up-to-date: /home/ugbah-awele-bonaventure/bumperbot_ws/install/teleop_tools_msgs/lib/python3.12/site-packages/teleop_tools_msgs/_teleop_tools_msgs_s.ep.rosidl_typesupport_c.c
[16.331s] -- Installing: /home/ugbah-awele-bonaventure/bumperbot_ws/install/teleop_tools_msgs/lib/python3.12/site-packages/teleop_tools_msgs/teleop_tools_msgs_s__rosidl_typesupport_fastrtps_c.so
[16.331s] -- Up-to-date: /home/ugbah-awele-bonaventure/bumperbot_ws/install/teleop_tools_msgs/lib/python3.12/site-packages/teleop_tools_msgs/__init__.py
[16.332s] -- Installing: /home/ugbah-awele-bonaventure/bumperbot_ws/install/teleop_tools_msgs/lib/python3.12/site-packages/teleop_tools_msgs/teleop_tools_msgs_s__rosidl_typesupport_introspection_c.so
[16.332s] -- Up-to-date: /home/ugbah-awele-bonaventure/bumperbot_ws/install/teleop_tools_msgs/lib/python3.12/site-packages/teleop_tools_msgs/_teleop_tools_msgs_s.ep.rosidl_typesupport_introspection_c.c
[16.332s] -- Up-to-date: /home/ugbah-awele-bonaventure/bumperbot_ws/install/teleop_tools_msgs/lib/python3.12/site-packages/teleop_tools_msgs/_teleop_tools_msgs_s.ep.rosidl_typesupport_fastrtps_c.c
[16.422s] Listing '/home/ugbah-awele-bonaventure/bumperbot_ws/install/teleop_tools_msgs/lib/python3.12/site-packages/teleop_tools_msgs'...
[16.422s] Listing '/home/ugbah-awele-bonaventure/bumperbot_ws/install/teleop_tools_msgs/lib/python3.12/site-packages/teleop_tools_msgs/action'...
[16.429s] -- Installing: /home/ugbah-awele-bonaventure/bumperbot_ws/install/teleop_tools_msgs/lib/python3.12/site-packages/teleop_tools_msgs/teleop_tools_msgs_s__rosidl_typesupport_fastrtps_c.so
[16.430s] -- Set non-toolchain portion of runtime path of "/home/ugbah-awele-bonaventure/bumperbot_ws/install/teleop_tools_msgs/lib/python3.12/site-packages/teleop_tools_msgs/teleop_tools_msgs_s__rosidl_typesupport_fastrtps_c.so" to ""
[16.430s] -- Installing: /home/ugbah-awele-bonaventure/bumperbot_ws/install/teleop_tools_msgs/lib/python3.12/site-packages/teleop_tools_msgs/teleop_tools_msgs_s__rosidl_typesupport_introspection_c.so
[16.430s] -- Set non-toolchain portion of runtime path of "/home/ugbah-awele-bonaventure/bumperbot_ws/install/teleop_tools_msgs/lib/python3.12/site-packages/teleop_tools_msgs/teleop_tools_msgs_s__rosidl_typesupport_introspection_c.so" to ""
[16.431s] -- Installing: /home/ugbah-awele-bonaventure/bumperbot_ws/install/teleop_tools_msgs/lib/python3.12/site-packages/teleop_tools_msgs/teleop_tools_msgs_s__rosidl_typesupport_c.so
[16.431s] -- Set non-toolchain portion of runtime path of "/home/ugbah-awele-bonaventure/bumperbot_ws/install/teleop_tools_msgs/lib/python3.12/site-packages/teleop_tools_msgs/teleop_tools_msgs_s__rosidl_typesupport_c.so" to ""
[16.449s] -- Installing: /home/ugbah-awele-bonaventure/bumperbot_ws/install/teleop_tools_msgs/lib/libteleop_tools_msgs__rosidl_generator_py.so
[16.452s] -- Set non-toolchain portion of runtime path of "/home/ugbah-awele-bonaventure/bumperbot_ws/install/teleop_tools_msgs/lib/libteleop_tools_msgs__rosidl_generator_py.so" to ""
[16.453s] -- Up-to-date: /home/ugbah-awele-bonaventure/bumperbot_ws/install/teleop_tools_msgs/share/teleop_tools_msgs/action/Increment.idl
[16.454s] -- Up-to-date: /home/ugbah-awele-bonaventure/bumperbot_ws/install/teleop_tools_msgs/share/teleop_tools_msgs/action/Increment.action
[16.455s] -- Up-to-date: /home/ugbah-awele-bonaventure/bumperbot_ws/install/teleop_tools_msgs/share/ament_index/resource_index/package_run_dependencies/teleop_tools_msgs
[16.455s] -- Up-to-date: /home/ugbah-awele-bonaventure/bumperbot_ws/install/teleop_tools_msgs/share/ament_index/resource_index/parent_prefix_path/teleop_tools_msgs
[16.456s] -- Up-to-date: /home/ugbah-awele-bonaventure/bumperbot_ws/install/teleop_tools_msgs/share/teleop_tools_msgs/environment/ament_prefix_path.sh
[16.456s] -- Up-to-date: /home/ugbah-awele-bonaventure/bumperbot_ws/install/teleop_tools_msgs/share/teleop_tools_msgs/environment/ament_prefix_path.dsv
[16.457s] -- Up-to-date: /home/ugbah-awele-bonaventure/bumperbot_ws/install/teleop_tools_msgs/share/teleop_tools_msgs/environment/path.sh
[16.458s] -- Up-to-date: /home/ugbah-awele-bonaventure/bumperbot_ws/install/teleop_tools_msgs/share/teleop_tools_msgs/environment/path.dsv
[16.458s] -- Up-to-date: /home/ugbah-awele-bonaventure/bumperbot_ws/install/teleop_tools_msgs/share/teleop_tools_msgs/local_setup.bash
[16.459s] -- Up-to-date: /home/ugbah-awele-bonaventure/bumperbot_ws/install/teleop_tools_msgs/share/teleop_tools_msgs/local_setup.sh
[16.459s] -- Up-to-date: /home/ugbah-awele-bonaventure/bumperbot_ws/install/teleop_tools_msgs/share/teleop_tools_msgs/local_setup.zsh
[16.460s] -- Up-to-date: /home/ugbah-awele-bonaventure/bumperbot_ws/install/teleop_tools_msgs/share/teleop_tools_msgs/local_setup.dsv
[16.460s] -- Installing: /home/ugbah-awele-bonaventure/bumperbot_ws/install/teleop_tools_msgs/share/teleop_tools_msgs/package.dsv
[16.469s] -- Up-to-date: /home/ugbah-awele-bonaventure/bumperbot_ws/install/teleop_tools_msgs/share/ament_index/resource_index/packages/teleop_tools_msgs
[16.494s] -- Up-to-date: /home/ugbah-awele-bonaventure/bumperbot_ws/install/teleop_tools_msgs/share/teleop_tools_msgs/cmake/export_teleop_tools_msgs__rosidl_generator_cExport.cmake
[16.495s] -- Up-to-date: /home/ugbah-awele-bonaventure/bumperbot_ws/install/teleop_tools_msgs/share/teleop_tools_msgs/cmake/export_teleop_tools_msgs__rosidl_generator_cExport-noconfig.cmake
[16.495s] -- Up-to-date: /home/ugbah-awele-bonaventure/bumperbot_ws/install/teleop_tools_msgs/share/teleop_tools_msgs/cmake/export_teleop_tools_msgs__rosidl_typesupport_fastrtps_cExport.cmake
[16.496s] -- Up-to-date: /home/ugbah-awele-bonaventure/bumperbot_ws/install/teleop_tools_msgs/share/teleop_tools_msgs/cmake/export_teleop_tools_msgs__rosidl_typesupport_fastrtps_cExport-noconfig.cmake
[16.497s] -- Up-to-date: /home/ugbah-awele-bonaventure/bumperbot_ws/install/teleop_tools_msgs/share/teleop_tools_msgs/cmake/teleop_tools_msgs__rosidl_typesupport_introspection_cExport.cmake
[16.497s] -- Up-to-date: /home/ugbah-awele-bonaventure/bumperbot_ws/install/teleop_tools_msgs/share/teleop_tools_msgs/cmake/teleop_tools_msgs__rosidl_typesupport_introspection_cExport-noconfig.cmake
[16.497s] -- Up-to-date: /home/ugbah-awele-bonaventure/bumperbot_ws/install/teleop_tools_msgs/share/teleop_tools_msgs/cmake/teleop_tools_msgs__rosidl_typesupport_cExport.cmake
[16.497s] -- Up-to-date: /home/ugbah-awele-bonaventure/bumperbot_ws/install/teleop_tools_msgs/share/teleop_tools_msgs/cmake/teleop_tools_msgs__rosidl_typesupport_cExport-noconfig.cmake
[16.498s] -- Up-to-date: /home/ugbah-awele-bonaventure/bumperbot_ws/install/teleop_tools_msgs/share/teleop_tools_msgs/cmake/export_teleop_tools_msgs__rosidl_generator_cppExport.cmake
[16.498s] -- Up-to-date: /home/ugbah-awele-bonaventure/bumperbot_ws/install/teleop_tools_msgs/share/teleop_tools_msgs/cmake/export_teleop_tools_msgs__rosidl_typesupport_fastrtps_cppExport.cmake
[16.498s] -- Up-to-date: /home/ugbah-awele-bonaventure/bumperbot_ws/install/teleop_tools_msgs/share/teleop_tools_msgs/cmake/export_teleop_tools_msgs__rosidl_typesupport_fastrtps_cppExport-noconfig.cmake
[16.499s] -- Up-to-date: /home/ugbah-awele-bonaventure/bumperbot_ws/install/teleop_tools_msgs/share/teleop_tools_msgs/cmake/teleop_tools_msgs__rosidl_typesupport_introspection_cppExport.cmake
[16.499s] -- Up-to-date: /home/ugbah-awele-bonaventure/bumperbot_ws/install/teleop_tools_msgs/share/teleop_tools_msgs/cmake/teleop_tools_msgs__rosidl_typesupport_introspection_cppExport-noconfig.cmake
[16.499s] -- Up-to-date: /home/ugbah-awele-bonaventure/bumperbot_ws/install/teleop_tools_msgs/share/teleop_tools_msgs/cmake/teleop_tools_msgs__rosidl_typesupport_cppExport.cmake
[16.499s] -- Up-to-date: /home/ugbah-awele-bonaventure/bumperbot_ws/install/teleop_tools_msgs/share/teleop_tools_msgs/cmake/teleop_tools_msgs__rosidl_typesupport_cppExport-noconfig.cmake
[16.499s] -- Up-to-date: /home/ugbah-awele-bonaventure/bumperbot_ws/install/teleop_tools_msgs/share/teleop_tools_msgs/cmake/export_teleop_tools_msgs__rosidl_generator_pyExport.cmake
[16.500s] -- Up-to-date: /home/ugbah-awele-bonaventure/bumperbot_ws/install/teleop_tools_msgs/share/teleop_tools_msgs/cmake/export_teleop_tools_msgs__rosidl_generator_pyExport-noconfig.cmake
[16.500s] -- Up-to-date: /home/ugbah-awele-bonaventure/bumperbot_ws/install/teleop_tools_msgs/share/teleop_tools_msgs/cmake/rosidl_cmake-extras.cmake
[16.500s] -- Up-to-date: /home/ugbah-awele-bonaventure/bumperbot_ws/install/teleop_tools_msgs/share/teleop_tools_msgs/cmake/ament_cmake_export_dependencies-extras.cmake
[16.500s] -- Up-to-date: /home/ugbah-awele-bonaventure/bumperbot_ws/install/teleop_tools_msgs/share/teleop_tools_msgs/cmake/ament_cmake_export_include_directories-extras.cmake
[16.500s] -- Up-to-date: /home/ugbah-awele-bonaventure/bumperbot_ws/install/teleop_tools_msgs/share/teleop_tools_msgs/cmake/ament_cmake_export_libraries-extras.cmake
[16.501s] -- Up-to-date: /home/ugbah-awele-bonaventure/bumperbot_ws/install/teleop_tools_msgs/share/teleop_tools_msgs/cmake/ament_cmake_export_targets-extras.cmake
[16.501s] -- Up-to-date: /home/ugbah-awele-bonaventure/bumperbot_ws/install/teleop_tools_msgs/share/teleop_tools_msgs/cmake/rosidl_cmake_export_typesupport_targets-extras.cmake
[16.501s] -- Up-to-date: /home/ugbah-awele-bonaventure/bumperbot_ws/install/teleop_tools_msgs/share/teleop_tools_msgs/cmake/rosidl_cmake_export_typesupport_libraries-extras.cmake
[16.501s] -- Up-to-date: /home/ugbah-awele-bonaventure/bumperbot_ws/install/teleop_tools_msgs/share/teleop_tools_msgs/cmake/teleop_tools_msgsConfig.cmake
[16.501s] -- Up-to-date: /home/ugbah-awele-bonaventure/bumperbot_ws/install/teleop_tools_msgs/share/teleop_tools_msgs/cmake/teleop_tools_msgsConfig-version.cmake
[16.501s] -- Up-to-date: /home/ugbah-awele-bonaventure/bumperbot_ws/install/teleop_tools_msgs/share/teleop_tools_msgs/package.xml
[16.503s] Invoked command in '/home/ugbah-awele-bonaventure/bumperbot_ws/build/teleop_tools_msgs' returned '0': CMAKE_PREFIX_PATH=${CMAKE_PREFIX_PATH}:/home/ugbah-awele-bonaventure/bumperbot_ws/install/joy_teleop:/home/ugbah-awele-bonaventure/bumperbot_ws/install/mouse_teleop:/home/ugbah-awele-bonaventure/bumperbot_ws/install/key_teleop:/home/ugbah-awele-bonaventure/bumperbot_ws/install/bumperbot_py_examples:/home/ugbah-awele-bonaventure/arduinobot_ws/install/arduinobot_py_examples:/opt/ros/jazzy DEBUGINFOD_URLS=https://debuginfod.ubuntu.com /usr/bin/cmake --install /home/ugbah-awele-bonaventure/bumperbot_ws/build/teleop_tools_msgs
