[0.044s] Invoking command in '/home/ugbah-awele-bonaventure/bumperbot_ws/build/bumperbot_cpp_examples': CMAKE_PREFIX_PATH=${CMAKE_PREFIX_PATH}:/home/ugbah-awele-bonaventure/bumperbot_ws/install/bumperbot_py_examples:/home/ugbah-awele-bonaventure/scuttle_robot/install/scuttle_robot_py_examples:/home/ugbah-awele-bonaventure/arduinobot_ws/install/arduinobot_py_examples:/opt/ros/jazzy DEBUGINFOD_URLS=https://debuginfod.ubuntu.com /usr/bin/cmake /home/ugbah-awele-bonaventure/bumperbot_ws/src/bumperbot_cpp_examples -DCMAKE_INSTALL_PREFIX=/home/ugbah-awele-bonaventure/bumperbot_ws/install/bumperbot_cpp_examples
[0.238s] -- The C compiler identification is GNU 13.3.0
[0.453s] -- The CXX compiler identification is GNU 13.3.0
[0.514s] -- Detecting C compiler ABI info
[0.817s] -- Detecting C compiler ABI info - done
[0.882s] -- Check for working C compiler: /usr/bin/cc - skipped
[0.883s] -- Detecting C compile features
[0.886s] -- Detecting C compile features - done
[0.916s] -- Detecting CXX compiler ABI info
[1.168s] -- Detecting CXX compiler ABI info - done
[1.196s] -- Check for working CXX compiler: /usr/bin/c++ - skipped
[1.197s] -- Detecting CXX compile features
[1.199s] -- Detecting CXX compile features - done
[1.209s] -- Found ament_cmake: 2.5.4 (/opt/ros/jazzy/share/ament_cmake/cmake)
[1.694s] -- Found Python3: /usr/bin/python3 (found version "3.12.3") found components: Interpreter 
[2.007s] -- Found ament_lint_auto: 0.17.3 (/opt/ros/jazzy/share/ament_lint_auto/cmake)
[2.413s] -- Added test 'lint_cmake' to check CMake code style
[2.417s] -- Added test 'xmllint' to check XML markup files
[2.423s] -- Configuring done (2.3s)
[2.430s] -- Generating done (0.0s)
[2.434s] -- Build files have been written to: /home/ugbah-awele-bonaventure/bumperbot_ws/build/bumperbot_cpp_examples
[2.450s] Invoked command in '/home/ugbah-awele-bonaventure/bumperbot_ws/build/bumperbot_cpp_examples' returned '0': CMAKE_PREFIX_PATH=${CMAKE_PREFIX_PATH}:/home/ugbah-awele-bonaventure/bumperbot_ws/install/bumperbot_py_examples:/home/ugbah-awele-bonaventure/scuttle_robot/install/scuttle_robot_py_examples:/home/ugbah-awele-bonaventure/arduinobot_ws/install/arduinobot_py_examples:/opt/ros/jazzy DEBUGINFOD_URLS=https://debuginfod.ubuntu.com /usr/bin/cmake /home/ugbah-awele-bonaventure/bumperbot_ws/src/bumperbot_cpp_examples -DCMAKE_INSTALL_PREFIX=/home/ugbah-awele-bonaventure/bumperbot_ws/install/bumperbot_cpp_examples
[2.451s] Invoking command in '/home/ugbah-awele-bonaventure/bumperbot_ws/build/bumperbot_cpp_examples': CMAKE_PREFIX_PATH=${CMAKE_PREFIX_PATH}:/home/ugbah-awele-bonaventure/bumperbot_ws/install/bumperbot_py_examples:/home/ugbah-awele-bonaventure/scuttle_robot/install/scuttle_robot_py_examples:/home/ugbah-awele-bonaventure/arduinobot_ws/install/arduinobot_py_examples:/opt/ros/jazzy DEBUGINFOD_URLS=https://debuginfod.ubuntu.com /usr/bin/cmake --build /home/ugbah-awele-bonaventure/bumperbot_ws/build/bumperbot_cpp_examples -- -j4 -l4
[2.535s] Invoked command in '/home/ugbah-awele-bonaventure/bumperbot_ws/build/bumperbot_cpp_examples' returned '0': CMAKE_PREFIX_PATH=${CMAKE_PREFIX_PATH}:/home/ugbah-awele-bonaventure/bumperbot_ws/install/bumperbot_py_examples:/home/ugbah-awele-bonaventure/scuttle_robot/install/scuttle_robot_py_examples:/home/ugbah-awele-bonaventure/arduinobot_ws/install/arduinobot_py_examples:/opt/ros/jazzy DEBUGINFOD_URLS=https://debuginfod.ubuntu.com /usr/bin/cmake --build /home/ugbah-awele-bonaventure/bumperbot_ws/build/bumperbot_cpp_examples -- -j4 -l4
[2.554s] Invoking command in '/home/ugbah-awele-bonaventure/bumperbot_ws/build/bumperbot_cpp_examples': CMAKE_PREFIX_PATH=${CMAKE_PREFIX_PATH}:/home/ugbah-awele-bonaventure/bumperbot_ws/install/bumperbot_py_examples:/home/ugbah-awele-bonaventure/scuttle_robot/install/scuttle_robot_py_examples:/home/ugbah-awele-bonaventure/arduinobot_ws/install/arduinobot_py_examples:/opt/ros/jazzy DEBUGINFOD_URLS=https://debuginfod.ubuntu.com /usr/bin/cmake --install /home/ugbah-awele-bonaventure/bumperbot_ws/build/bumperbot_cpp_examples
[2.572s] -- Install configuration: ""
[2.574s] -- Installing: /home/ugbah-awele-bonaventure/bumperbot_ws/install/bumperbot_cpp_examples/share/ament_index/resource_index/package_run_dependencies/bumperbot_cpp_examples
[2.575s] -- Installing: /home/ugbah-awele-bonaventure/bumperbot_ws/install/bumperbot_cpp_examples/share/ament_index/resource_index/parent_prefix_path/bumperbot_cpp_examples
[2.575s] -- Installing: /home/ugbah-awele-bonaventure/bumperbot_ws/install/bumperbot_cpp_examples/share/bumperbot_cpp_examples/environment/ament_prefix_path.sh
[2.576s] -- Installing: /home/ugbah-awele-bonaventure/bumperbot_ws/install/bumperbot_cpp_examples/share/bumperbot_cpp_examples/environment/ament_prefix_path.dsv
[2.577s] -- Installing: /home/ugbah-awele-bonaventure/bumperbot_ws/install/bumperbot_cpp_examples/share/bumperbot_cpp_examples/environment/path.sh
[2.577s] -- Installing: /home/ugbah-awele-bonaventure/bumperbot_ws/install/bumperbot_cpp_examples/share/bumperbot_cpp_examples/environment/path.dsv
[2.578s] -- Installing: /home/ugbah-awele-bonaventure/bumperbot_ws/install/bumperbot_cpp_examples/share/bumperbot_cpp_examples/local_setup.bash
[2.578s] -- Installing: /home/ugbah-awele-bonaventure/bumperbot_ws/install/bumperbot_cpp_examples/share/bumperbot_cpp_examples/local_setup.sh
[2.579s] -- Installing: /home/ugbah-awele-bonaventure/bumperbot_ws/install/bumperbot_cpp_examples/share/bumperbot_cpp_examples/local_setup.zsh
[2.579s] -- Installing: /home/ugbah-awele-bonaventure/bumperbot_ws/install/bumperbot_cpp_examples/share/bumperbot_cpp_examples/local_setup.dsv
[2.580s] -- Installing: /home/ugbah-awele-bonaventure/bumperbot_ws/install/bumperbot_cpp_examples/share/bumperbot_cpp_examples/package.dsv
[2.580s] -- Installing: /home/ugbah-awele-bonaventure/bumperbot_ws/install/bumperbot_cpp_examples/share/ament_index/resource_index/packages/bumperbot_cpp_examples
[2.581s] -- Installing: /home/ugbah-awele-bonaventure/bumperbot_ws/install/bumperbot_cpp_examples/share/bumperbot_cpp_examples/cmake/bumperbot_cpp_examplesConfig.cmake
[2.582s] -- Installing: /home/ugbah-awele-bonaventure/bumperbot_ws/install/bumperbot_cpp_examples/share/bumperbot_cpp_examples/cmake/bumperbot_cpp_examplesConfig-version.cmake
[2.584s] -- Installing: /home/ugbah-awele-bonaventure/bumperbot_ws/install/bumperbot_cpp_examples/share/bumperbot_cpp_examples/package.xml
[2.586s] Invoked command in '/home/ugbah-awele-bonaventure/bumperbot_ws/build/bumperbot_cpp_examples' returned '0': CMAKE_PREFIX_PATH=${CMAKE_PREFIX_PATH}:/home/ugbah-awele-bonaventure/bumperbot_ws/install/bumperbot_py_examples:/home/ugbah-awele-bonaventure/scuttle_robot/install/scuttle_robot_py_examples:/home/ugbah-awele-bonaventure/arduinobot_ws/install/arduinobot_py_examples:/opt/ros/jazzy DEBUGINFOD_URLS=https://debuginfod.ubuntu.com /usr/bin/cmake --install /home/ugbah-awele-bonaventure/bumperbot_ws/build/bumperbot_cpp_examples
