[0.026s] Invoking command in '/home/ugbah-awele-bonaventure/bumperbot_ws/build/teleop_tools_msgs': CMAKE_PREFIX_PATH=${CMAKE_PREFIX_PATH}:/opt/ros/jazzy DEBUGINFOD_URLS=https://debuginfod.ubuntu.com /usr/bin/cmake --build /home/ugbah-awele-bonaventure/bumperbot_ws/build/teleop_tools_msgs -- -j4 -l4
[0.247s] [  2%] Built target teleop_tools_msgs__rosidl_generator_type_description
[0.340s] [  2%] Built target ament_cmake_python_copy_teleop_tools_msgs
[0.385s] [  5%] Built target teleop_tools_msgs__cpp
[0.443s] [ 20%] Built target teleop_tools_msgs__rosidl_generator_c
[0.652s] [ 29%] Built target teleop_tools_msgs__rosidl_typesupport_cpp
[0.652s] [ 38%] Built target teleop_tools_msgs__rosidl_typesupport_introspection_c
[0.652s] [ 47%] Built target teleop_tools_msgs__rosidl_typesupport_fastrtps_c
[0.873s] [ 55%] Built target teleop_tools_msgs__rosidl_typesupport_c
[0.875s] [ 64%] Built target teleop_tools_msgs__rosidl_typesupport_fastrtps_cpp
[0.880s] [ 73%] Built target teleop_tools_msgs__rosidl_typesupport_introspection_cpp
[1.036s] [ 73%] Built target teleop_tools_msgs
[1.046s] running egg_info
[1.100s] writing teleop_tools_msgs.egg-info/PKG-INFO
[1.101s] writing dependency_links to teleop_tools_msgs.egg-info/dependency_links.txt
[1.101s] writing top-level names to teleop_tools_msgs.egg-info/top_level.txt
[1.175s] [ 76%] Built target teleop_tools_msgs__py
[1.267s] reading manifest file 'teleop_tools_msgs.egg-info/SOURCES.txt'
[1.268s] writing manifest file 'teleop_tools_msgs.egg-info/SOURCES.txt'
[1.345s] [ 82%] Built target teleop_tools_msgs__rosidl_generator_py
[1.374s] [ 82%] Built target ament_cmake_python_build_teleop_tools_msgs_egg
[1.476s] [ 88%] Built target teleop_tools_msgs_s__rosidl_typesupport_introspection_c
[1.494s] [ 94%] Built target teleop_tools_msgs_s__rosidl_typesupport_fastrtps_c
[1.500s] [100%] Built target teleop_tools_msgs_s__rosidl_typesupport_c
[1.563s] Invoked command in '/home/ugbah-awele-bonaventure/bumperbot_ws/build/teleop_tools_msgs' returned '0': CMAKE_PREFIX_PATH=${CMAKE_PREFIX_PATH}:/opt/ros/jazzy DEBUGINFOD_URLS=https://debuginfod.ubuntu.com /usr/bin/cmake --build /home/ugbah-awele-bonaventure/bumperbot_ws/build/teleop_tools_msgs -- -j4 -l4
[1.564s] Invoking command in '/home/ugbah-awele-bonaventure/bumperbot_ws/build/teleop_tools_msgs': CMAKE_PREFIX_PATH=${CMAKE_PREFIX_PATH}:/opt/ros/jazzy DEBUGINFOD_URLS=https://debuginfod.ubuntu.com /usr/bin/cmake --install /home/ugbah-awele-bonaventure/bumperbot_ws/build/teleop_tools_msgs
[1.605s] -- Install configuration: ""
[1.605s] -- Up-to-date: /home/ugbah-awele-bonaventure/bumperbot_ws/install/teleop_tools_msgs/share/ament_index/resource_index/rosidl_interfaces/teleop_tools_msgs
[1.607s] -- Up-to-date: /home/ugbah-awele-bonaventure/bumperbot_ws/install/teleop_tools_msgs/share/teleop_tools_msgs/action/Increment.json
[1.608s] -- Up-to-date: /home/ugbah-awele-bonaventure/bumperbot_ws/install/teleop_tools_msgs/include/teleop_tools_msgs/teleop_tools_msgs
[1.608s] -- Up-to-date: /home/ugbah-awele-bonaventure/bumperbot_ws/install/teleop_tools_msgs/include/teleop_tools_msgs/teleop_tools_msgs/action
[1.608s] -- Up-to-date: /home/ugbah-awele-bonaventure/bumperbot_ws/install/teleop_tools_msgs/include/teleop_tools_msgs/teleop_tools_msgs/action/increment.h
[1.609s] -- Up-to-date: /home/ugbah-awele-bonaventure/bumperbot_ws/install/teleop_tools_msgs/include/teleop_tools_msgs/teleop_tools_msgs/action/detail
[1.609s] -- Up-to-date: /home/ugbah-awele-bonaventure/bumperbot_ws/install/teleop_tools_msgs/include/teleop_tools_msgs/teleop_tools_msgs/action/detail/increment__functions.h
[1.611s] -- Up-to-date: /home/ugbah-awele-bonaventure/bumperbot_ws/install/teleop_tools_msgs/include/teleop_tools_msgs/teleop_tools_msgs/action/detail/increment__description.c
[1.615s] -- Installing: /home/ugbah-awele-bonaventure/bumperbot_ws/install/teleop_tools_msgs/include/teleop_tools_msgs/teleop_tools_msgs/action/detail/increment__type_support.c
[1.615s] -- Up-to-date: /home/ugbah-awele-bonaventure/bumperbot_ws/install/teleop_tools_msgs/include/teleop_tools_msgs/teleop_tools_msgs/action/detail/increment__functions.c
[1.615s] -- Up-to-date: /home/ugbah-awele-bonaventure/bumperbot_ws/install/teleop_tools_msgs/include/teleop_tools_msgs/teleop_tools_msgs/action/detail/increment__struct.h
[1.615s] -- Up-to-date: /home/ugbah-awele-bonaventure/bumperbot_ws/install/teleop_tools_msgs/include/teleop_tools_msgs/teleop_tools_msgs/action/detail/increment__type_support.h
[1.616s] -- Up-to-date: /home/ugbah-awele-bonaventure/bumperbot_ws/install/teleop_tools_msgs/include/teleop_tools_msgs/teleop_tools_msgs/msg
[1.616s] -- Up-to-date: /home/ugbah-awele-bonaventure/bumperbot_ws/install/teleop_tools_msgs/include/teleop_tools_msgs/teleop_tools_msgs/msg/rosidl_generator_c__visibility_control.h
[1.616s] -- Up-to-date: /home/ugbah-awele-bonaventure/bumperbot_ws/install/teleop_tools_msgs/share/teleop_tools_msgs/environment/library_path.sh
[1.616s] -- Up-to-date: /home/ugbah-awele-bonaventure/bumperbot_ws/install/teleop_tools_msgs/share/teleop_tools_msgs/environment/library_path.dsv
[1.616s] -- Up-to-date: /home/ugbah-awele-bonaventure/bumperbot_ws/install/teleop_tools_msgs/lib/libteleop_tools_msgs__rosidl_generator_c.so
[1.622s] -- Up-to-date: /home/ugbah-awele-bonaventure/bumperbot_ws/install/teleop_tools_msgs/include/teleop_tools_msgs/teleop_tools_msgs
[1.622s] -- Up-to-date: /home/ugbah-awele-bonaventure/bumperbot_ws/install/teleop_tools_msgs/include/teleop_tools_msgs/teleop_tools_msgs/action
[1.622s] -- Up-to-date: /home/ugbah-awele-bonaventure/bumperbot_ws/install/teleop_tools_msgs/include/teleop_tools_msgs/teleop_tools_msgs/action/detail
[1.623s] -- Up-to-date: /home/ugbah-awele-bonaventure/bumperbot_ws/install/teleop_tools_msgs/include/teleop_tools_msgs/teleop_tools_msgs/action/detail/increment__rosidl_typesupport_fastrtps_c.h
[1.623s] -- Up-to-date: /home/ugbah-awele-bonaventure/bumperbot_ws/install/teleop_tools_msgs/include/teleop_tools_msgs/teleop_tools_msgs/msg
[1.623s] -- Up-to-date: /home/ugbah-awele-bonaventure/bumperbot_ws/install/teleop_tools_msgs/include/teleop_tools_msgs/teleop_tools_msgs/msg/rosidl_typesupport_fastrtps_c__visibility_control.h
[1.623s] -- Up-to-date: /home/ugbah-awele-bonaventure/bumperbot_ws/install/teleop_tools_msgs/lib/libteleop_tools_msgs__rosidl_typesupport_fastrtps_c.so
[1.623s] -- Up-to-date: /home/ugbah-awele-bonaventure/bumperbot_ws/install/teleop_tools_msgs/include/teleop_tools_msgs/teleop_tools_msgs
[1.624s] -- Up-to-date: /home/ugbah-awele-bonaventure/bumperbot_ws/install/teleop_tools_msgs/include/teleop_tools_msgs/teleop_tools_msgs/action
[1.624s] -- Up-to-date: /home/ugbah-awele-bonaventure/bumperbot_ws/install/teleop_tools_msgs/include/teleop_tools_msgs/teleop_tools_msgs/action/detail
[1.624s] -- Up-to-date: /home/ugbah-awele-bonaventure/bumperbot_ws/install/teleop_tools_msgs/include/teleop_tools_msgs/teleop_tools_msgs/action/detail/increment__rosidl_typesupport_introspection_c.h
[1.624s] -- Installing: /home/ugbah-awele-bonaventure/bumperbot_ws/install/teleop_tools_msgs/include/teleop_tools_msgs/teleop_tools_msgs/action/detail/increment__type_support.c
[1.624s] -- Up-to-date: /home/ugbah-awele-bonaventure/bumperbot_ws/install/teleop_tools_msgs/include/teleop_tools_msgs/teleop_tools_msgs/msg
[1.628s] -- Up-to-date: /home/ugbah-awele-bonaventure/bumperbot_ws/install/teleop_tools_msgs/include/teleop_tools_msgs/teleop_tools_msgs/msg/rosidl_typesupport_introspection_c__visibility_control.h
[1.628s] -- Up-to-date: /home/ugbah-awele-bonaventure/bumperbot_ws/install/teleop_tools_msgs/lib/libteleop_tools_msgs__rosidl_typesupport_introspection_c.so
[1.629s] -- Up-to-date: /home/ugbah-awele-bonaventure/bumperbot_ws/install/teleop_tools_msgs/lib/libteleop_tools_msgs__rosidl_typesupport_c.so
[1.633s] -- Up-to-date: /home/ugbah-awele-bonaventure/bumperbot_ws/install/teleop_tools_msgs/include/teleop_tools_msgs/teleop_tools_msgs
[1.633s] -- Up-to-date: /home/ugbah-awele-bonaventure/bumperbot_ws/install/teleop_tools_msgs/include/teleop_tools_msgs/teleop_tools_msgs/action
[1.633s] -- Up-to-date: /home/ugbah-awele-bonaventure/bumperbot_ws/install/teleop_tools_msgs/include/teleop_tools_msgs/teleop_tools_msgs/action/increment.hpp
[1.633s] -- Up-to-date: /home/ugbah-awele-bonaventure/bumperbot_ws/install/teleop_tools_msgs/include/teleop_tools_msgs/teleop_tools_msgs/action/detail
[1.634s] -- Up-to-date: /home/ugbah-awele-bonaventure/bumperbot_ws/install/teleop_tools_msgs/include/teleop_tools_msgs/teleop_tools_msgs/action/detail/increment__builder.hpp
[1.634s] -- Up-to-date: /home/ugbah-awele-bonaventure/bumperbot_ws/install/teleop_tools_msgs/include/teleop_tools_msgs/teleop_tools_msgs/action/detail/increment__traits.hpp
[1.634s] -- Up-to-date: /home/ugbah-awele-bonaventure/bumperbot_ws/install/teleop_tools_msgs/include/teleop_tools_msgs/teleop_tools_msgs/action/detail/increment__type_support.hpp
[1.634s] -- Up-to-date: /home/ugbah-awele-bonaventure/bumperbot_ws/install/teleop_tools_msgs/include/teleop_tools_msgs/teleop_tools_msgs/action/detail/increment__struct.hpp
[1.634s] -- Up-to-date: /home/ugbah-awele-bonaventure/bumperbot_ws/install/teleop_tools_msgs/include/teleop_tools_msgs/teleop_tools_msgs/msg
[1.637s] -- Up-to-date: /home/ugbah-awele-bonaventure/bumperbot_ws/install/teleop_tools_msgs/include/teleop_tools_msgs/teleop_tools_msgs/msg/rosidl_generator_cpp__visibility_control.hpp
[1.638s] -- Up-to-date: /home/ugbah-awele-bonaventure/bumperbot_ws/install/teleop_tools_msgs/include/teleop_tools_msgs/teleop_tools_msgs
[1.638s] -- Up-to-date: /home/ugbah-awele-bonaventure/bumperbot_ws/install/teleop_tools_msgs/include/teleop_tools_msgs/teleop_tools_msgs/action
[1.638s] -- Up-to-date: /home/ugbah-awele-bonaventure/bumperbot_ws/install/teleop_tools_msgs/include/teleop_tools_msgs/teleop_tools_msgs/action/detail
[1.638s] -- Up-to-date: /home/ugbah-awele-bonaventure/bumperbot_ws/install/teleop_tools_msgs/include/teleop_tools_msgs/teleop_tools_msgs/action/detail/increment__rosidl_typesupport_fastrtps_cpp.hpp
[1.638s] -- Up-to-date: /home/ugbah-awele-bonaventure/bumperbot_ws/install/teleop_tools_msgs/include/teleop_tools_msgs/teleop_tools_msgs/action/detail/dds_fastrtps
[1.639s] -- Up-to-date: /home/ugbah-awele-bonaventure/bumperbot_ws/install/teleop_tools_msgs/include/teleop_tools_msgs/teleop_tools_msgs/msg
[1.639s] -- Up-to-date: /home/ugbah-awele-bonaventure/bumperbot_ws/install/teleop_tools_msgs/include/teleop_tools_msgs/teleop_tools_msgs/msg/rosidl_typesupport_fastrtps_cpp__visibility_control.h
[1.639s] -- Up-to-date: /home/ugbah-awele-bonaventure/bumperbot_ws/install/teleop_tools_msgs/lib/libteleop_tools_msgs__rosidl_typesupport_fastrtps_cpp.so
[1.639s] -- Up-to-date: /home/ugbah-awele-bonaventure/bumperbot_ws/install/teleop_tools_msgs/include/teleop_tools_msgs/teleop_tools_msgs
[1.639s] -- Up-to-date: /home/ugbah-awele-bonaventure/bumperbot_ws/install/teleop_tools_msgs/include/teleop_tools_msgs/teleop_tools_msgs/action
[1.639s] -- Up-to-date: /home/ugbah-awele-bonaventure/bumperbot_ws/install/teleop_tools_msgs/include/teleop_tools_msgs/teleop_tools_msgs/action/detail
[1.640s] -- Up-to-date: /home/ugbah-awele-bonaventure/bumperbot_ws/install/teleop_tools_msgs/include/teleop_tools_msgs/teleop_tools_msgs/action/detail/increment__type_support.cpp
[1.640s] -- Up-to-date: /home/ugbah-awele-bonaventure/bumperbot_ws/install/teleop_tools_msgs/include/teleop_tools_msgs/teleop_tools_msgs/action/detail/increment__rosidl_typesupport_introspection_cpp.hpp
[1.640s] -- Up-to-date: /home/ugbah-awele-bonaventure/bumperbot_ws/install/teleop_tools_msgs/lib/libteleop_tools_msgs__rosidl_typesupport_introspection_cpp.so
[1.640s] -- Up-to-date: /home/ugbah-awele-bonaventure/bumperbot_ws/install/teleop_tools_msgs/lib/libteleop_tools_msgs__rosidl_typesupport_cpp.so
[1.640s] -- Up-to-date: /home/ugbah-awele-bonaventure/bumperbot_ws/install/teleop_tools_msgs/share/teleop_tools_msgs/environment/pythonpath.sh
[1.644s] -- Up-to-date: /home/ugbah-awele-bonaventure/bumperbot_ws/install/teleop_tools_msgs/share/teleop_tools_msgs/environment/pythonpath.dsv
[1.645s] -- Up-to-date: /home/ugbah-awele-bonaventure/bumperbot_ws/install/teleop_tools_msgs/lib/python3.12/site-packages/teleop_tools_msgs-2.0.0-py3.12.egg-info
[1.648s] -- Installing: /home/ugbah-awele-bonaventure/bumperbot_ws/install/teleop_tools_msgs/lib/python3.12/site-packages/teleop_tools_msgs-2.0.0-py3.12.egg-info/SOURCES.txt
[1.648s] -- Installing: /home/ugbah-awele-bonaventure/bumperbot_ws/install/teleop_tools_msgs/lib/python3.12/site-packages/teleop_tools_msgs-2.0.0-py3.12.egg-info/dependency_links.txt
[1.648s] -- Installing: /home/ugbah-awele-bonaventure/bumperbot_ws/install/teleop_tools_msgs/lib/python3.12/site-packages/teleop_tools_msgs-2.0.0-py3.12.egg-info/PKG-INFO
[1.648s] -- Installing: /home/ugbah-awele-bonaventure/bumperbot_ws/install/teleop_tools_msgs/lib/python3.12/site-packages/teleop_tools_msgs-2.0.0-py3.12.egg-info/top_level.txt
[1.648s] -- Up-to-date: /home/ugbah-awele-bonaventure/bumperbot_ws/install/teleop_tools_msgs/lib/python3.12/site-packages/teleop_tools_msgs
[1.648s] -- Up-to-date: /home/ugbah-awele-bonaventure/bumperbot_ws/install/teleop_tools_msgs/lib/python3.12/site-packages/teleop_tools_msgs/_teleop_tools_msgs_s.ep.rosidl_typesupport_introspection_c.c
[1.649s] -- Up-to-date: /home/ugbah-awele-bonaventure/bumperbot_ws/install/teleop_tools_msgs/lib/python3.12/site-packages/teleop_tools_msgs/action
[1.649s] -- Up-to-date: /home/ugbah-awele-bonaventure/bumperbot_ws/install/teleop_tools_msgs/lib/python3.12/site-packages/teleop_tools_msgs/action/_increment.py
[1.649s] -- Up-to-date: /home/ugbah-awele-bonaventure/bumperbot_ws/install/teleop_tools_msgs/lib/python3.12/site-packages/teleop_tools_msgs/action/__init__.py
[1.649s] -- Up-to-date: /home/ugbah-awele-bonaventure/bumperbot_ws/install/teleop_tools_msgs/lib/python3.12/site-packages/teleop_tools_msgs/action/_increment_s.c
[1.649s] -- Up-to-date: /home/ugbah-awele-bonaventure/bumperbot_ws/install/teleop_tools_msgs/lib/python3.12/site-packages/teleop_tools_msgs/teleop_tools_msgs_s__rosidl_typesupport_fastrtps_c.so
[1.650s] -- Up-to-date: /home/ugbah-awele-bonaventure/bumperbot_ws/install/teleop_tools_msgs/lib/python3.12/site-packages/teleop_tools_msgs/_teleop_tools_msgs_s.ep.rosidl_typesupport_fastrtps_c.c
[1.650s] -- Up-to-date: /home/ugbah-awele-bonaventure/bumperbot_ws/install/teleop_tools_msgs/lib/python3.12/site-packages/teleop_tools_msgs/_teleop_tools_msgs_s.ep.rosidl_typesupport_c.c
[1.650s] -- Up-to-date: /home/ugbah-awele-bonaventure/bumperbot_ws/install/teleop_tools_msgs/lib/python3.12/site-packages/teleop_tools_msgs/__init__.py
[1.651s] -- Up-to-date: /home/ugbah-awele-bonaventure/bumperbot_ws/install/teleop_tools_msgs/lib/python3.12/site-packages/teleop_tools_msgs/teleop_tools_msgs_s__rosidl_typesupport_c.so
[1.651s] -- Up-to-date: /home/ugbah-awele-bonaventure/bumperbot_ws/install/teleop_tools_msgs/lib/python3.12/site-packages/teleop_tools_msgs/teleop_tools_msgs_s__rosidl_typesupport_introspection_c.so
[1.710s] Listing '/home/ugbah-awele-bonaventure/bumperbot_ws/install/teleop_tools_msgs/lib/python3.12/site-packages/teleop_tools_msgs'...
[1.710s] Listing '/home/ugbah-awele-bonaventure/bumperbot_ws/install/teleop_tools_msgs/lib/python3.12/site-packages/teleop_tools_msgs/action'...
[1.723s] -- Up-to-date: /home/ugbah-awele-bonaventure/bumperbot_ws/install/teleop_tools_msgs/lib/python3.12/site-packages/teleop_tools_msgs/teleop_tools_msgs_s__rosidl_typesupport_fastrtps_c.so
[1.723s] -- Up-to-date: /home/ugbah-awele-bonaventure/bumperbot_ws/install/teleop_tools_msgs/lib/python3.12/site-packages/teleop_tools_msgs/teleop_tools_msgs_s__rosidl_typesupport_introspection_c.so
[1.724s] -- Up-to-date: /home/ugbah-awele-bonaventure/bumperbot_ws/install/teleop_tools_msgs/lib/python3.12/site-packages/teleop_tools_msgs/teleop_tools_msgs_s__rosidl_typesupport_c.so
[1.724s] -- Up-to-date: /home/ugbah-awele-bonaventure/bumperbot_ws/install/teleop_tools_msgs/lib/libteleop_tools_msgs__rosidl_generator_py.so
[1.725s] -- Up-to-date: /home/ugbah-awele-bonaventure/bumperbot_ws/install/teleop_tools_msgs/share/teleop_tools_msgs/action/Increment.idl
[1.725s] -- Up-to-date: /home/ugbah-awele-bonaventure/bumperbot_ws/install/teleop_tools_msgs/share/teleop_tools_msgs/action/Increment.action
[1.725s] -- Up-to-date: /home/ugbah-awele-bonaventure/bumperbot_ws/install/teleop_tools_msgs/share/ament_index/resource_index/package_run_dependencies/teleop_tools_msgs
[1.725s] -- Up-to-date: /home/ugbah-awele-bonaventure/bumperbot_ws/install/teleop_tools_msgs/share/ament_index/resource_index/parent_prefix_path/teleop_tools_msgs
[1.726s] -- Up-to-date: /home/ugbah-awele-bonaventure/bumperbot_ws/install/teleop_tools_msgs/share/teleop_tools_msgs/environment/ament_prefix_path.sh
[1.726s] -- Up-to-date: /home/ugbah-awele-bonaventure/bumperbot_ws/install/teleop_tools_msgs/share/teleop_tools_msgs/environment/ament_prefix_path.dsv
[1.726s] -- Up-to-date: /home/ugbah-awele-bonaventure/bumperbot_ws/install/teleop_tools_msgs/share/teleop_tools_msgs/environment/path.sh
[1.726s] -- Up-to-date: /home/ugbah-awele-bonaventure/bumperbot_ws/install/teleop_tools_msgs/share/teleop_tools_msgs/environment/path.dsv
[1.726s] -- Up-to-date: /home/ugbah-awele-bonaventure/bumperbot_ws/install/teleop_tools_msgs/share/teleop_tools_msgs/local_setup.bash
[1.727s] -- Up-to-date: /home/ugbah-awele-bonaventure/bumperbot_ws/install/teleop_tools_msgs/share/teleop_tools_msgs/local_setup.sh
[1.727s] -- Up-to-date: /home/ugbah-awele-bonaventure/bumperbot_ws/install/teleop_tools_msgs/share/teleop_tools_msgs/local_setup.zsh
[1.727s] -- Up-to-date: /home/ugbah-awele-bonaventure/bumperbot_ws/install/teleop_tools_msgs/share/teleop_tools_msgs/local_setup.dsv
[1.727s] -- Installing: /home/ugbah-awele-bonaventure/bumperbot_ws/install/teleop_tools_msgs/share/teleop_tools_msgs/package.dsv
[1.727s] -- Up-to-date: /home/ugbah-awele-bonaventure/bumperbot_ws/install/teleop_tools_msgs/share/ament_index/resource_index/packages/teleop_tools_msgs
[1.728s] -- Up-to-date: /home/ugbah-awele-bonaventure/bumperbot_ws/install/teleop_tools_msgs/share/teleop_tools_msgs/cmake/export_teleop_tools_msgs__rosidl_generator_cExport.cmake
[1.731s] -- Up-to-date: /home/ugbah-awele-bonaventure/bumperbot_ws/install/teleop_tools_msgs/share/teleop_tools_msgs/cmake/export_teleop_tools_msgs__rosidl_generator_cExport-noconfig.cmake
[1.731s] -- Up-to-date: /home/ugbah-awele-bonaventure/bumperbot_ws/install/teleop_tools_msgs/share/teleop_tools_msgs/cmake/export_teleop_tools_msgs__rosidl_typesupport_fastrtps_cExport.cmake
[1.731s] -- Up-to-date: /home/ugbah-awele-bonaventure/bumperbot_ws/install/teleop_tools_msgs/share/teleop_tools_msgs/cmake/export_teleop_tools_msgs__rosidl_typesupport_fastrtps_cExport-noconfig.cmake
[1.731s] -- Up-to-date: /home/ugbah-awele-bonaventure/bumperbot_ws/install/teleop_tools_msgs/share/teleop_tools_msgs/cmake/teleop_tools_msgs__rosidl_typesupport_introspection_cExport.cmake
[1.731s] -- Up-to-date: /home/ugbah-awele-bonaventure/bumperbot_ws/install/teleop_tools_msgs/share/teleop_tools_msgs/cmake/teleop_tools_msgs__rosidl_typesupport_introspection_cExport-noconfig.cmake
[1.731s] -- Up-to-date: /home/ugbah-awele-bonaventure/bumperbot_ws/install/teleop_tools_msgs/share/teleop_tools_msgs/cmake/teleop_tools_msgs__rosidl_typesupport_cExport.cmake
[1.732s] -- Up-to-date: /home/ugbah-awele-bonaventure/bumperbot_ws/install/teleop_tools_msgs/share/teleop_tools_msgs/cmake/teleop_tools_msgs__rosidl_typesupport_cExport-noconfig.cmake
[1.732s] -- Up-to-date: /home/ugbah-awele-bonaventure/bumperbot_ws/install/teleop_tools_msgs/share/teleop_tools_msgs/cmake/export_teleop_tools_msgs__rosidl_generator_cppExport.cmake
[1.732s] -- Up-to-date: /home/ugbah-awele-bonaventure/bumperbot_ws/install/teleop_tools_msgs/share/teleop_tools_msgs/cmake/export_teleop_tools_msgs__rosidl_typesupport_fastrtps_cppExport.cmake
[1.732s] -- Up-to-date: /home/ugbah-awele-bonaventure/bumperbot_ws/install/teleop_tools_msgs/share/teleop_tools_msgs/cmake/export_teleop_tools_msgs__rosidl_typesupport_fastrtps_cppExport-noconfig.cmake
[1.732s] -- Up-to-date: /home/ugbah-awele-bonaventure/bumperbot_ws/install/teleop_tools_msgs/share/teleop_tools_msgs/cmake/teleop_tools_msgs__rosidl_typesupport_introspection_cppExport.cmake
[1.743s] -- Up-to-date: /home/ugbah-awele-bonaventure/bumperbot_ws/install/teleop_tools_msgs/share/teleop_tools_msgs/cmake/teleop_tools_msgs__rosidl_typesupport_introspection_cppExport-noconfig.cmake
[1.743s] -- Up-to-date: /home/ugbah-awele-bonaventure/bumperbot_ws/install/teleop_tools_msgs/share/teleop_tools_msgs/cmake/teleop_tools_msgs__rosidl_typesupport_cppExport.cmake
[1.743s] -- Up-to-date: /home/ugbah-awele-bonaventure/bumperbot_ws/install/teleop_tools_msgs/share/teleop_tools_msgs/cmake/teleop_tools_msgs__rosidl_typesupport_cppExport-noconfig.cmake
[1.744s] -- Up-to-date: /home/ugbah-awele-bonaventure/bumperbot_ws/install/teleop_tools_msgs/share/teleop_tools_msgs/cmake/export_teleop_tools_msgs__rosidl_generator_pyExport.cmake
[1.744s] -- Up-to-date: /home/ugbah-awele-bonaventure/bumperbot_ws/install/teleop_tools_msgs/share/teleop_tools_msgs/cmake/export_teleop_tools_msgs__rosidl_generator_pyExport-noconfig.cmake
[1.744s] -- Up-to-date: /home/ugbah-awele-bonaventure/bumperbot_ws/install/teleop_tools_msgs/share/teleop_tools_msgs/cmake/rosidl_cmake-extras.cmake
[1.744s] -- Up-to-date: /home/ugbah-awele-bonaventure/bumperbot_ws/install/teleop_tools_msgs/share/teleop_tools_msgs/cmake/ament_cmake_export_dependencies-extras.cmake
[1.744s] -- Up-to-date: /home/ugbah-awele-bonaventure/bumperbot_ws/install/teleop_tools_msgs/share/teleop_tools_msgs/cmake/ament_cmake_export_include_directories-extras.cmake
[1.744s] -- Up-to-date: /home/ugbah-awele-bonaventure/bumperbot_ws/install/teleop_tools_msgs/share/teleop_tools_msgs/cmake/ament_cmake_export_libraries-extras.cmake
[1.745s] -- Up-to-date: /home/ugbah-awele-bonaventure/bumperbot_ws/install/teleop_tools_msgs/share/teleop_tools_msgs/cmake/ament_cmake_export_targets-extras.cmake
[1.745s] -- Up-to-date: /home/ugbah-awele-bonaventure/bumperbot_ws/install/teleop_tools_msgs/share/teleop_tools_msgs/cmake/rosidl_cmake_export_typesupport_targets-extras.cmake
[1.745s] -- Up-to-date: /home/ugbah-awele-bonaventure/bumperbot_ws/install/teleop_tools_msgs/share/teleop_tools_msgs/cmake/rosidl_cmake_export_typesupport_libraries-extras.cmake
[1.745s] -- Up-to-date: /home/ugbah-awele-bonaventure/bumperbot_ws/install/teleop_tools_msgs/share/teleop_tools_msgs/cmake/teleop_tools_msgsConfig.cmake
[1.747s] -- Up-to-date: /home/ugbah-awele-bonaventure/bumperbot_ws/install/teleop_tools_msgs/share/teleop_tools_msgs/cmake/teleop_tools_msgsConfig-version.cmake
[1.748s] -- Up-to-date: /home/ugbah-awele-bonaventure/bumperbot_ws/install/teleop_tools_msgs/share/teleop_tools_msgs/package.xml
[1.748s] Invoked command in '/home/ugbah-awele-bonaventure/bumperbot_ws/build/teleop_tools_msgs' returned '0': CMAKE_PREFIX_PATH=${CMAKE_PREFIX_PATH}:/opt/ros/jazzy DEBUGINFOD_URLS=https://debuginfod.ubuntu.com /usr/bin/cmake --install /home/ugbah-awele-bonaventure/bumperbot_ws/build/teleop_tools_msgs
