[0.021s] Invoking command in '/home/ugbah-awele-bonaventure/bumperbot_ws/build/bumperbot_controller': AMENT_PREFIX_PATH=/home/ugbah-awele-bonaventure/bumperbot_ws/install/joy_teleop:/home/ugbah-awele-bonaventure/bumperbot_ws/install/teleop_tools_msgs:${AMENT_PREFIX_PATH} CMAKE_PREFIX_PATH=/home/ugbah-awele-bonaventure/bumperbot_ws/install/teleop_tools_msgs:/opt/ros/jazzy/opt/gz_sim_vendor:/opt/ros/jazzy/opt/gz_sensors_vendor:/opt/ros/jazzy/opt/gz_physics_vendor:/opt/ros/jazzy/opt/sdformat_vendor:/opt/ros/jazzy/opt/gz_gui_vendor:/opt/ros/jazzy/opt/gz_transport_vendor:/opt/ros/jazzy/opt/gz_rendering_vendor:/opt/ros/jazzy/opt/gz_plugin_vendor:/opt/ros/jazzy/opt/gz_fuel_tools_vendor:/opt/ros/jazzy/opt/gz_msgs_vendor:/opt/ros/jazzy/opt/gz_common_vendor:/opt/ros/jazzy/opt/gz_math_vendor:/opt/ros/jazzy/opt/gz_utils_vendor:/opt/ros/jazzy/opt/gz_tools_vendor:/opt/ros/jazzy/opt/gz_ogre_next_vendor:/opt/ros/jazzy/opt/gz_dartsim_vendor:/opt/ros/jazzy/opt/gz_cmake_vendor:/opt/ros/jazzy DEBUGINFOD_URLS=https://debuginfod.ubuntu.com LD_LIBRARY_PATH=/home/ugbah-awele-bonaventure/bumperbot_ws/install/teleop_tools_msgs/lib:${LD_LIBRARY_PATH} PYTHONPATH=/home/ugbah-awele-bonaventure/bumperbot_ws/install/joy_teleop/lib/python3.12/site-packages:/home/ugbah-awele-bonaventure/bumperbot_ws/install/teleop_tools_msgs/lib/python3.12/site-packages:${PYTHONPATH} /usr/bin/cmake /home/ugbah-awele-bonaventure/bumperbot_ws/src/bumperbot_controller -DCMAKE_INSTALL_PREFIX=/home/ugbah-awele-bonaventure/bumperbot_ws/install/bumperbot_controller
[0.109s] -- The C compiler identification is GNU 13.3.0
[0.203s] -- The CXX compiler identification is GNU 13.3.0
[0.226s] -- Detecting C compiler ABI info
[0.474s] -- Detecting C compiler ABI info - done
[0.555s] -- Check for working C compiler: /usr/bin/cc - skipped
[0.555s] -- Detecting C compile features
[0.564s] -- Detecting C compile features - done
[0.616s] -- Detecting CXX compiler ABI info
[0.964s] -- Detecting CXX compiler ABI info - done
[1.005s] -- Check for working CXX compiler: /usr/bin/c++ - skipped
[1.005s] -- Detecting CXX compile features
[1.008s] -- Detecting CXX compile features - done
[1.051s] -- Found ament_cmake: 2.5.4 (/opt/ros/jazzy/share/ament_cmake/cmake)
[1.635s] -- Found Python3: /usr/bin/python3 (found version "3.12.3") found components: Interpreter 
[1.893s] -- Found rclpy: 7.1.6 (/opt/ros/jazzy/share/rclpy/cmake)
[1.897s] -- Found std_msgs: 5.3.6 (/opt/ros/jazzy/share/std_msgs/cmake)
[1.966s] -- Found rosidl_generator_c: 4.6.6 (/opt/ros/jazzy/share/rosidl_generator_c/cmake)
[1.991s] -- Found rosidl_generator_cpp: 4.6.6 (/opt/ros/jazzy/share/rosidl_generator_cpp/cmake)
[2.018s] -- Using all available rosidl_typesupport_c: rosidl_typesupport_fastrtps_c;rosidl_typesupport_introspection_c
[2.050s] -- Using all available rosidl_typesupport_cpp: rosidl_typesupport_fastrtps_cpp;rosidl_typesupport_introspection_cpp
[2.107s] -- Found geometry_msgs: 5.3.6 (/opt/ros/jazzy/share/geometry_msgs/cmake)
[2.146s] -- Found sensor_msgs: 5.3.6 (/opt/ros/jazzy/share/sensor_msgs/cmake)
[2.252s] -- Found nav_msgs: 5.3.6 (/opt/ros/jazzy/share/nav_msgs/cmake)
[2.330s] -- Found tf2_ros: 0.36.16 (/opt/ros/jazzy/share/tf2_ros/cmake)
[2.528s] -- Found rmw_implementation_cmake: 7.3.2 (/opt/ros/jazzy/share/rmw_implementation_cmake/cmake)
[2.534s] -- Found rmw_fastrtps_cpp: 8.4.3 (/opt/ros/jazzy/share/rmw_fastrtps_cpp/cmake)
[2.655s] -- Found OpenSSL: /usr/lib/x86_64-linux-gnu/libcrypto.so (found version "3.0.13")  
[2.682s] -- Found FastRTPS: /opt/ros/jazzy/include (Required is at least version "2.13") 
[2.713s] -- Using RMW implementation 'rmw_fastrtps_cpp' as default
[3.142s] -- Found ament_lint_auto: 0.17.3 (/opt/ros/jazzy/share/ament_lint_auto/cmake)
[3.297s] -- Added test 'flake8' to check Python code syntax and style conventions
[3.297s] -- Configured 'flake8' exclude dirs and/or files: 
[3.299s] -- Added test 'lint_cmake' to check CMake code style
[3.300s] -- Added test 'pep257' to check Python code against some of the docstring style conventions in PEP 257
[3.303s] -- Added test 'xmllint' to check XML markup files
[3.305s] -- Configuring done (3.3s)
[3.313s] -- Generating done (0.0s)
[3.316s] -- Build files have been written to: /home/ugbah-awele-bonaventure/bumperbot_ws/build/bumperbot_controller
