[8.909s] Invoking command in '/home/ugbah-awele-bonaventure/bumperbot_ws/src/teleop_tools/mouse_teleop': DEBUGINFOD_URLS=https://debuginfod.ubuntu.com PYTHONPATH=/home/ugbah-awele-bonaventure/bumperbot_ws/build/mouse_teleop/prefix_override:/usr/lib/python3/dist-packages/colcon_core/task/python/colcon_distutils_commands:/home/ugbah-awele-bonaventure/bumperbot_ws/install/mouse_teleop/lib/python3.12/site-packages:${PYTHONPATH} /usr/bin/python3 -W ignore:setup.py install is deprecated -W ignore:easy_install command is deprecated setup.py egg_info --egg-base ../../../build/mouse_teleop build --build-base /home/ugbah-awele-bonaventure/bumperbot_ws/build/mouse_teleop/build install --record /home/ugbah-awele-bonaventure/bumperbot_ws/build/mouse_teleop/install.log --single-version-externally-managed install_data
[10.816s] running egg_info
[10.822s] creating ../../../build/mouse_teleop/mouse_teleop.egg-info
[10.938s] writing ../../../build/mouse_teleop/mouse_teleop.egg-info/PKG-INFO
[10.941s] writing dependency_links to ../../../build/mouse_teleop/mouse_teleop.egg-info/dependency_links.txt
[10.941s] writing entry points to ../../../build/mouse_teleop/mouse_teleop.egg-info/entry_points.txt
[10.942s] writing requirements to ../../../build/mouse_teleop/mouse_teleop.egg-info/requires.txt
[10.942s] writing top-level names to ../../../build/mouse_teleop/mouse_teleop.egg-info/top_level.txt
[10.951s] writing manifest file '../../../build/mouse_teleop/mouse_teleop.egg-info/SOURCES.txt'
[11.182s] reading manifest file '../../../build/mouse_teleop/mouse_teleop.egg-info/SOURCES.txt'
[11.182s] adding license file 'LICENSE'
[11.189s] writing manifest file '../../../build/mouse_teleop/mouse_teleop.egg-info/SOURCES.txt'
[11.190s] running build
[11.190s] running build_py
[11.190s] creating /home/ugbah-awele-bonaventure/bumperbot_ws/build/mouse_teleop/build
[11.191s] creating /home/ugbah-awele-bonaventure/bumperbot_ws/build/mouse_teleop/build/lib
[11.199s] creating /home/ugbah-awele-bonaventure/bumperbot_ws/build/mouse_teleop/build/lib/mouse_teleop
[11.200s] copying mouse_teleop/__init__.py -> /home/ugbah-awele-bonaventure/bumperbot_ws/build/mouse_teleop/build/lib/mouse_teleop
[11.200s] copying mouse_teleop/mouse_teleop.py -> /home/ugbah-awele-bonaventure/bumperbot_ws/build/mouse_teleop/build/lib/mouse_teleop
[11.201s] running install
[11.226s] running install_lib
[11.403s] creating /home/ugbah-awele-bonaventure/bumperbot_ws/install/mouse_teleop/lib/python3.12/site-packages/mouse_teleop
[11.404s] copying /home/ugbah-awele-bonaventure/bumperbot_ws/build/mouse_teleop/build/lib/mouse_teleop/__init__.py -> /home/ugbah-awele-bonaventure/bumperbot_ws/install/mouse_teleop/lib/python3.12/site-packages/mouse_teleop
[11.405s] copying /home/ugbah-awele-bonaventure/bumperbot_ws/build/mouse_teleop/build/lib/mouse_teleop/mouse_teleop.py -> /home/ugbah-awele-bonaventure/bumperbot_ws/install/mouse_teleop/lib/python3.12/site-packages/mouse_teleop
[11.408s] byte-compiling /home/ugbah-awele-bonaventure/bumperbot_ws/install/mouse_teleop/lib/python3.12/site-packages/mouse_teleop/__init__.py to __init__.cpython-312.pyc
[11.409s] byte-compiling /home/ugbah-awele-bonaventure/bumperbot_ws/install/mouse_teleop/lib/python3.12/site-packages/mouse_teleop/mouse_teleop.py to mouse_teleop.cpython-312.pyc
[11.423s] running install_data
[11.424s] copying package.xml -> /home/ugbah-awele-bonaventure/bumperbot_ws/install/mouse_teleop/share/mouse_teleop
[11.427s] creating /home/ugbah-awele-bonaventure/bumperbot_ws/install/mouse_teleop/share/mouse_teleop/config
[11.427s] copying config/mouse_teleop.yaml -> /home/ugbah-awele-bonaventure/bumperbot_ws/install/mouse_teleop/share/mouse_teleop/config
[11.428s] creating /home/ugbah-awele-bonaventure/bumperbot_ws/install/mouse_teleop/share/mouse_teleop/launch
[11.432s] copying launch/mouse_teleop.launch.py -> /home/ugbah-awele-bonaventure/bumperbot_ws/install/mouse_teleop/share/mouse_teleop/launch
[11.433s] creating /home/ugbah-awele-bonaventure/bumperbot_ws/install/mouse_teleop/share/ament_index
[11.433s] creating /home/ugbah-awele-bonaventure/bumperbot_ws/install/mouse_teleop/share/ament_index/resource_index
[11.441s] creating /home/ugbah-awele-bonaventure/bumperbot_ws/install/mouse_teleop/share/ament_index/resource_index/packages
[11.442s] copying resource/mouse_teleop -> /home/ugbah-awele-bonaventure/bumperbot_ws/install/mouse_teleop/share/ament_index/resource_index/packages
[11.443s] running install_egg_info
[11.573s] Copying ../../../build/mouse_teleop/mouse_teleop.egg-info to /home/ugbah-awele-bonaventure/bumperbot_ws/install/mouse_teleop/lib/python3.12/site-packages/mouse_teleop-1.8.0-py3.12.egg-info
[11.576s] running install_scripts
[12.433s] Installing mouse_teleop script to /home/ugbah-awele-bonaventure/bumperbot_ws/install/mouse_teleop/lib/mouse_teleop
[12.435s] writing list of installed files to '/home/ugbah-awele-bonaventure/bumperbot_ws/build/mouse_teleop/install.log'
[12.602s] Invoked command in '/home/ugbah-awele-bonaventure/bumperbot_ws/src/teleop_tools/mouse_teleop' returned '0': DEBUGINFOD_URLS=https://debuginfod.ubuntu.com PYTHONPATH=/home/ugbah-awele-bonaventure/bumperbot_ws/build/mouse_teleop/prefix_override:/usr/lib/python3/dist-packages/colcon_core/task/python/colcon_distutils_commands:/home/ugbah-awele-bonaventure/bumperbot_ws/install/mouse_teleop/lib/python3.12/site-packages:${PYTHONPATH} /usr/bin/python3 -W ignore:setup.py install is deprecated -W ignore:easy_install command is deprecated setup.py egg_info --egg-base ../../../build/mouse_teleop build --build-base /home/ugbah-awele-bonaventure/bumperbot_ws/build/mouse_teleop/build install --record /home/ugbah-awele-bonaventure/bumperbot_ws/build/mouse_teleop/install.log --single-version-externally-managed install_data
