[24.673s] Invoking command in '/home/ugbah-awele-bonaventure/bumperbot_ws/src/bumperbot_py_examples': DEBUGINFOD_URLS=https://debuginfod.ubuntu.com PYTHONPATH=/home/ugbah-awele-bonaventure/bumperbot_ws/build/bumperbot_py_examples/prefix_override:/usr/lib/python3/dist-packages/colcon_core/task/python/colcon_distutils_commands:/home/ugbah-awele-bonaventure/bumperbot_ws/install/bumperbot_py_examples/lib/python3.12/site-packages:${PYTHONPATH} /usr/bin/python3 -W ignore:setup.py install is deprecated -W ignore:easy_install command is deprecated setup.py egg_info --egg-base ../../build/bumperbot_py_examples build --build-base /home/ugbah-awele-bonaventure/bumperbot_ws/build/bumperbot_py_examples/build install --record /home/ugbah-awele-bonaventure/bumperbot_ws/build/bumperbot_py_examples/install.log --single-version-externally-managed install_data
[25.611s] running egg_info
[25.691s] writing ../../build/bumperbot_py_examples/bumperbot_py_examples.egg-info/PKG-INFO
[25.695s] writing dependency_links to ../../build/bumperbot_py_examples/bumperbot_py_examples.egg-info/dependency_links.txt
[25.696s] writing entry points to ../../build/bumperbot_py_examples/bumperbot_py_examples.egg-info/entry_points.txt
[25.696s] writing requirements to ../../build/bumperbot_py_examples/bumperbot_py_examples.egg-info/requires.txt
[25.697s] writing top-level names to ../../build/bumperbot_py_examples/bumperbot_py_examples.egg-info/top_level.txt
[25.865s] reading manifest file '../../build/bumperbot_py_examples/bumperbot_py_examples.egg-info/SOURCES.txt'
[25.892s] writing manifest file '../../build/bumperbot_py_examples/bumperbot_py_examples.egg-info/SOURCES.txt'
[25.893s] running build
[25.893s] running build_py
[25.893s] running install
[25.925s] running install_lib
[26.004s] running install_data
[26.004s] running install_egg_info
[26.088s] removing '/home/ugbah-awele-bonaventure/bumperbot_ws/install/bumperbot_py_examples/lib/python3.12/site-packages/bumperbot_py_examples-0.0.0-py3.12.egg-info' (and everything under it)
[26.089s] Copying ../../build/bumperbot_py_examples/bumperbot_py_examples.egg-info to /home/ugbah-awele-bonaventure/bumperbot_ws/install/bumperbot_py_examples/lib/python3.12/site-packages/bumperbot_py_examples-0.0.0-py3.12.egg-info
[26.100s] running install_scripts
[26.700s] Installing my_parameter script to /home/ugbah-awele-bonaventure/bumperbot_ws/install/bumperbot_py_examples/lib/bumperbot_py_examples
[26.701s] Installing simple_turtlesim_kinematics script to /home/ugbah-awele-bonaventure/bumperbot_ws/install/bumperbot_py_examples/lib/bumperbot_py_examples
[26.705s] writing list of installed files to '/home/ugbah-awele-bonaventure/bumperbot_ws/build/bumperbot_py_examples/install.log'
[26.887s] Invoked command in '/home/ugbah-awele-bonaventure/bumperbot_ws/src/bumperbot_py_examples' returned '0': DEBUGINFOD_URLS=https://debuginfod.ubuntu.com PYTHONPATH=/home/ugbah-awele-bonaventure/bumperbot_ws/build/bumperbot_py_examples/prefix_override:/usr/lib/python3/dist-packages/colcon_core/task/python/colcon_distutils_commands:/home/ugbah-awele-bonaventure/bumperbot_ws/install/bumperbot_py_examples/lib/python3.12/site-packages:${PYTHONPATH} /usr/bin/python3 -W ignore:setup.py install is deprecated -W ignore:easy_install command is deprecated setup.py egg_info --egg-base ../../build/bumperbot_py_examples build --build-base /home/ugbah-awele-bonaventure/bumperbot_ws/build/bumperbot_py_examples/build install --record /home/ugbah-awele-bonaventure/bumperbot_ws/build/bumperbot_py_examples/install.log --single-version-externally-managed install_data
