[0.041s] Invoking command in '/home/ugbah-awele-bonaventure/bumperbot_ws/build/teleop_tools_msgs': CMAKE_PREFIX_PATH=${CMAKE_PREFIX_PATH}:/home/ugbah-awele-bonaventure/bumperbot_ws/install/joy_teleop:/home/ugbah-awele-bonaventure/bumperbot_ws/install/mouse_teleop:/home/ugbah-awele-bonaventure/bumperbot_ws/install/key_teleop:/home/ugbah-awele-bonaventure/bumperbot_ws/install/bumperbot_py_examples:/home/ugbah-awele-bonaventure/scuttle_robot/install/joy_teleop:/home/ugbah-awele-bonaventure/scuttle_robot/install/scuttle_robot_py_examples:/home/ugbah-awele-bonaventure/arduinobot_ws/install/arduinobot_py_examples:/opt/ros/jazzy DEBUGINFOD_URLS=https://debuginfod.ubuntu.com /usr/bin/cmake --build /home/ugbah-awele-bonaventure/bumperbot_ws/build/teleop_tools_msgs -- -j4 -l4
[0.197s] [  0%] Built target ament_cmake_python_copy_teleop_tools_msgs
[0.242s] [  2%] Built target teleop_tools_msgs__rosidl_generator_type_description
[0.412s] [  5%] Built target teleop_tools_msgs__cpp
[0.412s] [ 20%] Built target teleop_tools_msgs__rosidl_generator_c
[0.590s] [ 29%] Built target teleop_tools_msgs__rosidl_typesupport_cpp
[0.597s] [ 38%] Built target teleop_tools_msgs__rosidl_typesupport_fastrtps_c
[0.631s] [ 47%] Built target teleop_tools_msgs__rosidl_typesupport_introspection_c
[0.788s] [ 55%] Built target teleop_tools_msgs__rosidl_typesupport_c
[0.788s] [ 64%] Built target teleop_tools_msgs__rosidl_typesupport_fastrtps_cpp
[0.790s] [ 73%] Built target teleop_tools_msgs__rosidl_typesupport_introspection_cpp
[0.954s] [ 73%] Built target teleop_tools_msgs
[1.040s] [ 76%] Built target teleop_tools_msgs__py
[1.135s] [ 82%] Built target teleop_tools_msgs__rosidl_generator_py
[1.235s] [ 88%] Built target teleop_tools_msgs_s__rosidl_typesupport_fastrtps_c
[1.252s] [ 94%] Built target teleop_tools_msgs_s__rosidl_typesupport_introspection_c
[1.256s] [100%] Built target teleop_tools_msgs_s__rosidl_typesupport_c
[1.446s] running egg_info
[1.504s] writing teleop_tools_msgs.egg-info/PKG-INFO
[1.504s] writing dependency_links to teleop_tools_msgs.egg-info/dependency_links.txt
[1.504s] writing top-level names to teleop_tools_msgs.egg-info/top_level.txt
[1.673s] reading manifest file 'teleop_tools_msgs.egg-info/SOURCES.txt'
[1.673s] writing manifest file 'teleop_tools_msgs.egg-info/SOURCES.txt'
[1.730s] [100%] Built target ament_cmake_python_build_teleop_tools_msgs_egg
