[0.039s] Invoking command in '/home/ugbah-awele-bonaventure/bumperbot_ws/build/bumberbot_msgs': CMAKE_PREFIX_PATH=${CMAKE_PREFIX_PATH}:/home/ugbah-awele-bonaventure/bumperbot_ws/install/joy_teleop:/home/ugbah-awele-bonaventure/bumperbot_ws/install/mouse_teleop:/home/ugbah-awele-bonaventure/bumperbot_ws/install/key_teleop:/home/ugbah-awele-bonaventure/bumperbot_ws/install/bumperbot_py_examples:/home/ugbah-awele-bonaventure/scuttle_robot/install/joy_teleop:/home/ugbah-awele-bonaventure/scuttle_robot/install/scuttle_robot_py_examples:/home/ugbah-awele-bonaventure/arduinobot_ws/install/arduinobot_py_examples:/opt/ros/jazzy DEBUGINFOD_URLS=https://debuginfod.ubuntu.com /usr/bin/cmake --build /home/ugbah-awele-bonaventure/bumperbot_ws/build/bumberbot_msgs -- -j4 -l4
[0.122s] Invoked command in '/home/ugbah-awele-bonaventure/bumperbot_ws/build/bumberbot_msgs' returned '0': CMAKE_PREFIX_PATH=${CMAKE_PREFIX_PATH}:/home/ugbah-awele-bonaventure/bumperbot_ws/install/joy_teleop:/home/ugbah-awele-bonaventure/bumperbot_ws/install/mouse_teleop:/home/ugbah-awele-bonaventure/bumperbot_ws/install/key_teleop:/home/ugbah-awele-bonaventure/bumperbot_ws/install/bumperbot_py_examples:/home/ugbah-awele-bonaventure/scuttle_robot/install/joy_teleop:/home/ugbah-awele-bonaventure/scuttle_robot/install/scuttle_robot_py_examples:/home/ugbah-awele-bonaventure/arduinobot_ws/install/arduinobot_py_examples:/opt/ros/jazzy DEBUGINFOD_URLS=https://debuginfod.ubuntu.com /usr/bin/cmake --build /home/ugbah-awele-bonaventure/bumperbot_ws/build/bumberbot_msgs -- -j4 -l4
[0.144s] Invoking command in '/home/ugbah-awele-bonaventure/bumperbot_ws/build/bumberbot_msgs': CMAKE_PREFIX_PATH=${CMAKE_PREFIX_PATH}:/home/ugbah-awele-bonaventure/bumperbot_ws/install/joy_teleop:/home/ugbah-awele-bonaventure/bumperbot_ws/install/mouse_teleop:/home/ugbah-awele-bonaventure/bumperbot_ws/install/key_teleop:/home/ugbah-awele-bonaventure/bumperbot_ws/install/bumperbot_py_examples:/home/ugbah-awele-bonaventure/scuttle_robot/install/joy_teleop:/home/ugbah-awele-bonaventure/scuttle_robot/install/scuttle_robot_py_examples:/home/ugbah-awele-bonaventure/arduinobot_ws/install/arduinobot_py_examples:/opt/ros/jazzy DEBUGINFOD_URLS=https://debuginfod.ubuntu.com /usr/bin/cmake --install /home/ugbah-awele-bonaventure/bumperbot_ws/build/bumberbot_msgs
[0.162s] -- Install configuration: ""
[0.162s] -- Up-to-date: /home/ugbah-awele-bonaventure/bumperbot_ws/install/bumberbot_msgs/share/ament_index/resource_index/package_run_dependencies/bumberbot_msgs
[0.162s] -- Up-to-date: /home/ugbah-awele-bonaventure/bumperbot_ws/install/bumberbot_msgs/share/ament_index/resource_index/parent_prefix_path/bumberbot_msgs
[0.162s] -- Up-to-date: /home/ugbah-awele-bonaventure/bumperbot_ws/install/bumberbot_msgs/share/bumberbot_msgs/environment/ament_prefix_path.sh
[0.162s] -- Up-to-date: /home/ugbah-awele-bonaventure/bumperbot_ws/install/bumberbot_msgs/share/bumberbot_msgs/environment/ament_prefix_path.dsv
[0.162s] -- Up-to-date: /home/ugbah-awele-bonaventure/bumperbot_ws/install/bumberbot_msgs/share/bumberbot_msgs/environment/path.sh
[0.163s] -- Up-to-date: /home/ugbah-awele-bonaventure/bumperbot_ws/install/bumberbot_msgs/share/bumberbot_msgs/environment/path.dsv
[0.163s] -- Up-to-date: /home/ugbah-awele-bonaventure/bumperbot_ws/install/bumberbot_msgs/share/bumberbot_msgs/local_setup.bash
[0.165s] -- Up-to-date: /home/ugbah-awele-bonaventure/bumperbot_ws/install/bumberbot_msgs/share/bumberbot_msgs/local_setup.sh
[0.165s] -- Up-to-date: /home/ugbah-awele-bonaventure/bumperbot_ws/install/bumberbot_msgs/share/bumberbot_msgs/local_setup.zsh
[0.165s] -- Up-to-date: /home/ugbah-awele-bonaventure/bumperbot_ws/install/bumberbot_msgs/share/bumberbot_msgs/local_setup.dsv
[0.165s] -- Up-to-date: /home/ugbah-awele-bonaventure/bumperbot_ws/install/bumberbot_msgs/share/bumberbot_msgs/package.dsv
[0.165s] -- Up-to-date: /home/ugbah-awele-bonaventure/bumperbot_ws/install/bumberbot_msgs/share/ament_index/resource_index/packages/bumberbot_msgs
[0.166s] -- Up-to-date: /home/ugbah-awele-bonaventure/bumperbot_ws/install/bumberbot_msgs/share/bumberbot_msgs/cmake/bumberbot_msgsConfig.cmake
[0.166s] -- Up-to-date: /home/ugbah-awele-bonaventure/bumperbot_ws/install/bumberbot_msgs/share/bumberbot_msgs/cmake/bumberbot_msgsConfig-version.cmake
[0.166s] -- Up-to-date: /home/ugbah-awele-bonaventure/bumperbot_ws/install/bumberbot_msgs/share/bumberbot_msgs/package.xml
[0.221s] Invoked command in '/home/ugbah-awele-bonaventure/bumperbot_ws/build/bumberbot_msgs' returned '0': CMAKE_PREFIX_PATH=${CMAKE_PREFIX_PATH}:/home/ugbah-awele-bonaventure/bumperbot_ws/install/joy_teleop:/home/ugbah-awele-bonaventure/bumperbot_ws/install/mouse_teleop:/home/ugbah-awele-bonaventure/bumperbot_ws/install/key_teleop:/home/ugbah-awele-bonaventure/bumperbot_ws/install/bumperbot_py_examples:/home/ugbah-awele-bonaventure/scuttle_robot/install/joy_teleop:/home/ugbah-awele-bonaventure/scuttle_robot/install/scuttle_robot_py_examples:/home/ugbah-awele-bonaventure/arduinobot_ws/install/arduinobot_py_examples:/opt/ros/jazzy DEBUGINFOD_URLS=https://debuginfod.ubuntu.com /usr/bin/cmake --install /home/ugbah-awele-bonaventure/bumperbot_ws/build/bumberbot_msgs
