-- Found ament_cmake: 2.5.4 (/opt/ros/jazzy/share/ament_cmake/cmake)
-- Found rclpy: 7.1.5 (/opt/ros/jazzy/share/rclpy/cmake)
-- Found nav_msgs: 5.3.6 (/opt/ros/jazzy/share/nav_msgs/cmake)
-- Found rosidl_generator_c: 4.6.6 (/opt/ros/jazzy/share/rosidl_generator_c/cmake)
-- Found rosidl_generator_cpp: 4.6.6 (/opt/ros/jazzy/share/rosidl_generator_cpp/cmake)
-- Using all available rosidl_typesupport_c: rosidl_typesupport_fastrtps_c;rosidl_typesupport_introspection_c
-- Using all available rosidl_typesupport_cpp: rosidl_typesupport_fastrtps_cpp;rosidl_typesupport_introspection_cpp
-- Found sensor_msgs: 5.3.6 (/opt/ros/jazzy/share/sensor_msgs/cmake)
-- Found ament_lint_auto: 0.17.3 (/opt/ros/jazzy/share/ament_lint_auto/cmake)
-- Added test 'copyright' to check source files copyright and LICENSE
-- Added test 'flake8' to check Python code syntax and style conventions
-- Configured 'flake8' exclude dirs and/or files: 
-- Added test 'lint_cmake' to check CMake code style
-- Added test 'pep257' to check Python code against some of the docstring style conventions in PEP 257
-- Added test 'xmllint' to check XML markup files
-- Configuring done (2.8s)
-- Generating done (0.0s)
-- Build files have been written to: /home/ugbah-awele-bonaventure/bumperbot_ws/build/bumperbot_localization
Built target ament_cmake_python_copy_bumperbot_localization
running egg_info
creating bumperbot_localization.egg-info
writing bumperbot_localization.egg-info/PKG-INFO
writing dependency_links to bumperbot_localization.egg-info/dependency_links.txt
writing top-level names to bumperbot_localization.egg-info/top_level.txt
writing manifest file 'bumperbot_localization.egg-info/SOURCES.txt'
reading manifest file 'bumperbot_localization.egg-info/SOURCES.txt'
writing manifest file 'bumperbot_localization.egg-info/SOURCES.txt'
Built target ament_cmake_python_build_bumperbot_localization_egg
-- Install configuration: ""
-- Installing: /home/ugbah-awele-bonaventure/bumperbot_ws/install/bumperbot_localization/share/bumperbot_localization/environment/pythonpath.sh
-- Installing: /home/ugbah-awele-bonaventure/bumperbot_ws/install/bumperbot_localization/share/bumperbot_localization/environment/pythonpath.dsv
-- Installing: /home/ugbah-awele-bonaventure/bumperbot_ws/install/bumperbot_localization/lib/python3.12/site-packages/bumperbot_localization-0.0.0-py3.12.egg-info
-- Installing: /home/ugbah-awele-bonaventure/bumperbot_ws/install/bumperbot_localization/lib/python3.12/site-packages/bumperbot_localization-0.0.0-py3.12.egg-info/dependency_links.txt
-- Installing: /home/ugbah-awele-bonaventure/bumperbot_ws/install/bumperbot_localization/lib/python3.12/site-packages/bumperbot_localization-0.0.0-py3.12.egg-info/SOURCES.txt
-- Installing: /home/ugbah-awele-bonaventure/bumperbot_ws/install/bumperbot_localization/lib/python3.12/site-packages/bumperbot_localization-0.0.0-py3.12.egg-info/top_level.txt
-- Installing: /home/ugbah-awele-bonaventure/bumperbot_ws/install/bumperbot_localization/lib/python3.12/site-packages/bumperbot_localization-0.0.0-py3.12.egg-info/PKG-INFO
-- Installing: /home/ugbah-awele-bonaventure/bumperbot_ws/install/bumperbot_localization/lib/python3.12/site-packages/bumperbot_localization
-- Installing: /home/ugbah-awele-bonaventure/bumperbot_ws/install/bumperbot_localization/lib/python3.12/site-packages/bumperbot_localization/kalman_filter.py
-- Installing: /home/ugbah-awele-bonaventure/bumperbot_ws/install/bumperbot_localization/lib/python3.12/site-packages/bumperbot_localization/__init__.py
Listing '/home/ugbah-awele-bonaventure/bumperbot_ws/install/bumperbot_localization/lib/python3.12/site-packages/bumperbot_localization'...
Compiling '/home/ugbah-awele-bonaventure/bumperbot_ws/install/bumperbot_localization/lib/python3.12/site-packages/bumperbot_localization/__init__.py'...
Compiling '/home/ugbah-awele-bonaventure/bumperbot_ws/install/bumperbot_localization/lib/python3.12/site-packages/bumperbot_localization/kalman_filter.py'...
-- Installing: /home/ugbah-awele-bonaventure/bumperbot_ws/install/bumperbot_localization/lib/bumperbot_localization/kalman_filter.py
-- Installing: /home/ugbah-awele-bonaventure/bumperbot_ws/install/bumperbot_localization/share/ament_index/resource_index/package_run_dependencies/bumperbot_localization
-- Up-to-date: /home/ugbah-awele-bonaventure/bumperbot_ws/install/bumperbot_localization/share/ament_index/resource_index/parent_prefix_path/bumperbot_localization
-- Up-to-date: /home/ugbah-awele-bonaventure/bumperbot_ws/install/bumperbot_localization/share/bumperbot_localization/environment/ament_prefix_path.sh
-- Up-to-date: /home/ugbah-awele-bonaventure/bumperbot_ws/install/bumperbot_localization/share/bumperbot_localization/environment/ament_prefix_path.dsv
-- Up-to-date: /home/ugbah-awele-bonaventure/bumperbot_ws/install/bumperbot_localization/share/bumperbot_localization/environment/path.sh
-- Up-to-date: /home/ugbah-awele-bonaventure/bumperbot_ws/install/bumperbot_localization/share/bumperbot_localization/environment/path.dsv
-- Up-to-date: /home/ugbah-awele-bonaventure/bumperbot_ws/install/bumperbot_localization/share/bumperbot_localization/local_setup.bash
-- Installing: /home/ugbah-awele-bonaventure/bumperbot_ws/install/bumperbot_localization/share/bumperbot_localization/local_setup.sh
-- Up-to-date: /home/ugbah-awele-bonaventure/bumperbot_ws/install/bumperbot_localization/share/bumperbot_localization/local_setup.zsh
-- Installing: /home/ugbah-awele-bonaventure/bumperbot_ws/install/bumperbot_localization/share/bumperbot_localization/local_setup.dsv
-- Up-to-date: /home/ugbah-awele-bonaventure/bumperbot_ws/install/bumperbot_localization/share/bumperbot_localization/package.dsv
-- Up-to-date: /home/ugbah-awele-bonaventure/bumperbot_ws/install/bumperbot_localization/share/ament_index/resource_index/packages/bumperbot_localization
-- Up-to-date: /home/ugbah-awele-bonaventure/bumperbot_ws/install/bumperbot_localization/share/bumperbot_localization/cmake/bumperbot_localizationConfig.cmake
-- Up-to-date: /home/ugbah-awele-bonaventure/bumperbot_ws/install/bumperbot_localization/share/bumperbot_localization/cmake/bumperbot_localizationConfig-version.cmake
-- Installing: /home/ugbah-awele-bonaventure/bumperbot_ws/install/bumperbot_localization/share/bumperbot_localization/package.xml
