[0.783s] Invoking command in '/home/ugbah-awele-bonaventure/bumperbot_ws/build/bumperbot_cpp_examples': CMAKE_PREFIX_PATH=${CMAKE_PREFIX_PATH}:/home/ugbah-awele-bonaventure/bumperbot_ws/install/joy_teleop:/home/ugbah-awele-bonaventure/bumperbot_ws/install/mouse_teleop:/home/ugbah-awele-bonaventure/bumperbot_ws/install/key_teleop:/home/ugbah-awele-bonaventure/bumperbot_ws/install/bumperbot_py_examples:/home/ugbah-awele-bonaventure/scuttle_robot/install/joy_teleop:/home/ugbah-awele-bonaventure/scuttle_robot/install/scuttle_robot_py_examples:/home/ugbah-awele-bonaventure/arduinobot_ws/install/arduinobot_py_examples:/opt/ros/jazzy DEBUGINFOD_URLS=https://debuginfod.ubuntu.com /usr/bin/cmake --build /home/ugbah-awele-bonaventure/bumperbot_ws/build/bumperbot_cpp_examples -- -j4 -l4
[2.265s] Invoked command in '/home/ugbah-awele-bonaventure/bumperbot_ws/build/bumperbot_cpp_examples' returned '0': CMAKE_PREFIX_PATH=${CMAKE_PREFIX_PATH}:/home/ugbah-awele-bonaventure/bumperbot_ws/install/joy_teleop:/home/ugbah-awele-bonaventure/bumperbot_ws/install/mouse_teleop:/home/ugbah-awele-bonaventure/bumperbot_ws/install/key_teleop:/home/ugbah-awele-bonaventure/bumperbot_ws/install/bumperbot_py_examples:/home/ugbah-awele-bonaventure/scuttle_robot/install/joy_teleop:/home/ugbah-awele-bonaventure/scuttle_robot/install/scuttle_robot_py_examples:/home/ugbah-awele-bonaventure/arduinobot_ws/install/arduinobot_py_examples:/opt/ros/jazzy DEBUGINFOD_URLS=https://debuginfod.ubuntu.com /usr/bin/cmake --build /home/ugbah-awele-bonaventure/bumperbot_ws/build/bumperbot_cpp_examples -- -j4 -l4
[2.443s] Invoking command in '/home/ugbah-awele-bonaventure/bumperbot_ws/build/bumperbot_cpp_examples': CMAKE_PREFIX_PATH=${CMAKE_PREFIX_PATH}:/home/ugbah-awele-bonaventure/bumperbot_ws/install/joy_teleop:/home/ugbah-awele-bonaventure/bumperbot_ws/install/mouse_teleop:/home/ugbah-awele-bonaventure/bumperbot_ws/install/key_teleop:/home/ugbah-awele-bonaventure/bumperbot_ws/install/bumperbot_py_examples:/home/ugbah-awele-bonaventure/scuttle_robot/install/joy_teleop:/home/ugbah-awele-bonaventure/scuttle_robot/install/scuttle_robot_py_examples:/home/ugbah-awele-bonaventure/arduinobot_ws/install/arduinobot_py_examples:/opt/ros/jazzy DEBUGINFOD_URLS=https://debuginfod.ubuntu.com /usr/bin/cmake --install /home/ugbah-awele-bonaventure/bumperbot_ws/build/bumperbot_cpp_examples
[2.517s] -- Install configuration: ""
[2.609s] -- Up-to-date: /home/ugbah-awele-bonaventure/bumperbot_ws/install/bumperbot_cpp_examples/share/ament_index/resource_index/package_run_dependencies/bumperbot_cpp_examples
[2.611s] -- Up-to-date: /home/ugbah-awele-bonaventure/bumperbot_ws/install/bumperbot_cpp_examples/share/ament_index/resource_index/parent_prefix_path/bumperbot_cpp_examples
[2.611s] -- Up-to-date: /home/ugbah-awele-bonaventure/bumperbot_ws/install/bumperbot_cpp_examples/share/bumperbot_cpp_examples/environment/ament_prefix_path.sh
[2.612s] -- Up-to-date: /home/ugbah-awele-bonaventure/bumperbot_ws/install/bumperbot_cpp_examples/share/bumperbot_cpp_examples/environment/ament_prefix_path.dsv
[2.613s] -- Up-to-date: /home/ugbah-awele-bonaventure/bumperbot_ws/install/bumperbot_cpp_examples/share/bumperbot_cpp_examples/environment/path.sh
[2.613s] -- Up-to-date: /home/ugbah-awele-bonaventure/bumperbot_ws/install/bumperbot_cpp_examples/share/bumperbot_cpp_examples/environment/path.dsv
[2.614s] -- Up-to-date: /home/ugbah-awele-bonaventure/bumperbot_ws/install/bumperbot_cpp_examples/share/bumperbot_cpp_examples/local_setup.bash
[2.616s] -- Up-to-date: /home/ugbah-awele-bonaventure/bumperbot_ws/install/bumperbot_cpp_examples/share/bumperbot_cpp_examples/local_setup.sh
[2.617s] -- Up-to-date: /home/ugbah-awele-bonaventure/bumperbot_ws/install/bumperbot_cpp_examples/share/bumperbot_cpp_examples/local_setup.zsh
[2.619s] -- Up-to-date: /home/ugbah-awele-bonaventure/bumperbot_ws/install/bumperbot_cpp_examples/share/bumperbot_cpp_examples/local_setup.dsv
[2.619s] -- Installing: /home/ugbah-awele-bonaventure/bumperbot_ws/install/bumperbot_cpp_examples/share/bumperbot_cpp_examples/package.dsv
[2.619s] -- Up-to-date: /home/ugbah-awele-bonaventure/bumperbot_ws/install/bumperbot_cpp_examples/share/ament_index/resource_index/packages/bumperbot_cpp_examples
[2.623s] -- Up-to-date: /home/ugbah-awele-bonaventure/bumperbot_ws/install/bumperbot_cpp_examples/share/bumperbot_cpp_examples/cmake/bumperbot_cpp_examplesConfig.cmake
[2.624s] -- Up-to-date: /home/ugbah-awele-bonaventure/bumperbot_ws/install/bumperbot_cpp_examples/share/bumperbot_cpp_examples/cmake/bumperbot_cpp_examplesConfig-version.cmake
[2.624s] -- Up-to-date: /home/ugbah-awele-bonaventure/bumperbot_ws/install/bumperbot_cpp_examples/share/bumperbot_cpp_examples/package.xml
[2.630s] Invoked command in '/home/ugbah-awele-bonaventure/bumperbot_ws/build/bumperbot_cpp_examples' returned '0': CMAKE_PREFIX_PATH=${CMAKE_PREFIX_PATH}:/home/ugbah-awele-bonaventure/bumperbot_ws/install/joy_teleop:/home/ugbah-awele-bonaventure/bumperbot_ws/install/mouse_teleop:/home/ugbah-awele-bonaventure/bumperbot_ws/install/key_teleop:/home/ugbah-awele-bonaventure/bumperbot_ws/install/bumperbot_py_examples:/home/ugbah-awele-bonaventure/scuttle_robot/install/joy_teleop:/home/ugbah-awele-bonaventure/scuttle_robot/install/scuttle_robot_py_examples:/home/ugbah-awele-bonaventure/arduinobot_ws/install/arduinobot_py_examples:/opt/ros/jazzy DEBUGINFOD_URLS=https://debuginfod.ubuntu.com /usr/bin/cmake --install /home/ugbah-awele-bonaventure/bumperbot_ws/build/bumperbot_cpp_examples
