[11.467s] Invoking command in '/home/ugbah-awele-bonaventure/bumperbot_ws/src/bumperbot_py_examples': AMENT_PREFIX_PATH=/home/ugbah-awele-bonaventure/bumperbot_ws/install/bumperbot_msgs:${AMENT_PREFIX_PATH} CMAKE_PREFIX_PATH=/home/ugbah-awele-bonaventure/bumperbot_ws/install/bumperbot_msgs:${CMAKE_PREFIX_PATH} DEBUGINFOD_URLS=https://debuginfod.ubuntu.com LD_LIBRARY_PATH=/home/ugbah-awele-bonaventure/bumperbot_ws/install/bumperbot_msgs/lib:${LD_LIBRARY_PATH} PYTHONPATH=/home/ugbah-awele-bonaventure/bumperbot_ws/build/bumperbot_py_examples/prefix_override:/usr/lib/python3/dist-packages/colcon_core/task/python/colcon_distutils_commands:/home/ugbah-awele-bonaventure/bumperbot_ws/install/bumperbot_py_examples/lib/python3.12/site-packages:/home/ugbah-awele-bonaventure/bumperbot_ws/install/bumperbot_msgs/lib/python3.12/site-packages:${PYTHONPATH} /usr/bin/python3 -W ignore:setup.py install is deprecated -W ignore:easy_install command is deprecated setup.py egg_info --egg-base ../../build/bumperbot_py_examples build --build-base /home/ugbah-awele-bonaventure/bumperbot_ws/build/bumperbot_py_examples/build install --record /home/ugbah-awele-bonaventure/bumperbot_ws/build/bumperbot_py_examples/install.log --single-version-externally-managed install_data
[11.977s] running egg_info
[12.018s] writing ../../build/bumperbot_py_examples/bumperbot_py_examples.egg-info/PKG-INFO
[12.019s] writing dependency_links to ../../build/bumperbot_py_examples/bumperbot_py_examples.egg-info/dependency_links.txt
[12.019s] writing entry points to ../../build/bumperbot_py_examples/bumperbot_py_examples.egg-info/entry_points.txt
[12.020s] writing requirements to ../../build/bumperbot_py_examples/bumperbot_py_examples.egg-info/requires.txt
[12.020s] writing top-level names to ../../build/bumperbot_py_examples/bumperbot_py_examples.egg-info/top_level.txt
[12.103s] reading manifest file '../../build/bumperbot_py_examples/bumperbot_py_examples.egg-info/SOURCES.txt'
[12.133s] writing manifest file '../../build/bumperbot_py_examples/bumperbot_py_examples.egg-info/SOURCES.txt'
[12.134s] running build
[12.134s] running build_py
[12.135s] running install
[12.146s] running install_lib
[12.221s] running install_data
[12.221s] running install_egg_info
[12.264s] removing '/home/ugbah-awele-bonaventure/bumperbot_ws/install/bumperbot_py_examples/lib/python3.12/site-packages/bumperbot_py_examples-0.0.0-py3.12.egg-info' (and everything under it)
[12.264s] Copying ../../build/bumperbot_py_examples/bumperbot_py_examples.egg-info to /home/ugbah-awele-bonaventure/bumperbot_ws/install/bumperbot_py_examples/lib/python3.12/site-packages/bumperbot_py_examples-0.0.0-py3.12.egg-info
[12.320s] running install_scripts
[12.675s] Installing my_parameter script to /home/ugbah-awele-bonaventure/bumperbot_ws/install/bumperbot_py_examples/lib/bumperbot_py_examples
[12.676s] Installing simple_service_client script to /home/ugbah-awele-bonaventure/bumperbot_ws/install/bumperbot_py_examples/lib/bumperbot_py_examples
[12.676s] Installing simple_service_server script to /home/ugbah-awele-bonaventure/bumperbot_ws/install/bumperbot_py_examples/lib/bumperbot_py_examples
[12.677s] Installing simple_turtlesim_kinematics script to /home/ugbah-awele-bonaventure/bumperbot_ws/install/bumperbot_py_examples/lib/bumperbot_py_examples
[12.677s] writing list of installed files to '/home/ugbah-awele-bonaventure/bumperbot_ws/build/bumperbot_py_examples/install.log'
[12.752s] Invoked command in '/home/ugbah-awele-bonaventure/bumperbot_ws/src/bumperbot_py_examples' returned '0': AMENT_PREFIX_PATH=/home/ugbah-awele-bonaventure/bumperbot_ws/install/bumperbot_msgs:${AMENT_PREFIX_PATH} CMAKE_PREFIX_PATH=/home/ugbah-awele-bonaventure/bumperbot_ws/install/bumperbot_msgs:${CMAKE_PREFIX_PATH} DEBUGINFOD_URLS=https://debuginfod.ubuntu.com LD_LIBRARY_PATH=/home/ugbah-awele-bonaventure/bumperbot_ws/install/bumperbot_msgs/lib:${LD_LIBRARY_PATH} PYTHONPATH=/home/ugbah-awele-bonaventure/bumperbot_ws/build/bumperbot_py_examples/prefix_override:/usr/lib/python3/dist-packages/colcon_core/task/python/colcon_distutils_commands:/home/ugbah-awele-bonaventure/bumperbot_ws/install/bumperbot_py_examples/lib/python3.12/site-packages:/home/ugbah-awele-bonaventure/bumperbot_ws/install/bumperbot_msgs/lib/python3.12/site-packages:${PYTHONPATH} /usr/bin/python3 -W ignore:setup.py install is deprecated -W ignore:easy_install command is deprecated setup.py egg_info --egg-base ../../build/bumperbot_py_examples build --build-base /home/ugbah-awele-bonaventure/bumperbot_ws/build/bumperbot_py_examples/build install --record /home/ugbah-awele-bonaventure/bumperbot_ws/build/bumperbot_py_examples/install.log --single-version-externally-managed install_data
