[0.243s] Invoking command in '/home/ugbah-awele-bonaventure/bumperbot_ws/build/teleop_tools_msgs': CMAKE_PREFIX_PATH=${CMAKE_PREFIX_PATH}:/home/ugbah-awele-bonaventure/arduinobot_ws/install/arduinobot_py_examples:/opt/ros/jazzy DEBUGINFOD_URLS=https://debuginfod.ubuntu.com /usr/bin/cmake --build /home/ugbah-awele-bonaventure/bumperbot_ws/build/teleop_tools_msgs -- -j4 -l4
[0.856s] [  2%] Built target teleop_tools_msgs__rosidl_generator_type_description
[0.897s] [  5%] Built target teleop_tools_msgs__cpp
[0.970s] [ 20%] Built target teleop_tools_msgs__rosidl_generator_c
[1.038s] [ 29%] Built target teleop_tools_msgs__rosidl_typesupport_introspection_c
[1.038s] [ 38%] Built target teleop_tools_msgs__rosidl_typesupport_fastrtps_c
[1.160s] [ 47%] Built target teleop_tools_msgs__rosidl_typesupport_c
[1.265s] [ 61%] Built target teleop_tools_msgs__rosidl_typesupport_introspection_cpp
[1.265s] [ 64%] Built target teleop_tools_msgs__rosidl_typesupport_fastrtps_cpp
[1.316s] [ 73%] Built target teleop_tools_msgs__rosidl_typesupport_cpp
[1.368s] [ 73%] Built target teleop_tools_msgs
[1.397s] [ 76%] Built target teleop_tools_msgs__py
[1.569s] [ 82%] Built target teleop_tools_msgs__rosidl_generator_py
[1.879s] [ 88%] Built target teleop_tools_msgs_s__rosidl_typesupport_introspection_c
[1.913s] [ 94%] Built target teleop_tools_msgs_s__rosidl_typesupport_fastrtps_c
[1.979s] [100%] Built target teleop_tools_msgs_s__rosidl_typesupport_c
[2.867s] [100%] Built target ament_cmake_python_copy_teleop_tools_msgs
[3.696s] running egg_info
[3.729s] writing teleop_tools_msgs.egg-info/PKG-INFO
[3.729s] writing dependency_links to teleop_tools_msgs.egg-info/dependency_links.txt
[3.730s] writing top-level names to teleop_tools_msgs.egg-info/top_level.txt
[3.824s] reading manifest file 'teleop_tools_msgs.egg-info/SOURCES.txt'
[4.025s] writing manifest file 'teleop_tools_msgs.egg-info/SOURCES.txt'
[4.070s] [100%] Built target ament_cmake_python_build_teleop_tools_msgs_egg
[4.085s] Invoked command in '/home/ugbah-awele-bonaventure/bumperbot_ws/build/teleop_tools_msgs' returned '0': CMAKE_PREFIX_PATH=${CMAKE_PREFIX_PATH}:/home/ugbah-awele-bonaventure/arduinobot_ws/install/arduinobot_py_examples:/opt/ros/jazzy DEBUGINFOD_URLS=https://debuginfod.ubuntu.com /usr/bin/cmake --build /home/ugbah-awele-bonaventure/bumperbot_ws/build/teleop_tools_msgs -- -j4 -l4
[4.204s] Invoking command in '/home/ugbah-awele-bonaventure/bumperbot_ws/build/teleop_tools_msgs': CMAKE_PREFIX_PATH=${CMAKE_PREFIX_PATH}:/home/ugbah-awele-bonaventure/arduinobot_ws/install/arduinobot_py_examples:/opt/ros/jazzy DEBUGINFOD_URLS=https://debuginfod.ubuntu.com /usr/bin/cmake --install /home/ugbah-awele-bonaventure/bumperbot_ws/build/teleop_tools_msgs
[4.470s] -- Install configuration: ""
[4.471s] -- Up-to-date: /home/ugbah-awele-bonaventure/bumperbot_ws/install/teleop_tools_msgs/share/ament_index/resource_index/rosidl_interfaces/teleop_tools_msgs
[4.471s] -- Up-to-date: /home/ugbah-awele-bonaventure/bumperbot_ws/install/teleop_tools_msgs/share/teleop_tools_msgs/action/Increment.json
[4.471s] -- Up-to-date: /home/ugbah-awele-bonaventure/bumperbot_ws/install/teleop_tools_msgs/include/teleop_tools_msgs/teleop_tools_msgs
[4.471s] -- Up-to-date: /home/ugbah-awele-bonaventure/bumperbot_ws/install/teleop_tools_msgs/include/teleop_tools_msgs/teleop_tools_msgs/action
[4.471s] -- Up-to-date: /home/ugbah-awele-bonaventure/bumperbot_ws/install/teleop_tools_msgs/include/teleop_tools_msgs/teleop_tools_msgs/action/increment.h
[4.471s] -- Up-to-date: /home/ugbah-awele-bonaventure/bumperbot_ws/install/teleop_tools_msgs/include/teleop_tools_msgs/teleop_tools_msgs/action/detail
[4.471s] -- Up-to-date: /home/ugbah-awele-bonaventure/bumperbot_ws/install/teleop_tools_msgs/include/teleop_tools_msgs/teleop_tools_msgs/action/detail/increment__functions.h
[4.472s] -- Up-to-date: /home/ugbah-awele-bonaventure/bumperbot_ws/install/teleop_tools_msgs/include/teleop_tools_msgs/teleop_tools_msgs/action/detail/increment__functions.c
[4.472s] -- Up-to-date: /home/ugbah-awele-bonaventure/bumperbot_ws/install/teleop_tools_msgs/include/teleop_tools_msgs/teleop_tools_msgs/action/detail/increment__type_support.h
[4.472s] -- Up-to-date: /home/ugbah-awele-bonaventure/bumperbot_ws/install/teleop_tools_msgs/include/teleop_tools_msgs/teleop_tools_msgs/action/detail/increment__struct.h
[4.472s] -- Up-to-date: /home/ugbah-awele-bonaventure/bumperbot_ws/install/teleop_tools_msgs/include/teleop_tools_msgs/teleop_tools_msgs/action/detail/increment__description.c
[4.472s] -- Installing: /home/ugbah-awele-bonaventure/bumperbot_ws/install/teleop_tools_msgs/include/teleop_tools_msgs/teleop_tools_msgs/action/detail/increment__type_support.c
[4.643s] -- Up-to-date: /home/ugbah-awele-bonaventure/bumperbot_ws/install/teleop_tools_msgs/include/teleop_tools_msgs/teleop_tools_msgs/msg
[4.644s] -- Up-to-date: /home/ugbah-awele-bonaventure/bumperbot_ws/install/teleop_tools_msgs/include/teleop_tools_msgs/teleop_tools_msgs/msg/rosidl_generator_c__visibility_control.h
[4.644s] -- Up-to-date: /home/ugbah-awele-bonaventure/bumperbot_ws/install/teleop_tools_msgs/share/teleop_tools_msgs/environment/library_path.sh
[4.644s] -- Up-to-date: /home/ugbah-awele-bonaventure/bumperbot_ws/install/teleop_tools_msgs/share/teleop_tools_msgs/environment/library_path.dsv
[4.733s] -- Up-to-date: /home/ugbah-awele-bonaventure/bumperbot_ws/install/teleop_tools_msgs/lib/libteleop_tools_msgs__rosidl_generator_c.so
[4.733s] -- Up-to-date: /home/ugbah-awele-bonaventure/bumperbot_ws/install/teleop_tools_msgs/include/teleop_tools_msgs/teleop_tools_msgs
[4.734s] -- Up-to-date: /home/ugbah-awele-bonaventure/bumperbot_ws/install/teleop_tools_msgs/include/teleop_tools_msgs/teleop_tools_msgs/action
[4.734s] -- Up-to-date: /home/ugbah-awele-bonaventure/bumperbot_ws/install/teleop_tools_msgs/include/teleop_tools_msgs/teleop_tools_msgs/action/detail
[4.734s] -- Up-to-date: /home/ugbah-awele-bonaventure/bumperbot_ws/install/teleop_tools_msgs/include/teleop_tools_msgs/teleop_tools_msgs/action/detail/increment__rosidl_typesupport_fastrtps_c.h
[4.734s] -- Up-to-date: /home/ugbah-awele-bonaventure/bumperbot_ws/install/teleop_tools_msgs/include/teleop_tools_msgs/teleop_tools_msgs/msg
[4.734s] -- Up-to-date: /home/ugbah-awele-bonaventure/bumperbot_ws/install/teleop_tools_msgs/include/teleop_tools_msgs/teleop_tools_msgs/msg/rosidl_typesupport_fastrtps_c__visibility_control.h
[4.903s] -- Up-to-date: /home/ugbah-awele-bonaventure/bumperbot_ws/install/teleop_tools_msgs/lib/libteleop_tools_msgs__rosidl_typesupport_fastrtps_c.so
[4.904s] -- Up-to-date: /home/ugbah-awele-bonaventure/bumperbot_ws/install/teleop_tools_msgs/include/teleop_tools_msgs/teleop_tools_msgs
[4.905s] -- Up-to-date: /home/ugbah-awele-bonaventure/bumperbot_ws/install/teleop_tools_msgs/include/teleop_tools_msgs/teleop_tools_msgs/action
[4.905s] -- Up-to-date: /home/ugbah-awele-bonaventure/bumperbot_ws/install/teleop_tools_msgs/include/teleop_tools_msgs/teleop_tools_msgs/action/detail
[4.906s] -- Up-to-date: /home/ugbah-awele-bonaventure/bumperbot_ws/install/teleop_tools_msgs/include/teleop_tools_msgs/teleop_tools_msgs/action/detail/increment__rosidl_typesupport_introspection_c.h
[4.906s] -- Installing: /home/ugbah-awele-bonaventure/bumperbot_ws/install/teleop_tools_msgs/include/teleop_tools_msgs/teleop_tools_msgs/action/detail/increment__type_support.c
[4.991s] -- Up-to-date: /home/ugbah-awele-bonaventure/bumperbot_ws/install/teleop_tools_msgs/include/teleop_tools_msgs/teleop_tools_msgs/msg
[4.991s] -- Up-to-date: /home/ugbah-awele-bonaventure/bumperbot_ws/install/teleop_tools_msgs/include/teleop_tools_msgs/teleop_tools_msgs/msg/rosidl_typesupport_introspection_c__visibility_control.h
[5.084s] -- Up-to-date: /home/ugbah-awele-bonaventure/bumperbot_ws/install/teleop_tools_msgs/lib/libteleop_tools_msgs__rosidl_typesupport_introspection_c.so
[5.215s] -- Up-to-date: /home/ugbah-awele-bonaventure/bumperbot_ws/install/teleop_tools_msgs/lib/libteleop_tools_msgs__rosidl_typesupport_c.so
[5.217s] -- Up-to-date: /home/ugbah-awele-bonaventure/bumperbot_ws/install/teleop_tools_msgs/include/teleop_tools_msgs/teleop_tools_msgs
[5.218s] -- Up-to-date: /home/ugbah-awele-bonaventure/bumperbot_ws/install/teleop_tools_msgs/include/teleop_tools_msgs/teleop_tools_msgs/action
[5.219s] -- Up-to-date: /home/ugbah-awele-bonaventure/bumperbot_ws/install/teleop_tools_msgs/include/teleop_tools_msgs/teleop_tools_msgs/action/detail
[5.220s] -- Up-to-date: /home/ugbah-awele-bonaventure/bumperbot_ws/install/teleop_tools_msgs/include/teleop_tools_msgs/teleop_tools_msgs/action/detail/increment__struct.hpp
[5.220s] -- Up-to-date: /home/ugbah-awele-bonaventure/bumperbot_ws/install/teleop_tools_msgs/include/teleop_tools_msgs/teleop_tools_msgs/action/detail/increment__type_support.hpp
[5.220s] -- Up-to-date: /home/ugbah-awele-bonaventure/bumperbot_ws/install/teleop_tools_msgs/include/teleop_tools_msgs/teleop_tools_msgs/action/detail/increment__traits.hpp
[5.220s] -- Up-to-date: /home/ugbah-awele-bonaventure/bumperbot_ws/install/teleop_tools_msgs/include/teleop_tools_msgs/teleop_tools_msgs/action/detail/increment__builder.hpp
[5.221s] -- Up-to-date: /home/ugbah-awele-bonaventure/bumperbot_ws/install/teleop_tools_msgs/include/teleop_tools_msgs/teleop_tools_msgs/action/increment.hpp
[5.221s] -- Up-to-date: /home/ugbah-awele-bonaventure/bumperbot_ws/install/teleop_tools_msgs/include/teleop_tools_msgs/teleop_tools_msgs/msg
[5.221s] -- Up-to-date: /home/ugbah-awele-bonaventure/bumperbot_ws/install/teleop_tools_msgs/include/teleop_tools_msgs/teleop_tools_msgs/msg/rosidl_generator_cpp__visibility_control.hpp
[5.221s] -- Up-to-date: /home/ugbah-awele-bonaventure/bumperbot_ws/install/teleop_tools_msgs/include/teleop_tools_msgs/teleop_tools_msgs
[5.221s] -- Up-to-date: /home/ugbah-awele-bonaventure/bumperbot_ws/install/teleop_tools_msgs/include/teleop_tools_msgs/teleop_tools_msgs/action
[5.221s] -- Up-to-date: /home/ugbah-awele-bonaventure/bumperbot_ws/install/teleop_tools_msgs/include/teleop_tools_msgs/teleop_tools_msgs/action/detail
[5.221s] -- Up-to-date: /home/ugbah-awele-bonaventure/bumperbot_ws/install/teleop_tools_msgs/include/teleop_tools_msgs/teleop_tools_msgs/action/detail/dds_fastrtps
[5.221s] -- Up-to-date: /home/ugbah-awele-bonaventure/bumperbot_ws/install/teleop_tools_msgs/include/teleop_tools_msgs/teleop_tools_msgs/action/detail/increment__rosidl_typesupport_fastrtps_cpp.hpp
[5.221s] -- Up-to-date: /home/ugbah-awele-bonaventure/bumperbot_ws/install/teleop_tools_msgs/include/teleop_tools_msgs/teleop_tools_msgs/msg
[5.221s] -- Up-to-date: /home/ugbah-awele-bonaventure/bumperbot_ws/install/teleop_tools_msgs/include/teleop_tools_msgs/teleop_tools_msgs/msg/rosidl_typesupport_fastrtps_cpp__visibility_control.h
[5.345s] -- Up-to-date: /home/ugbah-awele-bonaventure/bumperbot_ws/install/teleop_tools_msgs/lib/libteleop_tools_msgs__rosidl_typesupport_fastrtps_cpp.so
[5.346s] -- Up-to-date: /home/ugbah-awele-bonaventure/bumperbot_ws/install/teleop_tools_msgs/include/teleop_tools_msgs/teleop_tools_msgs
[5.346s] -- Up-to-date: /home/ugbah-awele-bonaventure/bumperbot_ws/install/teleop_tools_msgs/include/teleop_tools_msgs/teleop_tools_msgs/action
[5.346s] -- Up-to-date: /home/ugbah-awele-bonaventure/bumperbot_ws/install/teleop_tools_msgs/include/teleop_tools_msgs/teleop_tools_msgs/action/detail
[5.346s] -- Up-to-date: /home/ugbah-awele-bonaventure/bumperbot_ws/install/teleop_tools_msgs/include/teleop_tools_msgs/teleop_tools_msgs/action/detail/increment__rosidl_typesupport_introspection_cpp.hpp
[5.346s] -- Up-to-date: /home/ugbah-awele-bonaventure/bumperbot_ws/install/teleop_tools_msgs/include/teleop_tools_msgs/teleop_tools_msgs/action/detail/increment__type_support.cpp
[5.416s] -- Up-to-date: /home/ugbah-awele-bonaventure/bumperbot_ws/install/teleop_tools_msgs/lib/libteleop_tools_msgs__rosidl_typesupport_introspection_cpp.so
[5.566s] -- Up-to-date: /home/ugbah-awele-bonaventure/bumperbot_ws/install/teleop_tools_msgs/lib/libteleop_tools_msgs__rosidl_typesupport_cpp.so
[5.566s] -- Up-to-date: /home/ugbah-awele-bonaventure/bumperbot_ws/install/teleop_tools_msgs/share/teleop_tools_msgs/environment/pythonpath.sh
[5.566s] -- Up-to-date: /home/ugbah-awele-bonaventure/bumperbot_ws/install/teleop_tools_msgs/share/teleop_tools_msgs/environment/pythonpath.dsv
[5.567s] -- Up-to-date: /home/ugbah-awele-bonaventure/bumperbot_ws/install/teleop_tools_msgs/lib/python3.12/site-packages/teleop_tools_msgs-2.0.0-py3.12.egg-info
[5.567s] -- Installing: /home/ugbah-awele-bonaventure/bumperbot_ws/install/teleop_tools_msgs/lib/python3.12/site-packages/teleop_tools_msgs-2.0.0-py3.12.egg-info/dependency_links.txt
[5.567s] -- Installing: /home/ugbah-awele-bonaventure/bumperbot_ws/install/teleop_tools_msgs/lib/python3.12/site-packages/teleop_tools_msgs-2.0.0-py3.12.egg-info/SOURCES.txt
[5.567s] -- Installing: /home/ugbah-awele-bonaventure/bumperbot_ws/install/teleop_tools_msgs/lib/python3.12/site-packages/teleop_tools_msgs-2.0.0-py3.12.egg-info/top_level.txt
[5.567s] -- Installing: /home/ugbah-awele-bonaventure/bumperbot_ws/install/teleop_tools_msgs/lib/python3.12/site-packages/teleop_tools_msgs-2.0.0-py3.12.egg-info/PKG-INFO
[5.568s] -- Up-to-date: /home/ugbah-awele-bonaventure/bumperbot_ws/install/teleop_tools_msgs/lib/python3.12/site-packages/teleop_tools_msgs
[5.568s] -- Up-to-date: /home/ugbah-awele-bonaventure/bumperbot_ws/install/teleop_tools_msgs/lib/python3.12/site-packages/teleop_tools_msgs/teleop_tools_msgs_s__rosidl_typesupport_c.so
[5.568s] -- Up-to-date: /home/ugbah-awele-bonaventure/bumperbot_ws/install/teleop_tools_msgs/lib/python3.12/site-packages/teleop_tools_msgs/action
[5.568s] -- Up-to-date: /home/ugbah-awele-bonaventure/bumperbot_ws/install/teleop_tools_msgs/lib/python3.12/site-packages/teleop_tools_msgs/action/_increment_s.c
[5.568s] -- Up-to-date: /home/ugbah-awele-bonaventure/bumperbot_ws/install/teleop_tools_msgs/lib/python3.12/site-packages/teleop_tools_msgs/action/_increment.py
[5.568s] -- Up-to-date: /home/ugbah-awele-bonaventure/bumperbot_ws/install/teleop_tools_msgs/lib/python3.12/site-packages/teleop_tools_msgs/action/__init__.py
[5.568s] -- Up-to-date: /home/ugbah-awele-bonaventure/bumperbot_ws/install/teleop_tools_msgs/lib/python3.12/site-packages/teleop_tools_msgs/_teleop_tools_msgs_s.ep.rosidl_typesupport_c.c
[5.568s] -- Up-to-date: /home/ugbah-awele-bonaventure/bumperbot_ws/install/teleop_tools_msgs/lib/python3.12/site-packages/teleop_tools_msgs/teleop_tools_msgs_s__rosidl_typesupport_fastrtps_c.so
[5.568s] -- Up-to-date: /home/ugbah-awele-bonaventure/bumperbot_ws/install/teleop_tools_msgs/lib/python3.12/site-packages/teleop_tools_msgs/__init__.py
[5.569s] -- Up-to-date: /home/ugbah-awele-bonaventure/bumperbot_ws/install/teleop_tools_msgs/lib/python3.12/site-packages/teleop_tools_msgs/teleop_tools_msgs_s__rosidl_typesupport_introspection_c.so
[5.569s] -- Up-to-date: /home/ugbah-awele-bonaventure/bumperbot_ws/install/teleop_tools_msgs/lib/python3.12/site-packages/teleop_tools_msgs/_teleop_tools_msgs_s.ep.rosidl_typesupport_introspection_c.c
[5.569s] -- Up-to-date: /home/ugbah-awele-bonaventure/bumperbot_ws/install/teleop_tools_msgs/lib/python3.12/site-packages/teleop_tools_msgs/_teleop_tools_msgs_s.ep.rosidl_typesupport_fastrtps_c.c
[5.893s] Listing '/home/ugbah-awele-bonaventure/bumperbot_ws/install/teleop_tools_msgs/lib/python3.12/site-packages/teleop_tools_msgs'...
[5.893s] Listing '/home/ugbah-awele-bonaventure/bumperbot_ws/install/teleop_tools_msgs/lib/python3.12/site-packages/teleop_tools_msgs/action'...
[6.050s] -- Up-to-date: /home/ugbah-awele-bonaventure/bumperbot_ws/install/teleop_tools_msgs/lib/python3.12/site-packages/teleop_tools_msgs/teleop_tools_msgs_s__rosidl_typesupport_fastrtps_c.so
[6.173s] -- Up-to-date: /home/ugbah-awele-bonaventure/bumperbot_ws/install/teleop_tools_msgs/lib/python3.12/site-packages/teleop_tools_msgs/teleop_tools_msgs_s__rosidl_typesupport_introspection_c.so
[6.417s] -- Up-to-date: /home/ugbah-awele-bonaventure/bumperbot_ws/install/teleop_tools_msgs/lib/python3.12/site-packages/teleop_tools_msgs/teleop_tools_msgs_s__rosidl_typesupport_c.so
[6.639s] -- Up-to-date: /home/ugbah-awele-bonaventure/bumperbot_ws/install/teleop_tools_msgs/lib/libteleop_tools_msgs__rosidl_generator_py.so
[6.640s] -- Up-to-date: /home/ugbah-awele-bonaventure/bumperbot_ws/install/teleop_tools_msgs/share/teleop_tools_msgs/action/Increment.idl
[6.641s] -- Up-to-date: /home/ugbah-awele-bonaventure/bumperbot_ws/install/teleop_tools_msgs/share/teleop_tools_msgs/action/Increment.action
[6.642s] -- Up-to-date: /home/ugbah-awele-bonaventure/bumperbot_ws/install/teleop_tools_msgs/share/ament_index/resource_index/package_run_dependencies/teleop_tools_msgs
[6.643s] -- Up-to-date: /home/ugbah-awele-bonaventure/bumperbot_ws/install/teleop_tools_msgs/share/ament_index/resource_index/parent_prefix_path/teleop_tools_msgs
[6.643s] -- Up-to-date: /home/ugbah-awele-bonaventure/bumperbot_ws/install/teleop_tools_msgs/share/teleop_tools_msgs/environment/ament_prefix_path.sh
[6.644s] -- Up-to-date: /home/ugbah-awele-bonaventure/bumperbot_ws/install/teleop_tools_msgs/share/teleop_tools_msgs/environment/ament_prefix_path.dsv
[6.644s] -- Up-to-date: /home/ugbah-awele-bonaventure/bumperbot_ws/install/teleop_tools_msgs/share/teleop_tools_msgs/environment/path.sh
[6.645s] -- Up-to-date: /home/ugbah-awele-bonaventure/bumperbot_ws/install/teleop_tools_msgs/share/teleop_tools_msgs/environment/path.dsv
[6.645s] -- Up-to-date: /home/ugbah-awele-bonaventure/bumperbot_ws/install/teleop_tools_msgs/share/teleop_tools_msgs/local_setup.bash
[6.646s] -- Up-to-date: /home/ugbah-awele-bonaventure/bumperbot_ws/install/teleop_tools_msgs/share/teleop_tools_msgs/local_setup.sh
[6.646s] -- Up-to-date: /home/ugbah-awele-bonaventure/bumperbot_ws/install/teleop_tools_msgs/share/teleop_tools_msgs/local_setup.zsh
[6.646s] -- Up-to-date: /home/ugbah-awele-bonaventure/bumperbot_ws/install/teleop_tools_msgs/share/teleop_tools_msgs/local_setup.dsv
[6.647s] -- Installing: /home/ugbah-awele-bonaventure/bumperbot_ws/install/teleop_tools_msgs/share/teleop_tools_msgs/package.dsv
[6.671s] -- Up-to-date: /home/ugbah-awele-bonaventure/bumperbot_ws/install/teleop_tools_msgs/share/ament_index/resource_index/packages/teleop_tools_msgs
[6.861s] -- Up-to-date: /home/ugbah-awele-bonaventure/bumperbot_ws/install/teleop_tools_msgs/share/teleop_tools_msgs/cmake/export_teleop_tools_msgs__rosidl_generator_cExport.cmake
[6.861s] -- Up-to-date: /home/ugbah-awele-bonaventure/bumperbot_ws/install/teleop_tools_msgs/share/teleop_tools_msgs/cmake/export_teleop_tools_msgs__rosidl_generator_cExport-noconfig.cmake
[7.061s] -- Up-to-date: /home/ugbah-awele-bonaventure/bumperbot_ws/install/teleop_tools_msgs/share/teleop_tools_msgs/cmake/export_teleop_tools_msgs__rosidl_typesupport_fastrtps_cExport.cmake
[7.062s] -- Up-to-date: /home/ugbah-awele-bonaventure/bumperbot_ws/install/teleop_tools_msgs/share/teleop_tools_msgs/cmake/export_teleop_tools_msgs__rosidl_typesupport_fastrtps_cExport-noconfig.cmake
[7.063s] -- Up-to-date: /home/ugbah-awele-bonaventure/bumperbot_ws/install/teleop_tools_msgs/share/teleop_tools_msgs/cmake/teleop_tools_msgs__rosidl_typesupport_introspection_cExport.cmake
[7.064s] -- Up-to-date: /home/ugbah-awele-bonaventure/bumperbot_ws/install/teleop_tools_msgs/share/teleop_tools_msgs/cmake/teleop_tools_msgs__rosidl_typesupport_introspection_cExport-noconfig.cmake
[7.150s] -- Up-to-date: /home/ugbah-awele-bonaventure/bumperbot_ws/install/teleop_tools_msgs/share/teleop_tools_msgs/cmake/teleop_tools_msgs__rosidl_typesupport_cExport.cmake
[7.151s] -- Up-to-date: /home/ugbah-awele-bonaventure/bumperbot_ws/install/teleop_tools_msgs/share/teleop_tools_msgs/cmake/teleop_tools_msgs__rosidl_typesupport_cExport-noconfig.cmake
[7.239s] -- Up-to-date: /home/ugbah-awele-bonaventure/bumperbot_ws/install/teleop_tools_msgs/share/teleop_tools_msgs/cmake/export_teleop_tools_msgs__rosidl_generator_cppExport.cmake
[7.272s] -- Up-to-date: /home/ugbah-awele-bonaventure/bumperbot_ws/install/teleop_tools_msgs/share/teleop_tools_msgs/cmake/export_teleop_tools_msgs__rosidl_typesupport_fastrtps_cppExport.cmake
[7.273s] -- Up-to-date: /home/ugbah-awele-bonaventure/bumperbot_ws/install/teleop_tools_msgs/share/teleop_tools_msgs/cmake/export_teleop_tools_msgs__rosidl_typesupport_fastrtps_cppExport-noconfig.cmake
[7.317s] -- Up-to-date: /home/ugbah-awele-bonaventure/bumperbot_ws/install/teleop_tools_msgs/share/teleop_tools_msgs/cmake/teleop_tools_msgs__rosidl_typesupport_introspection_cppExport.cmake
[7.318s] -- Up-to-date: /home/ugbah-awele-bonaventure/bumperbot_ws/install/teleop_tools_msgs/share/teleop_tools_msgs/cmake/teleop_tools_msgs__rosidl_typesupport_introspection_cppExport-noconfig.cmake
[7.394s] -- Up-to-date: /home/ugbah-awele-bonaventure/bumperbot_ws/install/teleop_tools_msgs/share/teleop_tools_msgs/cmake/teleop_tools_msgs__rosidl_typesupport_cppExport.cmake
[7.394s] -- Up-to-date: /home/ugbah-awele-bonaventure/bumperbot_ws/install/teleop_tools_msgs/share/teleop_tools_msgs/cmake/teleop_tools_msgs__rosidl_typesupport_cppExport-noconfig.cmake
[7.471s] -- Up-to-date: /home/ugbah-awele-bonaventure/bumperbot_ws/install/teleop_tools_msgs/share/teleop_tools_msgs/cmake/export_teleop_tools_msgs__rosidl_generator_pyExport.cmake
[7.471s] -- Up-to-date: /home/ugbah-awele-bonaventure/bumperbot_ws/install/teleop_tools_msgs/share/teleop_tools_msgs/cmake/export_teleop_tools_msgs__rosidl_generator_pyExport-noconfig.cmake
[7.472s] -- Up-to-date: /home/ugbah-awele-bonaventure/bumperbot_ws/install/teleop_tools_msgs/share/teleop_tools_msgs/cmake/rosidl_cmake-extras.cmake
[7.472s] -- Up-to-date: /home/ugbah-awele-bonaventure/bumperbot_ws/install/teleop_tools_msgs/share/teleop_tools_msgs/cmake/ament_cmake_export_dependencies-extras.cmake
[7.472s] -- Up-to-date: /home/ugbah-awele-bonaventure/bumperbot_ws/install/teleop_tools_msgs/share/teleop_tools_msgs/cmake/ament_cmake_export_include_directories-extras.cmake
[7.472s] -- Up-to-date: /home/ugbah-awele-bonaventure/bumperbot_ws/install/teleop_tools_msgs/share/teleop_tools_msgs/cmake/ament_cmake_export_libraries-extras.cmake
[7.472s] -- Up-to-date: /home/ugbah-awele-bonaventure/bumperbot_ws/install/teleop_tools_msgs/share/teleop_tools_msgs/cmake/ament_cmake_export_targets-extras.cmake
[7.472s] -- Up-to-date: /home/ugbah-awele-bonaventure/bumperbot_ws/install/teleop_tools_msgs/share/teleop_tools_msgs/cmake/rosidl_cmake_export_typesupport_targets-extras.cmake
[7.473s] -- Up-to-date: /home/ugbah-awele-bonaventure/bumperbot_ws/install/teleop_tools_msgs/share/teleop_tools_msgs/cmake/rosidl_cmake_export_typesupport_libraries-extras.cmake
[7.473s] -- Up-to-date: /home/ugbah-awele-bonaventure/bumperbot_ws/install/teleop_tools_msgs/share/teleop_tools_msgs/cmake/teleop_tools_msgsConfig.cmake
[7.473s] -- Up-to-date: /home/ugbah-awele-bonaventure/bumperbot_ws/install/teleop_tools_msgs/share/teleop_tools_msgs/cmake/teleop_tools_msgsConfig-version.cmake
[7.473s] -- Up-to-date: /home/ugbah-awele-bonaventure/bumperbot_ws/install/teleop_tools_msgs/share/teleop_tools_msgs/package.xml
[7.498s] Invoked command in '/home/ugbah-awele-bonaventure/bumperbot_ws/build/teleop_tools_msgs' returned '0': CMAKE_PREFIX_PATH=${CMAKE_PREFIX_PATH}:/home/ugbah-awele-bonaventure/arduinobot_ws/install/arduinobot_py_examples:/opt/ros/jazzy DEBUGINFOD_URLS=https://debuginfod.ubuntu.com /usr/bin/cmake --install /home/ugbah-awele-bonaventure/bumperbot_ws/build/teleop_tools_msgs
