[171.625s] Invoking command in '/home/ugbah-awele-bonaventure/bumperbot_ws/src/teleop_tools/joy_teleop': AMENT_PREFIX_PATH=/home/ugbah-awele-bonaventure/bumperbot_ws/install/teleop_tools_msgs:${AMENT_PREFIX_PATH} CMAKE_PREFIX_PATH=/home/ugbah-awele-bonaventure/bumperbot_ws/install/teleop_tools_msgs:${CMAKE_PREFIX_PATH} DEBUGINFOD_URLS=https://debuginfod.ubuntu.com LD_LIBRARY_PATH=/home/ugbah-awele-bonaventure/bumperbot_ws/install/teleop_tools_msgs/lib:${LD_LIBRARY_PATH} PYTHONPATH=/home/ugbah-awele-bonaventure/bumperbot_ws/build/joy_teleop/prefix_override:/usr/lib/python3/dist-packages/colcon_core/task/python/colcon_distutils_commands:/home/ugbah-awele-bonaventure/bumperbot_ws/install/joy_teleop/lib/python3.12/site-packages:/home/ugbah-awele-bonaventure/bumperbot_ws/install/teleop_tools_msgs/lib/python3.12/site-packages:${PYTHONPATH} /usr/bin/python3 -W ignore:setup.py install is deprecated -W ignore:easy_install command is deprecated setup.py egg_info --egg-base ../../../build/joy_teleop build --build-base /home/ugbah-awele-bonaventure/bumperbot_ws/build/joy_teleop/build install --record /home/ugbah-awele-bonaventure/bumperbot_ws/build/joy_teleop/install.log --single-version-externally-managed install_data
[178.722s] running egg_info
[178.725s] creating ../../../build/joy_teleop/joy_teleop.egg-info
[178.987s] writing ../../../build/joy_teleop/joy_teleop.egg-info/PKG-INFO
[178.988s] writing dependency_links to ../../../build/joy_teleop/joy_teleop.egg-info/dependency_links.txt
[178.992s] writing entry points to ../../../build/joy_teleop/joy_teleop.egg-info/entry_points.txt
[178.994s] writing requirements to ../../../build/joy_teleop/joy_teleop.egg-info/requires.txt
[178.994s] writing top-level names to ../../../build/joy_teleop/joy_teleop.egg-info/top_level.txt
[178.995s] writing manifest file '../../../build/joy_teleop/joy_teleop.egg-info/SOURCES.txt'
[179.384s] reading manifest file '../../../build/joy_teleop/joy_teleop.egg-info/SOURCES.txt'
[179.388s] writing manifest file '../../../build/joy_teleop/joy_teleop.egg-info/SOURCES.txt'
[179.389s] running build
[179.390s] running build_py
[179.392s] creating /home/ugbah-awele-bonaventure/bumperbot_ws/build/joy_teleop/build
[179.393s] creating /home/ugbah-awele-bonaventure/bumperbot_ws/build/joy_teleop/build/lib
[179.394s] creating /home/ugbah-awele-bonaventure/bumperbot_ws/build/joy_teleop/build/lib/joy_teleop
[179.395s] copying joy_teleop/incrementer_server.py -> /home/ugbah-awele-bonaventure/bumperbot_ws/build/joy_teleop/build/lib/joy_teleop
[179.454s] copying joy_teleop/joy_teleop.py -> /home/ugbah-awele-bonaventure/bumperbot_ws/build/joy_teleop/build/lib/joy_teleop
[179.489s] copying joy_teleop/__init__.py -> /home/ugbah-awele-bonaventure/bumperbot_ws/build/joy_teleop/build/lib/joy_teleop
[179.496s] running install
[179.550s] running install_lib
[179.824s] creating /home/ugbah-awele-bonaventure/bumperbot_ws/install/joy_teleop/lib/python3.12/site-packages/joy_teleop
[179.824s] copying /home/ugbah-awele-bonaventure/bumperbot_ws/build/joy_teleop/build/lib/joy_teleop/incrementer_server.py -> /home/ugbah-awele-bonaventure/bumperbot_ws/install/joy_teleop/lib/python3.12/site-packages/joy_teleop
[179.827s] copying /home/ugbah-awele-bonaventure/bumperbot_ws/build/joy_teleop/build/lib/joy_teleop/joy_teleop.py -> /home/ugbah-awele-bonaventure/bumperbot_ws/install/joy_teleop/lib/python3.12/site-packages/joy_teleop
[179.827s] copying /home/ugbah-awele-bonaventure/bumperbot_ws/build/joy_teleop/build/lib/joy_teleop/__init__.py -> /home/ugbah-awele-bonaventure/bumperbot_ws/install/joy_teleop/lib/python3.12/site-packages/joy_teleop
[179.833s] byte-compiling /home/ugbah-awele-bonaventure/bumperbot_ws/install/joy_teleop/lib/python3.12/site-packages/joy_teleop/incrementer_server.py to incrementer_server.cpython-312.pyc
[179.842s] byte-compiling /home/ugbah-awele-bonaventure/bumperbot_ws/install/joy_teleop/lib/python3.12/site-packages/joy_teleop/joy_teleop.py to joy_teleop.cpython-312.pyc
[179.871s] byte-compiling /home/ugbah-awele-bonaventure/bumperbot_ws/install/joy_teleop/lib/python3.12/site-packages/joy_teleop/__init__.py to __init__.cpython-312.pyc
[179.874s] running install_data
[179.875s] copying package.xml -> /home/ugbah-awele-bonaventure/bumperbot_ws/install/joy_teleop/share/joy_teleop
[179.878s] creating /home/ugbah-awele-bonaventure/bumperbot_ws/install/joy_teleop/share/joy_teleop/config
[179.878s] copying config/joy_teleop_example.yaml -> /home/ugbah-awele-bonaventure/bumperbot_ws/install/joy_teleop/share/joy_teleop/config
[179.953s] creating /home/ugbah-awele-bonaventure/bumperbot_ws/install/joy_teleop/share/joy_teleop/launch
[179.959s] copying launch/example.launch.py -> /home/ugbah-awele-bonaventure/bumperbot_ws/install/joy_teleop/share/joy_teleop/launch
[179.965s] creating /home/ugbah-awele-bonaventure/bumperbot_ws/install/joy_teleop/share/ament_index
[179.965s] creating /home/ugbah-awele-bonaventure/bumperbot_ws/install/joy_teleop/share/ament_index/resource_index
[179.971s] creating /home/ugbah-awele-bonaventure/bumperbot_ws/install/joy_teleop/share/ament_index/resource_index/packages
[179.974s] copying resource/joy_teleop -> /home/ugbah-awele-bonaventure/bumperbot_ws/install/joy_teleop/share/ament_index/resource_index/packages
[179.974s] running install_egg_info
[180.194s] Copying ../../../build/joy_teleop/joy_teleop.egg-info to /home/ugbah-awele-bonaventure/bumperbot_ws/install/joy_teleop/lib/python3.12/site-packages/joy_teleop-1.8.0-py3.12.egg-info
[180.200s] running install_scripts
[181.856s] Installing incrementer_server script to /home/ugbah-awele-bonaventure/bumperbot_ws/install/joy_teleop/lib/joy_teleop
[181.863s] Installing joy_teleop script to /home/ugbah-awele-bonaventure/bumperbot_ws/install/joy_teleop/lib/joy_teleop
[181.867s] writing list of installed files to '/home/ugbah-awele-bonaventure/bumperbot_ws/build/joy_teleop/install.log'
[182.224s] Invoked command in '/home/ugbah-awele-bonaventure/bumperbot_ws/src/teleop_tools/joy_teleop' returned '0': AMENT_PREFIX_PATH=/home/ugbah-awele-bonaventure/bumperbot_ws/install/teleop_tools_msgs:${AMENT_PREFIX_PATH} CMAKE_PREFIX_PATH=/home/ugbah-awele-bonaventure/bumperbot_ws/install/teleop_tools_msgs:${CMAKE_PREFIX_PATH} DEBUGINFOD_URLS=https://debuginfod.ubuntu.com LD_LIBRARY_PATH=/home/ugbah-awele-bonaventure/bumperbot_ws/install/teleop_tools_msgs/lib:${LD_LIBRARY_PATH} PYTHONPATH=/home/ugbah-awele-bonaventure/bumperbot_ws/build/joy_teleop/prefix_override:/usr/lib/python3/dist-packages/colcon_core/task/python/colcon_distutils_commands:/home/ugbah-awele-bonaventure/bumperbot_ws/install/joy_teleop/lib/python3.12/site-packages:/home/ugbah-awele-bonaventure/bumperbot_ws/install/teleop_tools_msgs/lib/python3.12/site-packages:${PYTHONPATH} /usr/bin/python3 -W ignore:setup.py install is deprecated -W ignore:easy_install command is deprecated setup.py egg_info --egg-base ../../../build/joy_teleop build --build-base /home/ugbah-awele-bonaventure/bumperbot_ws/build/joy_teleop/build install --record /home/ugbah-awele-bonaventure/bumperbot_ws/build/joy_teleop/install.log --single-version-externally-managed install_data
