[ 16%] [32mBuilding CXX object CMakeFiles/simple_serial_transmitter.dir/src/simple_serial_transmitter.cpp.o[0m
[ 50%] Built target simple_serial_receiver
[ 50%] Built target ament_cmake_python_copy_bumperbot_firmware
[ 83%] Built target bumperbot_firmware
running egg_info
writing bumperbot_firmware.egg-info/PKG-INFO
writing dependency_links to bumperbot_firmware.egg-info/dependency_links.txt
writing top-level names to bumperbot_firmware.egg-info/top_level.txt
reading manifest file 'bumperbot_firmware.egg-info/SOURCES.txt'
writing manifest file 'bumperbot_firmware.egg-info/SOURCES.txt'
[ 83%] Built target ament_cmake_python_build_bumperbot_firmware_egg
[100%] [32m[1mLinking CXX executable simple_serial_transmitter[0m
[100%] Built target simple_serial_transmitter
-- Install configuration: ""
-- Up-to-date: /home/ugbah-awele-bonaventure/bumperbot_ws/install/bumperbot_firmware/share/bumperbot_firmware/environment/pythonpath.sh
-- Up-to-date: /home/ugbah-awele-bonaventure/bumperbot_ws/install/bumperbot_firmware/share/bumperbot_firmware/environment/pythonpath.dsv
-- Up-to-date: /home/ugbah-awele-bonaventure/bumperbot_ws/install/bumperbot_firmware/lib/python3.12/site-packages/bumperbot_firmware-0.0.0-py3.12.egg-info
-- Installing: /home/ugbah-awele-bonaventure/bumperbot_ws/install/bumperbot_firmware/lib/python3.12/site-packages/bumperbot_firmware-0.0.0-py3.12.egg-info/SOURCES.txt
-- Installing: /home/ugbah-awele-bonaventure/bumperbot_ws/install/bumperbot_firmware/lib/python3.12/site-packages/bumperbot_firmware-0.0.0-py3.12.egg-info/dependency_links.txt
-- Installing: /home/ugbah-awele-bonaventure/bumperbot_ws/install/bumperbot_firmware/lib/python3.12/site-packages/bumperbot_firmware-0.0.0-py3.12.egg-info/PKG-INFO
-- Installing: /home/ugbah-awele-bonaventure/bumperbot_ws/install/bumperbot_firmware/lib/python3.12/site-packages/bumperbot_firmware-0.0.0-py3.12.egg-info/top_level.txt
-- Up-to-date: /home/ugbah-awele-bonaventure/bumperbot_ws/install/bumperbot_firmware/lib/python3.12/site-packages/bumperbot_firmware
-- Up-to-date: /home/ugbah-awele-bonaventure/bumperbot_ws/install/bumperbot_firmware/lib/python3.12/site-packages/bumperbot_firmware/__init__.py
Listing '/home/ugbah-awele-bonaventure/bumperbot_ws/install/bumperbot_firmware/lib/python3.12/site-packages/bumperbot_firmware'...
-- Up-to-date: /home/ugbah-awele-bonaventure/bumperbot_ws/install/bumperbot_firmware/share/bumperbot_firmware/bumperbot_interface.xml
-- Up-to-date: /home/ugbah-awele-bonaventure/bumperbot_ws/install/bumperbot_firmware/lib/libbumperbot_firmware.so
-- Up-to-date: /home/ugbah-awele-bonaventure/bumperbot_ws/install/bumperbot_firmware/include/include
-- Up-to-date: /home/ugbah-awele-bonaventure/bumperbot_ws/install/bumperbot_firmware/include/include/bumperbot_firmware
-- Up-to-date: /home/ugbah-awele-bonaventure/bumperbot_ws/install/bumperbot_firmware/include/include/bumperbot_firmware/bumperbot_interface.hpp
