[0.034s] Invoking command in '/home/ugbah-awele-bonaventure/bumperbot_ws/build/bumperbot_msgs': CMAKE_PREFIX_PATH=${CMAKE_PREFIX_PATH}:/home/ugbah-awele-bonaventure/bumperbot_ws/install/joy_teleop:/home/ugbah-awele-bonaventure/bumperbot_ws/install/bumperbot_py_examples:/opt/ros/jazzy DEBUGINFOD_URLS=https://debuginfod.ubuntu.com /usr/bin/cmake --build /home/ugbah-awele-bonaventure/bumperbot_ws/build/bumperbot_msgs -- -j4 -l4
[0.241s] [  2%] Built target bumperbot_msgs__rosidl_generator_type_description
[0.264s] [  2%] Built target ament_cmake_python_copy_bumperbot_msgs
[0.370s] [  5%] Built target bumperbot_msgs__cpp
[0.435s] [ 20%] Built target bumperbot_msgs__rosidl_generator_c
[0.616s] [ 29%] Built target bumperbot_msgs__rosidl_typesupport_introspection_cpp
[0.617s] [ 38%] Built target bumperbot_msgs__rosidl_typesupport_fastrtps_c
[0.652s] [ 47%] Built target bumperbot_msgs__rosidl_typesupport_cpp
[0.750s] [ 55%] Built target bumperbot_msgs__rosidl_typesupport_introspection_c
[0.767s] [ 64%] Built target bumperbot_msgs__rosidl_typesupport_c
[0.789s] [ 73%] Built target bumperbot_msgs__rosidl_typesupport_fastrtps_cpp
[0.882s] [ 73%] Built target bumperbot_msgs
[0.971s] [ 76%] Built target bumperbot_msgs__py
[1.124s] [ 82%] Built target bumperbot_msgs__rosidl_generator_py
[1.232s] [ 88%] Built target bumperbot_msgs_s__rosidl_typesupport_fastrtps_c
[1.239s] [ 94%] Built target bumperbot_msgs_s__rosidl_typesupport_introspection_c
[1.245s] [100%] Built target bumperbot_msgs_s__rosidl_typesupport_c
[1.627s] running egg_info
[1.766s] writing bumperbot_msgs.egg-info/PKG-INFO
[1.766s] writing dependency_links to bumperbot_msgs.egg-info/dependency_links.txt
[1.767s] writing top-level names to bumperbot_msgs.egg-info/top_level.txt
[2.009s] reading manifest file 'bumperbot_msgs.egg-info/SOURCES.txt'
[2.011s] writing manifest file 'bumperbot_msgs.egg-info/SOURCES.txt'
[2.099s] [100%] Built target ament_cmake_python_build_bumperbot_msgs_egg
