-- Found ament_cmake: 2.5.4 (/opt/ros/jazzy/share/ament_cmake/cmake)
-- Found Python3: /usr/bin/python3 (found version "3.12.3") found components: Interpreter 
-- Configuring done (26.1s)
-- Generating done (0.2s)
-- Build files have been written to: /home/ugbah-awele-bonaventure/bumperbot_ws/build/teleop_tools
-- Install configuration: ""
-- Installing: /home/ugbah-awele-bonaventure/bumperbot_ws/install/teleop_tools/share/ament_index/resource_index/package_run_dependencies/teleop_tools
-- Installing: /home/ugbah-awele-bonaventure/bumperbot_ws/install/teleop_tools/share/ament_index/resource_index/parent_prefix_path/teleop_tools
-- Installing: /home/ugbah-awele-bonaventure/bumperbot_ws/install/teleop_tools/share/teleop_tools/environment/ament_prefix_path.sh
-- Installing: /home/ugbah-awele-bonaventure/bumperbot_ws/install/teleop_tools/share/teleop_tools/environment/ament_prefix_path.dsv
-- Installing: /home/ugbah-awele-bonaventure/bumperbot_ws/install/teleop_tools/share/teleop_tools/environment/path.sh
-- Installing: /home/ugbah-awele-bonaventure/bumperbot_ws/install/teleop_tools/share/teleop_tools/environment/path.dsv
-- Installing: /home/ugbah-awele-bonaventure/bumperbot_ws/install/teleop_tools/share/teleop_tools/local_setup.bash
-- Installing: /home/ugbah-awele-bonaventure/bumperbot_ws/install/teleop_tools/share/teleop_tools/local_setup.sh
-- Installing: /home/ugbah-awele-bonaventure/bumperbot_ws/install/teleop_tools/share/teleop_tools/local_setup.zsh
-- Installing: /home/ugbah-awele-bonaventure/bumperbot_ws/install/teleop_tools/share/teleop_tools/local_setup.dsv
-- Installing: /home/ugbah-awele-bonaventure/bumperbot_ws/install/teleop_tools/share/teleop_tools/package.dsv
-- Installing: /home/ugbah-awele-bonaventure/bumperbot_ws/install/teleop_tools/share/ament_index/resource_index/packages/teleop_tools
-- Installing: /home/ugbah-awele-bonaventure/bumperbot_ws/install/teleop_tools/share/teleop_tools/cmake/teleop_toolsConfig.cmake
-- Installing: /home/ugbah-awele-bonaventure/bumperbot_ws/install/teleop_tools/share/teleop_tools/cmake/teleop_toolsConfig-version.cmake
-- Installing: /home/ugbah-awele-bonaventure/bumperbot_ws/install/teleop_tools/share/teleop_tools/package.xml
