[0.039s] Invoking command in '/home/ugbah-awele-bonaventure/bumperbot_ws/build/teleop_tools_msgs': CMAKE_PREFIX_PATH=${CMAKE_PREFIX_PATH}:/home/ugbah-awele-bonaventure/bumperbot_ws/install/joy_teleop:/home/ugbah-awele-bonaventure/bumperbot_ws/install/bumperbot_py_examples:/opt/ros/jazzy DEBUGINFOD_URLS=https://debuginfod.ubuntu.com /usr/bin/cmake --build /home/ugbah-awele-bonaventure/bumperbot_ws/build/teleop_tools_msgs -- -j4 -l4
[0.211s] [  2%] Built target teleop_tools_msgs__rosidl_generator_type_description
[0.222s] [  2%] Built target ament_cmake_python_copy_teleop_tools_msgs
[0.353s] [ 17%] Built target teleop_tools_msgs__rosidl_generator_c
[0.354s] [ 20%] Built target teleop_tools_msgs__cpp
[0.492s] [ 29%] Built target teleop_tools_msgs__rosidl_typesupport_cpp
[0.507s] [ 38%] Built target teleop_tools_msgs__rosidl_typesupport_fastrtps_c
[0.508s] [ 47%] Built target teleop_tools_msgs__rosidl_typesupport_introspection_c
[0.632s] [ 55%] Built target teleop_tools_msgs__rosidl_typesupport_c
[0.664s] [ 64%] Built target teleop_tools_msgs__rosidl_typesupport_fastrtps_cpp
[0.676s] [ 73%] Built target teleop_tools_msgs__rosidl_typesupport_introspection_cpp
[0.737s] [ 73%] Built target teleop_tools_msgs
[0.789s] [ 76%] Built target teleop_tools_msgs__py
[0.850s] [ 82%] Built target teleop_tools_msgs__rosidl_generator_py
[0.941s] [ 88%] Built target teleop_tools_msgs_s__rosidl_typesupport_introspection_c
[0.962s] [ 94%] Built target teleop_tools_msgs_s__rosidl_typesupport_fastrtps_c
[0.983s] [100%] Built target teleop_tools_msgs_s__rosidl_typesupport_c
[1.139s] running egg_info
[1.191s] writing teleop_tools_msgs.egg-info/PKG-INFO
[1.192s] writing dependency_links to teleop_tools_msgs.egg-info/dependency_links.txt
[1.192s] writing top-level names to teleop_tools_msgs.egg-info/top_level.txt
[1.308s] reading manifest file 'teleop_tools_msgs.egg-info/SOURCES.txt'
[1.309s] writing manifest file 'teleop_tools_msgs.egg-info/SOURCES.txt'
[1.363s] [100%] Built target ament_cmake_python_build_teleop_tools_msgs_egg
