-- The C compiler identification is GNU 13.3.0
-- The CXX compiler identification is GNU 13.3.0
-- Detecting C compiler ABI info
-- Detecting C compiler ABI info - done
-- Check for working C compiler: /usr/bin/cc - skipped
-- Detecting C compile features
-- Detecting C compile features - done
-- Detecting CXX compiler ABI info
-- Detecting CXX compiler ABI info - done
-- Check for working CXX compiler: /usr/bin/c++ - skipped
-- Detecting CXX compile features
-- Detecting CXX compile features - done
-- Found ament_cmake: 2.5.4 (/opt/ros/jazzy/share/ament_cmake/cmake)
-- Found Python3: /usr/bin/python3 (found version "3.12.3") found components: Interpreter 
-- Found ament_lint_auto: 0.17.3 (/opt/ros/jazzy/share/ament_lint_auto/cmake)
-- Added test 'lint_cmake' to check CMake code style
-- Added test 'xmllint' to check XML markup files
-- Configuring done (51.6s)
-- Generating done (0.0s)
-- Build files have been written to: /home/ugbah-awele-bonaventure/bumperbot_ws/build/bumberbot_msgs
-- Install configuration: ""
-- Installing: /home/ugbah-awele-bonaventure/bumperbot_ws/install/bumberbot_msgs/share/ament_index/resource_index/package_run_dependencies/bumberbot_msgs
-- Installing: /home/ugbah-awele-bonaventure/bumperbot_ws/install/bumberbot_msgs/share/ament_index/resource_index/parent_prefix_path/bumberbot_msgs
-- Installing: /home/ugbah-awele-bonaventure/bumperbot_ws/install/bumberbot_msgs/share/bumberbot_msgs/environment/ament_prefix_path.sh
-- Installing: /home/ugbah-awele-bonaventure/bumperbot_ws/install/bumberbot_msgs/share/bumberbot_msgs/environment/ament_prefix_path.dsv
-- Installing: /home/ugbah-awele-bonaventure/bumperbot_ws/install/bumberbot_msgs/share/bumberbot_msgs/environment/path.sh
-- Installing: /home/ugbah-awele-bonaventure/bumperbot_ws/install/bumberbot_msgs/share/bumberbot_msgs/environment/path.dsv
-- Installing: /home/ugbah-awele-bonaventure/bumperbot_ws/install/bumberbot_msgs/share/bumberbot_msgs/local_setup.bash
-- Installing: /home/ugbah-awele-bonaventure/bumperbot_ws/install/bumberbot_msgs/share/bumberbot_msgs/local_setup.sh
-- Installing: /home/ugbah-awele-bonaventure/bumperbot_ws/install/bumberbot_msgs/share/bumberbot_msgs/local_setup.zsh
-- Installing: /home/ugbah-awele-bonaventure/bumperbot_ws/install/bumberbot_msgs/share/bumberbot_msgs/local_setup.dsv
-- Installing: /home/ugbah-awele-bonaventure/bumperbot_ws/install/bumberbot_msgs/share/bumberbot_msgs/package.dsv
-- Installing: /home/ugbah-awele-bonaventure/bumperbot_ws/install/bumberbot_msgs/share/ament_index/resource_index/packages/bumberbot_msgs
-- Installing: /home/ugbah-awele-bonaventure/bumperbot_ws/install/bumberbot_msgs/share/bumberbot_msgs/cmake/bumberbot_msgsConfig.cmake
-- Installing: /home/ugbah-awele-bonaventure/bumperbot_ws/install/bumberbot_msgs/share/bumberbot_msgs/cmake/bumberbot_msgsConfig-version.cmake
-- Installing: /home/ugbah-awele-bonaventure/bumperbot_ws/install/bumberbot_msgs/share/bumberbot_msgs/package.xml
