[  2%] Built target teleop_tools_msgs__rosidl_generator_type_description
[  2%] Built target ament_cmake_python_copy_teleop_tools_msgs
[  5%] Built target teleop_tools_msgs__cpp
[ 20%] Built target teleop_tools_msgs__rosidl_generator_c
[ 29%] Built target teleop_tools_msgs__rosidl_typesupport_introspection_c
[ 38%] Built target teleop_tools_msgs__rosidl_typesupport_cpp
[ 47%] Built target teleop_tools_msgs__rosidl_typesupport_fastrtps_c
[ 55%] Built target teleop_tools_msgs__rosidl_typesupport_c
[ 64%] Built target teleop_tools_msgs__rosidl_typesupport_fastrtps_cpp
[ 73%] Built target teleop_tools_msgs__rosidl_typesupport_introspection_cpp
[ 73%] Built target teleop_tools_msgs
[ 76%] Built target teleop_tools_msgs__py
[ 82%] Built target teleop_tools_msgs__rosidl_generator_py
[ 88%] Built target teleop_tools_msgs_s__rosidl_typesupport_introspection_c
[ 94%] Built target teleop_tools_msgs_s__rosidl_typesupport_c
[100%] Built target teleop_tools_msgs_s__rosidl_typesupport_fastrtps_c
running egg_info
writing teleop_tools_msgs.egg-info/PKG-INFO
writing dependency_links to teleop_tools_msgs.egg-info/dependency_links.txt
writing top-level names to teleop_tools_msgs.egg-info/top_level.txt
reading manifest file 'teleop_tools_msgs.egg-info/SOURCES.txt'
writing manifest file 'teleop_tools_msgs.egg-info/SOURCES.txt'
[100%] Built target ament_cmake_python_build_teleop_tools_msgs_egg
