[0.037s] Invoking command in '/home/ugbah-awele-bonaventure/bumperbot_ws/build/teleop_tools_msgs': CMAKE_PREFIX_PATH=${CMAKE_PREFIX_PATH}:/home/ugbah-awele-bonaventure/bumperbot_ws/install/joy_teleop:/home/ugbah-awele-bonaventure/bumperbot_ws/install/bumperbot_py_examples:/opt/ros/jazzy DEBUGINFOD_URLS=https://debuginfod.ubuntu.com /usr/bin/cmake --build /home/ugbah-awele-bonaventure/bumperbot_ws/build/teleop_tools_msgs -- -j4 -l4
[0.192s] [  2%] Built target teleop_tools_msgs__rosidl_generator_type_description
[0.286s] [  2%] Built target ament_cmake_python_copy_teleop_tools_msgs
[0.307s] [  5%] Built target teleop_tools_msgs__cpp
[0.320s] [ 20%] Built target teleop_tools_msgs__rosidl_generator_c
[0.445s] [ 29%] Built target teleop_tools_msgs__rosidl_typesupport_introspection_c
[0.471s] [ 38%] Built target teleop_tools_msgs__rosidl_typesupport_cpp
[0.560s] [ 47%] Built target teleop_tools_msgs__rosidl_typesupport_fastrtps_c
[0.603s] [ 55%] Built target teleop_tools_msgs__rosidl_typesupport_c
[0.712s] [ 64%] Built target teleop_tools_msgs__rosidl_typesupport_fastrtps_cpp
[0.712s] [ 73%] Built target teleop_tools_msgs__rosidl_typesupport_introspection_cpp
[0.824s] [ 73%] Built target teleop_tools_msgs
[0.889s] [ 76%] Built target teleop_tools_msgs__py
[0.970s] [ 82%] Built target teleop_tools_msgs__rosidl_generator_py
[1.035s] [ 88%] Built target teleop_tools_msgs_s__rosidl_typesupport_introspection_c
[1.046s] [ 94%] Built target teleop_tools_msgs_s__rosidl_typesupport_c
[1.116s] [100%] Built target teleop_tools_msgs_s__rosidl_typesupport_fastrtps_c
[1.811s] running egg_info
[1.906s] writing teleop_tools_msgs.egg-info/PKG-INFO
[1.908s] writing dependency_links to teleop_tools_msgs.egg-info/dependency_links.txt
[1.908s] writing top-level names to teleop_tools_msgs.egg-info/top_level.txt
[2.176s] reading manifest file 'teleop_tools_msgs.egg-info/SOURCES.txt'
[2.178s] writing manifest file 'teleop_tools_msgs.egg-info/SOURCES.txt'
[2.242s] [100%] Built target ament_cmake_python_build_teleop_tools_msgs_egg
