[0.095s] Invoking command in '/home/ugbah-awele-bonaventure/bumperbot_ws/build/bumperbot_localization': CMAKE_PREFIX_PATH=${CMAKE_PREFIX_PATH}:/home/ugbah-awele-bonaventure/bumperbot_ws/install/joy_teleop:/home/ugbah-awele-bonaventure/bumperbot_ws/install/mouse_teleop:/home/ugbah-awele-bonaventure/bumperbot_ws/install/key_teleop:/home/ugbah-awele-bonaventure/bumperbot_ws/install/bumperbot_py_examples:/home/ugbah-awele-bonaventure/arduinobot_ws/install/arduinobot_py_examples:/opt/ros/jazzy DEBUGINFOD_URLS=https://debuginfod.ubuntu.com /usr/bin/cmake --build /home/ugbah-awele-bonaventure/bumperbot_ws/build/bumperbot_localization -- -j4 -l4
[0.638s] -- Found ament_cmake: 2.5.4 (/opt/ros/jazzy/share/ament_cmake/cmake)
[1.347s] -- Found rclpy: 7.1.5 (/opt/ros/jazzy/share/rclpy/cmake)
[1.347s] -- Found nav_msgs: 5.3.6 (/opt/ros/jazzy/share/nav_msgs/cmake)
[1.397s] -- Found rosidl_generator_c: 4.6.6 (/opt/ros/jazzy/share/rosidl_generator_c/cmake)
[1.449s] -- Found rosidl_generator_cpp: 4.6.6 (/opt/ros/jazzy/share/rosidl_generator_cpp/cmake)
[1.462s] -- Using all available rosidl_typesupport_c: rosidl_typesupport_fastrtps_c;rosidl_typesupport_introspection_c
[1.506s] -- Using all available rosidl_typesupport_cpp: rosidl_typesupport_fastrtps_cpp;rosidl_typesupport_introspection_cpp
[1.726s] -- Found sensor_msgs: 5.3.6 (/opt/ros/jazzy/share/sensor_msgs/cmake)
[2.415s] -- Found ament_lint_auto: 0.17.3 (/opt/ros/jazzy/share/ament_lint_auto/cmake)
[2.901s] -- Added test 'copyright' to check source files copyright and LICENSE
[2.904s] -- Added test 'flake8' to check Python code syntax and style conventions
[2.905s] -- Configured 'flake8' exclude dirs and/or files: 
[2.906s] -- Added test 'lint_cmake' to check CMake code style
[2.907s] -- Added test 'pep257' to check Python code against some of the docstring style conventions in PEP 257
[2.910s] -- Added test 'xmllint' to check XML markup files
[2.958s] -- Configuring done (2.5s)
[3.159s] -- Generating done (0.2s)
[3.166s] -- Build files have been written to: /home/ugbah-awele-bonaventure/bumperbot_ws/build/bumperbot_localization
[3.246s] Built target ament_cmake_python_copy_bumperbot_localization
[4.077s] running egg_info
[4.168s] writing bumperbot_localization.egg-info/PKG-INFO
[4.170s] writing dependency_links to bumperbot_localization.egg-info/dependency_links.txt
[4.175s] writing top-level names to bumperbot_localization.egg-info/top_level.txt
[4.427s] reading manifest file 'bumperbot_localization.egg-info/SOURCES.txt'
[4.469s] writing manifest file 'bumperbot_localization.egg-info/SOURCES.txt'
[4.557s] Built target ament_cmake_python_build_bumperbot_localization_egg
[4.582s] Invoked command in '/home/ugbah-awele-bonaventure/bumperbot_ws/build/bumperbot_localization' returned '0': CMAKE_PREFIX_PATH=${CMAKE_PREFIX_PATH}:/home/ugbah-awele-bonaventure/bumperbot_ws/install/joy_teleop:/home/ugbah-awele-bonaventure/bumperbot_ws/install/mouse_teleop:/home/ugbah-awele-bonaventure/bumperbot_ws/install/key_teleop:/home/ugbah-awele-bonaventure/bumperbot_ws/install/bumperbot_py_examples:/home/ugbah-awele-bonaventure/arduinobot_ws/install/arduinobot_py_examples:/opt/ros/jazzy DEBUGINFOD_URLS=https://debuginfod.ubuntu.com /usr/bin/cmake --build /home/ugbah-awele-bonaventure/bumperbot_ws/build/bumperbot_localization -- -j4 -l4
[4.585s] Invoking command in '/home/ugbah-awele-bonaventure/bumperbot_ws/build/bumperbot_localization': CMAKE_PREFIX_PATH=${CMAKE_PREFIX_PATH}:/home/ugbah-awele-bonaventure/bumperbot_ws/install/joy_teleop:/home/ugbah-awele-bonaventure/bumperbot_ws/install/mouse_teleop:/home/ugbah-awele-bonaventure/bumperbot_ws/install/key_teleop:/home/ugbah-awele-bonaventure/bumperbot_ws/install/bumperbot_py_examples:/home/ugbah-awele-bonaventure/arduinobot_ws/install/arduinobot_py_examples:/opt/ros/jazzy DEBUGINFOD_URLS=https://debuginfod.ubuntu.com /usr/bin/cmake --install /home/ugbah-awele-bonaventure/bumperbot_ws/build/bumperbot_localization
[4.606s] -- Install configuration: ""
[4.606s] -- Up-to-date: /home/ugbah-awele-bonaventure/bumperbot_ws/install/bumperbot_localization/share/bumperbot_localization/environment/pythonpath.sh
[4.607s] -- Up-to-date: /home/ugbah-awele-bonaventure/bumperbot_ws/install/bumperbot_localization/share/bumperbot_localization/environment/pythonpath.dsv
[4.612s] -- Up-to-date: /home/ugbah-awele-bonaventure/bumperbot_ws/install/bumperbot_localization/lib/python3.12/site-packages/bumperbot_localization-0.0.0-py3.12.egg-info
[4.612s] -- Installing: /home/ugbah-awele-bonaventure/bumperbot_ws/install/bumperbot_localization/lib/python3.12/site-packages/bumperbot_localization-0.0.0-py3.12.egg-info/dependency_links.txt
[4.612s] -- Installing: /home/ugbah-awele-bonaventure/bumperbot_ws/install/bumperbot_localization/lib/python3.12/site-packages/bumperbot_localization-0.0.0-py3.12.egg-info/SOURCES.txt
[4.613s] -- Installing: /home/ugbah-awele-bonaventure/bumperbot_ws/install/bumperbot_localization/lib/python3.12/site-packages/bumperbot_localization-0.0.0-py3.12.egg-info/top_level.txt
[4.613s] -- Installing: /home/ugbah-awele-bonaventure/bumperbot_ws/install/bumperbot_localization/lib/python3.12/site-packages/bumperbot_localization-0.0.0-py3.12.egg-info/PKG-INFO
[4.613s] -- Up-to-date: /home/ugbah-awele-bonaventure/bumperbot_ws/install/bumperbot_localization/lib/python3.12/site-packages/bumperbot_localization
[4.614s] -- Installing: /home/ugbah-awele-bonaventure/bumperbot_ws/install/bumperbot_localization/lib/python3.12/site-packages/bumperbot_localization/kalman_filter.py
[4.614s] -- Installing: /home/ugbah-awele-bonaventure/bumperbot_ws/install/bumperbot_localization/lib/python3.12/site-packages/bumperbot_localization/imu_replisher.py
[4.614s] -- Up-to-date: /home/ugbah-awele-bonaventure/bumperbot_ws/install/bumperbot_localization/lib/python3.12/site-packages/bumperbot_localization/__init__.py
[4.721s] Listing '/home/ugbah-awele-bonaventure/bumperbot_ws/install/bumperbot_localization/lib/python3.12/site-packages/bumperbot_localization'...
[4.721s] Compiling '/home/ugbah-awele-bonaventure/bumperbot_ws/install/bumperbot_localization/lib/python3.12/site-packages/bumperbot_localization/imu_replisher.py'...
[4.721s] Compiling '/home/ugbah-awele-bonaventure/bumperbot_ws/install/bumperbot_localization/lib/python3.12/site-packages/bumperbot_localization/kalman_filter.py'...
[4.746s] -- Installing: /home/ugbah-awele-bonaventure/bumperbot_ws/install/bumperbot_localization/share/bumperbot_localization/launch
[4.747s] -- Installing: /home/ugbah-awele-bonaventure/bumperbot_ws/install/bumperbot_localization/share/bumperbot_localization/launch/local_localization.launch.py
[4.749s] -- Installing: /home/ugbah-awele-bonaventure/bumperbot_ws/install/bumperbot_localization/share/bumperbot_localization/config
[4.750s] -- Installing: /home/ugbah-awele-bonaventure/bumperbot_ws/install/bumperbot_localization/share/bumperbot_localization/config/ekf.yaml
[4.750s] -- Installing: /home/ugbah-awele-bonaventure/bumperbot_ws/install/bumperbot_localization/lib/bumperbot_localization/kalman_filter.py
[4.752s] [31mCMake Error at cmake_install.cmake:77 (file):
[4.752s]   file INSTALL cannot find
[4.754s]   "/home/ugbah-awele-bonaventure/bumperbot_ws/src/bumperbot_localization/bumperbot_localization/imu_repulisher.py":
[4.754s]   No such file or directory.
[4.754s] 
[4.754s] [0m
[4.766s] Invoked command in '/home/ugbah-awele-bonaventure/bumperbot_ws/build/bumperbot_localization' returned '1': CMAKE_PREFIX_PATH=${CMAKE_PREFIX_PATH}:/home/ugbah-awele-bonaventure/bumperbot_ws/install/joy_teleop:/home/ugbah-awele-bonaventure/bumperbot_ws/install/mouse_teleop:/home/ugbah-awele-bonaventure/bumperbot_ws/install/key_teleop:/home/ugbah-awele-bonaventure/bumperbot_ws/install/bumperbot_py_examples:/home/ugbah-awele-bonaventure/arduinobot_ws/install/arduinobot_py_examples:/opt/ros/jazzy DEBUGINFOD_URLS=https://debuginfod.ubuntu.com /usr/bin/cmake --install /home/ugbah-awele-bonaventure/bumperbot_ws/build/bumperbot_localization
