[0.035s] Invoking command in '/home/ugbah-awele-bonaventure/bumperbot_ws/build/bumperbot_description': CMAKE_PREFIX_PATH=${CMAKE_PREFIX_PATH}:/home/ugbah-awele-bonaventure/bumperbot_ws/install/bumperbot_py_examples:/home/ugbah-awele-bonaventure/scuttle_robot/install/scuttle_robot_py_examples:/home/ugbah-awele-bonaventure/arduinobot_ws/install/arduinobot_py_examples:/opt/ros/jazzy DEBUGINFOD_URLS=https://debuginfod.ubuntu.com /usr/bin/cmake --build /home/ugbah-awele-bonaventure/bumperbot_ws/build/bumperbot_description -- -j4 -l4
[0.446s] Invoked command in '/home/ugbah-awele-bonaventure/bumperbot_ws/build/bumperbot_description' returned '0': CMAKE_PREFIX_PATH=${CMAKE_PREFIX_PATH}:/home/ugbah-awele-bonaventure/bumperbot_ws/install/bumperbot_py_examples:/home/ugbah-awele-bonaventure/scuttle_robot/install/scuttle_robot_py_examples:/home/ugbah-awele-bonaventure/arduinobot_ws/install/arduinobot_py_examples:/opt/ros/jazzy DEBUGINFOD_URLS=https://debuginfod.ubuntu.com /usr/bin/cmake --build /home/ugbah-awele-bonaventure/bumperbot_ws/build/bumperbot_description -- -j4 -l4
[0.448s] Invoking command in '/home/ugbah-awele-bonaventure/bumperbot_ws/build/bumperbot_description': CMAKE_PREFIX_PATH=${CMAKE_PREFIX_PATH}:/home/ugbah-awele-bonaventure/bumperbot_ws/install/bumperbot_py_examples:/home/ugbah-awele-bonaventure/scuttle_robot/install/scuttle_robot_py_examples:/home/ugbah-awele-bonaventure/arduinobot_ws/install/arduinobot_py_examples:/opt/ros/jazzy DEBUGINFOD_URLS=https://debuginfod.ubuntu.com /usr/bin/cmake --install /home/ugbah-awele-bonaventure/bumperbot_ws/build/bumperbot_description
[0.472s] -- Install configuration: ""
[0.472s] -- Up-to-date: /home/ugbah-awele-bonaventure/bumperbot_ws/install/bumperbot_description/share/bumperbot_description/meshes
[0.472s] -- Up-to-date: /home/ugbah-awele-bonaventure/bumperbot_ws/install/bumperbot_description/share/bumperbot_description/meshes/laser_link.STL
[0.472s] -- Up-to-date: /home/ugbah-awele-bonaventure/bumperbot_ws/install/bumperbot_description/share/bumperbot_description/meshes/caster_front_link.STL
[0.473s] -- Up-to-date: /home/ugbah-awele-bonaventure/bumperbot_ws/install/bumperbot_description/share/bumperbot_description/meshes/wheel_left_link.STL
[0.473s] -- Up-to-date: /home/ugbah-awele-bonaventure/bumperbot_ws/install/bumperbot_description/share/bumperbot_description/meshes/wheel_right_link.STL
[0.473s] -- Up-to-date: /home/ugbah-awele-bonaventure/bumperbot_ws/install/bumperbot_description/share/bumperbot_description/meshes/imu_link.STL
[0.473s] -- Up-to-date: /home/ugbah-awele-bonaventure/bumperbot_ws/install/bumperbot_description/share/bumperbot_description/meshes/base_link.STL
[0.473s] -- Up-to-date: /home/ugbah-awele-bonaventure/bumperbot_ws/install/bumperbot_description/share/bumperbot_description/meshes/caster_rear_link.STL
[0.473s] -- Up-to-date: /home/ugbah-awele-bonaventure/bumperbot_ws/install/bumperbot_description/share/bumperbot_description/urdf
[0.474s] -- Up-to-date: /home/ugbah-awele-bonaventure/bumperbot_ws/install/bumperbot_description/share/bumperbot_description/urdf/bumperbot_ros2_control.xacro
[0.474s] -- Up-to-date: /home/ugbah-awele-bonaventure/bumperbot_ws/install/bumperbot_description/share/bumperbot_description/urdf/bumperbot_gazebo.xacro
[0.474s] -- Up-to-date: /home/ugbah-awele-bonaventure/bumperbot_ws/install/bumperbot_description/share/bumperbot_description/urdf/bumperbot.urdf.xacro
[0.474s] -- Up-to-date: /home/ugbah-awele-bonaventure/bumperbot_ws/install/bumperbot_description/share/bumperbot_description/launch
[0.477s] -- Up-to-date: /home/ugbah-awele-bonaventure/bumperbot_ws/install/bumperbot_description/share/bumperbot_description/launch/gazebo.launch.py
[0.478s] -- Up-to-date: /home/ugbah-awele-bonaventure/bumperbot_ws/install/bumperbot_description/share/bumperbot_description/launch/display.launch.py
[0.478s] -- Up-to-date: /home/ugbah-awele-bonaventure/bumperbot_ws/install/bumperbot_description/share/bumperbot_description/rviz
[0.478s] -- Up-to-date: /home/ugbah-awele-bonaventure/bumperbot_ws/install/bumperbot_description/share/bumperbot_description/rviz/display.rviz
[0.478s] -- Up-to-date: /home/ugbah-awele-bonaventure/bumperbot_ws/install/bumperbot_description/share/ament_index/resource_index/package_run_dependencies/bumperbot_description
[0.478s] -- Up-to-date: /home/ugbah-awele-bonaventure/bumperbot_ws/install/bumperbot_description/share/ament_index/resource_index/parent_prefix_path/bumperbot_description
[0.479s] -- Up-to-date: /home/ugbah-awele-bonaventure/bumperbot_ws/install/bumperbot_description/share/bumperbot_description/environment/ament_prefix_path.sh
[0.479s] -- Up-to-date: /home/ugbah-awele-bonaventure/bumperbot_ws/install/bumperbot_description/share/bumperbot_description/environment/ament_prefix_path.dsv
[0.479s] -- Up-to-date: /home/ugbah-awele-bonaventure/bumperbot_ws/install/bumperbot_description/share/bumperbot_description/environment/path.sh
[0.479s] -- Up-to-date: /home/ugbah-awele-bonaventure/bumperbot_ws/install/bumperbot_description/share/bumperbot_description/environment/path.dsv
[0.479s] -- Up-to-date: /home/ugbah-awele-bonaventure/bumperbot_ws/install/bumperbot_description/share/bumperbot_description/local_setup.bash
[0.479s] -- Up-to-date: /home/ugbah-awele-bonaventure/bumperbot_ws/install/bumperbot_description/share/bumperbot_description/local_setup.sh
[0.480s] -- Up-to-date: /home/ugbah-awele-bonaventure/bumperbot_ws/install/bumperbot_description/share/bumperbot_description/local_setup.zsh
[0.480s] -- Up-to-date: /home/ugbah-awele-bonaventure/bumperbot_ws/install/bumperbot_description/share/bumperbot_description/local_setup.dsv
[0.480s] -- Installing: /home/ugbah-awele-bonaventure/bumperbot_ws/install/bumperbot_description/share/bumperbot_description/package.dsv
[0.483s] -- Up-to-date: /home/ugbah-awele-bonaventure/bumperbot_ws/install/bumperbot_description/share/ament_index/resource_index/packages/bumperbot_description
[0.484s] -- Up-to-date: /home/ugbah-awele-bonaventure/bumperbot_ws/install/bumperbot_description/share/bumperbot_description/cmake/bumperbot_descriptionConfig.cmake
[0.484s] -- Up-to-date: /home/ugbah-awele-bonaventure/bumperbot_ws/install/bumperbot_description/share/bumperbot_description/cmake/bumperbot_descriptionConfig-version.cmake
[0.484s] -- Up-to-date: /home/ugbah-awele-bonaventure/bumperbot_ws/install/bumperbot_description/share/bumperbot_description/package.xml
[0.517s] Invoked command in '/home/ugbah-awele-bonaventure/bumperbot_ws/build/bumperbot_description' returned '0': CMAKE_PREFIX_PATH=${CMAKE_PREFIX_PATH}:/home/ugbah-awele-bonaventure/bumperbot_ws/install/bumperbot_py_examples:/home/ugbah-awele-bonaventure/scuttle_robot/install/scuttle_robot_py_examples:/home/ugbah-awele-bonaventure/arduinobot_ws/install/arduinobot_py_examples:/opt/ros/jazzy DEBUGINFOD_URLS=https://debuginfod.ubuntu.com /usr/bin/cmake --install /home/ugbah-awele-bonaventure/bumperbot_ws/build/bumperbot_description
