running egg_info
creating ../../../build/key_teleop/key_teleop.egg-info
writing ../../../build/key_teleop/key_teleop.egg-info/PKG-INFO
writing dependency_links to ../../../build/key_teleop/key_teleop.egg-info/dependency_links.txt
writing entry points to ../../../build/key_teleop/key_teleop.egg-info/entry_points.txt
writing requirements to ../../../build/key_teleop/key_teleop.egg-info/requires.txt
writing top-level names to ../../../build/key_teleop/key_teleop.egg-info/top_level.txt
writing manifest file '../../../build/key_teleop/key_teleop.egg-info/SOURCES.txt'
reading manifest file '../../../build/key_teleop/key_teleop.egg-info/SOURCES.txt'
adding license file 'LICENSE'
writing manifest file '../../../build/key_teleop/key_teleop.egg-info/SOURCES.txt'
running build
running build_py
creating /home/ugbah-awele-bonaventure/bumperbot_ws/build/key_teleop/build
creating /home/ugbah-awele-bonaventure/bumperbot_ws/build/key_teleop/build/lib
creating /home/ugbah-awele-bonaventure/bumperbot_ws/build/key_teleop/build/lib/key_teleop
copying key_teleop/key_teleop.py -> /home/ugbah-awele-bonaventure/bumperbot_ws/build/key_teleop/build/lib/key_teleop
copying key_teleop/__init__.py -> /home/ugbah-awele-bonaventure/bumperbot_ws/build/key_teleop/build/lib/key_teleop
running install
running install_lib
creating /home/ugbah-awele-bonaventure/bumperbot_ws/install/key_teleop/lib/python3.12/site-packages/key_teleop
copying /home/ugbah-awele-bonaventure/bumperbot_ws/build/key_teleop/build/lib/key_teleop/key_teleop.py -> /home/ugbah-awele-bonaventure/bumperbot_ws/install/key_teleop/lib/python3.12/site-packages/key_teleop
copying /home/ugbah-awele-bonaventure/bumperbot_ws/build/key_teleop/build/lib/key_teleop/__init__.py -> /home/ugbah-awele-bonaventure/bumperbot_ws/install/key_teleop/lib/python3.12/site-packages/key_teleop
byte-compiling /home/ugbah-awele-bonaventure/bumperbot_ws/install/key_teleop/lib/python3.12/site-packages/key_teleop/key_teleop.py to key_teleop.cpython-312.pyc
byte-compiling /home/ugbah-awele-bonaventure/bumperbot_ws/install/key_teleop/lib/python3.12/site-packages/key_teleop/__init__.py to __init__.cpython-312.pyc
running install_data
copying package.xml -> /home/ugbah-awele-bonaventure/bumperbot_ws/install/key_teleop/share/key_teleop
creating /home/ugbah-awele-bonaventure/bumperbot_ws/install/key_teleop/share/key_teleop/config
copying config/key_teleop.yaml -> /home/ugbah-awele-bonaventure/bumperbot_ws/install/key_teleop/share/key_teleop/config
creating /home/ugbah-awele-bonaventure/bumperbot_ws/install/key_teleop/share/ament_index
creating /home/ugbah-awele-bonaventure/bumperbot_ws/install/key_teleop/share/ament_index/resource_index
creating /home/ugbah-awele-bonaventure/bumperbot_ws/install/key_teleop/share/ament_index/resource_index/packages
copying resource/key_teleop -> /home/ugbah-awele-bonaventure/bumperbot_ws/install/key_teleop/share/ament_index/resource_index/packages
running install_egg_info
Copying ../../../build/key_teleop/key_teleop.egg-info to /home/ugbah-awele-bonaventure/bumperbot_ws/install/key_teleop/lib/python3.12/site-packages/key_teleop-1.8.0-py3.12.egg-info
running install_scripts
Installing key_teleop script to /home/ugbah-awele-bonaventure/bumperbot_ws/install/key_teleop/lib/key_teleop
writing list of installed files to '/home/ugbah-awele-bonaventure/bumperbot_ws/build/key_teleop/install.log'
