[9.244s] Invoking command in '/home/ugbah-awele-bonaventure/bumperbot_ws/src/teleop_tools/key_teleop': DEBUGINFOD_URLS=https://debuginfod.ubuntu.com PYTHONPATH=/home/ugbah-awele-bonaventure/bumperbot_ws/build/key_teleop/prefix_override:/usr/lib/python3/dist-packages/colcon_core/task/python/colcon_distutils_commands:/home/ugbah-awele-bonaventure/bumperbot_ws/install/key_teleop/lib/python3.12/site-packages:${PYTHONPATH} /usr/bin/python3 -W ignore:setup.py install is deprecated -W ignore:easy_install command is deprecated setup.py egg_info --egg-base ../../../build/key_teleop build --build-base /home/ugbah-awele-bonaventure/bumperbot_ws/build/key_teleop/build install --record /home/ugbah-awele-bonaventure/bumperbot_ws/build/key_teleop/install.log --single-version-externally-managed install_data
[10.970s] running egg_info
[10.974s] creating ../../../build/key_teleop/key_teleop.egg-info
[11.194s] writing ../../../build/key_teleop/key_teleop.egg-info/PKG-INFO
[11.196s] writing dependency_links to ../../../build/key_teleop/key_teleop.egg-info/dependency_links.txt
[11.199s] writing entry points to ../../../build/key_teleop/key_teleop.egg-info/entry_points.txt
[11.201s] writing requirements to ../../../build/key_teleop/key_teleop.egg-info/requires.txt
[11.203s] writing top-level names to ../../../build/key_teleop/key_teleop.egg-info/top_level.txt
[11.204s] writing manifest file '../../../build/key_teleop/key_teleop.egg-info/SOURCES.txt'
[11.438s] reading manifest file '../../../build/key_teleop/key_teleop.egg-info/SOURCES.txt'
[11.439s] adding license file 'LICENSE'
[11.441s] writing manifest file '../../../build/key_teleop/key_teleop.egg-info/SOURCES.txt'
[11.442s] running build
[11.443s] running build_py
[11.444s] creating /home/ugbah-awele-bonaventure/bumperbot_ws/build/key_teleop/build
[11.444s] creating /home/ugbah-awele-bonaventure/bumperbot_ws/build/key_teleop/build/lib
[11.444s] creating /home/ugbah-awele-bonaventure/bumperbot_ws/build/key_teleop/build/lib/key_teleop
[11.447s] copying key_teleop/key_teleop.py -> /home/ugbah-awele-bonaventure/bumperbot_ws/build/key_teleop/build/lib/key_teleop
[11.447s] copying key_teleop/__init__.py -> /home/ugbah-awele-bonaventure/bumperbot_ws/build/key_teleop/build/lib/key_teleop
[11.448s] running install
[11.474s] running install_lib
[11.633s] creating /home/ugbah-awele-bonaventure/bumperbot_ws/install/key_teleop/lib/python3.12/site-packages/key_teleop
[11.633s] copying /home/ugbah-awele-bonaventure/bumperbot_ws/build/key_teleop/build/lib/key_teleop/key_teleop.py -> /home/ugbah-awele-bonaventure/bumperbot_ws/install/key_teleop/lib/python3.12/site-packages/key_teleop
[11.634s] copying /home/ugbah-awele-bonaventure/bumperbot_ws/build/key_teleop/build/lib/key_teleop/__init__.py -> /home/ugbah-awele-bonaventure/bumperbot_ws/install/key_teleop/lib/python3.12/site-packages/key_teleop
[11.641s] byte-compiling /home/ugbah-awele-bonaventure/bumperbot_ws/install/key_teleop/lib/python3.12/site-packages/key_teleop/key_teleop.py to key_teleop.cpython-312.pyc
[11.642s] byte-compiling /home/ugbah-awele-bonaventure/bumperbot_ws/install/key_teleop/lib/python3.12/site-packages/key_teleop/__init__.py to __init__.cpython-312.pyc
[11.643s] running install_data
[11.646s] copying package.xml -> /home/ugbah-awele-bonaventure/bumperbot_ws/install/key_teleop/share/key_teleop
[11.646s] creating /home/ugbah-awele-bonaventure/bumperbot_ws/install/key_teleop/share/key_teleop/config
[11.651s] copying config/key_teleop.yaml -> /home/ugbah-awele-bonaventure/bumperbot_ws/install/key_teleop/share/key_teleop/config
[11.651s] creating /home/ugbah-awele-bonaventure/bumperbot_ws/install/key_teleop/share/ament_index
[11.652s] creating /home/ugbah-awele-bonaventure/bumperbot_ws/install/key_teleop/share/ament_index/resource_index
[11.653s] creating /home/ugbah-awele-bonaventure/bumperbot_ws/install/key_teleop/share/ament_index/resource_index/packages
[11.653s] copying resource/key_teleop -> /home/ugbah-awele-bonaventure/bumperbot_ws/install/key_teleop/share/ament_index/resource_index/packages
[11.663s] running install_egg_info
[11.801s] Copying ../../../build/key_teleop/key_teleop.egg-info to /home/ugbah-awele-bonaventure/bumperbot_ws/install/key_teleop/lib/python3.12/site-packages/key_teleop-1.8.0-py3.12.egg-info
[11.806s] running install_scripts
[12.565s] Installing key_teleop script to /home/ugbah-awele-bonaventure/bumperbot_ws/install/key_teleop/lib/key_teleop
[12.569s] writing list of installed files to '/home/ugbah-awele-bonaventure/bumperbot_ws/build/key_teleop/install.log'
[12.714s] Invoked command in '/home/ugbah-awele-bonaventure/bumperbot_ws/src/teleop_tools/key_teleop' returned '0': DEBUGINFOD_URLS=https://debuginfod.ubuntu.com PYTHONPATH=/home/ugbah-awele-bonaventure/bumperbot_ws/build/key_teleop/prefix_override:/usr/lib/python3/dist-packages/colcon_core/task/python/colcon_distutils_commands:/home/ugbah-awele-bonaventure/bumperbot_ws/install/key_teleop/lib/python3.12/site-packages:${PYTHONPATH} /usr/bin/python3 -W ignore:setup.py install is deprecated -W ignore:easy_install command is deprecated setup.py egg_info --egg-base ../../../build/key_teleop build --build-base /home/ugbah-awele-bonaventure/bumperbot_ws/build/key_teleop/build install --record /home/ugbah-awele-bonaventure/bumperbot_ws/build/key_teleop/install.log --single-version-externally-managed install_data
