[0.045s] Invoking command in '/home/ugbah-awele-bonaventure/bumperbot_ws/build/bumperbot_firmware': CMAKE_PREFIX_PATH=${CMAKE_PREFIX_PATH}:/home/ugbah-awele-bonaventure/bumperbot_ws/install/joy_teleop:/home/ugbah-awele-bonaventure/bumperbot_ws/install/bumperbot_py_examples:/opt/ros/jazzy DEBUGINFOD_URLS=https://debuginfod.ubuntu.com /usr/bin/cmake --build /home/ugbah-awele-bonaventure/bumperbot_ws/build/bumperbot_firmware -- -j4 -l4
[0.167s] -- Found ament_cmake: 2.5.4 (/opt/ros/jazzy/share/ament_cmake/cmake)
[0.916s] -- Found rclcpp: 28.1.13 (/opt/ros/jazzy/share/rclcpp/cmake)
[0.989s] -- Found rosidl_generator_c: 4.6.6 (/opt/ros/jazzy/share/rosidl_generator_c/cmake)
[1.014s] -- Found rosidl_generator_cpp: 4.6.6 (/opt/ros/jazzy/share/rosidl_generator_cpp/cmake)
[1.049s] -- Using all available rosidl_typesupport_c: rosidl_typesupport_fastrtps_c;rosidl_typesupport_introspection_c
[1.090s] -- Using all available rosidl_typesupport_cpp: rosidl_typesupport_fastrtps_cpp;rosidl_typesupport_introspection_cpp
[1.254s] -- Found rmw_implementation_cmake: 7.3.2 (/opt/ros/jazzy/share/rmw_implementation_cmake/cmake)
[1.258s] -- Found rmw_fastrtps_cpp: 8.4.3 (/opt/ros/jazzy/share/rmw_fastrtps_cpp/cmake)
[1.442s] -- Using RMW implementation 'rmw_fastrtps_cpp' as default
[1.608s] -- Found rclpy: 7.1.6 (/opt/ros/jazzy/share/rclpy/cmake)
[1.608s] -- Found std_msgs: 5.3.6 (/opt/ros/jazzy/share/std_msgs/cmake)
[1.642s] -- Found hardware_interface: 4.39.2 (/opt/ros/jazzy/share/hardware_interface/cmake)
[2.123s] -- Found ament_lint_auto: 0.17.3 (/opt/ros/jazzy/share/ament_lint_auto/cmake)
[2.274s] -- Added test 'cppcheck' to perform static code analysis on C / C++ code
[2.275s] -- Configured cppcheck include dirs: /home/ugbah-awele-bonaventure/bumperbot_ws/src/bumperbot_firmware/include
[2.275s] -- Configured cppcheck exclude dirs and/or files: 
[2.276s] -- Added test 'flake8' to check Python code syntax and style conventions
[2.276s] -- Configured 'flake8' exclude dirs and/or files: 
[2.277s] -- Added test 'lint_cmake' to check CMake code style
[2.278s] -- Added test 'pep257' to check Python code against some of the docstring style conventions in PEP 257
[2.280s] -- Added test 'uncrustify' to check C / C++ code style
[2.280s] -- Configured uncrustify additional arguments: 
[2.281s] -- Added test 'xmllint' to check XML markup files
[2.285s] -- Configuring done (2.1s)
[2.354s] -- Generating done (0.1s)
[2.372s] -- Build files have been written to: /home/ugbah-awele-bonaventure/bumperbot_ws/build/bumperbot_firmware
[2.473s] [ 33%] Built target bumperbot_firmware
[2.509s] [ 66%] Built target simple_serial_transmitter
[2.513s] [100%] Built target simple_serial_receiver
[2.518s] [100%] Built target ament_cmake_python_copy_bumperbot_firmware
[3.117s] running egg_info
[3.170s] writing bumperbot_firmware.egg-info/PKG-INFO
[3.170s] writing dependency_links to bumperbot_firmware.egg-info/dependency_links.txt
[3.171s] writing top-level names to bumperbot_firmware.egg-info/top_level.txt
[3.322s] reading manifest file 'bumperbot_firmware.egg-info/SOURCES.txt'
[3.324s] writing manifest file 'bumperbot_firmware.egg-info/SOURCES.txt'
[3.384s] [100%] Built target ament_cmake_python_build_bumperbot_firmware_egg
[3.406s] Invoked command in '/home/ugbah-awele-bonaventure/bumperbot_ws/build/bumperbot_firmware' returned '0': CMAKE_PREFIX_PATH=${CMAKE_PREFIX_PATH}:/home/ugbah-awele-bonaventure/bumperbot_ws/install/joy_teleop:/home/ugbah-awele-bonaventure/bumperbot_ws/install/bumperbot_py_examples:/opt/ros/jazzy DEBUGINFOD_URLS=https://debuginfod.ubuntu.com /usr/bin/cmake --build /home/ugbah-awele-bonaventure/bumperbot_ws/build/bumperbot_firmware -- -j4 -l4
[3.408s] Invoking command in '/home/ugbah-awele-bonaventure/bumperbot_ws/build/bumperbot_firmware': CMAKE_PREFIX_PATH=${CMAKE_PREFIX_PATH}:/home/ugbah-awele-bonaventure/bumperbot_ws/install/joy_teleop:/home/ugbah-awele-bonaventure/bumperbot_ws/install/bumperbot_py_examples:/opt/ros/jazzy DEBUGINFOD_URLS=https://debuginfod.ubuntu.com /usr/bin/cmake --install /home/ugbah-awele-bonaventure/bumperbot_ws/build/bumperbot_firmware
[3.420s] -- Install configuration: ""
[3.420s] -- Up-to-date: /home/ugbah-awele-bonaventure/bumperbot_ws/install/bumperbot_firmware/share/bumperbot_firmware/environment/pythonpath.sh
[3.421s] -- Up-to-date: /home/ugbah-awele-bonaventure/bumperbot_ws/install/bumperbot_firmware/share/bumperbot_firmware/environment/pythonpath.dsv
[3.421s] -- Up-to-date: /home/ugbah-awele-bonaventure/bumperbot_ws/install/bumperbot_firmware/lib/python3.12/site-packages/bumperbot_firmware-0.0.0-py3.12.egg-info
[3.421s] -- Installing: /home/ugbah-awele-bonaventure/bumperbot_ws/install/bumperbot_firmware/lib/python3.12/site-packages/bumperbot_firmware-0.0.0-py3.12.egg-info/SOURCES.txt
[3.421s] -- Installing: /home/ugbah-awele-bonaventure/bumperbot_ws/install/bumperbot_firmware/lib/python3.12/site-packages/bumperbot_firmware-0.0.0-py3.12.egg-info/dependency_links.txt
[3.421s] -- Installing: /home/ugbah-awele-bonaventure/bumperbot_ws/install/bumperbot_firmware/lib/python3.12/site-packages/bumperbot_firmware-0.0.0-py3.12.egg-info/PKG-INFO
[3.422s] -- Installing: /home/ugbah-awele-bonaventure/bumperbot_ws/install/bumperbot_firmware/lib/python3.12/site-packages/bumperbot_firmware-0.0.0-py3.12.egg-info/top_level.txt
[3.422s] -- Up-to-date: /home/ugbah-awele-bonaventure/bumperbot_ws/install/bumperbot_firmware/lib/python3.12/site-packages/bumperbot_firmware
[3.422s] -- Up-to-date: /home/ugbah-awele-bonaventure/bumperbot_ws/install/bumperbot_firmware/lib/python3.12/site-packages/bumperbot_firmware/simple_serial_receiver.py
[3.422s] -- Up-to-date: /home/ugbah-awele-bonaventure/bumperbot_ws/install/bumperbot_firmware/lib/python3.12/site-packages/bumperbot_firmware/simple_serial_transmitter.py
[3.422s] -- Up-to-date: /home/ugbah-awele-bonaventure/bumperbot_ws/install/bumperbot_firmware/lib/python3.12/site-packages/bumperbot_firmware/__init__.py
[3.490s] Listing '/home/ugbah-awele-bonaventure/bumperbot_ws/install/bumperbot_firmware/lib/python3.12/site-packages/bumperbot_firmware'...
[3.501s] -- Up-to-date: /home/ugbah-awele-bonaventure/bumperbot_ws/install/bumperbot_firmware/share/bumperbot_firmware/bumperbot_interface.xml
[3.504s] -- Up-to-date: /home/ugbah-awele-bonaventure/bumperbot_ws/install/bumperbot_firmware/lib/libbumperbot_firmware.so
[3.505s] -- Up-to-date: /home/ugbah-awele-bonaventure/bumperbot_ws/install/bumperbot_firmware/include/include
[3.505s] -- Up-to-date: /home/ugbah-awele-bonaventure/bumperbot_ws/install/bumperbot_firmware/include/include/bumperbot_firmware
[3.505s] -- Up-to-date: /home/ugbah-awele-bonaventure/bumperbot_ws/install/bumperbot_firmware/include/include/bumperbot_firmware/bumperbot_interface.hpp
[3.507s] -- Installing: /home/ugbah-awele-bonaventure/bumperbot_ws/install/bumperbot_firmware/lib/{PROJECT_NAME}/launch
[3.510s] -- Installing: /home/ugbah-awele-bonaventure/bumperbot_ws/install/bumperbot_firmware/lib/{PROJECT_NAME}/launch/hardware_interface.launch.py
[3.510s] -- Up-to-date: /home/ugbah-awele-bonaventure/bumperbot_ws/install/bumperbot_firmware/lib/bumperbot_firmware/simple_serial_transmitter.py
[3.511s] -- Up-to-date: /home/ugbah-awele-bonaventure/bumperbot_ws/install/bumperbot_firmware/lib/bumperbot_firmware/simple_serial_receiver.py
[3.511s] -- Up-to-date: /home/ugbah-awele-bonaventure/bumperbot_ws/install/bumperbot_firmware/lib/bumperbot_firmware/simple_serial_receiver
[3.511s] -- Up-to-date: /home/ugbah-awele-bonaventure/bumperbot_ws/install/bumperbot_firmware/lib/bumperbot_firmware/simple_serial_transmitter
[3.511s] -- Up-to-date: /home/ugbah-awele-bonaventure/bumperbot_ws/install/bumperbot_firmware/share/bumperbot_firmware/environment/library_path.sh
[3.512s] -- Up-to-date: /home/ugbah-awele-bonaventure/bumperbot_ws/install/bumperbot_firmware/share/bumperbot_firmware/environment/library_path.dsv
[3.512s] -- Up-to-date: /home/ugbah-awele-bonaventure/bumperbot_ws/install/bumperbot_firmware/share/ament_index/resource_index/package_run_dependencies/bumperbot_firmware
[3.512s] -- Installing: /home/ugbah-awele-bonaventure/bumperbot_ws/install/bumperbot_firmware/share/ament_index/resource_index/parent_prefix_path/bumperbot_firmware
[3.512s] -- Up-to-date: /home/ugbah-awele-bonaventure/bumperbot_ws/install/bumperbot_firmware/share/bumperbot_firmware/environment/ament_prefix_path.sh
[3.513s] -- Up-to-date: /home/ugbah-awele-bonaventure/bumperbot_ws/install/bumperbot_firmware/share/bumperbot_firmware/environment/ament_prefix_path.dsv
[3.513s] -- Up-to-date: /home/ugbah-awele-bonaventure/bumperbot_ws/install/bumperbot_firmware/share/bumperbot_firmware/environment/path.sh
[3.513s] -- Up-to-date: /home/ugbah-awele-bonaventure/bumperbot_ws/install/bumperbot_firmware/share/bumperbot_firmware/environment/path.dsv
[3.514s] -- Up-to-date: /home/ugbah-awele-bonaventure/bumperbot_ws/install/bumperbot_firmware/share/bumperbot_firmware/local_setup.bash
[3.514s] -- Up-to-date: /home/ugbah-awele-bonaventure/bumperbot_ws/install/bumperbot_firmware/share/bumperbot_firmware/local_setup.sh
[3.515s] -- Up-to-date: /home/ugbah-awele-bonaventure/bumperbot_ws/install/bumperbot_firmware/share/bumperbot_firmware/local_setup.zsh
[3.515s] -- Up-to-date: /home/ugbah-awele-bonaventure/bumperbot_ws/install/bumperbot_firmware/share/bumperbot_firmware/local_setup.dsv
[3.515s] -- Installing: /home/ugbah-awele-bonaventure/bumperbot_ws/install/bumperbot_firmware/share/bumperbot_firmware/package.dsv
[3.518s] -- Up-to-date: /home/ugbah-awele-bonaventure/bumperbot_ws/install/bumperbot_firmware/share/ament_index/resource_index/packages/bumperbot_firmware
[3.518s] -- Up-to-date: /home/ugbah-awele-bonaventure/bumperbot_ws/install/bumperbot_firmware/share/ament_index/resource_index/hardware_interface__pluginlib__plugin/bumperbot_firmware
[3.519s] -- Up-to-date: /home/ugbah-awele-bonaventure/bumperbot_ws/install/bumperbot_firmware/share/bumperbot_firmware/cmake/ament_cmake_export_include_directories-extras.cmake
[3.519s] -- Up-to-date: /home/ugbah-awele-bonaventure/bumperbot_ws/install/bumperbot_firmware/share/bumperbot_firmware/cmake/ament_cmake_export_libraries-extras.cmake
[3.519s] -- Up-to-date: /home/ugbah-awele-bonaventure/bumperbot_ws/install/bumperbot_firmware/share/bumperbot_firmware/cmake/ament_cmake_export_dependencies-extras.cmake
[3.519s] -- Up-to-date: /home/ugbah-awele-bonaventure/bumperbot_ws/install/bumperbot_firmware/share/bumperbot_firmware/cmake/bumperbot_firmwareConfig.cmake
[3.519s] -- Up-to-date: /home/ugbah-awele-bonaventure/bumperbot_ws/install/bumperbot_firmware/share/bumperbot_firmware/cmake/bumperbot_firmwareConfig-version.cmake
[3.520s] -- Up-to-date: /home/ugbah-awele-bonaventure/bumperbot_ws/install/bumperbot_firmware/share/bumperbot_firmware/package.xml
[3.524s] Invoked command in '/home/ugbah-awele-bonaventure/bumperbot_ws/build/bumperbot_firmware' returned '0': CMAKE_PREFIX_PATH=${CMAKE_PREFIX_PATH}:/home/ugbah-awele-bonaventure/bumperbot_ws/install/joy_teleop:/home/ugbah-awele-bonaventure/bumperbot_ws/install/bumperbot_py_examples:/opt/ros/jazzy DEBUGINFOD_URLS=https://debuginfod.ubuntu.com /usr/bin/cmake --install /home/ugbah-awele-bonaventure/bumperbot_ws/build/bumperbot_firmware
