[1.187s] Invoking command in '/home/ugbah-awele-bonaventure/bumperbot_ws/src/teleop_tools/joy_teleop': AMENT_PREFIX_PATH=/home/ugbah-awele-bonaventure/bumperbot_ws/install/teleop_tools_msgs:${AMENT_PREFIX_PATH} CMAKE_PREFIX_PATH=/home/ugbah-awele-bonaventure/bumperbot_ws/install/teleop_tools_msgs:${CMAKE_PREFIX_PATH} DEBUGINFOD_URLS=https://debuginfod.ubuntu.com LD_LIBRARY_PATH=/home/ugbah-awele-bonaventure/bumperbot_ws/install/teleop_tools_msgs/lib:${LD_LIBRARY_PATH} PYTHONPATH=/home/ugbah-awele-bonaventure/bumperbot_ws/build/joy_teleop/prefix_override:/usr/lib/python3/dist-packages/colcon_core/task/python/colcon_distutils_commands:/home/ugbah-awele-bonaventure/bumperbot_ws/install/joy_teleop/lib/python3.12/site-packages:/home/ugbah-awele-bonaventure/bumperbot_ws/install/teleop_tools_msgs/lib/python3.12/site-packages:${PYTHONPATH} /usr/bin/python3 -W ignore:setup.py install is deprecated -W ignore:easy_install command is deprecated setup.py egg_info --egg-base ../../../build/joy_teleop build --build-base /home/ugbah-awele-bonaventure/bumperbot_ws/build/joy_teleop/build install --record /home/ugbah-awele-bonaventure/bumperbot_ws/build/joy_teleop/install.log --single-version-externally-managed install_data
[1.658s] running egg_info
[1.689s] writing ../../../build/joy_teleop/joy_teleop.egg-info/PKG-INFO
[1.689s] writing dependency_links to ../../../build/joy_teleop/joy_teleop.egg-info/dependency_links.txt
[1.689s] writing entry points to ../../../build/joy_teleop/joy_teleop.egg-info/entry_points.txt
[1.690s] writing requirements to ../../../build/joy_teleop/joy_teleop.egg-info/requires.txt
[1.690s] writing top-level names to ../../../build/joy_teleop/joy_teleop.egg-info/top_level.txt
[1.751s] reading manifest file '../../../build/joy_teleop/joy_teleop.egg-info/SOURCES.txt'
[1.753s] writing manifest file '../../../build/joy_teleop/joy_teleop.egg-info/SOURCES.txt'
[1.753s] running build
[1.753s] running build_py
[1.753s] running install
[1.764s] running install_lib
[1.800s] running install_data
[1.800s] running install_egg_info
[1.828s] removing '/home/ugbah-awele-bonaventure/bumperbot_ws/install/joy_teleop/lib/python3.12/site-packages/joy_teleop-1.8.0-py3.12.egg-info' (and everything under it)
[1.829s] Copying ../../../build/joy_teleop/joy_teleop.egg-info to /home/ugbah-awele-bonaventure/bumperbot_ws/install/joy_teleop/lib/python3.12/site-packages/joy_teleop-1.8.0-py3.12.egg-info
[1.830s] running install_scripts
[2.014s] Installing incrementer_server script to /home/ugbah-awele-bonaventure/bumperbot_ws/install/joy_teleop/lib/joy_teleop
[2.015s] Installing joy_teleop script to /home/ugbah-awele-bonaventure/bumperbot_ws/install/joy_teleop/lib/joy_teleop
[2.015s] writing list of installed files to '/home/ugbah-awele-bonaventure/bumperbot_ws/build/joy_teleop/install.log'
[2.057s] Invoked command in '/home/ugbah-awele-bonaventure/bumperbot_ws/src/teleop_tools/joy_teleop' returned '0': AMENT_PREFIX_PATH=/home/ugbah-awele-bonaventure/bumperbot_ws/install/teleop_tools_msgs:${AMENT_PREFIX_PATH} CMAKE_PREFIX_PATH=/home/ugbah-awele-bonaventure/bumperbot_ws/install/teleop_tools_msgs:${CMAKE_PREFIX_PATH} DEBUGINFOD_URLS=https://debuginfod.ubuntu.com LD_LIBRARY_PATH=/home/ugbah-awele-bonaventure/bumperbot_ws/install/teleop_tools_msgs/lib:${LD_LIBRARY_PATH} PYTHONPATH=/home/ugbah-awele-bonaventure/bumperbot_ws/build/joy_teleop/prefix_override:/usr/lib/python3/dist-packages/colcon_core/task/python/colcon_distutils_commands:/home/ugbah-awele-bonaventure/bumperbot_ws/install/joy_teleop/lib/python3.12/site-packages:/home/ugbah-awele-bonaventure/bumperbot_ws/install/teleop_tools_msgs/lib/python3.12/site-packages:${PYTHONPATH} /usr/bin/python3 -W ignore:setup.py install is deprecated -W ignore:easy_install command is deprecated setup.py egg_info --egg-base ../../../build/joy_teleop build --build-base /home/ugbah-awele-bonaventure/bumperbot_ws/build/joy_teleop/build install --record /home/ugbah-awele-bonaventure/bumperbot_ws/build/joy_teleop/install.log --single-version-externally-managed install_data
