[52.236s] Invoking command in '/home/ugbah-awele-bonaventure/bumperbot_ws/src/teleop_tools/key_teleop': DEBUGINFOD_URLS=https://debuginfod.ubuntu.com PYTHONPATH=/home/ugbah-awele-bonaventure/bumperbot_ws/build/key_teleop/prefix_override:/usr/lib/python3/dist-packages/colcon_core/task/python/colcon_distutils_commands:/home/ugbah-awele-bonaventure/bumperbot_ws/install/key_teleop/lib/python3.12/site-packages:${PYTHONPATH} /usr/bin/python3 -W ignore:setup.py install is deprecated -W ignore:easy_install command is deprecated setup.py egg_info --egg-base ../../../build/key_teleop build --build-base /home/ugbah-awele-bonaventure/bumperbot_ws/build/key_teleop/build install --record /home/ugbah-awele-bonaventure/bumperbot_ws/build/key_teleop/install.log --single-version-externally-managed install_data
[53.043s] running egg_info
[53.102s] writing ../../../build/key_teleop/key_teleop.egg-info/PKG-INFO
[53.103s] writing dependency_links to ../../../build/key_teleop/key_teleop.egg-info/dependency_links.txt
[53.103s] writing entry points to ../../../build/key_teleop/key_teleop.egg-info/entry_points.txt
[53.104s] writing requirements to ../../../build/key_teleop/key_teleop.egg-info/requires.txt
[53.104s] writing top-level names to ../../../build/key_teleop/key_teleop.egg-info/top_level.txt
[53.257s] reading manifest file '../../../build/key_teleop/key_teleop.egg-info/SOURCES.txt'
[53.446s] adding license file 'LICENSE'
[53.446s] writing manifest file '../../../build/key_teleop/key_teleop.egg-info/SOURCES.txt'
[53.447s] running build
[53.447s] running build_py
[53.449s] running install
[53.476s] running install_lib
[53.578s] running install_data
[53.578s] running install_egg_info
[53.639s] removing '/home/ugbah-awele-bonaventure/bumperbot_ws/install/key_teleop/lib/python3.12/site-packages/key_teleop-1.8.0-py3.12.egg-info' (and everything under it)
[53.641s] Copying ../../../build/key_teleop/key_teleop.egg-info to /home/ugbah-awele-bonaventure/bumperbot_ws/install/key_teleop/lib/python3.12/site-packages/key_teleop-1.8.0-py3.12.egg-info
[53.686s] running install_scripts
[54.065s] Installing key_teleop script to /home/ugbah-awele-bonaventure/bumperbot_ws/install/key_teleop/lib/key_teleop
[54.065s] writing list of installed files to '/home/ugbah-awele-bonaventure/bumperbot_ws/build/key_teleop/install.log'
[54.648s] Invoked command in '/home/ugbah-awele-bonaventure/bumperbot_ws/src/teleop_tools/key_teleop' returned '0': DEBUGINFOD_URLS=https://debuginfod.ubuntu.com PYTHONPATH=/home/ugbah-awele-bonaventure/bumperbot_ws/build/key_teleop/prefix_override:/usr/lib/python3/dist-packages/colcon_core/task/python/colcon_distutils_commands:/home/ugbah-awele-bonaventure/bumperbot_ws/install/key_teleop/lib/python3.12/site-packages:${PYTHONPATH} /usr/bin/python3 -W ignore:setup.py install is deprecated -W ignore:easy_install command is deprecated setup.py egg_info --egg-base ../../../build/key_teleop build --build-base /home/ugbah-awele-bonaventure/bumperbot_ws/build/key_teleop/build install --record /home/ugbah-awele-bonaventure/bumperbot_ws/build/key_teleop/install.log --single-version-externally-managed install_data
