[0.033s] Invoking command in '/home/ugbah-awele-bonaventure/bumperbot_ws/build/bumperbot_bringup': CMAKE_PREFIX_PATH=${CMAKE_PREFIX_PATH}:/home/ugbah-awele-bonaventure/bumperbot_ws/install/joy_teleop:/home/ugbah-awele-bonaventure/bumperbot_ws/install/bumperbot_py_examples:/opt/ros/jazzy DEBUGINFOD_URLS=https://debuginfod.ubuntu.com /usr/bin/cmake /home/ugbah-awele-bonaventure/bumperbot_ws/src/bumperbot_bringup -DCMAKE_INSTALL_PREFIX=/home/ugbah-awele-bonaventure/bumperbot_ws/install/bumperbot_bringup
[0.242s] -- The C compiler identification is GNU 13.3.0
[0.832s] -- The CXX compiler identification is GNU 13.3.0
[0.961s] -- Detecting C compiler ABI info
[1.554s] -- Detecting C compiler ABI info - done
[1.633s] -- Check for working C compiler: /usr/bin/cc - skipped
[1.634s] -- Detecting C compile features
[1.638s] -- Detecting C compile features - done
[1.661s] -- Detecting CXX compiler ABI info
[2.041s] -- Detecting CXX compiler ABI info - done
[2.096s] -- Check for working CXX compiler: /usr/bin/c++ - skipped
[2.098s] -- Detecting CXX compile features
[2.101s] -- Detecting CXX compile features - done
[2.122s] -- Found ament_cmake: 2.5.4 (/opt/ros/jazzy/share/ament_cmake/cmake)
[2.655s] -- Found Python3: /usr/bin/python3 (found version "3.12.3") found components: Interpreter 
[2.995s] -- Found ament_lint_auto: 0.17.3 (/opt/ros/jazzy/share/ament_lint_auto/cmake)
[3.569s] -- Added test 'lint_cmake' to check CMake code style
[3.581s] -- Added test 'xmllint' to check XML markup files
[3.600s] -- Configuring done (3.5s)
[3.620s] -- Generating done (0.0s)
[3.635s] -- Build files have been written to: /home/ugbah-awele-bonaventure/bumperbot_ws/build/bumperbot_bringup
[4.098s] Invoked command in '/home/ugbah-awele-bonaventure/bumperbot_ws/build/bumperbot_bringup' returned '0': CMAKE_PREFIX_PATH=${CMAKE_PREFIX_PATH}:/home/ugbah-awele-bonaventure/bumperbot_ws/install/joy_teleop:/home/ugbah-awele-bonaventure/bumperbot_ws/install/bumperbot_py_examples:/opt/ros/jazzy DEBUGINFOD_URLS=https://debuginfod.ubuntu.com /usr/bin/cmake /home/ugbah-awele-bonaventure/bumperbot_ws/src/bumperbot_bringup -DCMAKE_INSTALL_PREFIX=/home/ugbah-awele-bonaventure/bumperbot_ws/install/bumperbot_bringup
[4.102s] Invoking command in '/home/ugbah-awele-bonaventure/bumperbot_ws/build/bumperbot_bringup': CMAKE_PREFIX_PATH=${CMAKE_PREFIX_PATH}:/home/ugbah-awele-bonaventure/bumperbot_ws/install/joy_teleop:/home/ugbah-awele-bonaventure/bumperbot_ws/install/bumperbot_py_examples:/opt/ros/jazzy DEBUGINFOD_URLS=https://debuginfod.ubuntu.com /usr/bin/cmake --build /home/ugbah-awele-bonaventure/bumperbot_ws/build/bumperbot_bringup -- -j4 -l4
[4.210s] Invoked command in '/home/ugbah-awele-bonaventure/bumperbot_ws/build/bumperbot_bringup' returned '0': CMAKE_PREFIX_PATH=${CMAKE_PREFIX_PATH}:/home/ugbah-awele-bonaventure/bumperbot_ws/install/joy_teleop:/home/ugbah-awele-bonaventure/bumperbot_ws/install/bumperbot_py_examples:/opt/ros/jazzy DEBUGINFOD_URLS=https://debuginfod.ubuntu.com /usr/bin/cmake --build /home/ugbah-awele-bonaventure/bumperbot_ws/build/bumperbot_bringup -- -j4 -l4
[4.214s] Invoking command in '/home/ugbah-awele-bonaventure/bumperbot_ws/build/bumperbot_bringup': CMAKE_PREFIX_PATH=${CMAKE_PREFIX_PATH}:/home/ugbah-awele-bonaventure/bumperbot_ws/install/joy_teleop:/home/ugbah-awele-bonaventure/bumperbot_ws/install/bumperbot_py_examples:/opt/ros/jazzy DEBUGINFOD_URLS=https://debuginfod.ubuntu.com /usr/bin/cmake --install /home/ugbah-awele-bonaventure/bumperbot_ws/build/bumperbot_bringup
[4.237s] -- Install configuration: ""
[4.238s] -- Installing: /home/ugbah-awele-bonaventure/bumperbot_ws/install/bumperbot_bringup/share/ament_index/resource_index/package_run_dependencies/bumperbot_bringup
[4.241s] -- Installing: /home/ugbah-awele-bonaventure/bumperbot_ws/install/bumperbot_bringup/share/ament_index/resource_index/parent_prefix_path/bumperbot_bringup
[4.242s] -- Installing: /home/ugbah-awele-bonaventure/bumperbot_ws/install/bumperbot_bringup/share/bumperbot_bringup/environment/ament_prefix_path.sh
[4.242s] -- Installing: /home/ugbah-awele-bonaventure/bumperbot_ws/install/bumperbot_bringup/share/bumperbot_bringup/environment/ament_prefix_path.dsv
[4.244s] -- Installing: /home/ugbah-awele-bonaventure/bumperbot_ws/install/bumperbot_bringup/share/bumperbot_bringup/environment/path.sh
[4.245s] -- Installing: /home/ugbah-awele-bonaventure/bumperbot_ws/install/bumperbot_bringup/share/bumperbot_bringup/environment/path.dsv
[4.249s] -- Installing: /home/ugbah-awele-bonaventure/bumperbot_ws/install/bumperbot_bringup/share/bumperbot_bringup/local_setup.bash
[4.249s] -- Installing: /home/ugbah-awele-bonaventure/bumperbot_ws/install/bumperbot_bringup/share/bumperbot_bringup/local_setup.sh
[4.249s] -- Installing: /home/ugbah-awele-bonaventure/bumperbot_ws/install/bumperbot_bringup/share/bumperbot_bringup/local_setup.zsh
[4.250s] -- Installing: /home/ugbah-awele-bonaventure/bumperbot_ws/install/bumperbot_bringup/share/bumperbot_bringup/local_setup.dsv
[4.250s] -- Installing: /home/ugbah-awele-bonaventure/bumperbot_ws/install/bumperbot_bringup/share/bumperbot_bringup/package.dsv
[4.253s] -- Installing: /home/ugbah-awele-bonaventure/bumperbot_ws/install/bumperbot_bringup/share/ament_index/resource_index/packages/bumperbot_bringup
[4.253s] -- Installing: /home/ugbah-awele-bonaventure/bumperbot_ws/install/bumperbot_bringup/share/bumperbot_bringup/cmake/bumperbot_bringupConfig.cmake
[4.256s] -- Installing: /home/ugbah-awele-bonaventure/bumperbot_ws/install/bumperbot_bringup/share/bumperbot_bringup/cmake/bumperbot_bringupConfig-version.cmake
[4.256s] -- Installing: /home/ugbah-awele-bonaventure/bumperbot_ws/install/bumperbot_bringup/share/bumperbot_bringup/package.xml
[4.260s] Invoked command in '/home/ugbah-awele-bonaventure/bumperbot_ws/build/bumperbot_bringup' returned '0': CMAKE_PREFIX_PATH=${CMAKE_PREFIX_PATH}:/home/ugbah-awele-bonaventure/bumperbot_ws/install/joy_teleop:/home/ugbah-awele-bonaventure/bumperbot_ws/install/bumperbot_py_examples:/opt/ros/jazzy DEBUGINFOD_URLS=https://debuginfod.ubuntu.com /usr/bin/cmake --install /home/ugbah-awele-bonaventure/bumperbot_ws/build/bumperbot_bringup
