[1.350s] Invoking command in '/home/ugbah-awele-bonaventure/bumperbot_ws/src/bumperbot_py_examples': DEBUGINFOD_URLS=https://debuginfod.ubuntu.com PYTHONPATH=/home/ugbah-awele-bonaventure/bumperbot_ws/build/bumperbot_py_examples/prefix_override:/usr/lib/python3/dist-packages/colcon_core/task/python/colcon_distutils_commands:/home/ugbah-awele-bonaventure/bumperbot_ws/install/bumperbot_py_examples/lib/python3.12/site-packages:${PYTHONPATH} /usr/bin/python3 -W ignore:setup.py install is deprecated -W ignore:easy_install command is deprecated setup.py egg_info --egg-base ../../build/bumperbot_py_examples build --build-base /home/ugbah-awele-bonaventure/bumperbot_ws/build/bumperbot_py_examples/build install --record /home/ugbah-awele-bonaventure/bumperbot_ws/build/bumperbot_py_examples/install.log --single-version-externally-managed install_data
[1.706s] running egg_info
[1.733s] writing ../../build/bumperbot_py_examples/bumperbot_py_examples.egg-info/PKG-INFO
[1.734s] writing dependency_links to ../../build/bumperbot_py_examples/bumperbot_py_examples.egg-info/dependency_links.txt
[1.734s] writing entry points to ../../build/bumperbot_py_examples/bumperbot_py_examples.egg-info/entry_points.txt
[1.734s] writing requirements to ../../build/bumperbot_py_examples/bumperbot_py_examples.egg-info/requires.txt
[1.734s] writing top-level names to ../../build/bumperbot_py_examples/bumperbot_py_examples.egg-info/top_level.txt
[1.792s] reading manifest file '../../build/bumperbot_py_examples/bumperbot_py_examples.egg-info/SOURCES.txt'
[1.793s] writing manifest file '../../build/bumperbot_py_examples/bumperbot_py_examples.egg-info/SOURCES.txt'
[1.793s] running build
[1.794s] running build_py
[1.794s] running install
[1.802s] running install_lib
[1.830s] running install_data
[1.830s] running install_egg_info
[1.859s] removing '/home/ugbah-awele-bonaventure/bumperbot_ws/install/bumperbot_py_examples/lib/python3.12/site-packages/bumperbot_py_examples-0.0.0-py3.12.egg-info' (and everything under it)
[1.859s] Copying ../../build/bumperbot_py_examples/bumperbot_py_examples.egg-info to /home/ugbah-awele-bonaventure/bumperbot_ws/install/bumperbot_py_examples/lib/python3.12/site-packages/bumperbot_py_examples-0.0.0-py3.12.egg-info
[1.860s] running install_scripts
[2.038s] Installing my_parameter script to /home/ugbah-awele-bonaventure/bumperbot_ws/install/bumperbot_py_examples/lib/bumperbot_py_examples
[2.038s] Installing simple_turtlesim_kinematics script to /home/ugbah-awele-bonaventure/bumperbot_ws/install/bumperbot_py_examples/lib/bumperbot_py_examples
[2.039s] writing list of installed files to '/home/ugbah-awele-bonaventure/bumperbot_ws/build/bumperbot_py_examples/install.log'
[2.081s] Invoked command in '/home/ugbah-awele-bonaventure/bumperbot_ws/src/bumperbot_py_examples' returned '0': DEBUGINFOD_URLS=https://debuginfod.ubuntu.com PYTHONPATH=/home/ugbah-awele-bonaventure/bumperbot_ws/build/bumperbot_py_examples/prefix_override:/usr/lib/python3/dist-packages/colcon_core/task/python/colcon_distutils_commands:/home/ugbah-awele-bonaventure/bumperbot_ws/install/bumperbot_py_examples/lib/python3.12/site-packages:${PYTHONPATH} /usr/bin/python3 -W ignore:setup.py install is deprecated -W ignore:easy_install command is deprecated setup.py egg_info --egg-base ../../build/bumperbot_py_examples build --build-base /home/ugbah-awele-bonaventure/bumperbot_ws/build/bumperbot_py_examples/build install --record /home/ugbah-awele-bonaventure/bumperbot_ws/build/bumperbot_py_examples/install.log --single-version-externally-managed install_data
