[0.060s] Invoking command in '/home/ugbah-awele-bonaventure/bumperbot_ws/build/bumperbot_firmware': CMAKE_PREFIX_PATH=${CMAKE_PREFIX_PATH}:/opt/ros/jazzy DEBUGINFOD_URLS=https://debuginfod.ubuntu.com /usr/bin/cmake --build /home/ugbah-awele-bonaventure/bumperbot_ws/build/bumperbot_firmware -- -j4 -l4
[0.503s] [ 33%] Built target simple_serial_receiver
[0.511s] [ 66%] Built target simple_serial_transmitter
[0.511s] [100%] Built target bumperbot_firmware
[0.525s] [100%] Built target ament_cmake_python_copy_bumperbot_firmware
[1.288s] running egg_info
[1.324s] writing bumperbot_firmware.egg-info/PKG-INFO
[1.325s] writing dependency_links to bumperbot_firmware.egg-info/dependency_links.txt
[1.325s] writing top-level names to bumperbot_firmware.egg-info/top_level.txt
[1.454s] reading manifest file 'bumperbot_firmware.egg-info/SOURCES.txt'
[1.455s] writing manifest file 'bumperbot_firmware.egg-info/SOURCES.txt'
[1.497s] [100%] Built target ament_cmake_python_build_bumperbot_firmware_egg
[1.635s] Invoked command in '/home/ugbah-awele-bonaventure/bumperbot_ws/build/bumperbot_firmware' returned '0': CMAKE_PREFIX_PATH=${CMAKE_PREFIX_PATH}:/opt/ros/jazzy DEBUGINFOD_URLS=https://debuginfod.ubuntu.com /usr/bin/cmake --build /home/ugbah-awele-bonaventure/bumperbot_ws/build/bumperbot_firmware -- -j4 -l4
[1.637s] Invoking command in '/home/ugbah-awele-bonaventure/bumperbot_ws/build/bumperbot_firmware': CMAKE_PREFIX_PATH=${CMAKE_PREFIX_PATH}:/opt/ros/jazzy DEBUGINFOD_URLS=https://debuginfod.ubuntu.com /usr/bin/cmake --install /home/ugbah-awele-bonaventure/bumperbot_ws/build/bumperbot_firmware
[1.659s] -- Install configuration: ""
[1.659s] -- Up-to-date: /home/ugbah-awele-bonaventure/bumperbot_ws/install/bumperbot_firmware/share/bumperbot_firmware/environment/pythonpath.sh
[1.660s] -- Up-to-date: /home/ugbah-awele-bonaventure/bumperbot_ws/install/bumperbot_firmware/share/bumperbot_firmware/environment/pythonpath.dsv
[1.660s] -- Up-to-date: /home/ugbah-awele-bonaventure/bumperbot_ws/install/bumperbot_firmware/lib/python3.12/site-packages/bumperbot_firmware-0.0.0-py3.12.egg-info
[1.660s] -- Installing: /home/ugbah-awele-bonaventure/bumperbot_ws/install/bumperbot_firmware/lib/python3.12/site-packages/bumperbot_firmware-0.0.0-py3.12.egg-info/SOURCES.txt
[1.661s] -- Installing: /home/ugbah-awele-bonaventure/bumperbot_ws/install/bumperbot_firmware/lib/python3.12/site-packages/bumperbot_firmware-0.0.0-py3.12.egg-info/dependency_links.txt
[1.661s] -- Installing: /home/ugbah-awele-bonaventure/bumperbot_ws/install/bumperbot_firmware/lib/python3.12/site-packages/bumperbot_firmware-0.0.0-py3.12.egg-info/PKG-INFO
[1.662s] -- Installing: /home/ugbah-awele-bonaventure/bumperbot_ws/install/bumperbot_firmware/lib/python3.12/site-packages/bumperbot_firmware-0.0.0-py3.12.egg-info/top_level.txt
[1.666s] -- Up-to-date: /home/ugbah-awele-bonaventure/bumperbot_ws/install/bumperbot_firmware/lib/python3.12/site-packages/bumperbot_firmware
[1.667s] -- Up-to-date: /home/ugbah-awele-bonaventure/bumperbot_ws/install/bumperbot_firmware/lib/python3.12/site-packages/bumperbot_firmware/simple_serial_receiver.py
[1.670s] -- Up-to-date: /home/ugbah-awele-bonaventure/bumperbot_ws/install/bumperbot_firmware/lib/python3.12/site-packages/bumperbot_firmware/simple_serial_transmitter.py
[1.670s] -- Up-to-date: /home/ugbah-awele-bonaventure/bumperbot_ws/install/bumperbot_firmware/lib/python3.12/site-packages/bumperbot_firmware/__init__.py
[1.778s] Listing '/home/ugbah-awele-bonaventure/bumperbot_ws/install/bumperbot_firmware/lib/python3.12/site-packages/bumperbot_firmware'...
[1.787s] -- Up-to-date: /home/ugbah-awele-bonaventure/bumperbot_ws/install/bumperbot_firmware/share/bumperbot_firmware/bumperbot_interface.xml
[1.788s] -- Up-to-date: /home/ugbah-awele-bonaventure/bumperbot_ws/install/bumperbot_firmware/lib/libbumperbot_firmware.so
[1.788s] -- Up-to-date: /home/ugbah-awele-bonaventure/bumperbot_ws/install/bumperbot_firmware/include/include
[1.788s] -- Up-to-date: /home/ugbah-awele-bonaventure/bumperbot_ws/install/bumperbot_firmware/include/include/bumperbot_firmware
[1.788s] -- Up-to-date: /home/ugbah-awele-bonaventure/bumperbot_ws/install/bumperbot_firmware/include/include/bumperbot_firmware/bumperbot_interface.hpp
[1.789s] -- Up-to-date: /home/ugbah-awele-bonaventure/bumperbot_ws/install/bumperbot_firmware/lib/bumperbot_firmware/simple_serial_transmitter.py
[1.790s] -- Up-to-date: /home/ugbah-awele-bonaventure/bumperbot_ws/install/bumperbot_firmware/lib/bumperbot_firmware/simple_serial_receiver.py
[1.791s] -- Up-to-date: /home/ugbah-awele-bonaventure/bumperbot_ws/install/bumperbot_firmware/lib/bumperbot_firmware/simple_serial_receiver
[1.791s] -- Up-to-date: /home/ugbah-awele-bonaventure/bumperbot_ws/install/bumperbot_firmware/lib/bumperbot_firmware/simple_serial_transmitter
[1.791s] -- Up-to-date: /home/ugbah-awele-bonaventure/bumperbot_ws/install/bumperbot_firmware/share/bumperbot_firmware/environment/library_path.sh
[1.792s] -- Up-to-date: /home/ugbah-awele-bonaventure/bumperbot_ws/install/bumperbot_firmware/share/bumperbot_firmware/environment/library_path.dsv
[1.792s] -- Up-to-date: /home/ugbah-awele-bonaventure/bumperbot_ws/install/bumperbot_firmware/share/ament_index/resource_index/package_run_dependencies/bumperbot_firmware
[1.792s] -- Up-to-date: /home/ugbah-awele-bonaventure/bumperbot_ws/install/bumperbot_firmware/share/ament_index/resource_index/parent_prefix_path/bumperbot_firmware
[1.792s] -- Up-to-date: /home/ugbah-awele-bonaventure/bumperbot_ws/install/bumperbot_firmware/share/bumperbot_firmware/environment/ament_prefix_path.sh
[1.792s] -- Up-to-date: /home/ugbah-awele-bonaventure/bumperbot_ws/install/bumperbot_firmware/share/bumperbot_firmware/environment/ament_prefix_path.dsv
[1.793s] -- Up-to-date: /home/ugbah-awele-bonaventure/bumperbot_ws/install/bumperbot_firmware/share/bumperbot_firmware/environment/path.sh
[1.793s] -- Up-to-date: /home/ugbah-awele-bonaventure/bumperbot_ws/install/bumperbot_firmware/share/bumperbot_firmware/environment/path.dsv
[1.793s] -- Up-to-date: /home/ugbah-awele-bonaventure/bumperbot_ws/install/bumperbot_firmware/share/bumperbot_firmware/local_setup.bash
[1.793s] -- Up-to-date: /home/ugbah-awele-bonaventure/bumperbot_ws/install/bumperbot_firmware/share/bumperbot_firmware/local_setup.sh
[1.793s] -- Up-to-date: /home/ugbah-awele-bonaventure/bumperbot_ws/install/bumperbot_firmware/share/bumperbot_firmware/local_setup.zsh
[1.793s] -- Up-to-date: /home/ugbah-awele-bonaventure/bumperbot_ws/install/bumperbot_firmware/share/bumperbot_firmware/local_setup.dsv
[1.794s] -- Installing: /home/ugbah-awele-bonaventure/bumperbot_ws/install/bumperbot_firmware/share/bumperbot_firmware/package.dsv
[1.799s] -- Up-to-date: /home/ugbah-awele-bonaventure/bumperbot_ws/install/bumperbot_firmware/share/ament_index/resource_index/packages/bumperbot_firmware
[1.804s] -- Up-to-date: /home/ugbah-awele-bonaventure/bumperbot_ws/install/bumperbot_firmware/share/ament_index/resource_index/hardware_interface__pluginlib__plugin/bumperbot_firmware
[1.804s] -- Up-to-date: /home/ugbah-awele-bonaventure/bumperbot_ws/install/bumperbot_firmware/share/bumperbot_firmware/cmake/ament_cmake_export_include_directories-extras.cmake
[1.805s] -- Up-to-date: /home/ugbah-awele-bonaventure/bumperbot_ws/install/bumperbot_firmware/share/bumperbot_firmware/cmake/ament_cmake_export_libraries-extras.cmake
[1.805s] -- Up-to-date: /home/ugbah-awele-bonaventure/bumperbot_ws/install/bumperbot_firmware/share/bumperbot_firmware/cmake/ament_cmake_export_dependencies-extras.cmake
[1.806s] -- Up-to-date: /home/ugbah-awele-bonaventure/bumperbot_ws/install/bumperbot_firmware/share/bumperbot_firmware/cmake/bumperbot_firmwareConfig.cmake
[1.806s] -- Up-to-date: /home/ugbah-awele-bonaventure/bumperbot_ws/install/bumperbot_firmware/share/bumperbot_firmware/cmake/bumperbot_firmwareConfig-version.cmake
[1.806s] -- Up-to-date: /home/ugbah-awele-bonaventure/bumperbot_ws/install/bumperbot_firmware/share/bumperbot_firmware/package.xml
[1.808s] Invoked command in '/home/ugbah-awele-bonaventure/bumperbot_ws/build/bumperbot_firmware' returned '0': CMAKE_PREFIX_PATH=${CMAKE_PREFIX_PATH}:/opt/ros/jazzy DEBUGINFOD_URLS=https://debuginfod.ubuntu.com /usr/bin/cmake --install /home/ugbah-awele-bonaventure/bumperbot_ws/build/bumperbot_firmware
