[0.222s] Invoking command in '/home/ugbah-awele-bonaventure/bumperbot_ws/build/bumperbot_localization': CMAKE_PREFIX_PATH=${CMAKE_PREFIX_PATH}:/home/ugbah-awele-bonaventure/bumperbot_ws/install/joy_teleop:/home/ugbah-awele-bonaventure/bumperbot_ws/install/mouse_teleop:/home/ugbah-awele-bonaventure/bumperbot_ws/install/key_teleop:/home/ugbah-awele-bonaventure/bumperbot_ws/install/bumperbot_py_examples:/home/ugbah-awele-bonaventure/arduinobot_ws/install/arduinobot_py_examples:/opt/ros/jazzy DEBUGINFOD_URLS=https://debuginfod.ubuntu.com /usr/bin/cmake --build /home/ugbah-awele-bonaventure/bumperbot_ws/build/bumperbot_localization -- -j4 -l4
[0.389s] -- Found ament_cmake: 2.5.4 (/opt/ros/jazzy/share/ament_cmake/cmake)
[1.446s] -- Found rclpy: 7.1.5 (/opt/ros/jazzy/share/rclpy/cmake)
[1.448s] -- Found nav_msgs: 5.3.6 (/opt/ros/jazzy/share/nav_msgs/cmake)
[1.537s] -- Found rosidl_generator_c: 4.6.6 (/opt/ros/jazzy/share/rosidl_generator_c/cmake)
[1.568s] -- Found rosidl_generator_cpp: 4.6.6 (/opt/ros/jazzy/share/rosidl_generator_cpp/cmake)
[1.622s] -- Using all available rosidl_typesupport_c: rosidl_typesupport_fastrtps_c;rosidl_typesupport_introspection_c
[1.668s] -- Using all available rosidl_typesupport_cpp: rosidl_typesupport_fastrtps_cpp;rosidl_typesupport_introspection_cpp
[1.954s] -- Found sensor_msgs: 5.3.6 (/opt/ros/jazzy/share/sensor_msgs/cmake)
[2.422s] -- Found ament_lint_auto: 0.17.3 (/opt/ros/jazzy/share/ament_lint_auto/cmake)
[3.027s] -- Added test 'copyright' to check source files copyright and LICENSE
[3.033s] -- Added test 'flake8' to check Python code syntax and style conventions
[3.034s] -- Configured 'flake8' exclude dirs and/or files: 
[3.036s] -- Added test 'lint_cmake' to check CMake code style
[3.039s] -- Added test 'pep257' to check Python code against some of the docstring style conventions in PEP 257
[3.043s] -- Added test 'xmllint' to check XML markup files
[3.050s] -- Configuring done (2.7s)
[3.075s] -- Generating done (0.0s)
[3.087s] -- Build files have been written to: /home/ugbah-awele-bonaventure/bumperbot_ws/build/bumperbot_localization
[3.299s] Built target ament_cmake_python_copy_bumperbot_localization
[4.042s] running egg_info
[4.117s] writing bumperbot_localization.egg-info/PKG-INFO
[4.118s] writing dependency_links to bumperbot_localization.egg-info/dependency_links.txt
[4.118s] writing top-level names to bumperbot_localization.egg-info/top_level.txt
[4.349s] reading manifest file 'bumperbot_localization.egg-info/SOURCES.txt'
[4.351s] writing manifest file 'bumperbot_localization.egg-info/SOURCES.txt'
[4.515s] Built target ament_cmake_python_build_bumperbot_localization_egg
[4.570s] Invoked command in '/home/ugbah-awele-bonaventure/bumperbot_ws/build/bumperbot_localization' returned '0': CMAKE_PREFIX_PATH=${CMAKE_PREFIX_PATH}:/home/ugbah-awele-bonaventure/bumperbot_ws/install/joy_teleop:/home/ugbah-awele-bonaventure/bumperbot_ws/install/mouse_teleop:/home/ugbah-awele-bonaventure/bumperbot_ws/install/key_teleop:/home/ugbah-awele-bonaventure/bumperbot_ws/install/bumperbot_py_examples:/home/ugbah-awele-bonaventure/arduinobot_ws/install/arduinobot_py_examples:/opt/ros/jazzy DEBUGINFOD_URLS=https://debuginfod.ubuntu.com /usr/bin/cmake --build /home/ugbah-awele-bonaventure/bumperbot_ws/build/bumperbot_localization -- -j4 -l4
[4.573s] Invoking command in '/home/ugbah-awele-bonaventure/bumperbot_ws/build/bumperbot_localization': CMAKE_PREFIX_PATH=${CMAKE_PREFIX_PATH}:/home/ugbah-awele-bonaventure/bumperbot_ws/install/joy_teleop:/home/ugbah-awele-bonaventure/bumperbot_ws/install/mouse_teleop:/home/ugbah-awele-bonaventure/bumperbot_ws/install/key_teleop:/home/ugbah-awele-bonaventure/bumperbot_ws/install/bumperbot_py_examples:/home/ugbah-awele-bonaventure/arduinobot_ws/install/arduinobot_py_examples:/opt/ros/jazzy DEBUGINFOD_URLS=https://debuginfod.ubuntu.com /usr/bin/cmake --install /home/ugbah-awele-bonaventure/bumperbot_ws/build/bumperbot_localization
[4.616s] -- Install configuration: ""
[4.616s] -- Up-to-date: /home/ugbah-awele-bonaventure/bumperbot_ws/install/bumperbot_localization/share/bumperbot_localization/environment/pythonpath.sh
[4.617s] -- Up-to-date: /home/ugbah-awele-bonaventure/bumperbot_ws/install/bumperbot_localization/share/bumperbot_localization/environment/pythonpath.dsv
[4.617s] -- Up-to-date: /home/ugbah-awele-bonaventure/bumperbot_ws/install/bumperbot_localization/lib/python3.12/site-packages/bumperbot_localization-0.0.0-py3.12.egg-info
[4.617s] -- Installing: /home/ugbah-awele-bonaventure/bumperbot_ws/install/bumperbot_localization/lib/python3.12/site-packages/bumperbot_localization-0.0.0-py3.12.egg-info/dependency_links.txt
[4.618s] -- Installing: /home/ugbah-awele-bonaventure/bumperbot_ws/install/bumperbot_localization/lib/python3.12/site-packages/bumperbot_localization-0.0.0-py3.12.egg-info/SOURCES.txt
[4.618s] -- Installing: /home/ugbah-awele-bonaventure/bumperbot_ws/install/bumperbot_localization/lib/python3.12/site-packages/bumperbot_localization-0.0.0-py3.12.egg-info/top_level.txt
[4.620s] -- Installing: /home/ugbah-awele-bonaventure/bumperbot_ws/install/bumperbot_localization/lib/python3.12/site-packages/bumperbot_localization-0.0.0-py3.12.egg-info/PKG-INFO
[4.621s] -- Up-to-date: /home/ugbah-awele-bonaventure/bumperbot_ws/install/bumperbot_localization/lib/python3.12/site-packages/bumperbot_localization
[4.621s] -- Up-to-date: /home/ugbah-awele-bonaventure/bumperbot_ws/install/bumperbot_localization/lib/python3.12/site-packages/bumperbot_localization/kalman_filter.py
[4.621s] -- Up-to-date: /home/ugbah-awele-bonaventure/bumperbot_ws/install/bumperbot_localization/lib/python3.12/site-packages/bumperbot_localization/__init__.py
[4.774s] Listing '/home/ugbah-awele-bonaventure/bumperbot_ws/install/bumperbot_localization/lib/python3.12/site-packages/bumperbot_localization'...
[4.788s] -- Up-to-date: /home/ugbah-awele-bonaventure/bumperbot_ws/install/bumperbot_localization/lib/bumperbot_localization/kalman_filter.py
[4.788s] -- Up-to-date: /home/ugbah-awele-bonaventure/bumperbot_ws/install/bumperbot_localization/share/ament_index/resource_index/package_run_dependencies/bumperbot_localization
[4.789s] -- Up-to-date: /home/ugbah-awele-bonaventure/bumperbot_ws/install/bumperbot_localization/share/ament_index/resource_index/parent_prefix_path/bumperbot_localization
[4.789s] -- Up-to-date: /home/ugbah-awele-bonaventure/bumperbot_ws/install/bumperbot_localization/share/bumperbot_localization/environment/ament_prefix_path.sh
[4.790s] -- Up-to-date: /home/ugbah-awele-bonaventure/bumperbot_ws/install/bumperbot_localization/share/bumperbot_localization/environment/ament_prefix_path.dsv
[4.790s] -- Up-to-date: /home/ugbah-awele-bonaventure/bumperbot_ws/install/bumperbot_localization/share/bumperbot_localization/environment/path.sh
[4.791s] -- Up-to-date: /home/ugbah-awele-bonaventure/bumperbot_ws/install/bumperbot_localization/share/bumperbot_localization/environment/path.dsv
[4.791s] -- Up-to-date: /home/ugbah-awele-bonaventure/bumperbot_ws/install/bumperbot_localization/share/bumperbot_localization/local_setup.bash
[4.792s] -- Up-to-date: /home/ugbah-awele-bonaventure/bumperbot_ws/install/bumperbot_localization/share/bumperbot_localization/local_setup.sh
[4.793s] -- Up-to-date: /home/ugbah-awele-bonaventure/bumperbot_ws/install/bumperbot_localization/share/bumperbot_localization/local_setup.zsh
[4.793s] -- Up-to-date: /home/ugbah-awele-bonaventure/bumperbot_ws/install/bumperbot_localization/share/bumperbot_localization/local_setup.dsv
[4.794s] -- Installing: /home/ugbah-awele-bonaventure/bumperbot_ws/install/bumperbot_localization/share/bumperbot_localization/package.dsv
[4.795s] -- Up-to-date: /home/ugbah-awele-bonaventure/bumperbot_ws/install/bumperbot_localization/share/ament_index/resource_index/packages/bumperbot_localization
[4.796s] -- Up-to-date: /home/ugbah-awele-bonaventure/bumperbot_ws/install/bumperbot_localization/share/bumperbot_localization/cmake/bumperbot_localizationConfig.cmake
[4.796s] -- Up-to-date: /home/ugbah-awele-bonaventure/bumperbot_ws/install/bumperbot_localization/share/bumperbot_localization/cmake/bumperbot_localizationConfig-version.cmake
[4.797s] -- Installing: /home/ugbah-awele-bonaventure/bumperbot_ws/install/bumperbot_localization/share/bumperbot_localization/package.xml
[4.803s] Invoked command in '/home/ugbah-awele-bonaventure/bumperbot_ws/build/bumperbot_localization' returned '0': CMAKE_PREFIX_PATH=${CMAKE_PREFIX_PATH}:/home/ugbah-awele-bonaventure/bumperbot_ws/install/joy_teleop:/home/ugbah-awele-bonaventure/bumperbot_ws/install/mouse_teleop:/home/ugbah-awele-bonaventure/bumperbot_ws/install/key_teleop:/home/ugbah-awele-bonaventure/bumperbot_ws/install/bumperbot_py_examples:/home/ugbah-awele-bonaventure/arduinobot_ws/install/arduinobot_py_examples:/opt/ros/jazzy DEBUGINFOD_URLS=https://debuginfod.ubuntu.com /usr/bin/cmake --install /home/ugbah-awele-bonaventure/bumperbot_ws/build/bumperbot_localization
