[2.060s] Invoking command in '/home/ugbah-awele-bonaventure/bumperbot_ws/src/bumperbot_py_examples': DEBUGINFOD_URLS=https://debuginfod.ubuntu.com PYTHONPATH=/home/ugbah-awele-bonaventure/bumperbot_ws/build/bumperbot_py_examples/prefix_override:/usr/lib/python3/dist-packages/colcon_core/task/python/colcon_distutils_commands:/home/ugbah-awele-bonaventure/bumperbot_ws/install/bumperbot_py_examples/lib/python3.12/site-packages:${PYTHONPATH} /usr/bin/python3 -W ignore:setup.py install is deprecated -W ignore:easy_install command is deprecated setup.py egg_info --egg-base ../../build/bumperbot_py_examples build --build-base /home/ugbah-awele-bonaventure/bumperbot_ws/build/bumperbot_py_examples/build install --record /home/ugbah-awele-bonaventure/bumperbot_ws/build/bumperbot_py_examples/install.log --single-version-externally-managed install_data
[2.578s] running egg_info
[2.614s] writing ../../build/bumperbot_py_examples/bumperbot_py_examples.egg-info/PKG-INFO
[2.617s] writing dependency_links to ../../build/bumperbot_py_examples/bumperbot_py_examples.egg-info/dependency_links.txt
[2.617s] writing entry points to ../../build/bumperbot_py_examples/bumperbot_py_examples.egg-info/entry_points.txt
[2.617s] writing requirements to ../../build/bumperbot_py_examples/bumperbot_py_examples.egg-info/requires.txt
[2.617s] writing top-level names to ../../build/bumperbot_py_examples/bumperbot_py_examples.egg-info/top_level.txt
[2.683s] reading manifest file '../../build/bumperbot_py_examples/bumperbot_py_examples.egg-info/SOURCES.txt'
[2.698s] writing manifest file '../../build/bumperbot_py_examples/bumperbot_py_examples.egg-info/SOURCES.txt'
[2.701s] running build
[2.701s] running build_py
[2.701s] copying bumperbot_py_examples/simple_tf_kinematics.py -> /home/ugbah-awele-bonaventure/bumperbot_ws/build/bumperbot_py_examples/build/lib/bumperbot_py_examples
[2.702s] copying bumperbot_py_examples/simple_service_server.py -> /home/ugbah-awele-bonaventure/bumperbot_ws/build/bumperbot_py_examples/build/lib/bumperbot_py_examples
[2.702s] running install
[2.711s] running install_lib
[2.744s] copying /home/ugbah-awele-bonaventure/bumperbot_ws/build/bumperbot_py_examples/build/lib/bumperbot_py_examples/simple_tf_kinematics.py -> /home/ugbah-awele-bonaventure/bumperbot_ws/install/bumperbot_py_examples/lib/python3.12/site-packages/bumperbot_py_examples
[2.745s] copying /home/ugbah-awele-bonaventure/bumperbot_ws/build/bumperbot_py_examples/build/lib/bumperbot_py_examples/simple_service_server.py -> /home/ugbah-awele-bonaventure/bumperbot_ws/install/bumperbot_py_examples/lib/python3.12/site-packages/bumperbot_py_examples
[2.765s] byte-compiling /home/ugbah-awele-bonaventure/bumperbot_ws/install/bumperbot_py_examples/lib/python3.12/site-packages/bumperbot_py_examples/simple_tf_kinematics.py to simple_tf_kinematics.cpython-312.pyc
[2.767s] byte-compiling /home/ugbah-awele-bonaventure/bumperbot_ws/install/bumperbot_py_examples/lib/python3.12/site-packages/bumperbot_py_examples/simple_service_server.py to simple_service_server.cpython-312.pyc
[2.770s] running install_data
[2.770s] running install_egg_info
[2.807s] removing '/home/ugbah-awele-bonaventure/bumperbot_ws/install/bumperbot_py_examples/lib/python3.12/site-packages/bumperbot_py_examples-0.0.0-py3.12.egg-info' (and everything under it)
[2.842s] Copying ../../build/bumperbot_py_examples/bumperbot_py_examples.egg-info to /home/ugbah-awele-bonaventure/bumperbot_ws/install/bumperbot_py_examples/lib/python3.12/site-packages/bumperbot_py_examples-0.0.0-py3.12.egg-info
[2.866s] running install_scripts
[3.155s] Installing my_parameter script to /home/ugbah-awele-bonaventure/bumperbot_ws/install/bumperbot_py_examples/lib/bumperbot_py_examples
[3.157s] Installing simple_turtlesim_kinematics script to /home/ugbah-awele-bonaventure/bumperbot_ws/install/bumperbot_py_examples/lib/bumperbot_py_examples
[3.157s] writing list of installed files to '/home/ugbah-awele-bonaventure/bumperbot_ws/build/bumperbot_py_examples/install.log'
[3.222s] Invoked command in '/home/ugbah-awele-bonaventure/bumperbot_ws/src/bumperbot_py_examples' returned '0': DEBUGINFOD_URLS=https://debuginfod.ubuntu.com PYTHONPATH=/home/ugbah-awele-bonaventure/bumperbot_ws/build/bumperbot_py_examples/prefix_override:/usr/lib/python3/dist-packages/colcon_core/task/python/colcon_distutils_commands:/home/ugbah-awele-bonaventure/bumperbot_ws/install/bumperbot_py_examples/lib/python3.12/site-packages:${PYTHONPATH} /usr/bin/python3 -W ignore:setup.py install is deprecated -W ignore:easy_install command is deprecated setup.py egg_info --egg-base ../../build/bumperbot_py_examples build --build-base /home/ugbah-awele-bonaventure/bumperbot_ws/build/bumperbot_py_examples/build install --record /home/ugbah-awele-bonaventure/bumperbot_ws/build/bumperbot_py_examples/install.log --single-version-externally-managed install_data
