[0.032s] Invoking command in '/home/ugbah-awele-bonaventure/bumperbot_ws/build/teleop_tools_msgs': CMAKE_PREFIX_PATH=${CMAKE_PREFIX_PATH}:/home/ugbah-awele-bonaventure/bumperbot_ws/install/joy_teleop:/home/ugbah-awele-bonaventure/bumperbot_ws/install/bumperbot_py_examples:/opt/ros/jazzy DEBUGINFOD_URLS=https://debuginfod.ubuntu.com /usr/bin/cmake --build /home/ugbah-awele-bonaventure/bumperbot_ws/build/teleop_tools_msgs -- -j4 -l4
[0.178s] [  2%] Built target teleop_tools_msgs__rosidl_generator_type_description
[0.217s] [  2%] Built target ament_cmake_python_copy_teleop_tools_msgs
[0.312s] [  5%] Built target teleop_tools_msgs__cpp
[0.312s] [ 20%] Built target teleop_tools_msgs__rosidl_generator_c
[0.464s] [ 29%] Built target teleop_tools_msgs__rosidl_typesupport_cpp
[0.483s] [ 38%] Built target teleop_tools_msgs__rosidl_typesupport_fastrtps_c
[0.526s] [ 47%] Built target teleop_tools_msgs__rosidl_typesupport_introspection_c
[0.572s] [ 55%] Built target teleop_tools_msgs__rosidl_typesupport_c
[0.604s] [ 64%] Built target teleop_tools_msgs__rosidl_typesupport_fastrtps_cpp
[0.627s] [ 73%] Built target teleop_tools_msgs__rosidl_typesupport_introspection_cpp
[0.698s] [ 73%] Built target teleop_tools_msgs
[0.805s] [ 76%] Built target teleop_tools_msgs__py
[0.940s] [ 82%] Built target teleop_tools_msgs__rosidl_generator_py
[1.085s] [ 88%] Built target teleop_tools_msgs_s__rosidl_typesupport_introspection_c
[1.090s] [ 94%] Built target teleop_tools_msgs_s__rosidl_typesupport_c
[1.094s] [100%] Built target teleop_tools_msgs_s__rosidl_typesupport_fastrtps_c
[1.123s] running egg_info
[1.184s] writing teleop_tools_msgs.egg-info/PKG-INFO
[1.186s] writing dependency_links to teleop_tools_msgs.egg-info/dependency_links.txt
[1.190s] writing top-level names to teleop_tools_msgs.egg-info/top_level.txt
[1.365s] reading manifest file 'teleop_tools_msgs.egg-info/SOURCES.txt'
[1.367s] writing manifest file 'teleop_tools_msgs.egg-info/SOURCES.txt'
[1.438s] [100%] Built target ament_cmake_python_build_teleop_tools_msgs_egg
[1.470s] Invoked command in '/home/ugbah-awele-bonaventure/bumperbot_ws/build/teleop_tools_msgs' returned '0': CMAKE_PREFIX_PATH=${CMAKE_PREFIX_PATH}:/home/ugbah-awele-bonaventure/bumperbot_ws/install/joy_teleop:/home/ugbah-awele-bonaventure/bumperbot_ws/install/bumperbot_py_examples:/opt/ros/jazzy DEBUGINFOD_URLS=https://debuginfod.ubuntu.com /usr/bin/cmake --build /home/ugbah-awele-bonaventure/bumperbot_ws/build/teleop_tools_msgs -- -j4 -l4
[1.472s] Invoking command in '/home/ugbah-awele-bonaventure/bumperbot_ws/build/teleop_tools_msgs': CMAKE_PREFIX_PATH=${CMAKE_PREFIX_PATH}:/home/ugbah-awele-bonaventure/bumperbot_ws/install/joy_teleop:/home/ugbah-awele-bonaventure/bumperbot_ws/install/bumperbot_py_examples:/opt/ros/jazzy DEBUGINFOD_URLS=https://debuginfod.ubuntu.com /usr/bin/cmake --install /home/ugbah-awele-bonaventure/bumperbot_ws/build/teleop_tools_msgs
[1.495s] -- Install configuration: ""
[1.496s] -- Up-to-date: /home/ugbah-awele-bonaventure/bumperbot_ws/install/teleop_tools_msgs/share/ament_index/resource_index/rosidl_interfaces/teleop_tools_msgs
[1.496s] -- Up-to-date: /home/ugbah-awele-bonaventure/bumperbot_ws/install/teleop_tools_msgs/share/teleop_tools_msgs/action/Increment.json
[1.498s] -- Up-to-date: /home/ugbah-awele-bonaventure/bumperbot_ws/install/teleop_tools_msgs/include/teleop_tools_msgs/teleop_tools_msgs
[1.501s] -- Up-to-date: /home/ugbah-awele-bonaventure/bumperbot_ws/install/teleop_tools_msgs/include/teleop_tools_msgs/teleop_tools_msgs/action
[1.501s] -- Up-to-date: /home/ugbah-awele-bonaventure/bumperbot_ws/install/teleop_tools_msgs/include/teleop_tools_msgs/teleop_tools_msgs/action/increment.h
[1.502s] -- Up-to-date: /home/ugbah-awele-bonaventure/bumperbot_ws/install/teleop_tools_msgs/include/teleop_tools_msgs/teleop_tools_msgs/action/detail
[1.502s] -- Up-to-date: /home/ugbah-awele-bonaventure/bumperbot_ws/install/teleop_tools_msgs/include/teleop_tools_msgs/teleop_tools_msgs/action/detail/increment__functions.h
[1.502s] -- Up-to-date: /home/ugbah-awele-bonaventure/bumperbot_ws/install/teleop_tools_msgs/include/teleop_tools_msgs/teleop_tools_msgs/action/detail/increment__description.c
[1.502s] -- Installing: /home/ugbah-awele-bonaventure/bumperbot_ws/install/teleop_tools_msgs/include/teleop_tools_msgs/teleop_tools_msgs/action/detail/increment__type_support.c
[1.502s] -- Up-to-date: /home/ugbah-awele-bonaventure/bumperbot_ws/install/teleop_tools_msgs/include/teleop_tools_msgs/teleop_tools_msgs/action/detail/increment__functions.c
[1.503s] -- Up-to-date: /home/ugbah-awele-bonaventure/bumperbot_ws/install/teleop_tools_msgs/include/teleop_tools_msgs/teleop_tools_msgs/action/detail/increment__struct.h
[1.505s] -- Up-to-date: /home/ugbah-awele-bonaventure/bumperbot_ws/install/teleop_tools_msgs/include/teleop_tools_msgs/teleop_tools_msgs/action/detail/increment__type_support.h
[1.506s] -- Up-to-date: /home/ugbah-awele-bonaventure/bumperbot_ws/install/teleop_tools_msgs/include/teleop_tools_msgs/teleop_tools_msgs/msg
[1.506s] -- Up-to-date: /home/ugbah-awele-bonaventure/bumperbot_ws/install/teleop_tools_msgs/include/teleop_tools_msgs/teleop_tools_msgs/msg/rosidl_generator_c__visibility_control.h
[1.506s] -- Up-to-date: /home/ugbah-awele-bonaventure/bumperbot_ws/install/teleop_tools_msgs/share/teleop_tools_msgs/environment/library_path.sh
[1.506s] -- Up-to-date: /home/ugbah-awele-bonaventure/bumperbot_ws/install/teleop_tools_msgs/share/teleop_tools_msgs/environment/library_path.dsv
[1.509s] -- Up-to-date: /home/ugbah-awele-bonaventure/bumperbot_ws/install/teleop_tools_msgs/lib/libteleop_tools_msgs__rosidl_generator_c.so
[1.509s] -- Up-to-date: /home/ugbah-awele-bonaventure/bumperbot_ws/install/teleop_tools_msgs/include/teleop_tools_msgs/teleop_tools_msgs
[1.509s] -- Up-to-date: /home/ugbah-awele-bonaventure/bumperbot_ws/install/teleop_tools_msgs/include/teleop_tools_msgs/teleop_tools_msgs/action
[1.509s] -- Up-to-date: /home/ugbah-awele-bonaventure/bumperbot_ws/install/teleop_tools_msgs/include/teleop_tools_msgs/teleop_tools_msgs/action/detail
[1.511s] -- Up-to-date: /home/ugbah-awele-bonaventure/bumperbot_ws/install/teleop_tools_msgs/include/teleop_tools_msgs/teleop_tools_msgs/action/detail/increment__rosidl_typesupport_fastrtps_c.h
[1.511s] -- Up-to-date: /home/ugbah-awele-bonaventure/bumperbot_ws/install/teleop_tools_msgs/include/teleop_tools_msgs/teleop_tools_msgs/msg
[1.511s] -- Up-to-date: /home/ugbah-awele-bonaventure/bumperbot_ws/install/teleop_tools_msgs/include/teleop_tools_msgs/teleop_tools_msgs/msg/rosidl_typesupport_fastrtps_c__visibility_control.h
[1.514s] -- Up-to-date: /home/ugbah-awele-bonaventure/bumperbot_ws/install/teleop_tools_msgs/lib/libteleop_tools_msgs__rosidl_typesupport_fastrtps_c.so
[1.514s] -- Up-to-date: /home/ugbah-awele-bonaventure/bumperbot_ws/install/teleop_tools_msgs/include/teleop_tools_msgs/teleop_tools_msgs
[1.514s] -- Up-to-date: /home/ugbah-awele-bonaventure/bumperbot_ws/install/teleop_tools_msgs/include/teleop_tools_msgs/teleop_tools_msgs/action
[1.515s] -- Up-to-date: /home/ugbah-awele-bonaventure/bumperbot_ws/install/teleop_tools_msgs/include/teleop_tools_msgs/teleop_tools_msgs/action/detail
[1.515s] -- Up-to-date: /home/ugbah-awele-bonaventure/bumperbot_ws/install/teleop_tools_msgs/include/teleop_tools_msgs/teleop_tools_msgs/action/detail/increment__rosidl_typesupport_introspection_c.h
[1.517s] -- Installing: /home/ugbah-awele-bonaventure/bumperbot_ws/install/teleop_tools_msgs/include/teleop_tools_msgs/teleop_tools_msgs/action/detail/increment__type_support.c
[1.517s] -- Up-to-date: /home/ugbah-awele-bonaventure/bumperbot_ws/install/teleop_tools_msgs/include/teleop_tools_msgs/teleop_tools_msgs/msg
[1.518s] -- Up-to-date: /home/ugbah-awele-bonaventure/bumperbot_ws/install/teleop_tools_msgs/include/teleop_tools_msgs/teleop_tools_msgs/msg/rosidl_typesupport_introspection_c__visibility_control.h
[1.518s] -- Up-to-date: /home/ugbah-awele-bonaventure/bumperbot_ws/install/teleop_tools_msgs/lib/libteleop_tools_msgs__rosidl_typesupport_introspection_c.so
[1.520s] -- Up-to-date: /home/ugbah-awele-bonaventure/bumperbot_ws/install/teleop_tools_msgs/lib/libteleop_tools_msgs__rosidl_typesupport_c.so
[1.520s] -- Up-to-date: /home/ugbah-awele-bonaventure/bumperbot_ws/install/teleop_tools_msgs/include/teleop_tools_msgs/teleop_tools_msgs
[1.521s] -- Up-to-date: /home/ugbah-awele-bonaventure/bumperbot_ws/install/teleop_tools_msgs/include/teleop_tools_msgs/teleop_tools_msgs/action
[1.523s] -- Up-to-date: /home/ugbah-awele-bonaventure/bumperbot_ws/install/teleop_tools_msgs/include/teleop_tools_msgs/teleop_tools_msgs/action/increment.hpp
[1.524s] -- Up-to-date: /home/ugbah-awele-bonaventure/bumperbot_ws/install/teleop_tools_msgs/include/teleop_tools_msgs/teleop_tools_msgs/action/detail
[1.524s] -- Up-to-date: /home/ugbah-awele-bonaventure/bumperbot_ws/install/teleop_tools_msgs/include/teleop_tools_msgs/teleop_tools_msgs/action/detail/increment__builder.hpp
[1.524s] -- Up-to-date: /home/ugbah-awele-bonaventure/bumperbot_ws/install/teleop_tools_msgs/include/teleop_tools_msgs/teleop_tools_msgs/action/detail/increment__traits.hpp
[1.524s] -- Up-to-date: /home/ugbah-awele-bonaventure/bumperbot_ws/install/teleop_tools_msgs/include/teleop_tools_msgs/teleop_tools_msgs/action/detail/increment__type_support.hpp
[1.527s] -- Up-to-date: /home/ugbah-awele-bonaventure/bumperbot_ws/install/teleop_tools_msgs/include/teleop_tools_msgs/teleop_tools_msgs/action/detail/increment__struct.hpp
[1.527s] -- Up-to-date: /home/ugbah-awele-bonaventure/bumperbot_ws/install/teleop_tools_msgs/include/teleop_tools_msgs/teleop_tools_msgs/msg
[1.527s] -- Up-to-date: /home/ugbah-awele-bonaventure/bumperbot_ws/install/teleop_tools_msgs/include/teleop_tools_msgs/teleop_tools_msgs/msg/rosidl_generator_cpp__visibility_control.hpp
[1.530s] -- Up-to-date: /home/ugbah-awele-bonaventure/bumperbot_ws/install/teleop_tools_msgs/include/teleop_tools_msgs/teleop_tools_msgs
[1.530s] -- Up-to-date: /home/ugbah-awele-bonaventure/bumperbot_ws/install/teleop_tools_msgs/include/teleop_tools_msgs/teleop_tools_msgs/action
[1.531s] -- Up-to-date: /home/ugbah-awele-bonaventure/bumperbot_ws/install/teleop_tools_msgs/include/teleop_tools_msgs/teleop_tools_msgs/action/detail
[1.531s] -- Up-to-date: /home/ugbah-awele-bonaventure/bumperbot_ws/install/teleop_tools_msgs/include/teleop_tools_msgs/teleop_tools_msgs/action/detail/increment__rosidl_typesupport_fastrtps_cpp.hpp
[1.532s] -- Up-to-date: /home/ugbah-awele-bonaventure/bumperbot_ws/install/teleop_tools_msgs/include/teleop_tools_msgs/teleop_tools_msgs/action/detail/dds_fastrtps
[1.533s] -- Up-to-date: /home/ugbah-awele-bonaventure/bumperbot_ws/install/teleop_tools_msgs/include/teleop_tools_msgs/teleop_tools_msgs/msg
[1.533s] -- Up-to-date: /home/ugbah-awele-bonaventure/bumperbot_ws/install/teleop_tools_msgs/include/teleop_tools_msgs/teleop_tools_msgs/msg/rosidl_typesupport_fastrtps_cpp__visibility_control.h
[1.534s] -- Up-to-date: /home/ugbah-awele-bonaventure/bumperbot_ws/install/teleop_tools_msgs/lib/libteleop_tools_msgs__rosidl_typesupport_fastrtps_cpp.so
[1.535s] -- Up-to-date: /home/ugbah-awele-bonaventure/bumperbot_ws/install/teleop_tools_msgs/include/teleop_tools_msgs/teleop_tools_msgs
[1.535s] -- Up-to-date: /home/ugbah-awele-bonaventure/bumperbot_ws/install/teleop_tools_msgs/include/teleop_tools_msgs/teleop_tools_msgs/action
[1.535s] -- Up-to-date: /home/ugbah-awele-bonaventure/bumperbot_ws/install/teleop_tools_msgs/include/teleop_tools_msgs/teleop_tools_msgs/action/detail
[1.536s] -- Up-to-date: /home/ugbah-awele-bonaventure/bumperbot_ws/install/teleop_tools_msgs/include/teleop_tools_msgs/teleop_tools_msgs/action/detail/increment__type_support.cpp
[1.536s] -- Up-to-date: /home/ugbah-awele-bonaventure/bumperbot_ws/install/teleop_tools_msgs/include/teleop_tools_msgs/teleop_tools_msgs/action/detail/increment__rosidl_typesupport_introspection_cpp.hpp
[1.536s] -- Up-to-date: /home/ugbah-awele-bonaventure/bumperbot_ws/install/teleop_tools_msgs/lib/libteleop_tools_msgs__rosidl_typesupport_introspection_cpp.so
[1.536s] -- Up-to-date: /home/ugbah-awele-bonaventure/bumperbot_ws/install/teleop_tools_msgs/lib/libteleop_tools_msgs__rosidl_typesupport_cpp.so
[1.536s] -- Up-to-date: /home/ugbah-awele-bonaventure/bumperbot_ws/install/teleop_tools_msgs/share/teleop_tools_msgs/environment/pythonpath.sh
[1.538s] -- Up-to-date: /home/ugbah-awele-bonaventure/bumperbot_ws/install/teleop_tools_msgs/share/teleop_tools_msgs/environment/pythonpath.dsv
[1.539s] -- Up-to-date: /home/ugbah-awele-bonaventure/bumperbot_ws/install/teleop_tools_msgs/lib/python3.12/site-packages/teleop_tools_msgs-2.0.0-py3.12.egg-info
[1.539s] -- Installing: /home/ugbah-awele-bonaventure/bumperbot_ws/install/teleop_tools_msgs/lib/python3.12/site-packages/teleop_tools_msgs-2.0.0-py3.12.egg-info/SOURCES.txt
[1.539s] -- Installing: /home/ugbah-awele-bonaventure/bumperbot_ws/install/teleop_tools_msgs/lib/python3.12/site-packages/teleop_tools_msgs-2.0.0-py3.12.egg-info/dependency_links.txt
[1.539s] -- Installing: /home/ugbah-awele-bonaventure/bumperbot_ws/install/teleop_tools_msgs/lib/python3.12/site-packages/teleop_tools_msgs-2.0.0-py3.12.egg-info/PKG-INFO
[1.541s] -- Installing: /home/ugbah-awele-bonaventure/bumperbot_ws/install/teleop_tools_msgs/lib/python3.12/site-packages/teleop_tools_msgs-2.0.0-py3.12.egg-info/top_level.txt
[1.541s] -- Up-to-date: /home/ugbah-awele-bonaventure/bumperbot_ws/install/teleop_tools_msgs/lib/python3.12/site-packages/teleop_tools_msgs
[1.541s] -- Up-to-date: /home/ugbah-awele-bonaventure/bumperbot_ws/install/teleop_tools_msgs/lib/python3.12/site-packages/teleop_tools_msgs/_teleop_tools_msgs_s.ep.rosidl_typesupport_introspection_c.c
[1.542s] -- Up-to-date: /home/ugbah-awele-bonaventure/bumperbot_ws/install/teleop_tools_msgs/lib/python3.12/site-packages/teleop_tools_msgs/action
[1.543s] -- Up-to-date: /home/ugbah-awele-bonaventure/bumperbot_ws/install/teleop_tools_msgs/lib/python3.12/site-packages/teleop_tools_msgs/action/_increment.py
[1.543s] -- Up-to-date: /home/ugbah-awele-bonaventure/bumperbot_ws/install/teleop_tools_msgs/lib/python3.12/site-packages/teleop_tools_msgs/action/__init__.py
[1.543s] -- Up-to-date: /home/ugbah-awele-bonaventure/bumperbot_ws/install/teleop_tools_msgs/lib/python3.12/site-packages/teleop_tools_msgs/action/_increment_s.c
[1.544s] -- Up-to-date: /home/ugbah-awele-bonaventure/bumperbot_ws/install/teleop_tools_msgs/lib/python3.12/site-packages/teleop_tools_msgs/teleop_tools_msgs_s__rosidl_typesupport_fastrtps_c.so
[1.544s] -- Up-to-date: /home/ugbah-awele-bonaventure/bumperbot_ws/install/teleop_tools_msgs/lib/python3.12/site-packages/teleop_tools_msgs/_teleop_tools_msgs_s.ep.rosidl_typesupport_fastrtps_c.c
[1.545s] -- Up-to-date: /home/ugbah-awele-bonaventure/bumperbot_ws/install/teleop_tools_msgs/lib/python3.12/site-packages/teleop_tools_msgs/_teleop_tools_msgs_s.ep.rosidl_typesupport_c.c
[1.545s] -- Up-to-date: /home/ugbah-awele-bonaventure/bumperbot_ws/install/teleop_tools_msgs/lib/python3.12/site-packages/teleop_tools_msgs/__init__.py
[1.546s] -- Up-to-date: /home/ugbah-awele-bonaventure/bumperbot_ws/install/teleop_tools_msgs/lib/python3.12/site-packages/teleop_tools_msgs/teleop_tools_msgs_s__rosidl_typesupport_c.so
[1.546s] -- Up-to-date: /home/ugbah-awele-bonaventure/bumperbot_ws/install/teleop_tools_msgs/lib/python3.12/site-packages/teleop_tools_msgs/teleop_tools_msgs_s__rosidl_typesupport_introspection_c.so
[1.660s] Listing '/home/ugbah-awele-bonaventure/bumperbot_ws/install/teleop_tools_msgs/lib/python3.12/site-packages/teleop_tools_msgs'...
[1.660s] Listing '/home/ugbah-awele-bonaventure/bumperbot_ws/install/teleop_tools_msgs/lib/python3.12/site-packages/teleop_tools_msgs/action'...
[1.676s] -- Up-to-date: /home/ugbah-awele-bonaventure/bumperbot_ws/install/teleop_tools_msgs/lib/python3.12/site-packages/teleop_tools_msgs/teleop_tools_msgs_s__rosidl_typesupport_fastrtps_c.so
[1.676s] -- Up-to-date: /home/ugbah-awele-bonaventure/bumperbot_ws/install/teleop_tools_msgs/lib/python3.12/site-packages/teleop_tools_msgs/teleop_tools_msgs_s__rosidl_typesupport_introspection_c.so
[1.677s] -- Up-to-date: /home/ugbah-awele-bonaventure/bumperbot_ws/install/teleop_tools_msgs/lib/python3.12/site-packages/teleop_tools_msgs/teleop_tools_msgs_s__rosidl_typesupport_c.so
[1.678s] -- Up-to-date: /home/ugbah-awele-bonaventure/bumperbot_ws/install/teleop_tools_msgs/lib/libteleop_tools_msgs__rosidl_generator_py.so
[1.678s] -- Up-to-date: /home/ugbah-awele-bonaventure/bumperbot_ws/install/teleop_tools_msgs/share/teleop_tools_msgs/action/Increment.idl
[1.679s] -- Up-to-date: /home/ugbah-awele-bonaventure/bumperbot_ws/install/teleop_tools_msgs/share/teleop_tools_msgs/action/Increment.action
[1.679s] -- Up-to-date: /home/ugbah-awele-bonaventure/bumperbot_ws/install/teleop_tools_msgs/share/ament_index/resource_index/package_run_dependencies/teleop_tools_msgs
[1.680s] -- Up-to-date: /home/ugbah-awele-bonaventure/bumperbot_ws/install/teleop_tools_msgs/share/ament_index/resource_index/parent_prefix_path/teleop_tools_msgs
[1.680s] -- Up-to-date: /home/ugbah-awele-bonaventure/bumperbot_ws/install/teleop_tools_msgs/share/teleop_tools_msgs/environment/ament_prefix_path.sh
[1.680s] -- Up-to-date: /home/ugbah-awele-bonaventure/bumperbot_ws/install/teleop_tools_msgs/share/teleop_tools_msgs/environment/ament_prefix_path.dsv
[1.681s] -- Up-to-date: /home/ugbah-awele-bonaventure/bumperbot_ws/install/teleop_tools_msgs/share/teleop_tools_msgs/environment/path.sh
[1.682s] -- Up-to-date: /home/ugbah-awele-bonaventure/bumperbot_ws/install/teleop_tools_msgs/share/teleop_tools_msgs/environment/path.dsv
[1.682s] -- Up-to-date: /home/ugbah-awele-bonaventure/bumperbot_ws/install/teleop_tools_msgs/share/teleop_tools_msgs/local_setup.bash
[1.683s] -- Up-to-date: /home/ugbah-awele-bonaventure/bumperbot_ws/install/teleop_tools_msgs/share/teleop_tools_msgs/local_setup.sh
[1.683s] -- Up-to-date: /home/ugbah-awele-bonaventure/bumperbot_ws/install/teleop_tools_msgs/share/teleop_tools_msgs/local_setup.zsh
[1.683s] -- Up-to-date: /home/ugbah-awele-bonaventure/bumperbot_ws/install/teleop_tools_msgs/share/teleop_tools_msgs/local_setup.dsv
[1.683s] -- Installing: /home/ugbah-awele-bonaventure/bumperbot_ws/install/teleop_tools_msgs/share/teleop_tools_msgs/package.dsv
[1.685s] -- Up-to-date: /home/ugbah-awele-bonaventure/bumperbot_ws/install/teleop_tools_msgs/share/ament_index/resource_index/packages/teleop_tools_msgs
[1.686s] -- Up-to-date: /home/ugbah-awele-bonaventure/bumperbot_ws/install/teleop_tools_msgs/share/teleop_tools_msgs/cmake/export_teleop_tools_msgs__rosidl_generator_cExport.cmake
[1.686s] -- Up-to-date: /home/ugbah-awele-bonaventure/bumperbot_ws/install/teleop_tools_msgs/share/teleop_tools_msgs/cmake/export_teleop_tools_msgs__rosidl_generator_cExport-noconfig.cmake
[1.687s] -- Up-to-date: /home/ugbah-awele-bonaventure/bumperbot_ws/install/teleop_tools_msgs/share/teleop_tools_msgs/cmake/export_teleop_tools_msgs__rosidl_typesupport_fastrtps_cExport.cmake
[1.688s] -- Up-to-date: /home/ugbah-awele-bonaventure/bumperbot_ws/install/teleop_tools_msgs/share/teleop_tools_msgs/cmake/export_teleop_tools_msgs__rosidl_typesupport_fastrtps_cExport-noconfig.cmake
[1.688s] -- Up-to-date: /home/ugbah-awele-bonaventure/bumperbot_ws/install/teleop_tools_msgs/share/teleop_tools_msgs/cmake/teleop_tools_msgs__rosidl_typesupport_introspection_cExport.cmake
[1.688s] -- Up-to-date: /home/ugbah-awele-bonaventure/bumperbot_ws/install/teleop_tools_msgs/share/teleop_tools_msgs/cmake/teleop_tools_msgs__rosidl_typesupport_introspection_cExport-noconfig.cmake
[1.688s] -- Up-to-date: /home/ugbah-awele-bonaventure/bumperbot_ws/install/teleop_tools_msgs/share/teleop_tools_msgs/cmake/teleop_tools_msgs__rosidl_typesupport_cExport.cmake
[1.689s] -- Up-to-date: /home/ugbah-awele-bonaventure/bumperbot_ws/install/teleop_tools_msgs/share/teleop_tools_msgs/cmake/teleop_tools_msgs__rosidl_typesupport_cExport-noconfig.cmake
[1.690s] -- Up-to-date: /home/ugbah-awele-bonaventure/bumperbot_ws/install/teleop_tools_msgs/share/teleop_tools_msgs/cmake/export_teleop_tools_msgs__rosidl_generator_cppExport.cmake
[1.690s] -- Up-to-date: /home/ugbah-awele-bonaventure/bumperbot_ws/install/teleop_tools_msgs/share/teleop_tools_msgs/cmake/export_teleop_tools_msgs__rosidl_typesupport_fastrtps_cppExport.cmake
[1.690s] -- Up-to-date: /home/ugbah-awele-bonaventure/bumperbot_ws/install/teleop_tools_msgs/share/teleop_tools_msgs/cmake/export_teleop_tools_msgs__rosidl_typesupport_fastrtps_cppExport-noconfig.cmake
[1.691s] -- Up-to-date: /home/ugbah-awele-bonaventure/bumperbot_ws/install/teleop_tools_msgs/share/teleop_tools_msgs/cmake/teleop_tools_msgs__rosidl_typesupport_introspection_cppExport.cmake
[1.691s] -- Up-to-date: /home/ugbah-awele-bonaventure/bumperbot_ws/install/teleop_tools_msgs/share/teleop_tools_msgs/cmake/teleop_tools_msgs__rosidl_typesupport_introspection_cppExport-noconfig.cmake
[1.692s] -- Up-to-date: /home/ugbah-awele-bonaventure/bumperbot_ws/install/teleop_tools_msgs/share/teleop_tools_msgs/cmake/teleop_tools_msgs__rosidl_typesupport_cppExport.cmake
[1.692s] -- Up-to-date: /home/ugbah-awele-bonaventure/bumperbot_ws/install/teleop_tools_msgs/share/teleop_tools_msgs/cmake/teleop_tools_msgs__rosidl_typesupport_cppExport-noconfig.cmake
[1.700s] -- Up-to-date: /home/ugbah-awele-bonaventure/bumperbot_ws/install/teleop_tools_msgs/share/teleop_tools_msgs/cmake/export_teleop_tools_msgs__rosidl_generator_pyExport.cmake
[1.700s] -- Up-to-date: /home/ugbah-awele-bonaventure/bumperbot_ws/install/teleop_tools_msgs/share/teleop_tools_msgs/cmake/export_teleop_tools_msgs__rosidl_generator_pyExport-noconfig.cmake
[1.700s] -- Up-to-date: /home/ugbah-awele-bonaventure/bumperbot_ws/install/teleop_tools_msgs/share/teleop_tools_msgs/cmake/rosidl_cmake-extras.cmake
[1.700s] -- Up-to-date: /home/ugbah-awele-bonaventure/bumperbot_ws/install/teleop_tools_msgs/share/teleop_tools_msgs/cmake/ament_cmake_export_dependencies-extras.cmake
[1.700s] -- Up-to-date: /home/ugbah-awele-bonaventure/bumperbot_ws/install/teleop_tools_msgs/share/teleop_tools_msgs/cmake/ament_cmake_export_include_directories-extras.cmake
[1.702s] -- Up-to-date: /home/ugbah-awele-bonaventure/bumperbot_ws/install/teleop_tools_msgs/share/teleop_tools_msgs/cmake/ament_cmake_export_libraries-extras.cmake
[1.702s] -- Up-to-date: /home/ugbah-awele-bonaventure/bumperbot_ws/install/teleop_tools_msgs/share/teleop_tools_msgs/cmake/ament_cmake_export_targets-extras.cmake
[1.702s] -- Up-to-date: /home/ugbah-awele-bonaventure/bumperbot_ws/install/teleop_tools_msgs/share/teleop_tools_msgs/cmake/rosidl_cmake_export_typesupport_targets-extras.cmake
[1.702s] -- Up-to-date: /home/ugbah-awele-bonaventure/bumperbot_ws/install/teleop_tools_msgs/share/teleop_tools_msgs/cmake/rosidl_cmake_export_typesupport_libraries-extras.cmake
[1.704s] -- Up-to-date: /home/ugbah-awele-bonaventure/bumperbot_ws/install/teleop_tools_msgs/share/teleop_tools_msgs/cmake/teleop_tools_msgsConfig.cmake
[1.704s] -- Up-to-date: /home/ugbah-awele-bonaventure/bumperbot_ws/install/teleop_tools_msgs/share/teleop_tools_msgs/cmake/teleop_tools_msgsConfig-version.cmake
[1.704s] -- Up-to-date: /home/ugbah-awele-bonaventure/bumperbot_ws/install/teleop_tools_msgs/share/teleop_tools_msgs/package.xml
[1.704s] Invoked command in '/home/ugbah-awele-bonaventure/bumperbot_ws/build/teleop_tools_msgs' returned '0': CMAKE_PREFIX_PATH=${CMAKE_PREFIX_PATH}:/home/ugbah-awele-bonaventure/bumperbot_ws/install/joy_teleop:/home/ugbah-awele-bonaventure/bumperbot_ws/install/bumperbot_py_examples:/opt/ros/jazzy DEBUGINFOD_URLS=https://debuginfod.ubuntu.com /usr/bin/cmake --install /home/ugbah-awele-bonaventure/bumperbot_ws/build/teleop_tools_msgs
