-- Found ament_cmake: 2.5.4 (/opt/ros/jazzy/share/ament_cmake/cmake)
-- Found rosidl_default_generators: 1.6.0 (/opt/ros/jazzy/share/rosidl_default_generators/cmake)
-- Using all available rosidl_typesupport_c: rosidl_typesupport_fastrtps_c;rosidl_typesupport_introspection_c
-- Using all available rosidl_typesupport_cpp: rosidl_typesupport_fastrtps_cpp;rosidl_typesupport_introspection_cpp
-- Found rosidl_adapter: 4.6.6 (/opt/ros/jazzy/share/rosidl_adapter/cmake)
-- Found ament_cmake_ros: 0.12.0 (/opt/ros/jazzy/share/ament_cmake_ros/cmake)
-- Using all available rosidl_typesupport_c: rosidl_typesupport_fastrtps_c;rosidl_typesupport_introspection_c
-- Using all available rosidl_typesupport_cpp: rosidl_typesupport_fastrtps_cpp;rosidl_typesupport_introspection_cpp
-- Found python_cmake_module: 0.11.1 (/opt/ros/jazzy/share/python_cmake_module/cmake)
-- Found PythonExtra: /usr/bin/python3  
-- Found Python3: /usr/bin/python3 (found version "3.12.3") found components: Interpreter Development NumPy Development.Module Development.Embed 
-- Found ament_lint_auto: 0.17.3 (/opt/ros/jazzy/share/ament_lint_auto/cmake)
-- Added test 'lint_cmake' to check CMake code style
-- Added test 'xmllint' to check XML markup files
-- Configuring done (22.7s)
-- Generating done (0.3s)
-- Build files have been written to: /home/ugbah-awele-bonaventure/bumperbot_ws/build/bumberbot_msgs
[  2%] [34m[1mGenerating type hashes for ROS interfaces[0m
[  2%] Built target ament_cmake_python_copy_bumberbot_msgs
running egg_info
creating bumberbot_msgs.egg-info
writing bumberbot_msgs.egg-info/PKG-INFO
writing dependency_links to bumberbot_msgs.egg-info/dependency_links.txt
writing top-level names to bumberbot_msgs.egg-info/top_level.txt
writing manifest file 'bumberbot_msgs.egg-info/SOURCES.txt'
reading manifest file 'bumberbot_msgs.egg-info/SOURCES.txt'
writing manifest file 'bumberbot_msgs.egg-info/SOURCES.txt'
[  2%] Built target ament_cmake_python_build_bumberbot_msgs_egg
[  2%] Built target bumberbot_msgs__rosidl_generator_type_description
[  5%] [34m[1mGenerating C code for ROS interfaces[0m
[  8%] [34m[1mGenerating C++ code for ROS interfaces[0m
[  8%] Built target bumberbot_msgs__cpp
[ 11%] [32mBuilding C object CMakeFiles/bumberbot_msgs__rosidl_generator_c.dir/rosidl_generator_c/bumberbot_msgs/srv/detail/add_two_ints__functions.c.o[0m
[ 17%] [32mBuilding C object CMakeFiles/bumberbot_msgs__rosidl_generator_c.dir/rosidl_generator_c/bumberbot_msgs/srv/detail/add_two_ints__type_support.c.o[0m
[ 17%] [32mBuilding C object CMakeFiles/bumberbot_msgs__rosidl_generator_c.dir/rosidl_generator_c/bumberbot_msgs/srv/detail/add_two_ints__description.c.o[0m
[ 20%] [32m[1mLinking C shared library libbumberbot_msgs__rosidl_generator_c.so[0m
[ 20%] Built target bumberbot_msgs__rosidl_generator_c
[ 23%] [34m[1mGenerating C++ type support dispatch for ROS interfaces[0m
[ 26%] [34m[1mGenerating C type support for eProsima Fast-RTPS[0m
[ 29%] [34m[1mGenerating C introspection for ROS interfaces[0m
[ 32%] [34m[1mGenerating C type support dispatch for ROS interfaces[0m
[ 35%] [32mBuilding CXX object CMakeFiles/bumberbot_msgs__rosidl_typesupport_c.dir/rosidl_typesupport_c/bumberbot_msgs/srv/add_two_ints__type_support.cpp.o[0m
[ 38%] [32mBuilding CXX object CMakeFiles/bumberbot_msgs__rosidl_typesupport_cpp.dir/rosidl_typesupport_cpp/bumberbot_msgs/srv/add_two_ints__type_support.cpp.o[0m
[ 41%] [32mBuilding C object CMakeFiles/bumberbot_msgs__rosidl_typesupport_introspection_c.dir/rosidl_typesupport_introspection_c/bumberbot_msgs/srv/detail/add_two_ints__type_support.c.o[0m
[ 44%] [32mBuilding CXX object CMakeFiles/bumberbot_msgs__rosidl_typesupport_fastrtps_c.dir/rosidl_typesupport_fastrtps_c/bumberbot_msgs/srv/detail/add_two_ints__type_support_c.cpp.o[0m
[ 47%] [32m[1mLinking C shared library libbumberbot_msgs__rosidl_typesupport_introspection_c.so[0m
[ 47%] Built target bumberbot_msgs__rosidl_typesupport_introspection_c
[ 50%] [34m[1mGenerating C++ type support for eProsima Fast-RTPS[0m
[ 52%] [32m[1mLinking CXX shared library libbumberbot_msgs__rosidl_typesupport_c.so[0m
[ 52%] Built target bumberbot_msgs__rosidl_typesupport_c
[ 55%] [34m[1mGenerating C++ introspection for ROS interfaces[0m
[ 58%] [32mBuilding CXX object CMakeFiles/bumberbot_msgs__rosidl_typesupport_fastrtps_cpp.dir/rosidl_typesupport_fastrtps_cpp/bumberbot_msgs/srv/detail/dds_fastrtps/add_two_ints__type_support.cpp.o[0m
[ 61%] [32mBuilding CXX object CMakeFiles/bumberbot_msgs__rosidl_typesupport_introspection_cpp.dir/rosidl_typesupport_introspection_cpp/bumberbot_msgs/srv/detail/add_two_ints__type_support.cpp.o[0m
[ 64%] [32m[1mLinking CXX shared library libbumberbot_msgs__rosidl_typesupport_introspection_cpp.so[0m
[ 67%] [32m[1mLinking CXX shared library libbumberbot_msgs__rosidl_typesupport_cpp.so[0m
[ 67%] Built target bumberbot_msgs__rosidl_typesupport_cpp
[ 67%] Built target bumberbot_msgs__rosidl_typesupport_introspection_cpp
[ 70%] [32m[1mLinking CXX shared library libbumberbot_msgs__rosidl_typesupport_fastrtps_c.so[0m
[ 73%] [32m[1mLinking CXX shared library libbumberbot_msgs__rosidl_typesupport_fastrtps_cpp.so[0m
[ 73%] Built target bumberbot_msgs__rosidl_typesupport_fastrtps_c
[ 73%] Built target bumberbot_msgs__rosidl_typesupport_fastrtps_cpp
[ 73%] Built target bumberbot_msgs
[ 76%] [34m[1mGenerating Python code for ROS interfaces[0m
[ 76%] Built target bumberbot_msgs__py
[ 79%] [32mBuilding C object CMakeFiles/bumberbot_msgs__rosidl_generator_py.dir/rosidl_generator_py/bumberbot_msgs/srv/_add_two_ints_s.c.o[0m
[ 82%] [32m[1mLinking C shared library libbumberbot_msgs__rosidl_generator_py.so[0m
[ 82%] Built target bumberbot_msgs__rosidl_generator_py
[ 85%] [32mBuilding C object CMakeFiles/bumberbot_msgs_s__rosidl_typesupport_c.dir/rosidl_generator_py/bumberbot_msgs/_bumberbot_msgs_s.ep.rosidl_typesupport_c.c.o[0m
[ 88%] [32mBuilding C object CMakeFiles/bumberbot_msgs_s__rosidl_typesupport_introspection_c.dir/rosidl_generator_py/bumberbot_msgs/_bumberbot_msgs_s.ep.rosidl_typesupport_introspection_c.c.o[0m
[ 91%] [32mBuilding C object CMakeFiles/bumberbot_msgs_s__rosidl_typesupport_fastrtps_c.dir/rosidl_generator_py/bumberbot_msgs/_bumberbot_msgs_s.ep.rosidl_typesupport_fastrtps_c.c.o[0m
[ 94%] [32m[1mLinking C shared module rosidl_generator_py/bumberbot_msgs/bumberbot_msgs_s__rosidl_typesupport_c.so[0m
[ 97%] [32m[1mLinking C shared module rosidl_generator_py/bumberbot_msgs/bumberbot_msgs_s__rosidl_typesupport_fastrtps_c.so[0m
[100%] [32m[1mLinking C shared module rosidl_generator_py/bumberbot_msgs/bumberbot_msgs_s__rosidl_typesupport_introspection_c.so[0m
[100%] Built target bumberbot_msgs_s__rosidl_typesupport_c
[100%] Built target bumberbot_msgs_s__rosidl_typesupport_fastrtps_c
[100%] Built target bumberbot_msgs_s__rosidl_typesupport_introspection_c
-- Install configuration: ""
-- Installing: /home/ugbah-awele-bonaventure/bumperbot_ws/install/bumberbot_msgs/share/ament_index/resource_index/rosidl_interfaces/bumberbot_msgs
-- Installing: /home/ugbah-awele-bonaventure/bumperbot_ws/install/bumberbot_msgs/share/bumberbot_msgs/srv/AddTwoInts.json
-- Installing: /home/ugbah-awele-bonaventure/bumperbot_ws/install/bumberbot_msgs/include/bumberbot_msgs/bumberbot_msgs
-- Installing: /home/ugbah-awele-bonaventure/bumperbot_ws/install/bumberbot_msgs/include/bumberbot_msgs/bumberbot_msgs/msg
-- Installing: /home/ugbah-awele-bonaventure/bumperbot_ws/install/bumberbot_msgs/include/bumberbot_msgs/bumberbot_msgs/msg/rosidl_generator_c__visibility_control.h
-- Installing: /home/ugbah-awele-bonaventure/bumperbot_ws/install/bumberbot_msgs/include/bumberbot_msgs/bumberbot_msgs/srv
-- Installing: /home/ugbah-awele-bonaventure/bumperbot_ws/install/bumberbot_msgs/include/bumberbot_msgs/bumberbot_msgs/srv/detail
-- Installing: /home/ugbah-awele-bonaventure/bumperbot_ws/install/bumberbot_msgs/include/bumberbot_msgs/bumberbot_msgs/srv/detail/add_two_ints__struct.h
-- Installing: /home/ugbah-awele-bonaventure/bumperbot_ws/install/bumberbot_msgs/include/bumberbot_msgs/bumberbot_msgs/srv/detail/add_two_ints__description.c
-- Installing: /home/ugbah-awele-bonaventure/bumperbot_ws/install/bumberbot_msgs/include/bumberbot_msgs/bumberbot_msgs/srv/detail/add_two_ints__functions.c
-- Installing: /home/ugbah-awele-bonaventure/bumperbot_ws/install/bumberbot_msgs/include/bumberbot_msgs/bumberbot_msgs/srv/detail/add_two_ints__type_support.c
-- Installing: /home/ugbah-awele-bonaventure/bumperbot_ws/install/bumberbot_msgs/include/bumberbot_msgs/bumberbot_msgs/srv/detail/add_two_ints__functions.h
-- Installing: /home/ugbah-awele-bonaventure/bumperbot_ws/install/bumberbot_msgs/include/bumberbot_msgs/bumberbot_msgs/srv/detail/add_two_ints__type_support.h
-- Installing: /home/ugbah-awele-bonaventure/bumperbot_ws/install/bumberbot_msgs/include/bumberbot_msgs/bumberbot_msgs/srv/add_two_ints.h
-- Installing: /home/ugbah-awele-bonaventure/bumperbot_ws/install/bumberbot_msgs/share/bumberbot_msgs/environment/library_path.sh
-- Installing: /home/ugbah-awele-bonaventure/bumperbot_ws/install/bumberbot_msgs/share/bumberbot_msgs/environment/library_path.dsv
-- Installing: /home/ugbah-awele-bonaventure/bumperbot_ws/install/bumberbot_msgs/lib/libbumberbot_msgs__rosidl_generator_c.so
-- Set non-toolchain portion of runtime path of "/home/ugbah-awele-bonaventure/bumperbot_ws/install/bumberbot_msgs/lib/libbumberbot_msgs__rosidl_generator_c.so" to ""
-- Up-to-date: /home/ugbah-awele-bonaventure/bumperbot_ws/install/bumberbot_msgs/include/bumberbot_msgs/bumberbot_msgs
-- Up-to-date: /home/ugbah-awele-bonaventure/bumperbot_ws/install/bumberbot_msgs/include/bumberbot_msgs/bumberbot_msgs/msg
-- Installing: /home/ugbah-awele-bonaventure/bumperbot_ws/install/bumberbot_msgs/include/bumberbot_msgs/bumberbot_msgs/msg/rosidl_typesupport_fastrtps_c__visibility_control.h
-- Up-to-date: /home/ugbah-awele-bonaventure/bumperbot_ws/install/bumberbot_msgs/include/bumberbot_msgs/bumberbot_msgs/srv
-- Up-to-date: /home/ugbah-awele-bonaventure/bumperbot_ws/install/bumberbot_msgs/include/bumberbot_msgs/bumberbot_msgs/srv/detail
-- Installing: /home/ugbah-awele-bonaventure/bumperbot_ws/install/bumberbot_msgs/include/bumberbot_msgs/bumberbot_msgs/srv/detail/add_two_ints__rosidl_typesupport_fastrtps_c.h
-- Installing: /home/ugbah-awele-bonaventure/bumperbot_ws/install/bumberbot_msgs/lib/libbumberbot_msgs__rosidl_typesupport_fastrtps_c.so
-- Set non-toolchain portion of runtime path of "/home/ugbah-awele-bonaventure/bumperbot_ws/install/bumberbot_msgs/lib/libbumberbot_msgs__rosidl_typesupport_fastrtps_c.so" to ""
-- Up-to-date: /home/ugbah-awele-bonaventure/bumperbot_ws/install/bumberbot_msgs/include/bumberbot_msgs/bumberbot_msgs
-- Up-to-date: /home/ugbah-awele-bonaventure/bumperbot_ws/install/bumberbot_msgs/include/bumberbot_msgs/bumberbot_msgs/msg
-- Installing: /home/ugbah-awele-bonaventure/bumperbot_ws/install/bumberbot_msgs/include/bumberbot_msgs/bumberbot_msgs/msg/rosidl_typesupport_introspection_c__visibility_control.h
-- Up-to-date: /home/ugbah-awele-bonaventure/bumperbot_ws/install/bumberbot_msgs/include/bumberbot_msgs/bumberbot_msgs/srv
-- Up-to-date: /home/ugbah-awele-bonaventure/bumperbot_ws/install/bumberbot_msgs/include/bumberbot_msgs/bumberbot_msgs/srv/detail
-- Installing: /home/ugbah-awele-bonaventure/bumperbot_ws/install/bumberbot_msgs/include/bumberbot_msgs/bumberbot_msgs/srv/detail/add_two_ints__rosidl_typesupport_introspection_c.h
-- Installing: /home/ugbah-awele-bonaventure/bumperbot_ws/install/bumberbot_msgs/include/bumberbot_msgs/bumberbot_msgs/srv/detail/add_two_ints__type_support.c
-- Installing: /home/ugbah-awele-bonaventure/bumperbot_ws/install/bumberbot_msgs/lib/libbumberbot_msgs__rosidl_typesupport_introspection_c.so
-- Set non-toolchain portion of runtime path of "/home/ugbah-awele-bonaventure/bumperbot_ws/install/bumberbot_msgs/lib/libbumberbot_msgs__rosidl_typesupport_introspection_c.so" to ""
-- Installing: /home/ugbah-awele-bonaventure/bumperbot_ws/install/bumberbot_msgs/lib/libbumberbot_msgs__rosidl_typesupport_c.so
-- Set non-toolchain portion of runtime path of "/home/ugbah-awele-bonaventure/bumperbot_ws/install/bumberbot_msgs/lib/libbumberbot_msgs__rosidl_typesupport_c.so" to ""
-- Up-to-date: /home/ugbah-awele-bonaventure/bumperbot_ws/install/bumberbot_msgs/include/bumberbot_msgs/bumberbot_msgs
-- Up-to-date: /home/ugbah-awele-bonaventure/bumperbot_ws/install/bumberbot_msgs/include/bumberbot_msgs/bumberbot_msgs/msg
-- Installing: /home/ugbah-awele-bonaventure/bumperbot_ws/install/bumberbot_msgs/include/bumberbot_msgs/bumberbot_msgs/msg/rosidl_generator_cpp__visibility_control.hpp
-- Up-to-date: /home/ugbah-awele-bonaventure/bumperbot_ws/install/bumberbot_msgs/include/bumberbot_msgs/bumberbot_msgs/srv
-- Up-to-date: /home/ugbah-awele-bonaventure/bumperbot_ws/install/bumberbot_msgs/include/bumberbot_msgs/bumberbot_msgs/srv/detail
-- Installing: /home/ugbah-awele-bonaventure/bumperbot_ws/install/bumberbot_msgs/include/bumberbot_msgs/bumberbot_msgs/srv/detail/add_two_ints__struct.hpp
-- Installing: /home/ugbah-awele-bonaventure/bumperbot_ws/install/bumberbot_msgs/include/bumberbot_msgs/bumberbot_msgs/srv/detail/add_two_ints__type_support.hpp
-- Installing: /home/ugbah-awele-bonaventure/bumperbot_ws/install/bumberbot_msgs/include/bumberbot_msgs/bumberbot_msgs/srv/detail/add_two_ints__builder.hpp
-- Installing: /home/ugbah-awele-bonaventure/bumperbot_ws/install/bumberbot_msgs/include/bumberbot_msgs/bumberbot_msgs/srv/detail/add_two_ints__traits.hpp
-- Installing: /home/ugbah-awele-bonaventure/bumperbot_ws/install/bumberbot_msgs/include/bumberbot_msgs/bumberbot_msgs/srv/add_two_ints.hpp
-- Up-to-date: /home/ugbah-awele-bonaventure/bumperbot_ws/install/bumberbot_msgs/include/bumberbot_msgs/bumberbot_msgs
-- Up-to-date: /home/ugbah-awele-bonaventure/bumperbot_ws/install/bumberbot_msgs/include/bumberbot_msgs/bumberbot_msgs/msg
-- Installing: /home/ugbah-awele-bonaventure/bumperbot_ws/install/bumberbot_msgs/include/bumberbot_msgs/bumberbot_msgs/msg/rosidl_typesupport_fastrtps_cpp__visibility_control.h
-- Up-to-date: /home/ugbah-awele-bonaventure/bumperbot_ws/install/bumberbot_msgs/include/bumberbot_msgs/bumberbot_msgs/srv
-- Up-to-date: /home/ugbah-awele-bonaventure/bumperbot_ws/install/bumberbot_msgs/include/bumberbot_msgs/bumberbot_msgs/srv/detail
-- Installing: /home/ugbah-awele-bonaventure/bumperbot_ws/install/bumberbot_msgs/include/bumberbot_msgs/bumberbot_msgs/srv/detail/add_two_ints__rosidl_typesupport_fastrtps_cpp.hpp
-- Installing: /home/ugbah-awele-bonaventure/bumperbot_ws/install/bumberbot_msgs/include/bumberbot_msgs/bumberbot_msgs/srv/detail/dds_fastrtps
-- Installing: /home/ugbah-awele-bonaventure/bumperbot_ws/install/bumberbot_msgs/lib/libbumberbot_msgs__rosidl_typesupport_fastrtps_cpp.so
-- Set non-toolchain portion of runtime path of "/home/ugbah-awele-bonaventure/bumperbot_ws/install/bumberbot_msgs/lib/libbumberbot_msgs__rosidl_typesupport_fastrtps_cpp.so" to ""
-- Up-to-date: /home/ugbah-awele-bonaventure/bumperbot_ws/install/bumberbot_msgs/include/bumberbot_msgs/bumberbot_msgs
-- Up-to-date: /home/ugbah-awele-bonaventure/bumperbot_ws/install/bumberbot_msgs/include/bumberbot_msgs/bumberbot_msgs/srv
-- Up-to-date: /home/ugbah-awele-bonaventure/bumperbot_ws/install/bumberbot_msgs/include/bumberbot_msgs/bumberbot_msgs/srv/detail
-- Installing: /home/ugbah-awele-bonaventure/bumperbot_ws/install/bumberbot_msgs/include/bumberbot_msgs/bumberbot_msgs/srv/detail/add_two_ints__type_support.cpp
-- Installing: /home/ugbah-awele-bonaventure/bumperbot_ws/install/bumberbot_msgs/include/bumberbot_msgs/bumberbot_msgs/srv/detail/add_two_ints__rosidl_typesupport_introspection_cpp.hpp
-- Installing: /home/ugbah-awele-bonaventure/bumperbot_ws/install/bumberbot_msgs/lib/libbumberbot_msgs__rosidl_typesupport_introspection_cpp.so
-- Set non-toolchain portion of runtime path of "/home/ugbah-awele-bonaventure/bumperbot_ws/install/bumberbot_msgs/lib/libbumberbot_msgs__rosidl_typesupport_introspection_cpp.so" to ""
-- Installing: /home/ugbah-awele-bonaventure/bumperbot_ws/install/bumberbot_msgs/lib/libbumberbot_msgs__rosidl_typesupport_cpp.so
-- Set non-toolchain portion of runtime path of "/home/ugbah-awele-bonaventure/bumperbot_ws/install/bumberbot_msgs/lib/libbumberbot_msgs__rosidl_typesupport_cpp.so" to ""
-- Installing: /home/ugbah-awele-bonaventure/bumperbot_ws/install/bumberbot_msgs/share/bumberbot_msgs/environment/pythonpath.sh
-- Installing: /home/ugbah-awele-bonaventure/bumperbot_ws/install/bumberbot_msgs/share/bumberbot_msgs/environment/pythonpath.dsv
-- Installing: /home/ugbah-awele-bonaventure/bumperbot_ws/install/bumberbot_msgs/lib/python3.12/site-packages/bumberbot_msgs-0.0.0-py3.12.egg-info
-- Installing: /home/ugbah-awele-bonaventure/bumperbot_ws/install/bumberbot_msgs/lib/python3.12/site-packages/bumberbot_msgs-0.0.0-py3.12.egg-info/dependency_links.txt
-- Installing: /home/ugbah-awele-bonaventure/bumperbot_ws/install/bumberbot_msgs/lib/python3.12/site-packages/bumberbot_msgs-0.0.0-py3.12.egg-info/SOURCES.txt
-- Installing: /home/ugbah-awele-bonaventure/bumperbot_ws/install/bumberbot_msgs/lib/python3.12/site-packages/bumberbot_msgs-0.0.0-py3.12.egg-info/top_level.txt
-- Installing: /home/ugbah-awele-bonaventure/bumperbot_ws/install/bumberbot_msgs/lib/python3.12/site-packages/bumberbot_msgs-0.0.0-py3.12.egg-info/PKG-INFO
-- Installing: /home/ugbah-awele-bonaventure/bumperbot_ws/install/bumberbot_msgs/lib/python3.12/site-packages/bumberbot_msgs
-- Installing: /home/ugbah-awele-bonaventure/bumperbot_ws/install/bumberbot_msgs/lib/python3.12/site-packages/bumberbot_msgs/bumberbot_msgs_s__rosidl_typesupport_c.so
-- Installing: /home/ugbah-awele-bonaventure/bumperbot_ws/install/bumberbot_msgs/lib/python3.12/site-packages/bumberbot_msgs/_bumberbot_msgs_s.ep.rosidl_typesupport_introspection_c.c
-- Installing: /home/ugbah-awele-bonaventure/bumperbot_ws/install/bumberbot_msgs/lib/python3.12/site-packages/bumberbot_msgs/bumberbot_msgs_s__rosidl_typesupport_fastrtps_c.so
-- Installing: /home/ugbah-awele-bonaventure/bumperbot_ws/install/bumberbot_msgs/lib/python3.12/site-packages/bumberbot_msgs/_bumberbot_msgs_s.ep.rosidl_typesupport_fastrtps_c.c
-- Installing: /home/ugbah-awele-bonaventure/bumperbot_ws/install/bumberbot_msgs/lib/python3.12/site-packages/bumberbot_msgs/__init__.py
-- Installing: /home/ugbah-awele-bonaventure/bumperbot_ws/install/bumberbot_msgs/lib/python3.12/site-packages/bumberbot_msgs/bumberbot_msgs_s__rosidl_typesupport_introspection_c.so
-- Installing: /home/ugbah-awele-bonaventure/bumperbot_ws/install/bumberbot_msgs/lib/python3.12/site-packages/bumberbot_msgs/srv
-- Installing: /home/ugbah-awele-bonaventure/bumperbot_ws/install/bumberbot_msgs/lib/python3.12/site-packages/bumberbot_msgs/srv/_add_two_ints.py
-- Installing: /home/ugbah-awele-bonaventure/bumperbot_ws/install/bumberbot_msgs/lib/python3.12/site-packages/bumberbot_msgs/srv/__init__.py
-- Installing: /home/ugbah-awele-bonaventure/bumperbot_ws/install/bumberbot_msgs/lib/python3.12/site-packages/bumberbot_msgs/srv/_add_two_ints_s.c
-- Installing: /home/ugbah-awele-bonaventure/bumperbot_ws/install/bumberbot_msgs/lib/python3.12/site-packages/bumberbot_msgs/_bumberbot_msgs_s.ep.rosidl_typesupport_c.c
Listing '/home/ugbah-awele-bonaventure/bumperbot_ws/install/bumberbot_msgs/lib/python3.12/site-packages/bumberbot_msgs'...
Compiling '/home/ugbah-awele-bonaventure/bumperbot_ws/install/bumberbot_msgs/lib/python3.12/site-packages/bumberbot_msgs/__init__.py'...
Listing '/home/ugbah-awele-bonaventure/bumperbot_ws/install/bumberbot_msgs/lib/python3.12/site-packages/bumberbot_msgs/srv'...
Compiling '/home/ugbah-awele-bonaventure/bumperbot_ws/install/bumberbot_msgs/lib/python3.12/site-packages/bumberbot_msgs/srv/__init__.py'...
Compiling '/home/ugbah-awele-bonaventure/bumperbot_ws/install/bumberbot_msgs/lib/python3.12/site-packages/bumberbot_msgs/srv/_add_two_ints.py'...
-- Installing: /home/ugbah-awele-bonaventure/bumperbot_ws/install/bumberbot_msgs/lib/python3.12/site-packages/bumberbot_msgs/bumberbot_msgs_s__rosidl_typesupport_fastrtps_c.so
-- Set non-toolchain portion of runtime path of "/home/ugbah-awele-bonaventure/bumperbot_ws/install/bumberbot_msgs/lib/python3.12/site-packages/bumberbot_msgs/bumberbot_msgs_s__rosidl_typesupport_fastrtps_c.so" to ""
-- Installing: /home/ugbah-awele-bonaventure/bumperbot_ws/install/bumberbot_msgs/lib/python3.12/site-packages/bumberbot_msgs/bumberbot_msgs_s__rosidl_typesupport_introspection_c.so
-- Set non-toolchain portion of runtime path of "/home/ugbah-awele-bonaventure/bumperbot_ws/install/bumberbot_msgs/lib/python3.12/site-packages/bumberbot_msgs/bumberbot_msgs_s__rosidl_typesupport_introspection_c.so" to ""
-- Installing: /home/ugbah-awele-bonaventure/bumperbot_ws/install/bumberbot_msgs/lib/python3.12/site-packages/bumberbot_msgs/bumberbot_msgs_s__rosidl_typesupport_c.so
-- Set non-toolchain portion of runtime path of "/home/ugbah-awele-bonaventure/bumperbot_ws/install/bumberbot_msgs/lib/python3.12/site-packages/bumberbot_msgs/bumberbot_msgs_s__rosidl_typesupport_c.so" to ""
-- Installing: /home/ugbah-awele-bonaventure/bumperbot_ws/install/bumberbot_msgs/lib/libbumberbot_msgs__rosidl_generator_py.so
-- Set non-toolchain portion of runtime path of "/home/ugbah-awele-bonaventure/bumperbot_ws/install/bumberbot_msgs/lib/libbumberbot_msgs__rosidl_generator_py.so" to ""
-- Installing: /home/ugbah-awele-bonaventure/bumperbot_ws/install/bumberbot_msgs/share/bumberbot_msgs/srv/AddTwoInts.idl
-- Installing: /home/ugbah-awele-bonaventure/bumperbot_ws/install/bumberbot_msgs/share/bumberbot_msgs/srv/AddTwoInts.srv
-- Installing: /home/ugbah-awele-bonaventure/bumperbot_ws/install/bumberbot_msgs/share/ament_index/resource_index/package_run_dependencies/bumberbot_msgs
-- Up-to-date: /home/ugbah-awele-bonaventure/bumperbot_ws/install/bumberbot_msgs/share/ament_index/resource_index/parent_prefix_path/bumberbot_msgs
-- Up-to-date: /home/ugbah-awele-bonaventure/bumperbot_ws/install/bumberbot_msgs/share/bumberbot_msgs/environment/ament_prefix_path.sh
-- Up-to-date: /home/ugbah-awele-bonaventure/bumperbot_ws/install/bumberbot_msgs/share/bumberbot_msgs/environment/ament_prefix_path.dsv
-- Up-to-date: /home/ugbah-awele-bonaventure/bumperbot_ws/install/bumberbot_msgs/share/bumberbot_msgs/environment/path.sh
-- Up-to-date: /home/ugbah-awele-bonaventure/bumperbot_ws/install/bumberbot_msgs/share/bumberbot_msgs/environment/path.dsv
-- Up-to-date: /home/ugbah-awele-bonaventure/bumperbot_ws/install/bumberbot_msgs/share/bumberbot_msgs/local_setup.bash
-- Installing: /home/ugbah-awele-bonaventure/bumperbot_ws/install/bumberbot_msgs/share/bumberbot_msgs/local_setup.sh
-- Up-to-date: /home/ugbah-awele-bonaventure/bumperbot_ws/install/bumberbot_msgs/share/bumberbot_msgs/local_setup.zsh
-- Installing: /home/ugbah-awele-bonaventure/bumperbot_ws/install/bumberbot_msgs/share/bumberbot_msgs/local_setup.dsv
-- Installing: /home/ugbah-awele-bonaventure/bumperbot_ws/install/bumberbot_msgs/share/bumberbot_msgs/package.dsv
-- Up-to-date: /home/ugbah-awele-bonaventure/bumperbot_ws/install/bumberbot_msgs/share/ament_index/resource_index/packages/bumberbot_msgs
-- Installing: /home/ugbah-awele-bonaventure/bumperbot_ws/install/bumberbot_msgs/share/bumberbot_msgs/cmake/export_bumberbot_msgs__rosidl_generator_cExport.cmake
-- Installing: /home/ugbah-awele-bonaventure/bumperbot_ws/install/bumberbot_msgs/share/bumberbot_msgs/cmake/export_bumberbot_msgs__rosidl_generator_cExport-noconfig.cmake
-- Installing: /home/ugbah-awele-bonaventure/bumperbot_ws/install/bumberbot_msgs/share/bumberbot_msgs/cmake/export_bumberbot_msgs__rosidl_typesupport_fastrtps_cExport.cmake
-- Installing: /home/ugbah-awele-bonaventure/bumperbot_ws/install/bumberbot_msgs/share/bumberbot_msgs/cmake/export_bumberbot_msgs__rosidl_typesupport_fastrtps_cExport-noconfig.cmake
-- Installing: /home/ugbah-awele-bonaventure/bumperbot_ws/install/bumberbot_msgs/share/bumberbot_msgs/cmake/bumberbot_msgs__rosidl_typesupport_introspection_cExport.cmake
-- Installing: /home/ugbah-awele-bonaventure/bumperbot_ws/install/bumberbot_msgs/share/bumberbot_msgs/cmake/bumberbot_msgs__rosidl_typesupport_introspection_cExport-noconfig.cmake
-- Installing: /home/ugbah-awele-bonaventure/bumperbot_ws/install/bumberbot_msgs/share/bumberbot_msgs/cmake/bumberbot_msgs__rosidl_typesupport_cExport.cmake
-- Installing: /home/ugbah-awele-bonaventure/bumperbot_ws/install/bumberbot_msgs/share/bumberbot_msgs/cmake/bumberbot_msgs__rosidl_typesupport_cExport-noconfig.cmake
-- Installing: /home/ugbah-awele-bonaventure/bumperbot_ws/install/bumberbot_msgs/share/bumberbot_msgs/cmake/export_bumberbot_msgs__rosidl_generator_cppExport.cmake
-- Installing: /home/ugbah-awele-bonaventure/bumperbot_ws/install/bumberbot_msgs/share/bumberbot_msgs/cmake/export_bumberbot_msgs__rosidl_typesupport_fastrtps_cppExport.cmake
-- Installing: /home/ugbah-awele-bonaventure/bumperbot_ws/install/bumberbot_msgs/share/bumberbot_msgs/cmake/export_bumberbot_msgs__rosidl_typesupport_fastrtps_cppExport-noconfig.cmake
-- Installing: /home/ugbah-awele-bonaventure/bumperbot_ws/install/bumberbot_msgs/share/bumberbot_msgs/cmake/bumberbot_msgs__rosidl_typesupport_introspection_cppExport.cmake
-- Installing: /home/ugbah-awele-bonaventure/bumperbot_ws/install/bumberbot_msgs/share/bumberbot_msgs/cmake/bumberbot_msgs__rosidl_typesupport_introspection_cppExport-noconfig.cmake
-- Installing: /home/ugbah-awele-bonaventure/bumperbot_ws/install/bumberbot_msgs/share/bumberbot_msgs/cmake/bumberbot_msgs__rosidl_typesupport_cppExport.cmake
-- Installing: /home/ugbah-awele-bonaventure/bumperbot_ws/install/bumberbot_msgs/share/bumberbot_msgs/cmake/bumberbot_msgs__rosidl_typesupport_cppExport-noconfig.cmake
-- Installing: /home/ugbah-awele-bonaventure/bumperbot_ws/install/bumberbot_msgs/share/bumberbot_msgs/cmake/export_bumberbot_msgs__rosidl_generator_pyExport.cmake
-- Installing: /home/ugbah-awele-bonaventure/bumperbot_ws/install/bumberbot_msgs/share/bumberbot_msgs/cmake/export_bumberbot_msgs__rosidl_generator_pyExport-noconfig.cmake
-- Installing: /home/ugbah-awele-bonaventure/bumperbot_ws/install/bumberbot_msgs/share/bumberbot_msgs/cmake/rosidl_cmake-extras.cmake
-- Installing: /home/ugbah-awele-bonaventure/bumperbot_ws/install/bumberbot_msgs/share/bumberbot_msgs/cmake/ament_cmake_export_dependencies-extras.cmake
-- Installing: /home/ugbah-awele-bonaventure/bumperbot_ws/install/bumberbot_msgs/share/bumberbot_msgs/cmake/ament_cmake_export_include_directories-extras.cmake
-- Installing: /home/ugbah-awele-bonaventure/bumperbot_ws/install/bumberbot_msgs/share/bumberbot_msgs/cmake/ament_cmake_export_libraries-extras.cmake
-- Installing: /home/ugbah-awele-bonaventure/bumperbot_ws/install/bumberbot_msgs/share/bumberbot_msgs/cmake/ament_cmake_export_targets-extras.cmake
-- Installing: /home/ugbah-awele-bonaventure/bumperbot_ws/install/bumberbot_msgs/share/bumberbot_msgs/cmake/rosidl_cmake_export_typesupport_targets-extras.cmake
-- Installing: /home/ugbah-awele-bonaventure/bumperbot_ws/install/bumberbot_msgs/share/bumberbot_msgs/cmake/rosidl_cmake_export_typesupport_libraries-extras.cmake
-- Installing: /home/ugbah-awele-bonaventure/bumperbot_ws/install/bumberbot_msgs/share/bumberbot_msgs/cmake/bumberbot_msgsConfig.cmake
-- Up-to-date: /home/ugbah-awele-bonaventure/bumperbot_ws/install/bumberbot_msgs/share/bumberbot_msgs/cmake/bumberbot_msgsConfig-version.cmake
-- Installing: /home/ugbah-awele-bonaventure/bumperbot_ws/install/bumberbot_msgs/share/bumberbot_msgs/package.xml
