[0.060s] Invoking command in '/home/ugbah-awele-bonaventure/bumperbot_ws/build/bumberbot_msgs': CMAKE_PREFIX_PATH=${CMAKE_PREFIX_PATH}:/home/ugbah-awele-bonaventure/bumperbot_ws/install/joy_teleop:/home/ugbah-awele-bonaventure/bumperbot_ws/install/mouse_teleop:/home/ugbah-awele-bonaventure/bumperbot_ws/install/key_teleop:/home/ugbah-awele-bonaventure/bumperbot_ws/install/bumperbot_py_examples:/home/ugbah-awele-bonaventure/scuttle_robot/install/joy_teleop:/home/ugbah-awele-bonaventure/scuttle_robot/install/scuttle_robot_py_examples:/home/ugbah-awele-bonaventure/arduinobot_ws/install/arduinobot_py_examples:/opt/ros/jazzy DEBUGINFOD_URLS=https://debuginfod.ubuntu.com /usr/bin/cmake --build /home/ugbah-awele-bonaventure/bumperbot_ws/build/bumberbot_msgs -- -j4 -l4
[0.100s] -- Found ament_cmake: 2.5.4 (/opt/ros/jazzy/share/ament_cmake/cmake)
[1.424s] -- Found rosidl_default_generators: 1.6.0 (/opt/ros/jazzy/share/rosidl_default_generators/cmake)
[2.095s] -- Using all available rosidl_typesupport_c: rosidl_typesupport_fastrtps_c;rosidl_typesupport_introspection_c
[4.412s] -- Using all available rosidl_typesupport_cpp: rosidl_typesupport_fastrtps_cpp;rosidl_typesupport_introspection_cpp
[5.933s] -- Found rosidl_adapter: 4.6.6 (/opt/ros/jazzy/share/rosidl_adapter/cmake)
[8.828s] -- Found ament_cmake_ros: 0.12.0 (/opt/ros/jazzy/share/ament_cmake_ros/cmake)
[9.948s] -- Using all available rosidl_typesupport_c: rosidl_typesupport_fastrtps_c;rosidl_typesupport_introspection_c
[11.009s] -- Using all available rosidl_typesupport_cpp: rosidl_typesupport_fastrtps_cpp;rosidl_typesupport_introspection_cpp
[11.038s] -- Found python_cmake_module: 0.11.1 (/opt/ros/jazzy/share/python_cmake_module/cmake)
[11.299s] -- Found PythonExtra: /usr/bin/python3  
[21.939s] -- Found Python3: /usr/bin/python3 (found version "3.12.3") found components: Interpreter Development NumPy Development.Module Development.Embed 
[22.048s] -- Found ament_lint_auto: 0.17.3 (/opt/ros/jazzy/share/ament_lint_auto/cmake)
[22.783s] -- Added test 'lint_cmake' to check CMake code style
[22.790s] -- Added test 'xmllint' to check XML markup files
[22.804s] -- Configuring done (22.7s)
[23.121s] -- Generating done (0.3s)
[23.144s] -- Build files have been written to: /home/ugbah-awele-bonaventure/bumperbot_ws/build/bumberbot_msgs
[23.219s] [  2%] [34m[1mGenerating type hashes for ROS interfaces[0m
[23.230s] [  2%] Built target ament_cmake_python_copy_bumberbot_msgs
[23.717s] running egg_info
[23.719s] creating bumberbot_msgs.egg-info
[23.777s] writing bumberbot_msgs.egg-info/PKG-INFO
[23.777s] writing dependency_links to bumberbot_msgs.egg-info/dependency_links.txt
[23.777s] writing top-level names to bumberbot_msgs.egg-info/top_level.txt
[23.777s] writing manifest file 'bumberbot_msgs.egg-info/SOURCES.txt'
[23.897s] reading manifest file 'bumberbot_msgs.egg-info/SOURCES.txt'
[23.898s] writing manifest file 'bumberbot_msgs.egg-info/SOURCES.txt'
[23.948s] [  2%] Built target ament_cmake_python_build_bumberbot_msgs_egg
[24.204s] [  2%] Built target bumberbot_msgs__rosidl_generator_type_description
[24.218s] [  5%] [34m[1mGenerating C code for ROS interfaces[0m
[24.232s] [  8%] [34m[1mGenerating C++ code for ROS interfaces[0m
[25.189s] [  8%] Built target bumberbot_msgs__cpp
[25.436s] [ 11%] [32mBuilding C object CMakeFiles/bumberbot_msgs__rosidl_generator_c.dir/rosidl_generator_c/bumberbot_msgs/srv/detail/add_two_ints__functions.c.o[0m
[25.441s] [ 17%] [32mBuilding C object CMakeFiles/bumberbot_msgs__rosidl_generator_c.dir/rosidl_generator_c/bumberbot_msgs/srv/detail/add_two_ints__type_support.c.o[0m
[25.441s] [ 17%] [32mBuilding C object CMakeFiles/bumberbot_msgs__rosidl_generator_c.dir/rosidl_generator_c/bumberbot_msgs/srv/detail/add_two_ints__description.c.o[0m
[28.764s] [ 20%] [32m[1mLinking C shared library libbumberbot_msgs__rosidl_generator_c.so[0m
[28.869s] [ 20%] Built target bumberbot_msgs__rosidl_generator_c
[28.895s] [ 23%] [34m[1mGenerating C++ type support dispatch for ROS interfaces[0m
[28.895s] [ 26%] [34m[1mGenerating C type support for eProsima Fast-RTPS[0m
[28.895s] [ 29%] [34m[1mGenerating C introspection for ROS interfaces[0m
[28.898s] [ 32%] [34m[1mGenerating C type support dispatch for ROS interfaces[0m
[29.574s] [ 35%] [32mBuilding CXX object CMakeFiles/bumberbot_msgs__rosidl_typesupport_c.dir/rosidl_typesupport_c/bumberbot_msgs/srv/add_two_ints__type_support.cpp.o[0m
[29.737s] [ 38%] [32mBuilding CXX object CMakeFiles/bumberbot_msgs__rosidl_typesupport_cpp.dir/rosidl_typesupport_cpp/bumberbot_msgs/srv/add_two_ints__type_support.cpp.o[0m
[29.812s] [ 41%] [32mBuilding C object CMakeFiles/bumberbot_msgs__rosidl_typesupport_introspection_c.dir/rosidl_typesupport_introspection_c/bumberbot_msgs/srv/detail/add_two_ints__type_support.c.o[0m
[29.945s] [ 44%] [32mBuilding CXX object CMakeFiles/bumberbot_msgs__rosidl_typesupport_fastrtps_c.dir/rosidl_typesupport_fastrtps_c/bumberbot_msgs/srv/detail/add_two_ints__type_support_c.cpp.o[0m
[30.511s] [ 47%] [32m[1mLinking C shared library libbumberbot_msgs__rosidl_typesupport_introspection_c.so[0m
[30.618s] [ 47%] Built target bumberbot_msgs__rosidl_typesupport_introspection_c
[30.632s] [ 50%] [34m[1mGenerating C++ type support for eProsima Fast-RTPS[0m
[30.909s] [ 52%] [32m[1mLinking CXX shared library libbumberbot_msgs__rosidl_typesupport_c.so[0m
[31.070s] [ 52%] Built target bumberbot_msgs__rosidl_typesupport_c
[31.085s] [ 55%] [34m[1mGenerating C++ introspection for ROS interfaces[0m
[31.339s] [ 58%] [32mBuilding CXX object CMakeFiles/bumberbot_msgs__rosidl_typesupport_fastrtps_cpp.dir/rosidl_typesupport_fastrtps_cpp/bumberbot_msgs/srv/detail/dds_fastrtps/add_two_ints__type_support.cpp.o[0m
[32.363s] [ 61%] [32mBuilding CXX object CMakeFiles/bumberbot_msgs__rosidl_typesupport_introspection_cpp.dir/rosidl_typesupport_introspection_cpp/bumberbot_msgs/srv/detail/add_two_ints__type_support.cpp.o[0m
[38.515s] [ 64%] [32m[1mLinking CXX shared library libbumberbot_msgs__rosidl_typesupport_introspection_cpp.so[0m
[38.517s] [ 67%] [32m[1mLinking CXX shared library libbumberbot_msgs__rosidl_typesupport_cpp.so[0m
[38.926s] [ 67%] Built target bumberbot_msgs__rosidl_typesupport_cpp
[38.950s] [ 67%] Built target bumberbot_msgs__rosidl_typesupport_introspection_cpp
[39.545s] [ 70%] [32m[1mLinking CXX shared library libbumberbot_msgs__rosidl_typesupport_fastrtps_c.so[0m
[39.758s] [ 73%] [32m[1mLinking CXX shared library libbumberbot_msgs__rosidl_typesupport_fastrtps_cpp.so[0m
[40.032s] [ 73%] Built target bumberbot_msgs__rosidl_typesupport_fastrtps_c
[40.059s] [ 73%] Built target bumberbot_msgs__rosidl_typesupport_fastrtps_cpp
[40.088s] [ 73%] Built target bumberbot_msgs
[40.119s] [ 76%] [34m[1mGenerating Python code for ROS interfaces[0m
[40.736s] [ 76%] Built target bumberbot_msgs__py
[40.765s] [ 79%] [32mBuilding C object CMakeFiles/bumberbot_msgs__rosidl_generator_py.dir/rosidl_generator_py/bumberbot_msgs/srv/_add_two_ints_s.c.o[0m
[41.990s] [ 82%] [32m[1mLinking C shared library libbumberbot_msgs__rosidl_generator_py.so[0m
[42.105s] [ 82%] Built target bumberbot_msgs__rosidl_generator_py
[42.151s] [ 85%] [32mBuilding C object CMakeFiles/bumberbot_msgs_s__rosidl_typesupport_c.dir/rosidl_generator_py/bumberbot_msgs/_bumberbot_msgs_s.ep.rosidl_typesupport_c.c.o[0m
[42.151s] [ 88%] [32mBuilding C object CMakeFiles/bumberbot_msgs_s__rosidl_typesupport_introspection_c.dir/rosidl_generator_py/bumberbot_msgs/_bumberbot_msgs_s.ep.rosidl_typesupport_introspection_c.c.o[0m
[42.155s] [ 91%] [32mBuilding C object CMakeFiles/bumberbot_msgs_s__rosidl_typesupport_fastrtps_c.dir/rosidl_generator_py/bumberbot_msgs/_bumberbot_msgs_s.ep.rosidl_typesupport_fastrtps_c.c.o[0m
[42.386s] [ 94%] [32m[1mLinking C shared module rosidl_generator_py/bumberbot_msgs/bumberbot_msgs_s__rosidl_typesupport_c.so[0m
[42.421s] [ 97%] [32m[1mLinking C shared module rosidl_generator_py/bumberbot_msgs/bumberbot_msgs_s__rosidl_typesupport_fastrtps_c.so[0m
[42.431s] [100%] [32m[1mLinking C shared module rosidl_generator_py/bumberbot_msgs/bumberbot_msgs_s__rosidl_typesupport_introspection_c.so[0m
[42.456s] [100%] Built target bumberbot_msgs_s__rosidl_typesupport_c
[42.485s] [100%] Built target bumberbot_msgs_s__rosidl_typesupport_fastrtps_c
[42.487s] [100%] Built target bumberbot_msgs_s__rosidl_typesupport_introspection_c
[42.510s] Invoked command in '/home/ugbah-awele-bonaventure/bumperbot_ws/build/bumberbot_msgs' returned '0': CMAKE_PREFIX_PATH=${CMAKE_PREFIX_PATH}:/home/ugbah-awele-bonaventure/bumperbot_ws/install/joy_teleop:/home/ugbah-awele-bonaventure/bumperbot_ws/install/mouse_teleop:/home/ugbah-awele-bonaventure/bumperbot_ws/install/key_teleop:/home/ugbah-awele-bonaventure/bumperbot_ws/install/bumperbot_py_examples:/home/ugbah-awele-bonaventure/scuttle_robot/install/joy_teleop:/home/ugbah-awele-bonaventure/scuttle_robot/install/scuttle_robot_py_examples:/home/ugbah-awele-bonaventure/arduinobot_ws/install/arduinobot_py_examples:/opt/ros/jazzy DEBUGINFOD_URLS=https://debuginfod.ubuntu.com /usr/bin/cmake --build /home/ugbah-awele-bonaventure/bumperbot_ws/build/bumberbot_msgs -- -j4 -l4
[42.511s] Invoking command in '/home/ugbah-awele-bonaventure/bumperbot_ws/build/bumberbot_msgs': CMAKE_PREFIX_PATH=${CMAKE_PREFIX_PATH}:/home/ugbah-awele-bonaventure/bumperbot_ws/install/joy_teleop:/home/ugbah-awele-bonaventure/bumperbot_ws/install/mouse_teleop:/home/ugbah-awele-bonaventure/bumperbot_ws/install/key_teleop:/home/ugbah-awele-bonaventure/bumperbot_ws/install/bumperbot_py_examples:/home/ugbah-awele-bonaventure/scuttle_robot/install/joy_teleop:/home/ugbah-awele-bonaventure/scuttle_robot/install/scuttle_robot_py_examples:/home/ugbah-awele-bonaventure/arduinobot_ws/install/arduinobot_py_examples:/opt/ros/jazzy DEBUGINFOD_URLS=https://debuginfod.ubuntu.com /usr/bin/cmake --install /home/ugbah-awele-bonaventure/bumperbot_ws/build/bumberbot_msgs
[42.529s] -- Install configuration: ""
[42.530s] -- Installing: /home/ugbah-awele-bonaventure/bumperbot_ws/install/bumberbot_msgs/share/ament_index/resource_index/rosidl_interfaces/bumberbot_msgs
[42.530s] -- Installing: /home/ugbah-awele-bonaventure/bumperbot_ws/install/bumberbot_msgs/share/bumberbot_msgs/srv/AddTwoInts.json
[42.533s] -- Installing: /home/ugbah-awele-bonaventure/bumperbot_ws/install/bumberbot_msgs/include/bumberbot_msgs/bumberbot_msgs
[42.533s] -- Installing: /home/ugbah-awele-bonaventure/bumperbot_ws/install/bumberbot_msgs/include/bumberbot_msgs/bumberbot_msgs/msg
[42.533s] -- Installing: /home/ugbah-awele-bonaventure/bumperbot_ws/install/bumberbot_msgs/include/bumberbot_msgs/bumberbot_msgs/msg/rosidl_generator_c__visibility_control.h
[42.533s] -- Installing: /home/ugbah-awele-bonaventure/bumperbot_ws/install/bumberbot_msgs/include/bumberbot_msgs/bumberbot_msgs/srv
[42.534s] -- Installing: /home/ugbah-awele-bonaventure/bumperbot_ws/install/bumberbot_msgs/include/bumberbot_msgs/bumberbot_msgs/srv/detail
[42.534s] -- Installing: /home/ugbah-awele-bonaventure/bumperbot_ws/install/bumberbot_msgs/include/bumberbot_msgs/bumberbot_msgs/srv/detail/add_two_ints__struct.h
[42.534s] -- Installing: /home/ugbah-awele-bonaventure/bumperbot_ws/install/bumberbot_msgs/include/bumberbot_msgs/bumberbot_msgs/srv/detail/add_two_ints__description.c
[42.534s] -- Installing: /home/ugbah-awele-bonaventure/bumperbot_ws/install/bumberbot_msgs/include/bumberbot_msgs/bumberbot_msgs/srv/detail/add_two_ints__functions.c
[42.534s] -- Installing: /home/ugbah-awele-bonaventure/bumperbot_ws/install/bumberbot_msgs/include/bumberbot_msgs/bumberbot_msgs/srv/detail/add_two_ints__type_support.c
[42.534s] -- Installing: /home/ugbah-awele-bonaventure/bumperbot_ws/install/bumberbot_msgs/include/bumberbot_msgs/bumberbot_msgs/srv/detail/add_two_ints__functions.h
[42.535s] -- Installing: /home/ugbah-awele-bonaventure/bumperbot_ws/install/bumberbot_msgs/include/bumberbot_msgs/bumberbot_msgs/srv/detail/add_two_ints__type_support.h
[42.535s] -- Installing: /home/ugbah-awele-bonaventure/bumperbot_ws/install/bumberbot_msgs/include/bumberbot_msgs/bumberbot_msgs/srv/add_two_ints.h
[42.535s] -- Installing: /home/ugbah-awele-bonaventure/bumperbot_ws/install/bumberbot_msgs/share/bumberbot_msgs/environment/library_path.sh
[42.535s] -- Installing: /home/ugbah-awele-bonaventure/bumperbot_ws/install/bumberbot_msgs/share/bumberbot_msgs/environment/library_path.dsv
[42.535s] -- Installing: /home/ugbah-awele-bonaventure/bumperbot_ws/install/bumberbot_msgs/lib/libbumberbot_msgs__rosidl_generator_c.so
[42.535s] -- Set non-toolchain portion of runtime path of "/home/ugbah-awele-bonaventure/bumperbot_ws/install/bumberbot_msgs/lib/libbumberbot_msgs__rosidl_generator_c.so" to ""
[42.536s] -- Up-to-date: /home/ugbah-awele-bonaventure/bumperbot_ws/install/bumberbot_msgs/include/bumberbot_msgs/bumberbot_msgs
[42.536s] -- Up-to-date: /home/ugbah-awele-bonaventure/bumperbot_ws/install/bumberbot_msgs/include/bumberbot_msgs/bumberbot_msgs/msg
[42.539s] -- Installing: /home/ugbah-awele-bonaventure/bumperbot_ws/install/bumberbot_msgs/include/bumberbot_msgs/bumberbot_msgs/msg/rosidl_typesupport_fastrtps_c__visibility_control.h
[42.539s] -- Up-to-date: /home/ugbah-awele-bonaventure/bumperbot_ws/install/bumberbot_msgs/include/bumberbot_msgs/bumberbot_msgs/srv
[42.539s] -- Up-to-date: /home/ugbah-awele-bonaventure/bumperbot_ws/install/bumberbot_msgs/include/bumberbot_msgs/bumberbot_msgs/srv/detail
[42.539s] -- Installing: /home/ugbah-awele-bonaventure/bumperbot_ws/install/bumberbot_msgs/include/bumberbot_msgs/bumberbot_msgs/srv/detail/add_two_ints__rosidl_typesupport_fastrtps_c.h
[42.539s] -- Installing: /home/ugbah-awele-bonaventure/bumperbot_ws/install/bumberbot_msgs/lib/libbumberbot_msgs__rosidl_typesupport_fastrtps_c.so
[42.539s] -- Set non-toolchain portion of runtime path of "/home/ugbah-awele-bonaventure/bumperbot_ws/install/bumberbot_msgs/lib/libbumberbot_msgs__rosidl_typesupport_fastrtps_c.so" to ""
[42.539s] -- Up-to-date: /home/ugbah-awele-bonaventure/bumperbot_ws/install/bumberbot_msgs/include/bumberbot_msgs/bumberbot_msgs
[42.540s] -- Up-to-date: /home/ugbah-awele-bonaventure/bumperbot_ws/install/bumberbot_msgs/include/bumberbot_msgs/bumberbot_msgs/msg
[42.540s] -- Installing: /home/ugbah-awele-bonaventure/bumperbot_ws/install/bumberbot_msgs/include/bumberbot_msgs/bumberbot_msgs/msg/rosidl_typesupport_introspection_c__visibility_control.h
[42.540s] -- Up-to-date: /home/ugbah-awele-bonaventure/bumperbot_ws/install/bumberbot_msgs/include/bumberbot_msgs/bumberbot_msgs/srv
[42.540s] -- Up-to-date: /home/ugbah-awele-bonaventure/bumperbot_ws/install/bumberbot_msgs/include/bumberbot_msgs/bumberbot_msgs/srv/detail
[42.540s] -- Installing: /home/ugbah-awele-bonaventure/bumperbot_ws/install/bumberbot_msgs/include/bumberbot_msgs/bumberbot_msgs/srv/detail/add_two_ints__rosidl_typesupport_introspection_c.h
[42.540s] -- Installing: /home/ugbah-awele-bonaventure/bumperbot_ws/install/bumberbot_msgs/include/bumberbot_msgs/bumberbot_msgs/srv/detail/add_two_ints__type_support.c
[42.542s] -- Installing: /home/ugbah-awele-bonaventure/bumperbot_ws/install/bumberbot_msgs/lib/libbumberbot_msgs__rosidl_typesupport_introspection_c.so
[42.542s] -- Set non-toolchain portion of runtime path of "/home/ugbah-awele-bonaventure/bumperbot_ws/install/bumberbot_msgs/lib/libbumberbot_msgs__rosidl_typesupport_introspection_c.so" to ""
[42.545s] -- Installing: /home/ugbah-awele-bonaventure/bumperbot_ws/install/bumberbot_msgs/lib/libbumberbot_msgs__rosidl_typesupport_c.so
[42.545s] -- Set non-toolchain portion of runtime path of "/home/ugbah-awele-bonaventure/bumperbot_ws/install/bumberbot_msgs/lib/libbumberbot_msgs__rosidl_typesupport_c.so" to ""
[42.545s] -- Up-to-date: /home/ugbah-awele-bonaventure/bumperbot_ws/install/bumberbot_msgs/include/bumberbot_msgs/bumberbot_msgs
[42.545s] -- Up-to-date: /home/ugbah-awele-bonaventure/bumperbot_ws/install/bumberbot_msgs/include/bumberbot_msgs/bumberbot_msgs/msg
[42.545s] -- Installing: /home/ugbah-awele-bonaventure/bumperbot_ws/install/bumberbot_msgs/include/bumberbot_msgs/bumberbot_msgs/msg/rosidl_generator_cpp__visibility_control.hpp
[42.545s] -- Up-to-date: /home/ugbah-awele-bonaventure/bumperbot_ws/install/bumberbot_msgs/include/bumberbot_msgs/bumberbot_msgs/srv
[42.546s] -- Up-to-date: /home/ugbah-awele-bonaventure/bumperbot_ws/install/bumberbot_msgs/include/bumberbot_msgs/bumberbot_msgs/srv/detail
[42.546s] -- Installing: /home/ugbah-awele-bonaventure/bumperbot_ws/install/bumberbot_msgs/include/bumberbot_msgs/bumberbot_msgs/srv/detail/add_two_ints__struct.hpp
[42.546s] -- Installing: /home/ugbah-awele-bonaventure/bumperbot_ws/install/bumberbot_msgs/include/bumberbot_msgs/bumberbot_msgs/srv/detail/add_two_ints__type_support.hpp
[42.546s] -- Installing: /home/ugbah-awele-bonaventure/bumperbot_ws/install/bumberbot_msgs/include/bumberbot_msgs/bumberbot_msgs/srv/detail/add_two_ints__builder.hpp
[42.546s] -- Installing: /home/ugbah-awele-bonaventure/bumperbot_ws/install/bumberbot_msgs/include/bumberbot_msgs/bumberbot_msgs/srv/detail/add_two_ints__traits.hpp
[42.546s] -- Installing: /home/ugbah-awele-bonaventure/bumperbot_ws/install/bumberbot_msgs/include/bumberbot_msgs/bumberbot_msgs/srv/add_two_ints.hpp
[42.547s] -- Up-to-date: /home/ugbah-awele-bonaventure/bumperbot_ws/install/bumberbot_msgs/include/bumberbot_msgs/bumberbot_msgs
[42.548s] -- Up-to-date: /home/ugbah-awele-bonaventure/bumperbot_ws/install/bumberbot_msgs/include/bumberbot_msgs/bumberbot_msgs/msg
[42.548s] -- Installing: /home/ugbah-awele-bonaventure/bumperbot_ws/install/bumberbot_msgs/include/bumberbot_msgs/bumberbot_msgs/msg/rosidl_typesupport_fastrtps_cpp__visibility_control.h
[42.548s] -- Up-to-date: /home/ugbah-awele-bonaventure/bumperbot_ws/install/bumberbot_msgs/include/bumberbot_msgs/bumberbot_msgs/srv
[42.548s] -- Up-to-date: /home/ugbah-awele-bonaventure/bumperbot_ws/install/bumberbot_msgs/include/bumberbot_msgs/bumberbot_msgs/srv/detail
[42.549s] -- Installing: /home/ugbah-awele-bonaventure/bumperbot_ws/install/bumberbot_msgs/include/bumberbot_msgs/bumberbot_msgs/srv/detail/add_two_ints__rosidl_typesupport_fastrtps_cpp.hpp
[42.549s] -- Installing: /home/ugbah-awele-bonaventure/bumperbot_ws/install/bumberbot_msgs/include/bumberbot_msgs/bumberbot_msgs/srv/detail/dds_fastrtps
[42.549s] -- Installing: /home/ugbah-awele-bonaventure/bumperbot_ws/install/bumberbot_msgs/lib/libbumberbot_msgs__rosidl_typesupport_fastrtps_cpp.so
[42.549s] -- Set non-toolchain portion of runtime path of "/home/ugbah-awele-bonaventure/bumperbot_ws/install/bumberbot_msgs/lib/libbumberbot_msgs__rosidl_typesupport_fastrtps_cpp.so" to ""
[42.549s] -- Up-to-date: /home/ugbah-awele-bonaventure/bumperbot_ws/install/bumberbot_msgs/include/bumberbot_msgs/bumberbot_msgs
[42.550s] -- Up-to-date: /home/ugbah-awele-bonaventure/bumperbot_ws/install/bumberbot_msgs/include/bumberbot_msgs/bumberbot_msgs/srv
[42.550s] -- Up-to-date: /home/ugbah-awele-bonaventure/bumperbot_ws/install/bumberbot_msgs/include/bumberbot_msgs/bumberbot_msgs/srv/detail
[42.550s] -- Installing: /home/ugbah-awele-bonaventure/bumperbot_ws/install/bumberbot_msgs/include/bumberbot_msgs/bumberbot_msgs/srv/detail/add_two_ints__type_support.cpp
[42.550s] -- Installing: /home/ugbah-awele-bonaventure/bumperbot_ws/install/bumberbot_msgs/include/bumberbot_msgs/bumberbot_msgs/srv/detail/add_two_ints__rosidl_typesupport_introspection_cpp.hpp
[42.550s] -- Installing: /home/ugbah-awele-bonaventure/bumperbot_ws/install/bumberbot_msgs/lib/libbumberbot_msgs__rosidl_typesupport_introspection_cpp.so
[42.551s] -- Set non-toolchain portion of runtime path of "/home/ugbah-awele-bonaventure/bumperbot_ws/install/bumberbot_msgs/lib/libbumberbot_msgs__rosidl_typesupport_introspection_cpp.so" to ""
[42.551s] -- Installing: /home/ugbah-awele-bonaventure/bumperbot_ws/install/bumberbot_msgs/lib/libbumberbot_msgs__rosidl_typesupport_cpp.so
[42.551s] -- Set non-toolchain portion of runtime path of "/home/ugbah-awele-bonaventure/bumperbot_ws/install/bumberbot_msgs/lib/libbumberbot_msgs__rosidl_typesupport_cpp.so" to ""
[42.551s] -- Installing: /home/ugbah-awele-bonaventure/bumperbot_ws/install/bumberbot_msgs/share/bumberbot_msgs/environment/pythonpath.sh
[42.551s] -- Installing: /home/ugbah-awele-bonaventure/bumperbot_ws/install/bumberbot_msgs/share/bumberbot_msgs/environment/pythonpath.dsv
[42.551s] -- Installing: /home/ugbah-awele-bonaventure/bumperbot_ws/install/bumberbot_msgs/lib/python3.12/site-packages/bumberbot_msgs-0.0.0-py3.12.egg-info
[42.552s] -- Installing: /home/ugbah-awele-bonaventure/bumperbot_ws/install/bumberbot_msgs/lib/python3.12/site-packages/bumberbot_msgs-0.0.0-py3.12.egg-info/dependency_links.txt
[42.552s] -- Installing: /home/ugbah-awele-bonaventure/bumperbot_ws/install/bumberbot_msgs/lib/python3.12/site-packages/bumberbot_msgs-0.0.0-py3.12.egg-info/SOURCES.txt
[42.552s] -- Installing: /home/ugbah-awele-bonaventure/bumperbot_ws/install/bumberbot_msgs/lib/python3.12/site-packages/bumberbot_msgs-0.0.0-py3.12.egg-info/top_level.txt
[42.552s] -- Installing: /home/ugbah-awele-bonaventure/bumperbot_ws/install/bumberbot_msgs/lib/python3.12/site-packages/bumberbot_msgs-0.0.0-py3.12.egg-info/PKG-INFO
[42.552s] -- Installing: /home/ugbah-awele-bonaventure/bumperbot_ws/install/bumberbot_msgs/lib/python3.12/site-packages/bumberbot_msgs
[42.552s] -- Installing: /home/ugbah-awele-bonaventure/bumperbot_ws/install/bumberbot_msgs/lib/python3.12/site-packages/bumberbot_msgs/bumberbot_msgs_s__rosidl_typesupport_c.so
[42.553s] -- Installing: /home/ugbah-awele-bonaventure/bumperbot_ws/install/bumberbot_msgs/lib/python3.12/site-packages/bumberbot_msgs/_bumberbot_msgs_s.ep.rosidl_typesupport_introspection_c.c
[42.553s] -- Installing: /home/ugbah-awele-bonaventure/bumperbot_ws/install/bumberbot_msgs/lib/python3.12/site-packages/bumberbot_msgs/bumberbot_msgs_s__rosidl_typesupport_fastrtps_c.so
[42.553s] -- Installing: /home/ugbah-awele-bonaventure/bumperbot_ws/install/bumberbot_msgs/lib/python3.12/site-packages/bumberbot_msgs/_bumberbot_msgs_s.ep.rosidl_typesupport_fastrtps_c.c
[42.553s] -- Installing: /home/ugbah-awele-bonaventure/bumperbot_ws/install/bumberbot_msgs/lib/python3.12/site-packages/bumberbot_msgs/__init__.py
[42.553s] -- Installing: /home/ugbah-awele-bonaventure/bumperbot_ws/install/bumberbot_msgs/lib/python3.12/site-packages/bumberbot_msgs/bumberbot_msgs_s__rosidl_typesupport_introspection_c.so
[42.554s] -- Installing: /home/ugbah-awele-bonaventure/bumperbot_ws/install/bumberbot_msgs/lib/python3.12/site-packages/bumberbot_msgs/srv
[42.554s] -- Installing: /home/ugbah-awele-bonaventure/bumperbot_ws/install/bumberbot_msgs/lib/python3.12/site-packages/bumberbot_msgs/srv/_add_two_ints.py
[42.568s] -- Installing: /home/ugbah-awele-bonaventure/bumperbot_ws/install/bumberbot_msgs/lib/python3.12/site-packages/bumberbot_msgs/srv/__init__.py
[42.568s] -- Installing: /home/ugbah-awele-bonaventure/bumperbot_ws/install/bumberbot_msgs/lib/python3.12/site-packages/bumberbot_msgs/srv/_add_two_ints_s.c
[42.568s] -- Installing: /home/ugbah-awele-bonaventure/bumperbot_ws/install/bumberbot_msgs/lib/python3.12/site-packages/bumberbot_msgs/_bumberbot_msgs_s.ep.rosidl_typesupport_c.c
[42.684s] Listing '/home/ugbah-awele-bonaventure/bumperbot_ws/install/bumberbot_msgs/lib/python3.12/site-packages/bumberbot_msgs'...
[42.684s] Compiling '/home/ugbah-awele-bonaventure/bumperbot_ws/install/bumberbot_msgs/lib/python3.12/site-packages/bumberbot_msgs/__init__.py'...
[42.685s] Listing '/home/ugbah-awele-bonaventure/bumperbot_ws/install/bumberbot_msgs/lib/python3.12/site-packages/bumberbot_msgs/srv'...
[42.685s] Compiling '/home/ugbah-awele-bonaventure/bumperbot_ws/install/bumberbot_msgs/lib/python3.12/site-packages/bumberbot_msgs/srv/__init__.py'...
[42.685s] Compiling '/home/ugbah-awele-bonaventure/bumperbot_ws/install/bumberbot_msgs/lib/python3.12/site-packages/bumberbot_msgs/srv/_add_two_ints.py'...
[42.699s] -- Installing: /home/ugbah-awele-bonaventure/bumperbot_ws/install/bumberbot_msgs/lib/python3.12/site-packages/bumberbot_msgs/bumberbot_msgs_s__rosidl_typesupport_fastrtps_c.so
[42.700s] -- Set non-toolchain portion of runtime path of "/home/ugbah-awele-bonaventure/bumperbot_ws/install/bumberbot_msgs/lib/python3.12/site-packages/bumberbot_msgs/bumberbot_msgs_s__rosidl_typesupport_fastrtps_c.so" to ""
[42.701s] -- Installing: /home/ugbah-awele-bonaventure/bumperbot_ws/install/bumberbot_msgs/lib/python3.12/site-packages/bumberbot_msgs/bumberbot_msgs_s__rosidl_typesupport_introspection_c.so
[42.702s] -- Set non-toolchain portion of runtime path of "/home/ugbah-awele-bonaventure/bumperbot_ws/install/bumberbot_msgs/lib/python3.12/site-packages/bumberbot_msgs/bumberbot_msgs_s__rosidl_typesupport_introspection_c.so" to ""
[42.703s] -- Installing: /home/ugbah-awele-bonaventure/bumperbot_ws/install/bumberbot_msgs/lib/python3.12/site-packages/bumberbot_msgs/bumberbot_msgs_s__rosidl_typesupport_c.so
[42.704s] -- Set non-toolchain portion of runtime path of "/home/ugbah-awele-bonaventure/bumperbot_ws/install/bumberbot_msgs/lib/python3.12/site-packages/bumberbot_msgs/bumberbot_msgs_s__rosidl_typesupport_c.so" to ""
[42.705s] -- Installing: /home/ugbah-awele-bonaventure/bumperbot_ws/install/bumberbot_msgs/lib/libbumberbot_msgs__rosidl_generator_py.so
[42.705s] -- Set non-toolchain portion of runtime path of "/home/ugbah-awele-bonaventure/bumperbot_ws/install/bumberbot_msgs/lib/libbumberbot_msgs__rosidl_generator_py.so" to ""
[42.706s] -- Installing: /home/ugbah-awele-bonaventure/bumperbot_ws/install/bumberbot_msgs/share/bumberbot_msgs/srv/AddTwoInts.idl
[42.707s] -- Installing: /home/ugbah-awele-bonaventure/bumperbot_ws/install/bumberbot_msgs/share/bumberbot_msgs/srv/AddTwoInts.srv
[42.707s] -- Installing: /home/ugbah-awele-bonaventure/bumperbot_ws/install/bumberbot_msgs/share/ament_index/resource_index/package_run_dependencies/bumberbot_msgs
[42.708s] -- Up-to-date: /home/ugbah-awele-bonaventure/bumperbot_ws/install/bumberbot_msgs/share/ament_index/resource_index/parent_prefix_path/bumberbot_msgs
[42.708s] -- Up-to-date: /home/ugbah-awele-bonaventure/bumperbot_ws/install/bumberbot_msgs/share/bumberbot_msgs/environment/ament_prefix_path.sh
[42.709s] -- Up-to-date: /home/ugbah-awele-bonaventure/bumperbot_ws/install/bumberbot_msgs/share/bumberbot_msgs/environment/ament_prefix_path.dsv
[42.709s] -- Up-to-date: /home/ugbah-awele-bonaventure/bumperbot_ws/install/bumberbot_msgs/share/bumberbot_msgs/environment/path.sh
[42.710s] -- Up-to-date: /home/ugbah-awele-bonaventure/bumperbot_ws/install/bumberbot_msgs/share/bumberbot_msgs/environment/path.dsv
[42.710s] -- Up-to-date: /home/ugbah-awele-bonaventure/bumperbot_ws/install/bumberbot_msgs/share/bumberbot_msgs/local_setup.bash
[42.710s] -- Installing: /home/ugbah-awele-bonaventure/bumperbot_ws/install/bumberbot_msgs/share/bumberbot_msgs/local_setup.sh
[42.711s] -- Up-to-date: /home/ugbah-awele-bonaventure/bumperbot_ws/install/bumberbot_msgs/share/bumberbot_msgs/local_setup.zsh
[42.712s] -- Installing: /home/ugbah-awele-bonaventure/bumperbot_ws/install/bumberbot_msgs/share/bumberbot_msgs/local_setup.dsv
[42.712s] -- Installing: /home/ugbah-awele-bonaventure/bumperbot_ws/install/bumberbot_msgs/share/bumberbot_msgs/package.dsv
[42.713s] -- Up-to-date: /home/ugbah-awele-bonaventure/bumperbot_ws/install/bumberbot_msgs/share/ament_index/resource_index/packages/bumberbot_msgs
[42.713s] -- Installing: /home/ugbah-awele-bonaventure/bumperbot_ws/install/bumberbot_msgs/share/bumberbot_msgs/cmake/export_bumberbot_msgs__rosidl_generator_cExport.cmake
[42.713s] -- Installing: /home/ugbah-awele-bonaventure/bumperbot_ws/install/bumberbot_msgs/share/bumberbot_msgs/cmake/export_bumberbot_msgs__rosidl_generator_cExport-noconfig.cmake
[42.716s] -- Installing: /home/ugbah-awele-bonaventure/bumperbot_ws/install/bumberbot_msgs/share/bumberbot_msgs/cmake/export_bumberbot_msgs__rosidl_typesupport_fastrtps_cExport.cmake
[42.716s] -- Installing: /home/ugbah-awele-bonaventure/bumperbot_ws/install/bumberbot_msgs/share/bumberbot_msgs/cmake/export_bumberbot_msgs__rosidl_typesupport_fastrtps_cExport-noconfig.cmake
[42.717s] -- Installing: /home/ugbah-awele-bonaventure/bumperbot_ws/install/bumberbot_msgs/share/bumberbot_msgs/cmake/bumberbot_msgs__rosidl_typesupport_introspection_cExport.cmake
[42.717s] -- Installing: /home/ugbah-awele-bonaventure/bumperbot_ws/install/bumberbot_msgs/share/bumberbot_msgs/cmake/bumberbot_msgs__rosidl_typesupport_introspection_cExport-noconfig.cmake
[42.718s] -- Installing: /home/ugbah-awele-bonaventure/bumperbot_ws/install/bumberbot_msgs/share/bumberbot_msgs/cmake/bumberbot_msgs__rosidl_typesupport_cExport.cmake
[42.718s] -- Installing: /home/ugbah-awele-bonaventure/bumperbot_ws/install/bumberbot_msgs/share/bumberbot_msgs/cmake/bumberbot_msgs__rosidl_typesupport_cExport-noconfig.cmake
[42.719s] -- Installing: /home/ugbah-awele-bonaventure/bumperbot_ws/install/bumberbot_msgs/share/bumberbot_msgs/cmake/export_bumberbot_msgs__rosidl_generator_cppExport.cmake
[42.720s] -- Installing: /home/ugbah-awele-bonaventure/bumperbot_ws/install/bumberbot_msgs/share/bumberbot_msgs/cmake/export_bumberbot_msgs__rosidl_typesupport_fastrtps_cppExport.cmake
[42.720s] -- Installing: /home/ugbah-awele-bonaventure/bumperbot_ws/install/bumberbot_msgs/share/bumberbot_msgs/cmake/export_bumberbot_msgs__rosidl_typesupport_fastrtps_cppExport-noconfig.cmake
[42.720s] -- Installing: /home/ugbah-awele-bonaventure/bumperbot_ws/install/bumberbot_msgs/share/bumberbot_msgs/cmake/bumberbot_msgs__rosidl_typesupport_introspection_cppExport.cmake
[42.721s] -- Installing: /home/ugbah-awele-bonaventure/bumperbot_ws/install/bumberbot_msgs/share/bumberbot_msgs/cmake/bumberbot_msgs__rosidl_typesupport_introspection_cppExport-noconfig.cmake
[42.722s] -- Installing: /home/ugbah-awele-bonaventure/bumperbot_ws/install/bumberbot_msgs/share/bumberbot_msgs/cmake/bumberbot_msgs__rosidl_typesupport_cppExport.cmake
[42.722s] -- Installing: /home/ugbah-awele-bonaventure/bumperbot_ws/install/bumberbot_msgs/share/bumberbot_msgs/cmake/bumberbot_msgs__rosidl_typesupport_cppExport-noconfig.cmake
[42.723s] -- Installing: /home/ugbah-awele-bonaventure/bumperbot_ws/install/bumberbot_msgs/share/bumberbot_msgs/cmake/export_bumberbot_msgs__rosidl_generator_pyExport.cmake
[42.728s] -- Installing: /home/ugbah-awele-bonaventure/bumperbot_ws/install/bumberbot_msgs/share/bumberbot_msgs/cmake/export_bumberbot_msgs__rosidl_generator_pyExport-noconfig.cmake
[42.729s] -- Installing: /home/ugbah-awele-bonaventure/bumperbot_ws/install/bumberbot_msgs/share/bumberbot_msgs/cmake/rosidl_cmake-extras.cmake
[42.730s] -- Installing: /home/ugbah-awele-bonaventure/bumperbot_ws/install/bumberbot_msgs/share/bumberbot_msgs/cmake/ament_cmake_export_dependencies-extras.cmake
[42.731s] -- Installing: /home/ugbah-awele-bonaventure/bumperbot_ws/install/bumberbot_msgs/share/bumberbot_msgs/cmake/ament_cmake_export_include_directories-extras.cmake
[42.732s] -- Installing: /home/ugbah-awele-bonaventure/bumperbot_ws/install/bumberbot_msgs/share/bumberbot_msgs/cmake/ament_cmake_export_libraries-extras.cmake
[42.732s] -- Installing: /home/ugbah-awele-bonaventure/bumperbot_ws/install/bumberbot_msgs/share/bumberbot_msgs/cmake/ament_cmake_export_targets-extras.cmake
[42.733s] -- Installing: /home/ugbah-awele-bonaventure/bumperbot_ws/install/bumberbot_msgs/share/bumberbot_msgs/cmake/rosidl_cmake_export_typesupport_targets-extras.cmake
[42.734s] -- Installing: /home/ugbah-awele-bonaventure/bumperbot_ws/install/bumberbot_msgs/share/bumberbot_msgs/cmake/rosidl_cmake_export_typesupport_libraries-extras.cmake
[42.734s] -- Installing: /home/ugbah-awele-bonaventure/bumperbot_ws/install/bumberbot_msgs/share/bumberbot_msgs/cmake/bumberbot_msgsConfig.cmake
[42.735s] -- Up-to-date: /home/ugbah-awele-bonaventure/bumperbot_ws/install/bumberbot_msgs/share/bumberbot_msgs/cmake/bumberbot_msgsConfig-version.cmake
[42.735s] -- Installing: /home/ugbah-awele-bonaventure/bumperbot_ws/install/bumberbot_msgs/share/bumberbot_msgs/package.xml
[42.785s] Invoked command in '/home/ugbah-awele-bonaventure/bumperbot_ws/build/bumberbot_msgs' returned '0': CMAKE_PREFIX_PATH=${CMAKE_PREFIX_PATH}:/home/ugbah-awele-bonaventure/bumperbot_ws/install/joy_teleop:/home/ugbah-awele-bonaventure/bumperbot_ws/install/mouse_teleop:/home/ugbah-awele-bonaventure/bumperbot_ws/install/key_teleop:/home/ugbah-awele-bonaventure/bumperbot_ws/install/bumperbot_py_examples:/home/ugbah-awele-bonaventure/scuttle_robot/install/joy_teleop:/home/ugbah-awele-bonaventure/scuttle_robot/install/scuttle_robot_py_examples:/home/ugbah-awele-bonaventure/arduinobot_ws/install/arduinobot_py_examples:/opt/ros/jazzy DEBUGINFOD_URLS=https://debuginfod.ubuntu.com /usr/bin/cmake --install /home/ugbah-awele-bonaventure/bumperbot_ws/build/bumberbot_msgs
